{
  "schemaVersion": "arc-v34-systems-stage-v1",
  "strengthUse": false,
  "outcomesLoaded": false,
  "arm": "rerank-p100",
  "stage": "throughput-w4",
  "seed0": 957900000,
  "games": 128,
  "seedMax": 957900127,
  "workers": 4,
  "plannerMode": "critic-rerank",
  "strategicDecisions": 3582,
  "strategicSimulations": 0,
  "stalls": 0,
  "decisionWallMsP95": 21.116,
  "wallSeconds": 53.41856793600001,
  "gamesPerSecond": 2.396170562890321,
  "optimisticProjected4096Seconds": null,
  "projected4096Seconds": 1709.3941739520003,
  "inference": {
    "format": "arc-entity-scorer-v2",
    "obsDim": 3419,
    "actDim": 104,
    "weightsPath": "/data/share8/michaelvuaprilexperimentation/arc-bot/ml/experiments/v32-onpolicy-solo/shared-critic/checkpoint.pt",
    "weightsSha256": "aeb254c20367029696da1e6ca823b96187191140056d646a7c2d3d47ec4e567b",
    "wire": "binary"
  },
  "inputs": {
    "protocol": {
      "path": "ml/experiments/v34-latency-first-expert-iteration/protocol.json",
      "sha256": "af6feef48d896b2071657f5c55970dc01872c79d1d643cf2af161a29ce7fe548"
    },
    "benchmark": {
      "path": "/data/share8/michaelvuaprilexperimentation/arc-bot/ml/experiments/v34-latency-first-expert-iteration/artifacts/systems/stages/rerank-p100/throughput-w4/attempt-1/benchmark.json",
      "sha256": "b6afbb72553a372edf6792e4da01a3022a8081b956975691d66ef1ee2d823073"
    },
    "progress": {
      "path": "/data/share8/michaelvuaprilexperimentation/arc-bot/ml/experiments/v34-latency-first-expert-iteration/artifacts/systems/stages/rerank-p100/throughput-w4/attempt-1/progress.jsonl",
      "sha256": "d994b575b50ed92a6b34166b945b3059acf6de9208e55b6ea6060eb48cf5795a"
    }
  },
  "eligible": true,
  "rejectionReason": null
}
