preflight written: ml/experiments/v31-terminal-credit/artifacts/preflight.json
	Command being timed: "scripts/run-v31-terminal-credit.sh --preflight"
	User time (seconds): 2014.59
	System time (seconds): 45.62
	Percent of CPU this job got: 1153%
	Elapsed (wall clock) time (h:mm:ss or m:ss): 2:58.59
	Average shared text size (kbytes): 0
	Average unshared data size (kbytes): 0
	Average stack size (kbytes): 0
	Average total size (kbytes): 0
	Maximum resident set size (kbytes): 6550656
	Average resident set size (kbytes): 0
	Major (requiring I/O) page faults: 0
	Minor (reclaiming a frame) page faults: 5740449
	Voluntary context switches: 145712
	Involuntary context switches: 315083
	Swaps: 0
	File system inputs: 2151440
	File system outputs: 32
	Socket messages sent: 0
	Socket messages received: 0
	Signals delivered: 0
	Page size (bytes): 4096
	Exit status: 0
