{
  "valid": true,
  "policyRows": 14201,
  "overall": {
    "rows": 14201,
    "klMean": 0.02402373613229378,
    "klP95": 0.09589730203151703,
    "klP99": 0.2836954593658447,
    "klMax": 2.283937931060791,
    "top1Agreement": 0.9024716569255686,
    "entropyDeltaMean": 0.0154829291456582
  },
  "aliasAudit": {
    "definition": "exact obsV2+candidates+behaviorMask+temperature hash",
    "uniqueInputs": 14172,
    "duplicateInputs": 29,
    "tvThreshold": 0.0001,
    "aliasesAboveThreshold": 0,
    "maxDuplicateTargetTv": 0.0,
    "examples": []
  }
}
	Command being timed: "ml/.venv/bin/python ml/diagnose_distill_v2.py --data ml/experiments/v27-entity-live/validation --teacher ml/warmstart/v24/v23-control-gen5-obs199-act104.json --student ml/experiments/v29-distill-fidelity/arms/d128-policy-only-continue24-lr1e4/checkpoint.pt --batch-size 512 --seed0 942000128 --games 128 --device cuda --out ml/experiments/v29-distill-fidelity/gate.json"
	User time (seconds): 152.43
	System time (seconds): 5.48
	Percent of CPU this job got: 764%
	Elapsed (wall clock) time (h:mm:ss or m:ss): 0:20.64
	Average shared text size (kbytes): 0
	Average unshared data size (kbytes): 0
	Average stack size (kbytes): 0
	Average total size (kbytes): 0
	Maximum resident set size (kbytes): 1603088
	Average resident set size (kbytes): 0
	Major (requiring I/O) page faults: 0
	Minor (reclaiming a frame) page faults: 660224
	Voluntary context switches: 9261
	Involuntary context switches: 26010
	Swaps: 0
	File system inputs: 0
	File system outputs: 96
	Socket messages sent: 0
	Socket messages received: 0
	Signals delivered: 0
	Page size (bytes): 4096
	Exit status: 0
