{
  "schemaVersion": "arc-v34-systems-stage-v1",
  "strengthUse": false,
  "outcomesLoaded": false,
  "arm": "rerank-p100",
  "stage": "throughput-w12",
  "seed0": 957900000,
  "games": 128,
  "seedMax": 957900127,
  "workers": 12,
  "plannerMode": "critic-rerank",
  "strategicDecisions": 3582,
  "strategicSimulations": 0,
  "stalls": 0,
  "decisionWallMsP95": 25.07,
  "wallSeconds": 22.107523902,
  "gamesPerSecond": 5.78988404886086,
  "optimisticProjected4096Seconds": null,
  "projected4096Seconds": 707.440764864,
  "inference": {
    "format": "arc-entity-scorer-v2",
    "obsDim": 3419,
    "actDim": 104,
    "weightsPath": "/data/share8/michaelvuaprilexperimentation/arc-bot/ml/experiments/v32-onpolicy-solo/shared-critic/checkpoint.pt",
    "weightsSha256": "aeb254c20367029696da1e6ca823b96187191140056d646a7c2d3d47ec4e567b",
    "wire": "binary"
  },
  "inputs": {
    "protocol": {
      "path": "ml/experiments/v34-latency-first-expert-iteration/protocol.json",
      "sha256": "af6feef48d896b2071657f5c55970dc01872c79d1d643cf2af161a29ce7fe548"
    },
    "benchmark": {
      "path": "/data/share8/michaelvuaprilexperimentation/arc-bot/ml/experiments/v34-latency-first-expert-iteration/artifacts/systems/stages/rerank-p100/throughput-w12/attempt-1/benchmark.json",
      "sha256": "2b27e3d67d59070a2c3fff9b8b89319308093cbf8913f8c5be9f0c84c21695b5"
    },
    "progress": {
      "path": "/data/share8/michaelvuaprilexperimentation/arc-bot/ml/experiments/v34-latency-first-expert-iteration/artifacts/systems/stages/rerank-p100/throughput-w12/attempt-1/progress.jsonl",
      "sha256": "4c3b73dd2cd8477a9b6bf39d12ccc6c292788567c28fad1073b3ad8b71eccf54"
    }
  },
  "eligible": true,
  "rejectionReason": null
}
