epoch 1/12 kl=0.017031 tail=0.000000 agree=0.914 outcome=-0.009804 val_kl=0.019516 val_kl_p99=0.220631
epoch 2/12 kl=0.016137 tail=0.000000 agree=0.916 outcome=-0.010226 val_kl=0.018675 val_kl_p99=0.199094
epoch 3/12 kl=0.015179 tail=0.000000 agree=0.917 outcome=-0.010547 val_kl=0.017853 val_kl_p99=0.189017
epoch 4/12 kl=0.014947 tail=0.000000 agree=0.918 outcome=-0.010666 val_kl=0.017709 val_kl_p99=0.194231
epoch 5/12 kl=0.014535 tail=0.000000 agree=0.919 outcome=-0.010687 val_kl=0.020452 val_kl_p99=0.243052
epoch 6/12 kl=0.013911 tail=0.000000 agree=0.920 outcome=-0.011175 val_kl=0.017084 val_kl_p99=0.183568
epoch 7/12 kl=0.013535 tail=0.000000 agree=0.921 outcome=-0.011121 val_kl=0.016502 val_kl_p99=0.179702
epoch 8/12 kl=0.013301 tail=0.000000 agree=0.922 outcome=-0.011107 val_kl=0.016803 val_kl_p99=0.186698
epoch 9/12 kl=0.012920 tail=0.000000 agree=0.922 outcome=-0.011266 val_kl=0.017601 val_kl_p99=0.214934
epoch 10/12 kl=0.012718 tail=0.000000 agree=0.924 outcome=-0.011319 val_kl=0.016149 val_kl_p99=0.181829
epoch 11/12 kl=0.012445 tail=0.000000 agree=0.924 outcome=-0.011460 val_kl=0.016465 val_kl_p99=0.183213
checkpoint written: ml/experiments/v30-strategic-tail-fidelity/arms/mean-control/checkpoint.pt
	Command being timed: "ml/.venv/bin/python ml/outcome_distill_v2.py --data ml/experiments/v30-strategic-tail-fidelity/data/train-merged --val-data ml/experiments/v30-strategic-tail-fidelity/data/validation --teacher ml/warmstart/v24/v23-control-gen5-obs199-act104.json --init ml/experiments/v29-distill-fidelity/arms/d128-policy-only-continue24-lr1e4/checkpoint.pt --out ml/experiments/v30-strategic-tail-fidelity/arms/mean-control/checkpoint.pt --stats-out ml/experiments/v30-strategic-tail-fidelity/arms/mean-control/stats.json --epochs 12 --batch-size 512 --lr 0.00005 --teacher-kl-coef 1 --value-coef 0 --reach30-coef 0 --outcome-pg-coef 0 --seed 300100 --max-grad-norm 1 --expected-temperature 0.55 --teacher-logp-tolerance 0.001 --select-best-teacher-kl --val-select-seed0 948000000 --val-select-games 256 --early-stop-patience 4 --early-stop-min-delta 0.002 --early-stop-min-epochs 4 --selection-metric strategicTeacherKlCvar05 --device cuda"
	User time (seconds): 24368.47
	System time (seconds): 239.97
	Percent of CPU this job got: 1823%
	Elapsed (wall clock) time (h:mm:ss or m:ss): 22:29.85
	Average shared text size (kbytes): 0
	Average unshared data size (kbytes): 0
	Average stack size (kbytes): 0
	Average total size (kbytes): 0
	Maximum resident set size (kbytes): 7100380
	Average resident set size (kbytes): 0
	Major (requiring I/O) page faults: 0
	Minor (reclaiming a frame) page faults: 58406883
	Voluntary context switches: 2578084
	Involuntary context switches: 6555584
	Swaps: 0
	File system inputs: 0
	File system outputs: 6736
	Socket messages sent: 0
	Socket messages received: 0
	Signals delivered: 0
	Page size (bytes): 4096
	Exit status: 0
