{
  "schemaVersion": "arc-v34-phase2-condition-v1",
  "valid": true,
  "immutable": true,
  "condition": "rerank-p025",
  "attempt": 2,
  "workers": 24,
  "arm": {
    "id": "rerank-p025",
    "kind": "critic-rerank",
    "policyRankWeight": 0.25,
    "selectedWorkers": 24
  },
  "sourceCommit": "ff2aa7cc4e69f0f7da530a0d0df418c26839314e",
  "seed0": 957000000,
  "games": 4096,
  "seedMax": 957004095,
  "commonDecode": {
    "seats": 1,
    "maxRounds": 30,
    "maxStatusLevel": 2,
    "guardianSchedule": "absolute-balanced",
    "selection": "hybrid",
    "sample": true,
    "temperature": 0.55,
    "learnMonsterRewardChoices": false,
    "obsVersion": 1,
    "policyObsVersion": 2,
    "inferenceWire": "binary"
  },
  "checkpoint": {
    "path": "ml/experiments/v32-onpolicy-solo/shared-critic/checkpoint.pt",
    "sha256": "aeb254c20367029696da1e6ca823b96187191140056d646a7c2d3d47ec4e567b"
  },
  "catalog": {
    "path": "ml/catalogs/live-20260713-5f4ad348.json",
    "sha256": "5f4ad348f6c7add612c736df0f3e00b7d4c821758e0561049f2e550e798c6e2e"
  },
  "inference": {
    "format": "arc-entity-scorer-v2",
    "obsDim": 3419,
    "actDim": 104,
    "weightsPath": "ml/experiments/v32-onpolicy-solo/shared-critic/checkpoint.pt",
    "weightsSha256": "aeb254c20367029696da1e6ca823b96187191140056d646a7c2d3d47ec4e567b",
    "wire": "binary"
  },
  "telemetry": {
    "plannerMode": "critic-rerank",
    "strategicDecisions": 121230,
    "strategicSimulations": 0,
    "decisionWallMsP50": 26.947,
    "decisionWallMsP95": 31.89254999999999,
    "byPhase": {
      "navigation": 121230,
      "encounter": 0
    },
    "wallSeconds": 319.01798544300004
  },
  "stalls": 0,
  "integrity": {
    "informationSafetyFailures": 0,
    "replayMismatches": 0,
    "servingErrors": 0,
    "provenanceMismatches": 0,
    "derivedOnlyAfterStrictValidation": true,
    "evidence": {
      "informationSafety": {
        "strengthPreflight": {
          "path": "ml/experiments/v34-latency-first-expert-iteration/artifacts/strength-preflight/result.json",
          "bytes": 6506,
          "sha256": "8c8b2094c27090a14b169471a071758215687401cecf40565eceed3937aa3b01"
        },
        "vitestExitCode": 0,
        "determinizationExitCode": 0
      },
      "replay": {
        "seed0": 957000000,
        "games": 64,
        "workers": 8,
        "exactPerGameEquality": true,
        "preflightExitCode": 0,
        "mismatches": 0
      },
      "serving": {
        "servingLines": 1,
        "shutdownLines": 1,
        "errorLines": 0,
        "requests": 524208,
        "rows": 1015592,
        "batches": 41967
      },
      "provenance": {
        "acceptedGameSummariesChecked": 4096,
        "evaluatorCrossGameHandshakeInvariant": true,
        "fixedInferenceProcess": true,
        "reloadLines": 0
      }
    }
  },
  "inputs": {
    "strengthLock": {
      "path": "ml/experiments/v34-latency-first-expert-iteration/artifacts/strength-tooling-lock.json",
      "bytes": 3714,
      "sha256": "e04b20c3734ad3f920626057e106f6d761a2cdf055449740d8275e08cd12ad78"
    },
    "baseProtocol": {
      "path": "ml/experiments/v34-latency-first-expert-iteration/protocol.json",
      "bytes": 9955,
      "sha256": "af6feef48d896b2071657f5c55970dc01872c79d1d643cf2af161a29ce7fe548"
    },
    "strengthProtocol": {
      "path": "ml/experiments/v34-latency-first-expert-iteration/strength-protocol.json",
      "bytes": 5927,
      "sha256": "0bb62d80150c2f79464ae3b56c54f2897daf7d97622e3093e71a01b98d8071dd"
    },
    "systemsEligibility": {
      "path": "ml/experiments/v34-latency-first-expert-iteration/artifacts/systems-eligibility.json",
      "bytes": 15446,
      "sha256": "74d1a12ee1ce2f32a4add65c2a31dad89c914b673da9803baf6179018231a68d"
    },
    "phase2Authorization": {
      "path": "ml/experiments/v34-latency-first-expert-iteration/artifacts/phase2-authorization.json",
      "bytes": 930,
      "sha256": "aa256764285a822d85a359e859dd6b11e53dd3f04ae16d999a525eba6b141cc7"
    },
    "strengthPreflight": {
      "path": "ml/experiments/v34-latency-first-expert-iteration/artifacts/strength-preflight/result.json",
      "bytes": 6506,
      "sha256": "8c8b2094c27090a14b169471a071758215687401cecf40565eceed3937aa3b01"
    },
    "report": {
      "path": "ml/experiments/v34-latency-first-expert-iteration/artifacts/phase2/conditions/rerank-p025/attempt-2/report.json",
      "bytes": 3461896,
      "sha256": "49aafc5305ecef4e2974927ce4a7bdffb6be16c3d6cadfab848617d4d84cd3a2"
    },
    "replayReport": {
      "path": "ml/experiments/v34-latency-first-expert-iteration/artifacts/phase2/conditions/rerank-p025/attempt-2/replay-report.json",
      "bytes": 59232,
      "sha256": "cea37ccd6477755cc92e23e04cbdfabecb3fa2068d0f670c2669e867b99a5db9"
    },
    "replayStdout": {
      "path": "ml/experiments/v34-latency-first-expert-iteration/artifacts/phase2/conditions/rerank-p025/attempt-2/replay-evaluator.stdout",
      "bytes": 59232,
      "sha256": "cea37ccd6477755cc92e23e04cbdfabecb3fa2068d0f670c2669e867b99a5db9"
    },
    "replayStderr": {
      "path": "ml/experiments/v34-latency-first-expert-iteration/artifacts/phase2/conditions/rerank-p025/attempt-2/replay-evaluator.stderr",
      "bytes": 0,
      "sha256": "e3b0c44298fc1c149afbf4c8996fb92427ae41e4649b934ca495991b7852b855"
    },
    "replayExitCode": {
      "path": "ml/experiments/v34-latency-first-expert-iteration/artifacts/phase2/conditions/rerank-p025/attempt-2/replay-exit-code.txt",
      "bytes": 2,
      "sha256": "9a271f2a916b0b6ee6cecb2426f0b3206ef074578be55d9bc94f6f3fe3ab86aa"
    },
    "inferLog": {
      "path": "ml/experiments/v34-latency-first-expert-iteration/artifacts/phase2/conditions/rerank-p025/attempt-2/infer.log",
      "bytes": 8542,
      "sha256": "520498ff0a889e2bb32689e41f7adf5656ce7d5838c7bbd786600b961843c65d"
    },
    "stdout": {
      "path": "ml/experiments/v34-latency-first-expert-iteration/artifacts/phase2/conditions/rerank-p025/attempt-2/evaluator.stdout",
      "bytes": 3461896,
      "sha256": "49aafc5305ecef4e2974927ce4a7bdffb6be16c3d6cadfab848617d4d84cd3a2"
    },
    "stderr": {
      "path": "ml/experiments/v34-latency-first-expert-iteration/artifacts/phase2/conditions/rerank-p025/attempt-2/evaluator.stderr",
      "bytes": 0,
      "sha256": "e3b0c44298fc1c149afbf4c8996fb92427ae41e4649b934ca495991b7852b855"
    },
    "launch": {
      "path": "ml/experiments/v34-latency-first-expert-iteration/artifacts/phase2/conditions/rerank-p025/attempt-2/launch.json",
      "bytes": 3174,
      "sha256": "35e7bcaec5ea343b4b8ea30ff0d4321f8fae75eff104a92a3674aecf7ebacc16"
    },
    "launchPid": {
      "path": "ml/experiments/v34-latency-first-expert-iteration/artifacts/phase2/conditions/rerank-p025/attempt-2/launch.pid",
      "bytes": 8,
      "sha256": "32f138ea1a7c72463d563bdcaba20fd3edb8030f72577699428454508e324558"
    },
    "exitCode": {
      "path": "ml/experiments/v34-latency-first-expert-iteration/artifacts/phase2/conditions/rerank-p025/attempt-2/exit-code.txt",
      "bytes": 2,
      "sha256": "9a271f2a916b0b6ee6cecb2426f0b3206ef074578be55d9bc94f6f3fe3ab86aa"
    },
    "retryJustification": {
      "path": "ml/experiments/v34-latency-first-expert-iteration/artifacts/phase2/conditions/rerank-p025/retry-justification.json",
      "bytes": 833,
      "sha256": "2144c02b84111abb6983eab9ac145b1ac57ca2d30eba15c8beb37019e9f3a538"
    },
    "retryFailureEvidence": {
      "path": "ml/experiments/v34-latency-first-expert-iteration/artifacts/phase2/conditions/rerank-p025/attempt-1/failure.json",
      "bytes": 1952,
      "sha256": "195b5a49f9fdb2923e82b3334c869243da936ebceaaf3b33f5207fcb5a19b674"
    }
  }
}
