{
  "schemaVersion": "solo-heldout-v2",
  "sourceCommit": "ff2aa7cc4e69f0f7da530a0d0df418c26839314e",
  "weights": "ml/experiments/v32-onpolicy-solo/shared-critic/checkpoint.pt",
  "weightsSha256": "aeb254c20367029696da1e6ca823b96187191140056d646a7c2d3d47ec4e567b",
  "catalog": "ml/catalogs/live-20260713-5f4ad348.json",
  "catalogSha256": "5f4ad348f6c7add612c736df0f3e00b7d4c821758e0561049f2e550e798c6e2e",
  "inference": {
    "format": "arc-entity-scorer-v2",
    "obsDim": 3419,
    "actDim": 104,
    "weightsPath": "ml/experiments/v32-onpolicy-solo/shared-critic/checkpoint.pt",
    "weightsSha256": "aeb254c20367029696da1e6ca823b96187191140056d646a7c2d3d47ec4e567b",
    "wire": "binary"
  },
  "seed0": 957000000,
  "games": 64,
  "maxRounds": 30,
  "maxStatusLevel": 2,
  "decode": {
    "policyObsVersion": 2,
    "inferenceSocket": "/dev/shm/arc-v34-phase2/rerank-p025/attempt-2/infer.sock",
    "learnMonsterRewardChoices": false,
    "sample": true,
    "temperature": 0.55,
    "rerank": {
      "policyRankWeight": 0.25
    }
  },
  "trueWins": 14,
  "trueWinRate": 0.21875,
  "trueWinWilson95": {
    "lower": 0.13502319406719474,
    "upper": 0.3343278395662582
  },
  "namedWinRate": 1,
  "stalls": 0,
  "stallRate": 0,
  "reach15Rate": 0.359375,
  "nearMiss27To29Rate": 0.015625,
  "vp": {
    "mean": 14.46875,
    "p10": 6,
    "median": 8,
    "p90": 30,
    "min": 6,
    "max": 30
  },
  "vpBuckets": {
    "under15": 41,
    "from15To19": 2,
    "from20To24": 4,
    "from25To26": 2,
    "from27To29": 1,
    "atLeast30WithoutStall": 14,
    "stalledAtLeast30": 0
  },
  "guardianBreakdown": [
    {
      "guardian": "Pixia",
      "games": 6,
      "trueWins": 0,
      "trueWinRate": 0,
      "trueWinWilson95": {
        "lower": 2.7755575615628914e-17,
        "upper": 0.3903342879021653
      },
      "meanVP": 12.333333333333334,
      "medianVP": 10
    },
    {
      "guardian": "Human Avatar",
      "games": 7,
      "trueWins": 1,
      "trueWinRate": 0.14285714285714285,
      "trueWinWilson95": {
        "lower": 0.02567962434474355,
        "upper": 0.5131278292743189
      },
      "meanVP": 12.857142857142858,
      "medianVP": 8
    },
    {
      "guardian": "Bubblepop",
      "games": 7,
      "trueWins": 1,
      "trueWinRate": 0.14285714285714285,
      "trueWinWilson95": {
        "lower": 0.02567962434474355,
        "upper": 0.5131278292743189
      },
      "meanVP": 13.285714285714286,
      "medianVP": 8
    },
    {
      "guardian": "Fjorn",
      "games": 7,
      "trueWins": 1,
      "trueWinRate": 0.14285714285714285,
      "trueWinWilson95": {
        "lower": 0.02567962434474355,
        "upper": 0.5131278292743189
      },
      "meanVP": 13.571428571428571,
      "medianVP": 8
    },
    {
      "guardian": "Prox",
      "games": 6,
      "trueWins": 1,
      "trueWinRate": 0.16666666666666666,
      "trueWinWilson95": {
        "lower": 0.030053369748306635,
        "upper": 0.5635028221864702
      },
      "meanVP": 10.666666666666666,
      "medianVP": 7
    },
    {
      "guardian": "Void Avatar",
      "games": 6,
      "trueWins": 1,
      "trueWinRate": 0.16666666666666666,
      "trueWinWilson95": {
        "lower": 0.030053369748306635,
        "upper": 0.5635028221864702
      },
      "meanVP": 13.166666666666666,
      "medianVP": 8.5
    },
    {
      "guardian": "Taron",
      "games": 6,
      "trueWins": 1,
      "trueWinRate": 0.16666666666666666,
      "trueWinWilson95": {
        "lower": 0.030053369748306635,
        "upper": 0.5635028221864702
      },
      "meanVP": 13.5,
      "medianVP": 9
    },
    {
      "guardian": "Lumina",
      "games": 6,
      "trueWins": 2,
      "trueWinRate": 0.3333333333333333,
      "trueWinWilson95": {
        "lower": 0.09677141110578041,
        "upper": 0.700006684861608
      },
      "meanVP": 17.166666666666668,
      "medianVP": 15.5
    },
    {
      "guardian": "Embers",
      "games": 7,
      "trueWins": 3,
      "trueWinRate": 0.42857142857142855,
      "trueWinWilson95": {
        "lower": 0.15821985525146975,
        "upper": 0.7495416354723428
      },
      "meanVP": 18.857142857142858,
      "medianVP": 18
    },
    {
      "guardian": "Myrtle",
      "games": 6,
      "trueWins": 3,
      "trueWinRate": 0.5,
      "trueWinWilson95": {
        "lower": 0.18761630648265054,
        "upper": 0.8123836935173494
      },
      "meanVP": 19.166666666666668,
      "medianVP": 19.5
    }
  ],
  "first30Round": {
    "mean": 28.571428571428573,
    "median": 28.5
  },
  "engine": {
    "meanPost15VpPerRound": 0.436390605921856,
    "meanFinalAttackDice": 2.421875,
    "meanFinalSpirits": 6.9375,
    "meanFinalMaxBarrier": 4.890625
  },
  "performance": {
    "wallSeconds": 15.237534261,
    "gamesPerSecond": 4.2001546250042585,
    "workers": 8,
    "gameWallMsP50": 1776.35,
    "gameWallMsP95": 2223.3199999999997,
    "search": {
      "mode": "critic-rerank",
      "decisions": 1900,
      "simulations": 0,
      "byPhase": {
        "navigation": 1900,
        "encounter": 0
      },
      "decisionWallMsP50": 25.630499999999998,
      "decisionWallMsP95": 30.184350000000002
    }
  },
  "perGame": [
    {
      "seed": 957000000,
      "guardian": "Bubblepop",
      "trueWin": false,
      "stalled": false,
      "finalVP": 8,
      "first30Round": null,
      "post15VpPerRound": 0,
      "finalAttackDice": 1,
      "finalSpirits": 7,
      "finalMaxBarrier": 5,
      "cycle": {
        "vpAfterRound": {
          "8": 8,
          "12": 8,
          "16": 8,
          "20": 8
        },
        "first15Round": null,
        "first30Round": null,
        "decisions": 155,
        "productiveDecisions": 155,
        "optionalYieldDecisions": 14,
        "locationInteractions": 27,
        "summons": 6,
        "awakens": 1,
        "combats": 5,
        "rewards": 3,
        "pvpAttacks": 0,
        "finalAttackDice": 1,
        "finalSpirits": 7,
        "finalMaxBarrier": 5,
        "post15VpPerRound": 0
      }
    },
    {
      "seed": 957000001,
      "guardian": "Embers",
      "trueWin": false,
      "stalled": false,
      "finalVP": 6,
      "first30Round": null,
      "post15VpPerRound": 0,
      "finalAttackDice": 2,
      "finalSpirits": 7,
      "finalMaxBarrier": 4,
      "cycle": {
        "vpAfterRound": {
          "8": 3,
          "12": 6,
          "16": 6,
          "20": 6
        },
        "first15Round": null,
        "first30Round": null,
        "decisions": 152,
        "productiveDecisions": 152,
        "optionalYieldDecisions": 3,
        "locationInteractions": 30,
        "summons": 6,
        "awakens": 1,
        "combats": 5,
        "rewards": 2,
        "pvpAttacks": 0,
        "finalAttackDice": 2,
        "finalSpirits": 7,
        "finalMaxBarrier": 4,
        "post15VpPerRound": 0
      }
    },
    {
      "seed": 957000002,
      "guardian": "Fjorn",
      "trueWin": false,
      "stalled": false,
      "finalVP": 29,
      "first30Round": null,
      "post15VpPerRound": 1.1666666666666667,
      "finalAttackDice": 3,
      "finalSpirits": 7,
      "finalMaxBarrier": 5,
      "cycle": {
        "vpAfterRound": {
          "8": 6,
          "12": 10,
          "16": 14,
          "20": 18
        },
        "first15Round": 18,
        "first30Round": null,
        "decisions": 166,
        "productiveDecisions": 166,
        "optionalYieldDecisions": 5,
        "locationInteractions": 28,
        "summons": 6,
        "awakens": 1,
        "combats": 5,
        "rewards": 1,
        "pvpAttacks": 0,
        "finalAttackDice": 3,
        "finalSpirits": 7,
        "finalMaxBarrier": 5,
        "post15VpPerRound": 1.1666666666666667
      }
    },
    {
      "seed": 957000003,
      "guardian": "Human Avatar",
      "trueWin": false,
      "stalled": false,
      "finalVP": 6,
      "first30Round": null,
      "post15VpPerRound": 0,
      "finalAttackDice": 2,
      "finalSpirits": 7,
      "finalMaxBarrier": 4,
      "cycle": {
        "vpAfterRound": {
          "8": 3,
          "12": 6,
          "16": 6,
          "20": 6
        },
        "first15Round": null,
        "first30Round": null,
        "decisions": 146,
        "productiveDecisions": 146,
        "optionalYieldDecisions": 1,
        "locationInteractions": 26,
        "summons": 6,
        "awakens": 0,
        "combats": 4,
        "rewards": 2,
        "pvpAttacks": 0,
        "finalAttackDice": 2,
        "finalSpirits": 7,
        "finalMaxBarrier": 4,
        "post15VpPerRound": 0
      }
    },
    {
      "seed": 957000004,
      "guardian": "Lumina",
      "trueWin": false,
      "stalled": false,
      "finalVP": 6,
      "first30Round": null,
      "post15VpPerRound": 0,
      "finalAttackDice": 5,
      "finalSpirits": 7,
      "finalMaxBarrier": 4,
      "cycle": {
        "vpAfterRound": {
          "8": 6,
          "12": 6,
          "16": 6,
          "20": 6
        },
        "first15Round": null,
        "first30Round": null,
        "decisions": 149,
        "productiveDecisions": 149,
        "optionalYieldDecisions": 6,
        "locationInteractions": 27,
        "summons": 6,
        "awakens": 1,
        "combats": 5,
        "rewards": 2,
        "pvpAttacks": 0,
        "finalAttackDice": 5,
        "finalSpirits": 7,
        "finalMaxBarrier": 4,
        "post15VpPerRound": 0
      }
    },
    {
      "seed": 957000005,
      "guardian": "Myrtle",
      "trueWin": true,
      "stalled": false,
      "finalVP": 30,
      "first30Round": 27,
      "post15VpPerRound": 1.0714285714285714,
      "finalAttackDice": 4,
      "finalSpirits": 7,
      "finalMaxBarrier": 5,
      "cycle": {
        "vpAfterRound": {
          "8": 11,
          "12": 15,
          "16": 19,
          "20": 23
        },
        "first15Round": 13,
        "first30Round": 27,
        "decisions": 148,
        "productiveDecisions": 148,
        "optionalYieldDecisions": 1,
        "locationInteractions": 28,
        "summons": 6,
        "awakens": 1,
        "combats": 5,
        "rewards": 3,
        "pvpAttacks": 0,
        "finalAttackDice": 4,
        "finalSpirits": 7,
        "finalMaxBarrier": 5,
        "post15VpPerRound": 1.0714285714285714
      }
    },
    {
      "seed": 957000006,
      "guardian": "Pixia",
      "trueWin": false,
      "stalled": false,
      "finalVP": 20,
      "first30Round": null,
      "post15VpPerRound": 1.6666666666666667,
      "finalAttackDice": 2,
      "finalSpirits": 7,
      "finalMaxBarrier": 4,
      "cycle": {
        "vpAfterRound": {
          "8": 3,
          "12": 6,
          "16": 6,
          "20": 9
        },
        "first15Round": 27,
        "first30Round": null,
        "decisions": 142,
        "productiveDecisions": 142,
        "optionalYieldDecisions": 7,
        "locationInteractions": 28,
        "summons": 6,
        "awakens": 1,
        "combats": 5,
        "rewards": 2,
        "pvpAttacks": 0,
        "finalAttackDice": 2,
        "finalSpirits": 7,
        "finalMaxBarrier": 4,
        "post15VpPerRound": 1.6666666666666667
      }
    },
    {
      "seed": 957000007,
      "guardian": "Prox",
      "trueWin": false,
      "stalled": false,
      "finalVP": 6,
      "first30Round": null,
      "post15VpPerRound": 0,
      "finalAttackDice": 3,
      "finalSpirits": 7,
      "finalMaxBarrier": 5,
      "cycle": {
        "vpAfterRound": {
          "8": 6,
          "12": 6,
          "16": 6,
          "20": 6
        },
        "first15Round": null,
        "first30Round": null,
        "decisions": 163,
        "productiveDecisions": 163,
        "optionalYieldDecisions": 1,
        "locationInteractions": 30,
        "summons": 6,
        "awakens": 1,
        "combats": 5,
        "rewards": 2,
        "pvpAttacks": 0,
        "finalAttackDice": 3,
        "finalSpirits": 7,
        "finalMaxBarrier": 5,
        "post15VpPerRound": 0
      }
    },
    {
      "seed": 957000008,
      "guardian": "Taron",
      "trueWin": false,
      "stalled": false,
      "finalVP": 6,
      "first30Round": null,
      "post15VpPerRound": 0,
      "finalAttackDice": 1,
      "finalSpirits": 7,
      "finalMaxBarrier": 4,
      "cycle": {
        "vpAfterRound": {
          "8": 3,
          "12": 3,
          "16": 6,
          "20": 6
        },
        "first15Round": null,
        "first30Round": null,
        "decisions": 131,
        "productiveDecisions": 131,
        "optionalYieldDecisions": 1,
        "locationInteractions": 28,
        "summons": 6,
        "awakens": 0,
        "combats": 4,
        "rewards": 2,
        "pvpAttacks": 0,
        "finalAttackDice": 1,
        "finalSpirits": 7,
        "finalMaxBarrier": 4,
        "post15VpPerRound": 0
      }
    },
    {
      "seed": 957000009,
      "guardian": "Void Avatar",
      "trueWin": false,
      "stalled": false,
      "finalVP": 8,
      "first30Round": null,
      "post15VpPerRound": 0,
      "finalAttackDice": 3,
      "finalSpirits": 7,
      "finalMaxBarrier": 4,
      "cycle": {
        "vpAfterRound": {
          "8": 8,
          "12": 8,
          "16": 8,
          "20": 8
        },
        "first15Round": null,
        "first30Round": null,
        "decisions": 132,
        "productiveDecisions": 132,
        "optionalYieldDecisions": 3,
        "locationInteractions": 28,
        "summons": 6,
        "awakens": 1,
        "combats": 3,
        "rewards": 3,
        "pvpAttacks": 0,
        "finalAttackDice": 3,
        "finalSpirits": 7,
        "finalMaxBarrier": 4,
        "post15VpPerRound": 0
      }
    },
    {
      "seed": 957000010,
      "guardian": "Bubblepop",
      "trueWin": false,
      "stalled": false,
      "finalVP": 8,
      "first30Round": null,
      "post15VpPerRound": 0,
      "finalAttackDice": 1,
      "finalSpirits": 7,
      "finalMaxBarrier": 6,
      "cycle": {
        "vpAfterRound": {
          "8": 6,
          "12": 6,
          "16": 6,
          "20": 6
        },
        "first15Round": null,
        "first30Round": null,
        "decisions": 118,
        "productiveDecisions": 118,
        "optionalYieldDecisions": 1,
        "locationInteractions": 17,
        "summons": 6,
        "awakens": 1,
        "combats": 5,
        "rewards": 3,
        "pvpAttacks": 0,
        "finalAttackDice": 1,
        "finalSpirits": 7,
        "finalMaxBarrier": 6,
        "post15VpPerRound": 0
      }
    },
    {
      "seed": 957000011,
      "guardian": "Embers",
      "trueWin": true,
      "stalled": false,
      "finalVP": 30,
      "first30Round": 29,
      "post15VpPerRound": 1.0714285714285714,
      "finalAttackDice": 2,
      "finalSpirits": 7,
      "finalMaxBarrier": 4,
      "cycle": {
        "vpAfterRound": {
          "8": 9,
          "12": 13,
          "16": 17,
          "20": 21
        },
        "first15Round": 15,
        "first30Round": 29,
        "decisions": 152,
        "productiveDecisions": 152,
        "optionalYieldDecisions": 2,
        "locationInteractions": 28,
        "summons": 6,
        "awakens": 1,
        "combats": 4,
        "rewards": 2,
        "pvpAttacks": 0,
        "finalAttackDice": 2,
        "finalSpirits": 7,
        "finalMaxBarrier": 4,
        "post15VpPerRound": 1.0714285714285714
      }
    },
    {
      "seed": 957000012,
      "guardian": "Fjorn",
      "trueWin": false,
      "stalled": false,
      "finalVP": 6,
      "first30Round": null,
      "post15VpPerRound": 0,
      "finalAttackDice": 3,
      "finalSpirits": 7,
      "finalMaxBarrier": 4,
      "cycle": {
        "vpAfterRound": {
          "8": 6,
          "12": 6,
          "16": 6,
          "20": 6
        },
        "first15Round": null,
        "first30Round": null,
        "decisions": 126,
        "productiveDecisions": 126,
        "optionalYieldDecisions": 2,
        "locationInteractions": 26,
        "summons": 6,
        "awakens": 0,
        "combats": 4,
        "rewards": 2,
        "pvpAttacks": 0,
        "finalAttackDice": 3,
        "finalSpirits": 7,
        "finalMaxBarrier": 4,
        "post15VpPerRound": 0
      }
    },
    {
      "seed": 957000013,
      "guardian": "Human Avatar",
      "trueWin": false,
      "stalled": false,
      "finalVP": 6,
      "first30Round": null,
      "post15VpPerRound": 0,
      "finalAttackDice": 1,
      "finalSpirits": 7,
      "finalMaxBarrier": 4,
      "cycle": {
        "vpAfterRound": {
          "8": 3,
          "12": 6,
          "16": 6,
          "20": 6
        },
        "first15Round": null,
        "first30Round": null,
        "decisions": 127,
        "productiveDecisions": 127,
        "optionalYieldDecisions": 4,
        "locationInteractions": 26,
        "summons": 6,
        "awakens": 1,
        "combats": 4,
        "rewards": 2,
        "pvpAttacks": 0,
        "finalAttackDice": 1,
        "finalSpirits": 7,
        "finalMaxBarrier": 4,
        "post15VpPerRound": 0
      }
    },
    {
      "seed": 957000014,
      "guardian": "Lumina",
      "trueWin": true,
      "stalled": false,
      "finalVP": 30,
      "first30Round": 30,
      "post15VpPerRound": 1.1538461538461537,
      "finalAttackDice": 4,
      "finalSpirits": 7,
      "finalMaxBarrier": 7,
      "cycle": {
        "vpAfterRound": {
          "8": 8,
          "12": 11,
          "16": 15,
          "20": 19
        },
        "first15Round": 17,
        "first30Round": 30,
        "decisions": 154,
        "productiveDecisions": 154,
        "optionalYieldDecisions": 3,
        "locationInteractions": 28,
        "summons": 6,
        "awakens": 2,
        "combats": 5,
        "rewards": 3,
        "pvpAttacks": 0,
        "finalAttackDice": 4,
        "finalSpirits": 7,
        "finalMaxBarrier": 7,
        "post15VpPerRound": 1.1538461538461537
      }
    },
    {
      "seed": 957000015,
      "guardian": "Myrtle",
      "trueWin": false,
      "stalled": false,
      "finalVP": 8,
      "first30Round": null,
      "post15VpPerRound": 0,
      "finalAttackDice": 1,
      "finalSpirits": 7,
      "finalMaxBarrier": 5,
      "cycle": {
        "vpAfterRound": {
          "8": 6,
          "12": 8,
          "16": 8,
          "20": 8
        },
        "first15Round": null,
        "first30Round": null,
        "decisions": 126,
        "productiveDecisions": 126,
        "optionalYieldDecisions": 5,
        "locationInteractions": 30,
        "summons": 6,
        "awakens": 0,
        "combats": 6,
        "rewards": 3,
        "pvpAttacks": 0,
        "finalAttackDice": 1,
        "finalSpirits": 7,
        "finalMaxBarrier": 5,
        "post15VpPerRound": 0
      }
    },
    {
      "seed": 957000016,
      "guardian": "Pixia",
      "trueWin": false,
      "stalled": false,
      "finalVP": 22,
      "first30Round": null,
      "post15VpPerRound": 1.4,
      "finalAttackDice": 3,
      "finalSpirits": 7,
      "finalMaxBarrier": 6,
      "cycle": {
        "vpAfterRound": {
          "8": 6,
          "12": 6,
          "16": 7,
          "20": 11
        },
        "first15Round": 25,
        "first30Round": null,
        "decisions": 146,
        "productiveDecisions": 146,
        "optionalYieldDecisions": 4,
        "locationInteractions": 27,
        "summons": 6,
        "awakens": 2,
        "combats": 5,
        "rewards": 2,
        "pvpAttacks": 0,
        "finalAttackDice": 3,
        "finalSpirits": 7,
        "finalMaxBarrier": 6,
        "post15VpPerRound": 1.4
      }
    },
    {
      "seed": 957000017,
      "guardian": "Prox",
      "trueWin": false,
      "stalled": false,
      "finalVP": 8,
      "first30Round": null,
      "post15VpPerRound": 0,
      "finalAttackDice": 2,
      "finalSpirits": 7,
      "finalMaxBarrier": 4,
      "cycle": {
        "vpAfterRound": {
          "8": 6,
          "12": 8,
          "16": 8,
          "20": 8
        },
        "first15Round": null,
        "first30Round": null,
        "decisions": 148,
        "productiveDecisions": 148,
        "optionalYieldDecisions": 4,
        "locationInteractions": 26,
        "summons": 6,
        "awakens": 2,
        "combats": 4,
        "rewards": 3,
        "pvpAttacks": 0,
        "finalAttackDice": 2,
        "finalSpirits": 7,
        "finalMaxBarrier": 4,
        "post15VpPerRound": 0
      }
    },
    {
      "seed": 957000018,
      "guardian": "Taron",
      "trueWin": false,
      "stalled": false,
      "finalVP": 21,
      "first30Round": null,
      "post15VpPerRound": 1.5,
      "finalAttackDice": 3,
      "finalSpirits": 7,
      "finalMaxBarrier": 8,
      "cycle": {
        "vpAfterRound": {
          "8": 6,
          "12": 6,
          "16": 8,
          "20": 10
        },
        "first15Round": 26,
        "first30Round": null,
        "decisions": 168,
        "productiveDecisions": 165,
        "optionalYieldDecisions": 10,
        "locationInteractions": 34,
        "summons": 10,
        "awakens": 2,
        "combats": 7,
        "rewards": 3,
        "pvpAttacks": 0,
        "finalAttackDice": 3,
        "finalSpirits": 7,
        "finalMaxBarrier": 8,
        "post15VpPerRound": 1.5
      }
    },
    {
      "seed": 957000019,
      "guardian": "Void Avatar",
      "trueWin": false,
      "stalled": false,
      "finalVP": 9,
      "first30Round": null,
      "post15VpPerRound": 0,
      "finalAttackDice": 2,
      "finalSpirits": 7,
      "finalMaxBarrier": 4,
      "cycle": {
        "vpAfterRound": {
          "8": 6,
          "12": 9,
          "16": 9,
          "20": 9
        },
        "first15Round": null,
        "first30Round": null,
        "decisions": 136,
        "productiveDecisions": 136,
        "optionalYieldDecisions": 2,
        "locationInteractions": 26,
        "summons": 6,
        "awakens": 0,
        "combats": 4,
        "rewards": 3,
        "pvpAttacks": 0,
        "finalAttackDice": 2,
        "finalSpirits": 7,
        "finalMaxBarrier": 4,
        "post15VpPerRound": 0
      }
    },
    {
      "seed": 957000020,
      "guardian": "Bubblepop",
      "trueWin": true,
      "stalled": false,
      "finalVP": 30,
      "first30Round": 27,
      "post15VpPerRound": 1.0714285714285714,
      "finalAttackDice": 3,
      "finalSpirits": 7,
      "finalMaxBarrier": 5,
      "cycle": {
        "vpAfterRound": {
          "8": 11,
          "12": 15,
          "16": 19,
          "20": 23
        },
        "first15Round": 13,
        "first30Round": 27,
        "decisions": 159,
        "productiveDecisions": 159,
        "optionalYieldDecisions": 2,
        "locationInteractions": 28,
        "summons": 6,
        "awakens": 1,
        "combats": 5,
        "rewards": 3,
        "pvpAttacks": 0,
        "finalAttackDice": 3,
        "finalSpirits": 7,
        "finalMaxBarrier": 5,
        "post15VpPerRound": 1.0714285714285714
      }
    },
    {
      "seed": 957000021,
      "guardian": "Embers",
      "trueWin": false,
      "stalled": false,
      "finalVP": 18,
      "first30Round": null,
      "post15VpPerRound": 0.14285714285714285,
      "finalAttackDice": 3,
      "finalSpirits": 7,
      "finalMaxBarrier": 10,
      "cycle": {
        "vpAfterRound": {
          "8": 12,
          "12": 16,
          "16": 16,
          "20": 16
        },
        "first15Round": 9,
        "first30Round": null,
        "decisions": 125,
        "productiveDecisions": 125,
        "optionalYieldDecisions": 2,
        "locationInteractions": 17,
        "summons": 6,
        "awakens": 1,
        "combats": 7,
        "rewards": 7,
        "pvpAttacks": 0,
        "finalAttackDice": 3,
        "finalSpirits": 7,
        "finalMaxBarrier": 10,
        "post15VpPerRound": 0.14285714285714285
      }
    },
    {
      "seed": 957000022,
      "guardian": "Fjorn",
      "trueWin": false,
      "stalled": false,
      "finalVP": 6,
      "first30Round": null,
      "post15VpPerRound": 0,
      "finalAttackDice": 3,
      "finalSpirits": 6,
      "finalMaxBarrier": 4,
      "cycle": {
        "vpAfterRound": {
          "8": 6,
          "12": 6,
          "16": 6,
          "20": 6
        },
        "first15Round": null,
        "first30Round": null,
        "decisions": 129,
        "productiveDecisions": 129,
        "optionalYieldDecisions": 2,
        "locationInteractions": 27,
        "summons": 5,
        "awakens": 0,
        "combats": 4,
        "rewards": 2,
        "pvpAttacks": 0,
        "finalAttackDice": 3,
        "finalSpirits": 6,
        "finalMaxBarrier": 4,
        "post15VpPerRound": 0
      }
    },
    {
      "seed": 957000023,
      "guardian": "Human Avatar",
      "trueWin": false,
      "stalled": false,
      "finalVP": 8,
      "first30Round": null,
      "post15VpPerRound": 0,
      "finalAttackDice": 3,
      "finalSpirits": 7,
      "finalMaxBarrier": 4,
      "cycle": {
        "vpAfterRound": {
          "8": 6,
          "12": 8,
          "16": 8,
          "20": 8
        },
        "first15Round": null,
        "first30Round": null,
        "decisions": 136,
        "productiveDecisions": 136,
        "optionalYieldDecisions": 4,
        "locationInteractions": 28,
        "summons": 6,
        "awakens": 1,
        "combats": 3,
        "rewards": 3,
        "pvpAttacks": 0,
        "finalAttackDice": 3,
        "finalSpirits": 7,
        "finalMaxBarrier": 4,
        "post15VpPerRound": 0
      }
    },
    {
      "seed": 957000024,
      "guardian": "Lumina",
      "trueWin": false,
      "stalled": false,
      "finalVP": 23,
      "first30Round": null,
      "post15VpPerRound": 1.3333333333333333,
      "finalAttackDice": 2,
      "finalSpirits": 7,
      "finalMaxBarrier": 6,
      "cycle": {
        "vpAfterRound": {
          "8": 8,
          "12": 8,
          "16": 8,
          "20": 12
        },
        "first15Round": 24,
        "first30Round": null,
        "decisions": 157,
        "productiveDecisions": 157,
        "optionalYieldDecisions": 1,
        "locationInteractions": 30,
        "summons": 6,
        "awakens": 1,
        "combats": 5,
        "rewards": 3,
        "pvpAttacks": 0,
        "finalAttackDice": 2,
        "finalSpirits": 7,
        "finalMaxBarrier": 6,
        "post15VpPerRound": 1.3333333333333333
      }
    },
    {
      "seed": 957000025,
      "guardian": "Myrtle",
      "trueWin": false,
      "stalled": false,
      "finalVP": 9,
      "first30Round": null,
      "post15VpPerRound": 0,
      "finalAttackDice": 5,
      "finalSpirits": 7,
      "finalMaxBarrier": 6,
      "cycle": {
        "vpAfterRound": {
          "8": 6,
          "12": 6,
          "16": 6,
          "20": 6
        },
        "first15Round": null,
        "first30Round": null,
        "decisions": 108,
        "productiveDecisions": 108,
        "optionalYieldDecisions": 2,
        "locationInteractions": 12,
        "summons": 6,
        "awakens": 1,
        "combats": 5,
        "rewards": 3,
        "pvpAttacks": 0,
        "finalAttackDice": 5,
        "finalSpirits": 7,
        "finalMaxBarrier": 6,
        "post15VpPerRound": 0
      }
    },
    {
      "seed": 957000026,
      "guardian": "Pixia",
      "trueWin": false,
      "stalled": false,
      "finalVP": 6,
      "first30Round": null,
      "post15VpPerRound": 0,
      "finalAttackDice": 3,
      "finalSpirits": 7,
      "finalMaxBarrier": 5,
      "cycle": {
        "vpAfterRound": {
          "8": 6,
          "12": 6,
          "16": 6,
          "20": 6
        },
        "first15Round": null,
        "first30Round": null,
        "decisions": 136,
        "productiveDecisions": 136,
        "optionalYieldDecisions": 1,
        "locationInteractions": 30,
        "summons": 6,
        "awakens": 1,
        "combats": 5,
        "rewards": 2,
        "pvpAttacks": 0,
        "finalAttackDice": 3,
        "finalSpirits": 7,
        "finalMaxBarrier": 5,
        "post15VpPerRound": 0
      }
    },
    {
      "seed": 957000027,
      "guardian": "Prox",
      "trueWin": false,
      "stalled": false,
      "finalVP": 6,
      "first30Round": null,
      "post15VpPerRound": 0,
      "finalAttackDice": 2,
      "finalSpirits": 6,
      "finalMaxBarrier": 4,
      "cycle": {
        "vpAfterRound": {
          "8": 3,
          "12": 6,
          "16": 6,
          "20": 6
        },
        "first15Round": null,
        "first30Round": null,
        "decisions": 120,
        "productiveDecisions": 120,
        "optionalYieldDecisions": 1,
        "locationInteractions": 23,
        "summons": 5,
        "awakens": 0,
        "combats": 4,
        "rewards": 2,
        "pvpAttacks": 0,
        "finalAttackDice": 2,
        "finalSpirits": 6,
        "finalMaxBarrier": 4,
        "post15VpPerRound": 0
      }
    },
    {
      "seed": 957000028,
      "guardian": "Taron",
      "trueWin": false,
      "stalled": false,
      "finalVP": 9,
      "first30Round": null,
      "post15VpPerRound": 0,
      "finalAttackDice": 3,
      "finalSpirits": 7,
      "finalMaxBarrier": 4,
      "cycle": {
        "vpAfterRound": {
          "8": 9,
          "12": 9,
          "16": 9,
          "20": 9
        },
        "first15Round": null,
        "first30Round": null,
        "decisions": 153,
        "productiveDecisions": 153,
        "optionalYieldDecisions": 3,
        "locationInteractions": 27,
        "summons": 6,
        "awakens": 1,
        "combats": 4,
        "rewards": 3,
        "pvpAttacks": 0,
        "finalAttackDice": 3,
        "finalSpirits": 7,
        "finalMaxBarrier": 4,
        "post15VpPerRound": 0
      }
    },
    {
      "seed": 957000029,
      "guardian": "Void Avatar",
      "trueWin": true,
      "stalled": false,
      "finalVP": 30,
      "first30Round": 30,
      "post15VpPerRound": 1.0714285714285714,
      "finalAttackDice": 3,
      "finalSpirits": 7,
      "finalMaxBarrier": 4,
      "cycle": {
        "vpAfterRound": {
          "8": 8,
          "12": 12,
          "16": 16,
          "20": 20
        },
        "first15Round": 16,
        "first30Round": 30,
        "decisions": 169,
        "productiveDecisions": 169,
        "optionalYieldDecisions": 3,
        "locationInteractions": 27,
        "summons": 6,
        "awakens": 1,
        "combats": 4,
        "rewards": 2,
        "pvpAttacks": 0,
        "finalAttackDice": 3,
        "finalSpirits": 7,
        "finalMaxBarrier": 4,
        "post15VpPerRound": 1.0714285714285714
      }
    },
    {
      "seed": 957000030,
      "guardian": "Bubblepop",
      "trueWin": false,
      "stalled": false,
      "finalVP": 10,
      "first30Round": null,
      "post15VpPerRound": 0,
      "finalAttackDice": 1,
      "finalSpirits": 7,
      "finalMaxBarrier": 6,
      "cycle": {
        "vpAfterRound": {
          "8": 10,
          "12": 10,
          "16": 10,
          "20": 10
        },
        "first15Round": null,
        "first30Round": null,
        "decisions": 138,
        "productiveDecisions": 138,
        "optionalYieldDecisions": 5,
        "locationInteractions": 30,
        "summons": 6,
        "awakens": 0,
        "combats": 5,
        "rewards": 4,
        "pvpAttacks": 0,
        "finalAttackDice": 1,
        "finalSpirits": 7,
        "finalMaxBarrier": 6,
        "post15VpPerRound": 0
      }
    },
    {
      "seed": 957000031,
      "guardian": "Embers",
      "trueWin": false,
      "stalled": false,
      "finalVP": 8,
      "first30Round": null,
      "post15VpPerRound": 0,
      "finalAttackDice": 4,
      "finalSpirits": 7,
      "finalMaxBarrier": 5,
      "cycle": {
        "vpAfterRound": {
          "8": 8,
          "12": 8,
          "16": 8,
          "20": 8
        },
        "first15Round": null,
        "first30Round": null,
        "decisions": 173,
        "productiveDecisions": 173,
        "optionalYieldDecisions": 10,
        "locationInteractions": 30,
        "summons": 6,
        "awakens": 2,
        "combats": 5,
        "rewards": 3,
        "pvpAttacks": 0,
        "finalAttackDice": 4,
        "finalSpirits": 7,
        "finalMaxBarrier": 5,
        "post15VpPerRound": 0
      }
    },
    {
      "seed": 957000032,
      "guardian": "Fjorn",
      "trueWin": false,
      "stalled": false,
      "finalVP": 8,
      "first30Round": null,
      "post15VpPerRound": 0,
      "finalAttackDice": 1,
      "finalSpirits": 7,
      "finalMaxBarrier": 5,
      "cycle": {
        "vpAfterRound": {
          "8": 3,
          "12": 8,
          "16": 8,
          "20": 8
        },
        "first15Round": null,
        "first30Round": null,
        "decisions": 134,
        "productiveDecisions": 134,
        "optionalYieldDecisions": 3,
        "locationInteractions": 25,
        "summons": 6,
        "awakens": 1,
        "combats": 5,
        "rewards": 3,
        "pvpAttacks": 0,
        "finalAttackDice": 1,
        "finalSpirits": 7,
        "finalMaxBarrier": 5,
        "post15VpPerRound": 0
      }
    },
    {
      "seed": 957000033,
      "guardian": "Human Avatar",
      "trueWin": true,
      "stalled": false,
      "finalVP": 30,
      "first30Round": 30,
      "post15VpPerRound": 1.1538461538461537,
      "finalAttackDice": 2,
      "finalSpirits": 7,
      "finalMaxBarrier": 5,
      "cycle": {
        "vpAfterRound": {
          "8": 6,
          "12": 11,
          "16": 15,
          "20": 19
        },
        "first15Round": 17,
        "first30Round": 30,
        "decisions": 154,
        "productiveDecisions": 154,
        "optionalYieldDecisions": 1,
        "locationInteractions": 27,
        "summons": 6,
        "awakens": 1,
        "combats": 5,
        "rewards": 3,
        "pvpAttacks": 0,
        "finalAttackDice": 2,
        "finalSpirits": 7,
        "finalMaxBarrier": 5,
        "post15VpPerRound": 1.1538461538461537
      }
    },
    {
      "seed": 957000034,
      "guardian": "Lumina",
      "trueWin": false,
      "stalled": false,
      "finalVP": 8,
      "first30Round": null,
      "post15VpPerRound": 0,
      "finalAttackDice": 2,
      "finalSpirits": 7,
      "finalMaxBarrier": 4,
      "cycle": {
        "vpAfterRound": {
          "8": 8,
          "12": 8,
          "16": 8,
          "20": 8
        },
        "first15Round": null,
        "first30Round": null,
        "decisions": 132,
        "productiveDecisions": 132,
        "optionalYieldDecisions": 3,
        "locationInteractions": 28,
        "summons": 6,
        "awakens": 0,
        "combats": 3,
        "rewards": 3,
        "pvpAttacks": 0,
        "finalAttackDice": 2,
        "finalSpirits": 7,
        "finalMaxBarrier": 4,
        "post15VpPerRound": 0
      }
    },
    {
      "seed": 957000035,
      "guardian": "Myrtle",
      "trueWin": true,
      "stalled": false,
      "finalVP": 30,
      "first30Round": 30,
      "post15VpPerRound": 1.1538461538461537,
      "finalAttackDice": 1,
      "finalSpirits": 7,
      "finalMaxBarrier": 6,
      "cycle": {
        "vpAfterRound": {
          "8": 8,
          "12": 11,
          "16": 15,
          "20": 19
        },
        "first15Round": 17,
        "first30Round": 30,
        "decisions": 155,
        "productiveDecisions": 155,
        "optionalYieldDecisions": 7,
        "locationInteractions": 25,
        "summons": 6,
        "awakens": 2,
        "combats": 5,
        "rewards": 3,
        "pvpAttacks": 0,
        "finalAttackDice": 1,
        "finalSpirits": 7,
        "finalMaxBarrier": 6,
        "post15VpPerRound": 1.1538461538461537
      }
    },
    {
      "seed": 957000036,
      "guardian": "Pixia",
      "trueWin": false,
      "stalled": false,
      "finalVP": 8,
      "first30Round": null,
      "post15VpPerRound": 0,
      "finalAttackDice": 1,
      "finalSpirits": 7,
      "finalMaxBarrier": 4,
      "cycle": {
        "vpAfterRound": {
          "8": 6,
          "12": 8,
          "16": 8,
          "20": 8
        },
        "first15Round": null,
        "first30Round": null,
        "decisions": 136,
        "productiveDecisions": 136,
        "optionalYieldDecisions": 1,
        "locationInteractions": 31,
        "summons": 6,
        "awakens": 0,
        "combats": 3,
        "rewards": 3,
        "pvpAttacks": 0,
        "finalAttackDice": 1,
        "finalSpirits": 7,
        "finalMaxBarrier": 4,
        "post15VpPerRound": 0
      }
    },
    {
      "seed": 957000037,
      "guardian": "Prox",
      "trueWin": false,
      "stalled": false,
      "finalVP": 8,
      "first30Round": null,
      "post15VpPerRound": 0,
      "finalAttackDice": 3,
      "finalSpirits": 6,
      "finalMaxBarrier": 4,
      "cycle": {
        "vpAfterRound": {
          "8": 3,
          "12": 8,
          "16": 8,
          "20": 8
        },
        "first15Round": null,
        "first30Round": null,
        "decisions": 136,
        "productiveDecisions": 136,
        "optionalYieldDecisions": 13,
        "locationInteractions": 24,
        "summons": 5,
        "awakens": 1,
        "combats": 4,
        "rewards": 3,
        "pvpAttacks": 0,
        "finalAttackDice": 3,
        "finalSpirits": 6,
        "finalMaxBarrier": 4,
        "post15VpPerRound": 0
      }
    },
    {
      "seed": 957000038,
      "guardian": "Taron",
      "trueWin": false,
      "stalled": false,
      "finalVP": 9,
      "first30Round": null,
      "post15VpPerRound": 0,
      "finalAttackDice": 1,
      "finalSpirits": 7,
      "finalMaxBarrier": 4,
      "cycle": {
        "vpAfterRound": {
          "8": 6,
          "12": 6,
          "16": 9,
          "20": 9
        },
        "first15Round": null,
        "first30Round": null,
        "decisions": 119,
        "productiveDecisions": 119,
        "optionalYieldDecisions": 1,
        "locationInteractions": 22,
        "summons": 6,
        "awakens": 0,
        "combats": 4,
        "rewards": 3,
        "pvpAttacks": 0,
        "finalAttackDice": 1,
        "finalSpirits": 7,
        "finalMaxBarrier": 4,
        "post15VpPerRound": 0
      }
    },
    {
      "seed": 957000039,
      "guardian": "Void Avatar",
      "trueWin": false,
      "stalled": false,
      "finalVP": 8,
      "first30Round": null,
      "post15VpPerRound": 0,
      "finalAttackDice": 1,
      "finalSpirits": 7,
      "finalMaxBarrier": 5,
      "cycle": {
        "vpAfterRound": {
          "8": 6,
          "12": 8,
          "16": 8,
          "20": 8
        },
        "first15Round": null,
        "first30Round": null,
        "decisions": 127,
        "productiveDecisions": 127,
        "optionalYieldDecisions": 5,
        "locationInteractions": 25,
        "summons": 6,
        "awakens": 0,
        "combats": 5,
        "rewards": 3,
        "pvpAttacks": 0,
        "finalAttackDice": 1,
        "finalSpirits": 7,
        "finalMaxBarrier": 5,
        "post15VpPerRound": 0
      }
    },
    {
      "seed": 957000040,
      "guardian": "Bubblepop",
      "trueWin": false,
      "stalled": false,
      "finalVP": 6,
      "first30Round": null,
      "post15VpPerRound": 0,
      "finalAttackDice": 1,
      "finalSpirits": 7,
      "finalMaxBarrier": 4,
      "cycle": {
        "vpAfterRound": {
          "8": 0,
          "12": 0,
          "16": 6,
          "20": 6
        },
        "first15Round": null,
        "first30Round": null,
        "decisions": 141,
        "productiveDecisions": 141,
        "optionalYieldDecisions": 1,
        "locationInteractions": 26,
        "summons": 6,
        "awakens": 0,
        "combats": 5,
        "rewards": 2,
        "pvpAttacks": 0,
        "finalAttackDice": 1,
        "finalSpirits": 7,
        "finalMaxBarrier": 4,
        "post15VpPerRound": 0
      }
    },
    {
      "seed": 957000041,
      "guardian": "Embers",
      "trueWin": true,
      "stalled": false,
      "finalVP": 30,
      "first30Round": 28,
      "post15VpPerRound": 1.0714285714285714,
      "finalAttackDice": 3,
      "finalSpirits": 7,
      "finalMaxBarrier": 5,
      "cycle": {
        "vpAfterRound": {
          "8": 10,
          "12": 14,
          "16": 18,
          "20": 22
        },
        "first15Round": 14,
        "first30Round": 28,
        "decisions": 155,
        "productiveDecisions": 155,
        "optionalYieldDecisions": 6,
        "locationInteractions": 25,
        "summons": 6,
        "awakens": 1,
        "combats": 5,
        "rewards": 3,
        "pvpAttacks": 0,
        "finalAttackDice": 3,
        "finalSpirits": 7,
        "finalMaxBarrier": 5,
        "post15VpPerRound": 1.0714285714285714
      }
    },
    {
      "seed": 957000042,
      "guardian": "Fjorn",
      "trueWin": false,
      "stalled": false,
      "finalVP": 8,
      "first30Round": null,
      "post15VpPerRound": 0,
      "finalAttackDice": 2,
      "finalSpirits": 7,
      "finalMaxBarrier": 5,
      "cycle": {
        "vpAfterRound": {
          "8": 6,
          "12": 8,
          "16": 8,
          "20": 8
        },
        "first15Round": null,
        "first30Round": null,
        "decisions": 125,
        "productiveDecisions": 125,
        "optionalYieldDecisions": 8,
        "locationInteractions": 24,
        "summons": 6,
        "awakens": 0,
        "combats": 5,
        "rewards": 3,
        "pvpAttacks": 0,
        "finalAttackDice": 2,
        "finalSpirits": 7,
        "finalMaxBarrier": 5,
        "post15VpPerRound": 0
      }
    },
    {
      "seed": 957000043,
      "guardian": "Human Avatar",
      "trueWin": false,
      "stalled": false,
      "finalVP": 8,
      "first30Round": null,
      "post15VpPerRound": 0,
      "finalAttackDice": 1,
      "finalSpirits": 7,
      "finalMaxBarrier": 6,
      "cycle": {
        "vpAfterRound": {
          "8": 6,
          "12": 8,
          "16": 8,
          "20": 8
        },
        "first15Round": null,
        "first30Round": null,
        "decisions": 143,
        "productiveDecisions": 143,
        "optionalYieldDecisions": 3,
        "locationInteractions": 26,
        "summons": 6,
        "awakens": 1,
        "combats": 5,
        "rewards": 3,
        "pvpAttacks": 0,
        "finalAttackDice": 1,
        "finalSpirits": 7,
        "finalMaxBarrier": 6,
        "post15VpPerRound": 0
      }
    },
    {
      "seed": 957000044,
      "guardian": "Lumina",
      "trueWin": false,
      "stalled": false,
      "finalVP": 6,
      "first30Round": null,
      "post15VpPerRound": 0,
      "finalAttackDice": 3,
      "finalSpirits": 7,
      "finalMaxBarrier": 4,
      "cycle": {
        "vpAfterRound": {
          "8": 6,
          "12": 6,
          "16": 6,
          "20": 6
        },
        "first15Round": null,
        "first30Round": null,
        "decisions": 160,
        "productiveDecisions": 160,
        "optionalYieldDecisions": 1,
        "locationInteractions": 31,
        "summons": 6,
        "awakens": 1,
        "combats": 4,
        "rewards": 2,
        "pvpAttacks": 0,
        "finalAttackDice": 3,
        "finalSpirits": 7,
        "finalMaxBarrier": 4,
        "post15VpPerRound": 0
      }
    },
    {
      "seed": 957000045,
      "guardian": "Myrtle",
      "trueWin": true,
      "stalled": false,
      "finalVP": 30,
      "first30Round": 27,
      "post15VpPerRound": 1.0714285714285714,
      "finalAttackDice": 2,
      "finalSpirits": 7,
      "finalMaxBarrier": 6,
      "cycle": {
        "vpAfterRound": {
          "8": 11,
          "12": 15,
          "16": 19,
          "20": 23
        },
        "first15Round": 13,
        "first30Round": 27,
        "decisions": 157,
        "productiveDecisions": 157,
        "optionalYieldDecisions": 13,
        "locationInteractions": 26,
        "summons": 6,
        "awakens": 1,
        "combats": 5,
        "rewards": 3,
        "pvpAttacks": 0,
        "finalAttackDice": 2,
        "finalSpirits": 7,
        "finalMaxBarrier": 6,
        "post15VpPerRound": 1.0714285714285714
      }
    },
    {
      "seed": 957000046,
      "guardian": "Pixia",
      "trueWin": false,
      "stalled": false,
      "finalVP": 12,
      "first30Round": null,
      "post15VpPerRound": 0,
      "finalAttackDice": 1,
      "finalSpirits": 7,
      "finalMaxBarrier": 4,
      "cycle": {
        "vpAfterRound": {
          "8": 6,
          "12": 6,
          "16": 6,
          "20": 12
        },
        "first15Round": null,
        "first30Round": null,
        "decisions": 157,
        "productiveDecisions": 157,
        "optionalYieldDecisions": 5,
        "locationInteractions": 27,
        "summons": 6,
        "awakens": 1,
        "combats": 4,
        "rewards": 4,
        "pvpAttacks": 0,
        "finalAttackDice": 1,
        "finalSpirits": 7,
        "finalMaxBarrier": 4,
        "post15VpPerRound": 0
      }
    },
    {
      "seed": 957000047,
      "guardian": "Prox",
      "trueWin": false,
      "stalled": false,
      "finalVP": 6,
      "first30Round": null,
      "post15VpPerRound": 0,
      "finalAttackDice": 4,
      "finalSpirits": 7,
      "finalMaxBarrier": 4,
      "cycle": {
        "vpAfterRound": {
          "8": 3,
          "12": 3,
          "16": 6,
          "20": 6
        },
        "first15Round": null,
        "first30Round": null,
        "decisions": 127,
        "productiveDecisions": 127,
        "optionalYieldDecisions": 6,
        "locationInteractions": 22,
        "summons": 6,
        "awakens": 1,
        "combats": 5,
        "rewards": 2,
        "pvpAttacks": 0,
        "finalAttackDice": 4,
        "finalSpirits": 7,
        "finalMaxBarrier": 4,
        "post15VpPerRound": 0
      }
    },
    {
      "seed": 957000048,
      "guardian": "Taron",
      "trueWin": true,
      "stalled": false,
      "finalVP": 30,
      "first30Round": 29,
      "post15VpPerRound": 1.0714285714285714,
      "finalAttackDice": 3,
      "finalSpirits": 7,
      "finalMaxBarrier": 5,
      "cycle": {
        "vpAfterRound": {
          "8": 9,
          "12": 13,
          "16": 17,
          "20": 21
        },
        "first15Round": 15,
        "first30Round": 29,
        "decisions": 160,
        "productiveDecisions": 160,
        "optionalYieldDecisions": 5,
        "locationInteractions": 27,
        "summons": 6,
        "awakens": 1,
        "combats": 5,
        "rewards": 2,
        "pvpAttacks": 0,
        "finalAttackDice": 3,
        "finalSpirits": 7,
        "finalMaxBarrier": 5,
        "post15VpPerRound": 1.0714285714285714
      }
    },
    {
      "seed": 957000049,
      "guardian": "Void Avatar",
      "trueWin": false,
      "stalled": false,
      "finalVP": 18,
      "first30Round": null,
      "post15VpPerRound": 3,
      "finalAttackDice": 4,
      "finalSpirits": 7,
      "finalMaxBarrier": 7,
      "cycle": {
        "vpAfterRound": {
          "8": 8,
          "12": 8,
          "16": 8,
          "20": 8
        },
        "first15Round": 29,
        "first30Round": null,
        "decisions": 144,
        "productiveDecisions": 144,
        "optionalYieldDecisions": 4,
        "locationInteractions": 28,
        "summons": 6,
        "awakens": 2,
        "combats": 6,
        "rewards": 3,
        "pvpAttacks": 0,
        "finalAttackDice": 4,
        "finalSpirits": 7,
        "finalMaxBarrier": 7,
        "post15VpPerRound": 3
      }
    },
    {
      "seed": 957000050,
      "guardian": "Bubblepop",
      "trueWin": false,
      "stalled": false,
      "finalVP": 6,
      "first30Round": null,
      "post15VpPerRound": 0,
      "finalAttackDice": 2,
      "finalSpirits": 7,
      "finalMaxBarrier": 4,
      "cycle": {
        "vpAfterRound": {
          "8": 6,
          "12": 6,
          "16": 6,
          "20": 6
        },
        "first15Round": null,
        "first30Round": null,
        "decisions": 134,
        "productiveDecisions": 134,
        "optionalYieldDecisions": 1,
        "locationInteractions": 29,
        "summons": 6,
        "awakens": 0,
        "combats": 4,
        "rewards": 2,
        "pvpAttacks": 0,
        "finalAttackDice": 2,
        "finalSpirits": 7,
        "finalMaxBarrier": 4,
        "post15VpPerRound": 0
      }
    },
    {
      "seed": 957000051,
      "guardian": "Embers",
      "trueWin": false,
      "stalled": false,
      "finalVP": 10,
      "first30Round": null,
      "post15VpPerRound": 0,
      "finalAttackDice": 4,
      "finalSpirits": 7,
      "finalMaxBarrier": 5,
      "cycle": {
        "vpAfterRound": {
          "8": 8,
          "12": 8,
          "16": 8,
          "20": 10
        },
        "first15Round": null,
        "first30Round": null,
        "decisions": 121,
        "productiveDecisions": 121,
        "optionalYieldDecisions": 2,
        "locationInteractions": 17,
        "summons": 6,
        "awakens": 1,
        "combats": 5,
        "rewards": 4,
        "pvpAttacks": 0,
        "finalAttackDice": 4,
        "finalSpirits": 7,
        "finalMaxBarrier": 5,
        "post15VpPerRound": 0
      }
    },
    {
      "seed": 957000052,
      "guardian": "Fjorn",
      "trueWin": true,
      "stalled": false,
      "finalVP": 30,
      "first30Round": 30,
      "post15VpPerRound": 1.0714285714285714,
      "finalAttackDice": 3,
      "finalSpirits": 7,
      "finalMaxBarrier": 6,
      "cycle": {
        "vpAfterRound": {
          "8": 10,
          "12": 12,
          "16": 16,
          "20": 20
        },
        "first15Round": 16,
        "first30Round": 30,
        "decisions": 165,
        "productiveDecisions": 165,
        "optionalYieldDecisions": 4,
        "locationInteractions": 30,
        "summons": 6,
        "awakens": 1,
        "combats": 5,
        "rewards": 4,
        "pvpAttacks": 0,
        "finalAttackDice": 3,
        "finalSpirits": 7,
        "finalMaxBarrier": 6,
        "post15VpPerRound": 1.0714285714285714
      }
    },
    {
      "seed": 957000053,
      "guardian": "Human Avatar",
      "trueWin": false,
      "stalled": false,
      "finalVP": 26,
      "first30Round": null,
      "post15VpPerRound": 1.2222222222222223,
      "finalAttackDice": 3,
      "finalSpirits": 7,
      "finalMaxBarrier": 6,
      "cycle": {
        "vpAfterRound": {
          "8": 6,
          "12": 8,
          "16": 11,
          "20": 15
        },
        "first15Round": 21,
        "first30Round": null,
        "decisions": 164,
        "productiveDecisions": 162,
        "optionalYieldDecisions": 5,
        "locationInteractions": 32,
        "summons": 8,
        "awakens": 1,
        "combats": 5,
        "rewards": 3,
        "pvpAttacks": 0,
        "finalAttackDice": 3,
        "finalSpirits": 7,
        "finalMaxBarrier": 6,
        "post15VpPerRound": 1.2222222222222223
      }
    },
    {
      "seed": 957000054,
      "guardian": "Lumina",
      "trueWin": true,
      "stalled": false,
      "finalVP": 30,
      "first30Round": 28,
      "post15VpPerRound": 1.0714285714285714,
      "finalAttackDice": 4,
      "finalSpirits": 7,
      "finalMaxBarrier": 5,
      "cycle": {
        "vpAfterRound": {
          "8": 10,
          "12": 14,
          "16": 18,
          "20": 22
        },
        "first15Round": 14,
        "first30Round": 28,
        "decisions": 157,
        "productiveDecisions": 157,
        "optionalYieldDecisions": 1,
        "locationInteractions": 30,
        "summons": 6,
        "awakens": 1,
        "combats": 5,
        "rewards": 3,
        "pvpAttacks": 0,
        "finalAttackDice": 4,
        "finalSpirits": 7,
        "finalMaxBarrier": 5,
        "post15VpPerRound": 1.0714285714285714
      }
    },
    {
      "seed": 957000055,
      "guardian": "Myrtle",
      "trueWin": false,
      "stalled": false,
      "finalVP": 8,
      "first30Round": null,
      "post15VpPerRound": 0,
      "finalAttackDice": 4,
      "finalSpirits": 7,
      "finalMaxBarrier": 4,
      "cycle": {
        "vpAfterRound": {
          "8": 8,
          "12": 8,
          "16": 8,
          "20": 8
        },
        "first15Round": null,
        "first30Round": null,
        "decisions": 161,
        "productiveDecisions": 161,
        "optionalYieldDecisions": 4,
        "locationInteractions": 30,
        "summons": 6,
        "awakens": 1,
        "combats": 4,
        "rewards": 3,
        "pvpAttacks": 0,
        "finalAttackDice": 4,
        "finalSpirits": 7,
        "finalMaxBarrier": 4,
        "post15VpPerRound": 0
      }
    },
    {
      "seed": 957000056,
      "guardian": "Pixia",
      "trueWin": false,
      "stalled": false,
      "finalVP": 6,
      "first30Round": null,
      "post15VpPerRound": 0,
      "finalAttackDice": 2,
      "finalSpirits": 6,
      "finalMaxBarrier": 5,
      "cycle": {
        "vpAfterRound": {
          "8": 6,
          "12": 6,
          "16": 6,
          "20": 6
        },
        "first15Round": null,
        "first30Round": null,
        "decisions": 133,
        "productiveDecisions": 133,
        "optionalYieldDecisions": 3,
        "locationInteractions": 29,
        "summons": 5,
        "awakens": 1,
        "combats": 5,
        "rewards": 2,
        "pvpAttacks": 0,
        "finalAttackDice": 2,
        "finalSpirits": 6,
        "finalMaxBarrier": 5,
        "post15VpPerRound": 0
      }
    },
    {
      "seed": 957000057,
      "guardian": "Prox",
      "trueWin": true,
      "stalled": false,
      "finalVP": 30,
      "first30Round": 28,
      "post15VpPerRound": 1.0714285714285714,
      "finalAttackDice": 2,
      "finalSpirits": 7,
      "finalMaxBarrier": 5,
      "cycle": {
        "vpAfterRound": {
          "8": 10,
          "12": 14,
          "16": 18,
          "20": 22
        },
        "first15Round": 14,
        "first30Round": 28,
        "decisions": 153,
        "productiveDecisions": 153,
        "optionalYieldDecisions": 2,
        "locationInteractions": 27,
        "summons": 6,
        "awakens": 1,
        "combats": 5,
        "rewards": 3,
        "pvpAttacks": 0,
        "finalAttackDice": 2,
        "finalSpirits": 7,
        "finalMaxBarrier": 5,
        "post15VpPerRound": 1.0714285714285714
      }
    },
    {
      "seed": 957000058,
      "guardian": "Taron",
      "trueWin": false,
      "stalled": false,
      "finalVP": 6,
      "first30Round": null,
      "post15VpPerRound": 0,
      "finalAttackDice": 0,
      "finalSpirits": 7,
      "finalMaxBarrier": 4,
      "cycle": {
        "vpAfterRound": {
          "8": 6,
          "12": 6,
          "16": 6,
          "20": 6
        },
        "first15Round": null,
        "first30Round": null,
        "decisions": 154,
        "productiveDecisions": 154,
        "optionalYieldDecisions": 11,
        "locationInteractions": 30,
        "summons": 6,
        "awakens": 0,
        "combats": 3,
        "rewards": 2,
        "pvpAttacks": 0,
        "finalAttackDice": 0,
        "finalSpirits": 7,
        "finalMaxBarrier": 4,
        "post15VpPerRound": 0
      }
    },
    {
      "seed": 957000059,
      "guardian": "Void Avatar",
      "trueWin": false,
      "stalled": false,
      "finalVP": 6,
      "first30Round": null,
      "post15VpPerRound": 0,
      "finalAttackDice": 1,
      "finalSpirits": 7,
      "finalMaxBarrier": 4,
      "cycle": {
        "vpAfterRound": {
          "8": 6,
          "12": 6,
          "16": 6,
          "20": 6
        },
        "first15Round": null,
        "first30Round": null,
        "decisions": 154,
        "productiveDecisions": 154,
        "optionalYieldDecisions": 1,
        "locationInteractions": 30,
        "summons": 6,
        "awakens": 0,
        "combats": 4,
        "rewards": 2,
        "pvpAttacks": 0,
        "finalAttackDice": 1,
        "finalSpirits": 7,
        "finalMaxBarrier": 4,
        "post15VpPerRound": 0
      }
    },
    {
      "seed": 957000060,
      "guardian": "Bubblepop",
      "trueWin": false,
      "stalled": false,
      "finalVP": 25,
      "first30Round": null,
      "post15VpPerRound": 1.25,
      "finalAttackDice": 2,
      "finalSpirits": 7,
      "finalMaxBarrier": 4,
      "cycle": {
        "vpAfterRound": {
          "8": 3,
          "12": 6,
          "16": 10,
          "20": 14
        },
        "first15Round": 22,
        "first30Round": null,
        "decisions": 149,
        "productiveDecisions": 149,
        "optionalYieldDecisions": 2,
        "locationInteractions": 28,
        "summons": 6,
        "awakens": 2,
        "combats": 4,
        "rewards": 2,
        "pvpAttacks": 0,
        "finalAttackDice": 2,
        "finalSpirits": 7,
        "finalMaxBarrier": 4,
        "post15VpPerRound": 1.25
      }
    },
    {
      "seed": 957000061,
      "guardian": "Embers",
      "trueWin": true,
      "stalled": false,
      "finalVP": 30,
      "first30Round": 27,
      "post15VpPerRound": 1.0714285714285714,
      "finalAttackDice": 2,
      "finalSpirits": 7,
      "finalMaxBarrier": 6,
      "cycle": {
        "vpAfterRound": {
          "8": 11,
          "12": 15,
          "16": 19,
          "20": 23
        },
        "first15Round": 13,
        "first30Round": 27,
        "decisions": 154,
        "productiveDecisions": 154,
        "optionalYieldDecisions": 3,
        "locationInteractions": 27,
        "summons": 6,
        "awakens": 2,
        "combats": 5,
        "rewards": 3,
        "pvpAttacks": 0,
        "finalAttackDice": 2,
        "finalSpirits": 7,
        "finalMaxBarrier": 6,
        "post15VpPerRound": 1.0714285714285714
      }
    },
    {
      "seed": 957000062,
      "guardian": "Fjorn",
      "trueWin": false,
      "stalled": false,
      "finalVP": 8,
      "first30Round": null,
      "post15VpPerRound": 0,
      "finalAttackDice": 3,
      "finalSpirits": 7,
      "finalMaxBarrier": 5,
      "cycle": {
        "vpAfterRound": {
          "8": 8,
          "12": 8,
          "16": 8,
          "20": 8
        },
        "first15Round": null,
        "first30Round": null,
        "decisions": 159,
        "productiveDecisions": 159,
        "optionalYieldDecisions": 3,
        "locationInteractions": 30,
        "summons": 6,
        "awakens": 1,
        "combats": 5,
        "rewards": 3,
        "pvpAttacks": 0,
        "finalAttackDice": 3,
        "finalSpirits": 7,
        "finalMaxBarrier": 5,
        "post15VpPerRound": 0
      }
    },
    {
      "seed": 957000063,
      "guardian": "Human Avatar",
      "trueWin": false,
      "stalled": false,
      "finalVP": 6,
      "first30Round": null,
      "post15VpPerRound": 0,
      "finalAttackDice": 4,
      "finalSpirits": 7,
      "finalMaxBarrier": 4,
      "cycle": {
        "vpAfterRound": {
          "8": 6,
          "12": 6,
          "16": 6,
          "20": 6
        },
        "first15Round": null,
        "first30Round": null,
        "decisions": 135,
        "productiveDecisions": 135,
        "optionalYieldDecisions": 1,
        "locationInteractions": 30,
        "summons": 6,
        "awakens": 1,
        "combats": 3,
        "rewards": 2,
        "pvpAttacks": 0,
        "finalAttackDice": 4,
        "finalSpirits": 7,
        "finalMaxBarrier": 4,
        "post15VpPerRound": 0
      }
    }
  ]
}
