{
  "schemaVersion": "arc-v34-systems-stage-v1",
  "strengthUse": false,
  "outcomesLoaded": false,
  "arm": "rerank-p050",
  "stage": "binding-w1",
  "seed0": 957900000,
  "games": 64,
  "seedMax": 957900063,
  "workers": 1,
  "plannerMode": "critic-rerank",
  "strategicDecisions": 1878,
  "strategicSimulations": 0,
  "stalls": 0,
  "decisionWallMsP95": 29.616,
  "wallSeconds": 98.02950071200002,
  "gamesPerSecond": 0.6528646941498256,
  "optimisticProjected4096Seconds": null,
  "projected4096Seconds": 6273.888045568001,
  "inference": {
    "format": "arc-entity-scorer-v2",
    "obsDim": 3419,
    "actDim": 104,
    "weightsPath": "/data/share8/michaelvuaprilexperimentation/arc-bot/ml/experiments/v32-onpolicy-solo/shared-critic/checkpoint.pt",
    "weightsSha256": "aeb254c20367029696da1e6ca823b96187191140056d646a7c2d3d47ec4e567b",
    "wire": "binary"
  },
  "inputs": {
    "protocol": {
      "path": "ml/experiments/v34-latency-first-expert-iteration/protocol.json",
      "sha256": "af6feef48d896b2071657f5c55970dc01872c79d1d643cf2af161a29ce7fe548"
    },
    "benchmark": {
      "path": "/data/share8/michaelvuaprilexperimentation/arc-bot/ml/experiments/v34-latency-first-expert-iteration/artifacts/systems/stages/rerank-p050/binding-w1/attempt-1/benchmark.json",
      "sha256": "cf2df8038f87d395898fc97bdf30407097134b4be6cf263abc8e98616e2f98c2"
    },
    "progress": {
      "path": "/data/share8/michaelvuaprilexperimentation/arc-bot/ml/experiments/v34-latency-first-expert-iteration/artifacts/systems/stages/rerank-p050/binding-w1/attempt-1/progress.jsonl",
      "sha256": "aa73bdeecbc97c95a0faba4bf681d45c634d0a69cba8937d62d406ad3061720a"
    }
  },
  "eligible": true,
  "rejectionReason": null
}
