{
  "schemaVersion": "arc-v34-systems-stage-v1",
  "strengthUse": false,
  "outcomesLoaded": false,
  "arm": "heuristic-s4-h2",
  "stage": "throughput-w8",
  "seed0": 957900000,
  "games": 128,
  "seedMax": 957900127,
  "workers": 8,
  "plannerMode": "heuristic-batched",
  "strategicDecisions": 3944,
  "strategicSimulations": 15776,
  "stalls": 0,
  "decisionWallMsP95": 60.634,
  "wallSeconds": 52.237999772,
  "gamesPerSecond": 2.4503235299719317,
  "optimisticProjected4096Seconds": null,
  "projected4096Seconds": 1671.615992704,
  "inference": {
    "format": "arc-entity-scorer-v2",
    "obsDim": 3419,
    "actDim": 104,
    "weightsPath": "/data/share8/michaelvuaprilexperimentation/arc-bot/ml/experiments/v32-onpolicy-solo/shared-critic/checkpoint.pt",
    "weightsSha256": "aeb254c20367029696da1e6ca823b96187191140056d646a7c2d3d47ec4e567b",
    "wire": "binary"
  },
  "inputs": {
    "protocol": {
      "path": "ml/experiments/v34-latency-first-expert-iteration/protocol.json",
      "sha256": "af6feef48d896b2071657f5c55970dc01872c79d1d643cf2af161a29ce7fe548"
    },
    "benchmark": {
      "path": "/data/share8/michaelvuaprilexperimentation/arc-bot/ml/experiments/v34-latency-first-expert-iteration/artifacts/systems/stages/heuristic-s4-h2/throughput-w8/attempt-1/benchmark.json",
      "sha256": "89d108f857039c37698af06685a19bac1cd99f656839d123e2a38b8dd97f0934"
    },
    "progress": {
      "path": "/data/share8/michaelvuaprilexperimentation/arc-bot/ml/experiments/v34-latency-first-expert-iteration/artifacts/systems/stages/heuristic-s4-h2/throughput-w8/attempt-1/progress.jsonl",
      "sha256": "30504ccea7137cfd264435c8d2db834ede8db217376704ead07b74df3c7cb8e1"
    }
  },
  "eligible": true,
  "rejectionReason": null
}
