{
  "schemaVersion": "solo-heldout-v2",
  "sourceCommit": "ff2aa7cc4e69f0f7da530a0d0df418c26839314e",
  "weights": "ml/experiments/v32-onpolicy-solo/shared-critic/checkpoint.pt",
  "weightsSha256": "aeb254c20367029696da1e6ca823b96187191140056d646a7c2d3d47ec4e567b",
  "catalog": "ml/catalogs/live-20260713-5f4ad348.json",
  "catalogSha256": "5f4ad348f6c7add612c736df0f3e00b7d4c821758e0561049f2e550e798c6e2e",
  "inference": {
    "format": "arc-entity-scorer-v2",
    "obsDim": 3419,
    "actDim": 104,
    "weightsPath": "ml/experiments/v32-onpolicy-solo/shared-critic/checkpoint.pt",
    "weightsSha256": "aeb254c20367029696da1e6ca823b96187191140056d646a7c2d3d47ec4e567b",
    "wire": "binary"
  },
  "seed0": 957000000,
  "games": 64,
  "maxRounds": 30,
  "maxStatusLevel": 2,
  "decode": {
    "policyObsVersion": 2,
    "inferenceSocket": "/dev/shm/arc-v34-phase2/heuristic-s4-h2/attempt-1/infer.sock",
    "learnMonsterRewardChoices": false,
    "sample": true,
    "temperature": 0.55,
    "search": {
      "sims": 4,
      "objective": "solo-reach30",
      "horizonRounds": 2,
      "frac": 1,
      "valueWeight": 0.5,
      "rollout": "heuristic",
      "navTemperature": 0
    }
  },
  "trueWins": 23,
  "trueWinRate": 0.359375,
  "trueWinWilson95": {
    "lower": 0.25288402291451745,
    "upper": 0.48179149390220904
  },
  "namedWinRate": 1,
  "stalls": 0,
  "stallRate": 0,
  "reach15Rate": 0.65625,
  "nearMiss27To29Rate": 0.0625,
  "vp": {
    "mean": 21.578125,
    "p10": 10,
    "median": 24.5,
    "p90": 30,
    "min": 8,
    "max": 33
  },
  "vpBuckets": {
    "under15": 22,
    "from15To19": 4,
    "from20To24": 6,
    "from25To26": 5,
    "from27To29": 4,
    "atLeast30WithoutStall": 23,
    "stalledAtLeast30": 0
  },
  "guardianBreakdown": [
    {
      "guardian": "Prox",
      "games": 6,
      "trueWins": 1,
      "trueWinRate": 0.16666666666666666,
      "trueWinWilson95": {
        "lower": 0.030053369748306635,
        "upper": 0.5635028221864702
      },
      "meanVP": 14.666666666666666,
      "medianVP": 11.5
    },
    {
      "guardian": "Lumina",
      "games": 6,
      "trueWins": 1,
      "trueWinRate": 0.16666666666666666,
      "trueWinWilson95": {
        "lower": 0.030053369748306635,
        "upper": 0.5635028221864702
      },
      "meanVP": 15.666666666666666,
      "medianVP": 13
    },
    {
      "guardian": "Pixia",
      "games": 6,
      "trueWins": 1,
      "trueWinRate": 0.16666666666666666,
      "trueWinWilson95": {
        "lower": 0.030053369748306635,
        "upper": 0.5635028221864702
      },
      "meanVP": 16,
      "medianVP": 13
    },
    {
      "guardian": "Taron",
      "games": 6,
      "trueWins": 2,
      "trueWinRate": 0.3333333333333333,
      "trueWinWilson95": {
        "lower": 0.09677141110578041,
        "upper": 0.700006684861608
      },
      "meanVP": 22.333333333333332,
      "medianVP": 26.5
    },
    {
      "guardian": "Myrtle",
      "games": 6,
      "trueWins": 2,
      "trueWinRate": 0.3333333333333333,
      "trueWinWilson95": {
        "lower": 0.09677141110578041,
        "upper": 0.700006684861608
      },
      "meanVP": 24.166666666666668,
      "medianVP": 24.5
    },
    {
      "guardian": "Bubblepop",
      "games": 7,
      "trueWins": 3,
      "trueWinRate": 0.42857142857142855,
      "trueWinWilson95": {
        "lower": 0.15821985525146975,
        "upper": 0.7495416354723428
      },
      "meanVP": 19.571428571428573,
      "medianVP": 19
    },
    {
      "guardian": "Human Avatar",
      "games": 7,
      "trueWins": 3,
      "trueWinRate": 0.42857142857142855,
      "trueWinWilson95": {
        "lower": 0.15821985525146975,
        "upper": 0.7495416354723428
      },
      "meanVP": 23.857142857142858,
      "medianVP": 27
    },
    {
      "guardian": "Fjorn",
      "games": 7,
      "trueWins": 3,
      "trueWinRate": 0.42857142857142855,
      "trueWinWilson95": {
        "lower": 0.15821985525146975,
        "upper": 0.7495416354723428
      },
      "meanVP": 25.714285714285715,
      "medianVP": 29
    },
    {
      "guardian": "Embers",
      "games": 7,
      "trueWins": 3,
      "trueWinRate": 0.42857142857142855,
      "trueWinWilson95": {
        "lower": 0.15821985525146975,
        "upper": 0.7495416354723428
      },
      "meanVP": 26.571428571428573,
      "medianVP": 28
    },
    {
      "guardian": "Void Avatar",
      "games": 6,
      "trueWins": 4,
      "trueWinRate": 0.6666666666666666,
      "trueWinWilson95": {
        "lower": 0.299993315138392,
        "upper": 0.9032285888942195
      },
      "meanVP": 25.666666666666668,
      "medianVP": 30
    }
  ],
  "first30Round": {
    "mean": 26.869565217391305,
    "median": 27
  },
  "engine": {
    "meanPost15VpPerRound": 0.7772889436951935,
    "meanFinalAttackDice": 4.28125,
    "meanFinalSpirits": 6.890625,
    "meanFinalMaxBarrier": 7.5625
  },
  "performance": {
    "wallSeconds": 21.321461557,
    "gamesPerSecond": 3.001670398105908,
    "workers": 8,
    "gameWallMsP50": 2458.2,
    "gameWallMsP95": 2935.6499999999996,
    "search": {
      "mode": "heuristic-batched",
      "decisions": 1998,
      "simulations": 7992,
      "byPhase": {
        "navigation": 1998,
        "encounter": 0
      },
      "decisionWallMsP50": 35.885999999999996,
      "decisionWallMsP95": 41.711
    }
  },
  "perGame": [
    {
      "seed": 957000000,
      "guardian": "Bubblepop",
      "trueWin": false,
      "stalled": false,
      "finalVP": 10,
      "first30Round": null,
      "post15VpPerRound": 0,
      "finalAttackDice": 2,
      "finalSpirits": 7,
      "finalMaxBarrier": 6,
      "cycle": {
        "vpAfterRound": {
          "8": 8,
          "12": 10,
          "16": 10,
          "20": 10
        },
        "first15Round": null,
        "first30Round": null,
        "decisions": 165,
        "productiveDecisions": 163,
        "optionalYieldDecisions": 3,
        "locationInteractions": 43,
        "summons": 6,
        "awakens": 0,
        "combats": 7,
        "rewards": 4,
        "pvpAttacks": 0,
        "finalAttackDice": 2,
        "finalSpirits": 7,
        "finalMaxBarrier": 6,
        "post15VpPerRound": 0
      }
    },
    {
      "seed": 957000001,
      "guardian": "Embers",
      "trueWin": true,
      "stalled": false,
      "finalVP": 30,
      "first30Round": 27,
      "post15VpPerRound": 1.5,
      "finalAttackDice": 4,
      "finalSpirits": 7,
      "finalMaxBarrier": 10,
      "cycle": {
        "vpAfterRound": {
          "8": 6,
          "12": 10,
          "16": 15,
          "20": 19
        },
        "first15Round": 17,
        "first30Round": 27,
        "decisions": 177,
        "productiveDecisions": 171,
        "optionalYieldDecisions": 9,
        "locationInteractions": 40,
        "summons": 6,
        "awakens": 2,
        "combats": 10,
        "rewards": 6,
        "pvpAttacks": 0,
        "finalAttackDice": 4,
        "finalSpirits": 7,
        "finalMaxBarrier": 10,
        "post15VpPerRound": 1.5
      }
    },
    {
      "seed": 957000002,
      "guardian": "Fjorn",
      "trueWin": false,
      "stalled": false,
      "finalVP": 13,
      "first30Round": null,
      "post15VpPerRound": 0,
      "finalAttackDice": 10,
      "finalSpirits": 7,
      "finalMaxBarrier": 7,
      "cycle": {
        "vpAfterRound": {
          "8": 3,
          "12": 8,
          "16": 10,
          "20": 13
        },
        "first15Round": null,
        "first30Round": null,
        "decisions": 164,
        "productiveDecisions": 163,
        "optionalYieldDecisions": 3,
        "locationInteractions": 40,
        "summons": 6,
        "awakens": 0,
        "combats": 9,
        "rewards": 5,
        "pvpAttacks": 0,
        "finalAttackDice": 10,
        "finalSpirits": 7,
        "finalMaxBarrier": 7,
        "post15VpPerRound": 0
      }
    },
    {
      "seed": 957000003,
      "guardian": "Human Avatar",
      "trueWin": false,
      "stalled": false,
      "finalVP": 13,
      "first30Round": null,
      "post15VpPerRound": 0,
      "finalAttackDice": 3,
      "finalSpirits": 7,
      "finalMaxBarrier": 10,
      "cycle": {
        "vpAfterRound": {
          "8": 6,
          "12": 13,
          "16": 13,
          "20": 13
        },
        "first15Round": null,
        "first30Round": null,
        "decisions": 191,
        "productiveDecisions": 191,
        "optionalYieldDecisions": 7,
        "locationInteractions": 56,
        "summons": 6,
        "awakens": 2,
        "combats": 10,
        "rewards": 5,
        "pvpAttacks": 0,
        "finalAttackDice": 3,
        "finalSpirits": 7,
        "finalMaxBarrier": 10,
        "post15VpPerRound": 0
      }
    },
    {
      "seed": 957000004,
      "guardian": "Lumina",
      "trueWin": false,
      "stalled": false,
      "finalVP": 13,
      "first30Round": null,
      "post15VpPerRound": 0,
      "finalAttackDice": 8,
      "finalSpirits": 7,
      "finalMaxBarrier": 8,
      "cycle": {
        "vpAfterRound": {
          "8": 6,
          "12": 10,
          "16": 13,
          "20": 13
        },
        "first15Round": null,
        "first30Round": null,
        "decisions": 144,
        "productiveDecisions": 143,
        "optionalYieldDecisions": 5,
        "locationInteractions": 35,
        "summons": 6,
        "awakens": 1,
        "combats": 9,
        "rewards": 5,
        "pvpAttacks": 0,
        "finalAttackDice": 8,
        "finalSpirits": 7,
        "finalMaxBarrier": 8,
        "post15VpPerRound": 0
      }
    },
    {
      "seed": 957000005,
      "guardian": "Myrtle",
      "trueWin": false,
      "stalled": false,
      "finalVP": 23,
      "first30Round": null,
      "post15VpPerRound": 1.3333333333333333,
      "finalAttackDice": 3,
      "finalSpirits": 7,
      "finalMaxBarrier": 6,
      "cycle": {
        "vpAfterRound": {
          "8": 6,
          "12": 8,
          "16": 8,
          "20": 12
        },
        "first15Round": 24,
        "first30Round": null,
        "decisions": 140,
        "productiveDecisions": 139,
        "optionalYieldDecisions": 0,
        "locationInteractions": 31,
        "summons": 6,
        "awakens": 1,
        "combats": 5,
        "rewards": 3,
        "pvpAttacks": 0,
        "finalAttackDice": 3,
        "finalSpirits": 7,
        "finalMaxBarrier": 6,
        "post15VpPerRound": 1.3333333333333333
      }
    },
    {
      "seed": 957000006,
      "guardian": "Pixia",
      "trueWin": true,
      "stalled": false,
      "finalVP": 30,
      "first30Round": 24,
      "post15VpPerRound": 1.3636363636363635,
      "finalAttackDice": 4,
      "finalSpirits": 7,
      "finalMaxBarrier": 6,
      "cycle": {
        "vpAfterRound": {
          "8": 9,
          "12": 13,
          "16": 22,
          "20": 26
        },
        "first15Round": 13,
        "first30Round": 24,
        "decisions": 153,
        "productiveDecisions": 150,
        "optionalYieldDecisions": 0,
        "locationInteractions": 34,
        "summons": 6,
        "awakens": 1,
        "combats": 7,
        "rewards": 5,
        "pvpAttacks": 0,
        "finalAttackDice": 4,
        "finalSpirits": 7,
        "finalMaxBarrier": 6,
        "post15VpPerRound": 1.3636363636363635
      }
    },
    {
      "seed": 957000007,
      "guardian": "Prox",
      "trueWin": false,
      "stalled": false,
      "finalVP": 10,
      "first30Round": null,
      "post15VpPerRound": 0,
      "finalAttackDice": 3,
      "finalSpirits": 7,
      "finalMaxBarrier": 7,
      "cycle": {
        "vpAfterRound": {
          "8": 8,
          "12": 8,
          "16": 8,
          "20": 8
        },
        "first15Round": null,
        "first30Round": null,
        "decisions": 187,
        "productiveDecisions": 180,
        "optionalYieldDecisions": 7,
        "locationInteractions": 42,
        "summons": 12,
        "awakens": 2,
        "combats": 7,
        "rewards": 4,
        "pvpAttacks": 0,
        "finalAttackDice": 3,
        "finalSpirits": 7,
        "finalMaxBarrier": 7,
        "post15VpPerRound": 0
      }
    },
    {
      "seed": 957000008,
      "guardian": "Taron",
      "trueWin": false,
      "stalled": false,
      "finalVP": 25,
      "first30Round": null,
      "post15VpPerRound": 1.1111111111111112,
      "finalAttackDice": 4,
      "finalSpirits": 7,
      "finalMaxBarrier": 10,
      "cycle": {
        "vpAfterRound": {
          "8": 6,
          "12": 8,
          "16": 13,
          "20": 14
        },
        "first15Round": 21,
        "first30Round": null,
        "decisions": 182,
        "productiveDecisions": 179,
        "optionalYieldDecisions": 4,
        "locationInteractions": 41,
        "summons": 11,
        "awakens": 1,
        "combats": 7,
        "rewards": 5,
        "pvpAttacks": 0,
        "finalAttackDice": 4,
        "finalSpirits": 7,
        "finalMaxBarrier": 10,
        "post15VpPerRound": 1.1111111111111112
      }
    },
    {
      "seed": 957000009,
      "guardian": "Void Avatar",
      "trueWin": true,
      "stalled": false,
      "finalVP": 30,
      "first30Round": 26,
      "post15VpPerRound": 1.1538461538461537,
      "finalAttackDice": 5,
      "finalSpirits": 7,
      "finalMaxBarrier": 10,
      "cycle": {
        "vpAfterRound": {
          "8": 6,
          "12": 13,
          "16": 20,
          "20": 24
        },
        "first15Round": 13,
        "first30Round": 26,
        "decisions": 162,
        "productiveDecisions": 162,
        "optionalYieldDecisions": 6,
        "locationInteractions": 36,
        "summons": 6,
        "awakens": 2,
        "combats": 8,
        "rewards": 6,
        "pvpAttacks": 0,
        "finalAttackDice": 5,
        "finalSpirits": 7,
        "finalMaxBarrier": 10,
        "post15VpPerRound": 1.1538461538461537
      }
    },
    {
      "seed": 957000010,
      "guardian": "Bubblepop",
      "trueWin": true,
      "stalled": false,
      "finalVP": 30,
      "first30Round": 24,
      "post15VpPerRound": 1.3636363636363635,
      "finalAttackDice": 1,
      "finalSpirits": 7,
      "finalMaxBarrier": 5,
      "cycle": {
        "vpAfterRound": {
          "8": 10,
          "12": 14,
          "16": 20,
          "20": 26
        },
        "first15Round": 13,
        "first30Round": 24,
        "decisions": 169,
        "productiveDecisions": 163,
        "optionalYieldDecisions": 15,
        "locationInteractions": 34,
        "summons": 6,
        "awakens": 2,
        "combats": 6,
        "rewards": 4,
        "pvpAttacks": 0,
        "finalAttackDice": 1,
        "finalSpirits": 7,
        "finalMaxBarrier": 5,
        "post15VpPerRound": 1.3636363636363635
      }
    },
    {
      "seed": 957000011,
      "guardian": "Embers",
      "trueWin": false,
      "stalled": false,
      "finalVP": 28,
      "first30Round": null,
      "post15VpPerRound": 1.1818181818181819,
      "finalAttackDice": 2,
      "finalSpirits": 7,
      "finalMaxBarrier": 6,
      "cycle": {
        "vpAfterRound": {
          "8": 6,
          "12": 7,
          "16": 13,
          "20": 17
        },
        "first15Round": 19,
        "first30Round": null,
        "decisions": 192,
        "productiveDecisions": 188,
        "optionalYieldDecisions": 0,
        "locationInteractions": 46,
        "summons": 6,
        "awakens": 1,
        "combats": 8,
        "rewards": 3,
        "pvpAttacks": 0,
        "finalAttackDice": 2,
        "finalSpirits": 7,
        "finalMaxBarrier": 6,
        "post15VpPerRound": 1.1818181818181819
      }
    },
    {
      "seed": 957000012,
      "guardian": "Fjorn",
      "trueWin": false,
      "stalled": false,
      "finalVP": 23,
      "first30Round": null,
      "post15VpPerRound": 0.7272727272727273,
      "finalAttackDice": 8,
      "finalSpirits": 7,
      "finalMaxBarrier": 7,
      "cycle": {
        "vpAfterRound": {
          "8": 6,
          "12": 13,
          "16": 13,
          "20": 17
        },
        "first15Round": 19,
        "first30Round": null,
        "decisions": 166,
        "productiveDecisions": 162,
        "optionalYieldDecisions": 3,
        "locationInteractions": 43,
        "summons": 6,
        "awakens": 0,
        "combats": 9,
        "rewards": 7,
        "pvpAttacks": 0,
        "finalAttackDice": 8,
        "finalSpirits": 7,
        "finalMaxBarrier": 7,
        "post15VpPerRound": 0.7272727272727273
      }
    },
    {
      "seed": 957000013,
      "guardian": "Human Avatar",
      "trueWin": true,
      "stalled": false,
      "finalVP": 30,
      "first30Round": 27,
      "post15VpPerRound": 1.25,
      "finalAttackDice": 1,
      "finalSpirits": 7,
      "finalMaxBarrier": 8,
      "cycle": {
        "vpAfterRound": {
          "8": 6,
          "12": 10,
          "16": 19,
          "20": 23
        },
        "first15Round": 15,
        "first30Round": 27,
        "decisions": 174,
        "productiveDecisions": 172,
        "optionalYieldDecisions": 1,
        "locationInteractions": 41,
        "summons": 6,
        "awakens": 1,
        "combats": 7,
        "rewards": 5,
        "pvpAttacks": 0,
        "finalAttackDice": 1,
        "finalSpirits": 7,
        "finalMaxBarrier": 8,
        "post15VpPerRound": 1.25
      }
    },
    {
      "seed": 957000014,
      "guardian": "Lumina",
      "trueWin": false,
      "stalled": false,
      "finalVP": 13,
      "first30Round": null,
      "post15VpPerRound": 0,
      "finalAttackDice": 4,
      "finalSpirits": 7,
      "finalMaxBarrier": 7,
      "cycle": {
        "vpAfterRound": {
          "8": 8,
          "12": 13,
          "16": 13,
          "20": 13
        },
        "first15Round": null,
        "first30Round": null,
        "decisions": 128,
        "productiveDecisions": 128,
        "optionalYieldDecisions": 1,
        "locationInteractions": 33,
        "summons": 6,
        "awakens": 1,
        "combats": 8,
        "rewards": 5,
        "pvpAttacks": 0,
        "finalAttackDice": 4,
        "finalSpirits": 7,
        "finalMaxBarrier": 7,
        "post15VpPerRound": 0
      }
    },
    {
      "seed": 957000015,
      "guardian": "Myrtle",
      "trueWin": true,
      "stalled": false,
      "finalVP": 30,
      "first30Round": 28,
      "post15VpPerRound": 1.25,
      "finalAttackDice": 2,
      "finalSpirits": 7,
      "finalMaxBarrier": 7,
      "cycle": {
        "vpAfterRound": {
          "8": 3,
          "12": 12,
          "16": 16,
          "20": 22
        },
        "first15Round": 16,
        "first30Round": 28,
        "decisions": 151,
        "productiveDecisions": 149,
        "optionalYieldDecisions": 1,
        "locationInteractions": 33,
        "summons": 6,
        "awakens": 1,
        "combats": 7,
        "rewards": 5,
        "pvpAttacks": 0,
        "finalAttackDice": 2,
        "finalSpirits": 7,
        "finalMaxBarrier": 7,
        "post15VpPerRound": 1.25
      }
    },
    {
      "seed": 957000016,
      "guardian": "Pixia",
      "trueWin": false,
      "stalled": false,
      "finalVP": 10,
      "first30Round": null,
      "post15VpPerRound": 0,
      "finalAttackDice": 4,
      "finalSpirits": 7,
      "finalMaxBarrier": 6,
      "cycle": {
        "vpAfterRound": {
          "8": 8,
          "12": 8,
          "16": 8,
          "20": 8
        },
        "first15Round": null,
        "first30Round": null,
        "decisions": 177,
        "productiveDecisions": 173,
        "optionalYieldDecisions": 9,
        "locationInteractions": 41,
        "summons": 11,
        "awakens": 0,
        "combats": 8,
        "rewards": 4,
        "pvpAttacks": 0,
        "finalAttackDice": 4,
        "finalSpirits": 7,
        "finalMaxBarrier": 6,
        "post15VpPerRound": 0
      }
    },
    {
      "seed": 957000017,
      "guardian": "Prox",
      "trueWin": false,
      "stalled": false,
      "finalVP": 10,
      "first30Round": null,
      "post15VpPerRound": 0,
      "finalAttackDice": 5,
      "finalSpirits": 7,
      "finalMaxBarrier": 7,
      "cycle": {
        "vpAfterRound": {
          "8": 8,
          "12": 8,
          "16": 8,
          "20": 8
        },
        "first15Round": null,
        "first30Round": null,
        "decisions": 179,
        "productiveDecisions": 176,
        "optionalYieldDecisions": 14,
        "locationInteractions": 39,
        "summons": 12,
        "awakens": 0,
        "combats": 5,
        "rewards": 4,
        "pvpAttacks": 0,
        "finalAttackDice": 5,
        "finalSpirits": 7,
        "finalMaxBarrier": 7,
        "post15VpPerRound": 0
      }
    },
    {
      "seed": 957000018,
      "guardian": "Taron",
      "trueWin": false,
      "stalled": false,
      "finalVP": 10,
      "first30Round": null,
      "post15VpPerRound": 0,
      "finalAttackDice": 10,
      "finalSpirits": 7,
      "finalMaxBarrier": 7,
      "cycle": {
        "vpAfterRound": {
          "8": 10,
          "12": 10,
          "16": 10,
          "20": 10
        },
        "first15Round": null,
        "first30Round": null,
        "decisions": 170,
        "productiveDecisions": 165,
        "optionalYieldDecisions": 9,
        "locationInteractions": 38,
        "summons": 12,
        "awakens": 1,
        "combats": 5,
        "rewards": 4,
        "pvpAttacks": 0,
        "finalAttackDice": 10,
        "finalSpirits": 7,
        "finalMaxBarrier": 7,
        "post15VpPerRound": 0
      }
    },
    {
      "seed": 957000019,
      "guardian": "Void Avatar",
      "trueWin": true,
      "stalled": false,
      "finalVP": 30,
      "first30Round": 24,
      "post15VpPerRound": 1.6666666666666667,
      "finalAttackDice": 6,
      "finalSpirits": 7,
      "finalMaxBarrier": 10,
      "cycle": {
        "vpAfterRound": {
          "8": 6,
          "12": 12,
          "16": 19,
          "20": 24
        },
        "first15Round": 15,
        "first30Round": 24,
        "decisions": 150,
        "productiveDecisions": 148,
        "optionalYieldDecisions": 0,
        "locationInteractions": 31,
        "summons": 6,
        "awakens": 1,
        "combats": 10,
        "rewards": 5,
        "pvpAttacks": 0,
        "finalAttackDice": 6,
        "finalSpirits": 7,
        "finalMaxBarrier": 10,
        "post15VpPerRound": 1.6666666666666667
      }
    },
    {
      "seed": 957000020,
      "guardian": "Bubblepop",
      "trueWin": true,
      "stalled": false,
      "finalVP": 32,
      "first30Round": 30,
      "post15VpPerRound": 1.2142857142857142,
      "finalAttackDice": 2,
      "finalSpirits": 7,
      "finalMaxBarrier": 8,
      "cycle": {
        "vpAfterRound": {
          "8": 8,
          "12": 12,
          "16": 16,
          "20": 20
        },
        "first15Round": 16,
        "first30Round": 30,
        "decisions": 189,
        "productiveDecisions": 189,
        "optionalYieldDecisions": 2,
        "locationInteractions": 44,
        "summons": 6,
        "awakens": 1,
        "combats": 6,
        "rewards": 4,
        "pvpAttacks": 0,
        "finalAttackDice": 2,
        "finalSpirits": 7,
        "finalMaxBarrier": 8,
        "post15VpPerRound": 1.2142857142857142
      }
    },
    {
      "seed": 957000021,
      "guardian": "Embers",
      "trueWin": true,
      "stalled": false,
      "finalVP": 31,
      "first30Round": 24,
      "post15VpPerRound": 1.2307692307692308,
      "finalAttackDice": 5,
      "finalSpirits": 7,
      "finalMaxBarrier": 10,
      "cycle": {
        "vpAfterRound": {
          "8": 6,
          "12": 16,
          "16": 20,
          "20": 26
        },
        "first15Round": 11,
        "first30Round": 24,
        "decisions": 175,
        "productiveDecisions": 171,
        "optionalYieldDecisions": 4,
        "locationInteractions": 38,
        "summons": 6,
        "awakens": 1,
        "combats": 10,
        "rewards": 8,
        "pvpAttacks": 0,
        "finalAttackDice": 5,
        "finalSpirits": 7,
        "finalMaxBarrier": 10,
        "post15VpPerRound": 1.2307692307692308
      }
    },
    {
      "seed": 957000022,
      "guardian": "Fjorn",
      "trueWin": true,
      "stalled": false,
      "finalVP": 30,
      "first30Round": 28,
      "post15VpPerRound": 1.1538461538461537,
      "finalAttackDice": 3,
      "finalSpirits": 7,
      "finalMaxBarrier": 7,
      "cycle": {
        "vpAfterRound": {
          "8": 8,
          "12": 12,
          "16": 18,
          "20": 22
        },
        "first15Round": 15,
        "first30Round": 28,
        "decisions": 168,
        "productiveDecisions": 165,
        "optionalYieldDecisions": 2,
        "locationInteractions": 36,
        "summons": 6,
        "awakens": 1,
        "combats": 5,
        "rewards": 4,
        "pvpAttacks": 0,
        "finalAttackDice": 3,
        "finalSpirits": 7,
        "finalMaxBarrier": 7,
        "post15VpPerRound": 1.1538461538461537
      }
    },
    {
      "seed": 957000023,
      "guardian": "Human Avatar",
      "trueWin": false,
      "stalled": false,
      "finalVP": 24,
      "first30Round": null,
      "post15VpPerRound": 0.5625,
      "finalAttackDice": 10,
      "finalSpirits": 7,
      "finalMaxBarrier": 10,
      "cycle": {
        "vpAfterRound": {
          "8": 8,
          "12": 12,
          "16": 20,
          "20": 20
        },
        "first15Round": 14,
        "first30Round": null,
        "decisions": 194,
        "productiveDecisions": 191,
        "optionalYieldDecisions": 7,
        "locationInteractions": 43,
        "summons": 6,
        "awakens": 2,
        "combats": 11,
        "rewards": 6,
        "pvpAttacks": 0,
        "finalAttackDice": 10,
        "finalSpirits": 7,
        "finalMaxBarrier": 10,
        "post15VpPerRound": 0.5625
      }
    },
    {
      "seed": 957000024,
      "guardian": "Lumina",
      "trueWin": false,
      "stalled": false,
      "finalVP": 13,
      "first30Round": null,
      "post15VpPerRound": 0,
      "finalAttackDice": 3,
      "finalSpirits": 7,
      "finalMaxBarrier": 6,
      "cycle": {
        "vpAfterRound": {
          "8": 0,
          "12": 3,
          "16": 10,
          "20": 13
        },
        "first15Round": null,
        "first30Round": null,
        "decisions": 174,
        "productiveDecisions": 170,
        "optionalYieldDecisions": 4,
        "locationInteractions": 42,
        "summons": 6,
        "awakens": 1,
        "combats": 8,
        "rewards": 5,
        "pvpAttacks": 0,
        "finalAttackDice": 3,
        "finalSpirits": 7,
        "finalMaxBarrier": 6,
        "post15VpPerRound": 0
      }
    },
    {
      "seed": 957000025,
      "guardian": "Myrtle",
      "trueWin": false,
      "stalled": false,
      "finalVP": 26,
      "first30Round": null,
      "post15VpPerRound": 0.6111111111111112,
      "finalAttackDice": 6,
      "finalSpirits": 7,
      "finalMaxBarrier": 10,
      "cycle": {
        "vpAfterRound": {
          "8": 9,
          "12": 16,
          "16": 19,
          "20": 21
        },
        "first15Round": 12,
        "first30Round": null,
        "decisions": 163,
        "productiveDecisions": 162,
        "optionalYieldDecisions": 1,
        "locationInteractions": 34,
        "summons": 8,
        "awakens": 2,
        "combats": 10,
        "rewards": 6,
        "pvpAttacks": 0,
        "finalAttackDice": 6,
        "finalSpirits": 7,
        "finalMaxBarrier": 10,
        "post15VpPerRound": 0.6111111111111112
      }
    },
    {
      "seed": 957000026,
      "guardian": "Pixia",
      "trueWin": false,
      "stalled": false,
      "finalVP": 24,
      "first30Round": null,
      "post15VpPerRound": 1.2857142857142858,
      "finalAttackDice": 6,
      "finalSpirits": 7,
      "finalMaxBarrier": 10,
      "cycle": {
        "vpAfterRound": {
          "8": 6,
          "12": 8,
          "16": 8,
          "20": 11
        },
        "first15Round": 23,
        "first30Round": null,
        "decisions": 175,
        "productiveDecisions": 175,
        "optionalYieldDecisions": 3,
        "locationInteractions": 41,
        "summons": 6,
        "awakens": 2,
        "combats": 10,
        "rewards": 3,
        "pvpAttacks": 0,
        "finalAttackDice": 6,
        "finalSpirits": 7,
        "finalMaxBarrier": 10,
        "post15VpPerRound": 1.2857142857142858
      }
    },
    {
      "seed": 957000027,
      "guardian": "Prox",
      "trueWin": false,
      "stalled": false,
      "finalVP": 13,
      "first30Round": null,
      "post15VpPerRound": 0,
      "finalAttackDice": 7,
      "finalSpirits": 7,
      "finalMaxBarrier": 8,
      "cycle": {
        "vpAfterRound": {
          "8": 8,
          "12": 10,
          "16": 10,
          "20": 10
        },
        "first15Round": null,
        "first30Round": null,
        "decisions": 179,
        "productiveDecisions": 177,
        "optionalYieldDecisions": 3,
        "locationInteractions": 46,
        "summons": 7,
        "awakens": 0,
        "combats": 10,
        "rewards": 5,
        "pvpAttacks": 0,
        "finalAttackDice": 7,
        "finalSpirits": 7,
        "finalMaxBarrier": 8,
        "post15VpPerRound": 0
      }
    },
    {
      "seed": 957000028,
      "guardian": "Taron",
      "trueWin": false,
      "stalled": false,
      "finalVP": 11,
      "first30Round": null,
      "post15VpPerRound": 0,
      "finalAttackDice": 2,
      "finalSpirits": 7,
      "finalMaxBarrier": 4,
      "cycle": {
        "vpAfterRound": {
          "8": 6,
          "12": 6,
          "16": 6,
          "20": 9
        },
        "first15Round": null,
        "first30Round": null,
        "decisions": 123,
        "productiveDecisions": 119,
        "optionalYieldDecisions": 5,
        "locationInteractions": 30,
        "summons": 6,
        "awakens": 1,
        "combats": 4,
        "rewards": 4,
        "pvpAttacks": 0,
        "finalAttackDice": 2,
        "finalSpirits": 7,
        "finalMaxBarrier": 4,
        "post15VpPerRound": 0
      }
    },
    {
      "seed": 957000029,
      "guardian": "Void Avatar",
      "trueWin": true,
      "stalled": false,
      "finalVP": 30,
      "first30Round": 29,
      "post15VpPerRound": 1.1538461538461537,
      "finalAttackDice": 2,
      "finalSpirits": 7,
      "finalMaxBarrier": 10,
      "cycle": {
        "vpAfterRound": {
          "8": 11,
          "12": 11,
          "16": 15,
          "20": 19
        },
        "first15Round": 16,
        "first30Round": 29,
        "decisions": 189,
        "productiveDecisions": 189,
        "optionalYieldDecisions": 6,
        "locationInteractions": 40,
        "summons": 7,
        "awakens": 1,
        "combats": 9,
        "rewards": 5,
        "pvpAttacks": 0,
        "finalAttackDice": 2,
        "finalSpirits": 7,
        "finalMaxBarrier": 10,
        "post15VpPerRound": 1.1538461538461537
      }
    },
    {
      "seed": 957000030,
      "guardian": "Bubblepop",
      "trueWin": false,
      "stalled": false,
      "finalVP": 8,
      "first30Round": null,
      "post15VpPerRound": 0,
      "finalAttackDice": 3,
      "finalSpirits": 6,
      "finalMaxBarrier": 5,
      "cycle": {
        "vpAfterRound": {
          "8": 8,
          "12": 8,
          "16": 8,
          "20": 8
        },
        "first15Round": null,
        "first30Round": null,
        "decisions": 137,
        "productiveDecisions": 137,
        "optionalYieldDecisions": 4,
        "locationInteractions": 36,
        "summons": 5,
        "awakens": 1,
        "combats": 6,
        "rewards": 3,
        "pvpAttacks": 0,
        "finalAttackDice": 3,
        "finalSpirits": 6,
        "finalMaxBarrier": 5,
        "post15VpPerRound": 0
      }
    },
    {
      "seed": 957000031,
      "guardian": "Embers",
      "trueWin": false,
      "stalled": false,
      "finalVP": 13,
      "first30Round": null,
      "post15VpPerRound": 0,
      "finalAttackDice": 7,
      "finalSpirits": 5,
      "finalMaxBarrier": 10,
      "cycle": {
        "vpAfterRound": {
          "8": 3,
          "12": 3,
          "16": 8,
          "20": 10
        },
        "first15Round": null,
        "first30Round": null,
        "decisions": 186,
        "productiveDecisions": 180,
        "optionalYieldDecisions": 2,
        "locationInteractions": 44,
        "summons": 12,
        "awakens": 3,
        "combats": 13,
        "rewards": 5,
        "pvpAttacks": 0,
        "finalAttackDice": 7,
        "finalSpirits": 5,
        "finalMaxBarrier": 10,
        "post15VpPerRound": 0
      }
    },
    {
      "seed": 957000032,
      "guardian": "Fjorn",
      "trueWin": false,
      "stalled": false,
      "finalVP": 25,
      "first30Round": null,
      "post15VpPerRound": 1.1111111111111112,
      "finalAttackDice": 4,
      "finalSpirits": 7,
      "finalMaxBarrier": 10,
      "cycle": {
        "vpAfterRound": {
          "8": 3,
          "12": 8,
          "16": 8,
          "20": 14
        },
        "first15Round": 21,
        "first30Round": null,
        "decisions": 182,
        "productiveDecisions": 181,
        "optionalYieldDecisions": 8,
        "locationInteractions": 46,
        "summons": 6,
        "awakens": 2,
        "combats": 11,
        "rewards": 4,
        "pvpAttacks": 0,
        "finalAttackDice": 4,
        "finalSpirits": 7,
        "finalMaxBarrier": 10,
        "post15VpPerRound": 1.1111111111111112
      }
    },
    {
      "seed": 957000033,
      "guardian": "Human Avatar",
      "trueWin": false,
      "stalled": false,
      "finalVP": 27,
      "first30Round": null,
      "post15VpPerRound": 1.5,
      "finalAttackDice": 5,
      "finalSpirits": 7,
      "finalMaxBarrier": 10,
      "cycle": {
        "vpAfterRound": {
          "8": 6,
          "12": 10,
          "16": 10,
          "20": 13
        },
        "first15Round": 22,
        "first30Round": null,
        "decisions": 188,
        "productiveDecisions": 183,
        "optionalYieldDecisions": 12,
        "locationInteractions": 38,
        "summons": 12,
        "awakens": 3,
        "combats": 7,
        "rewards": 5,
        "pvpAttacks": 0,
        "finalAttackDice": 5,
        "finalSpirits": 7,
        "finalMaxBarrier": 10,
        "post15VpPerRound": 1.5
      }
    },
    {
      "seed": 957000034,
      "guardian": "Lumina",
      "trueWin": false,
      "stalled": false,
      "finalVP": 8,
      "first30Round": null,
      "post15VpPerRound": 0,
      "finalAttackDice": 4,
      "finalSpirits": 7,
      "finalMaxBarrier": 4,
      "cycle": {
        "vpAfterRound": {
          "8": 6,
          "12": 8,
          "16": 8,
          "20": 8
        },
        "first15Round": null,
        "first30Round": null,
        "decisions": 186,
        "productiveDecisions": 184,
        "optionalYieldDecisions": 6,
        "locationInteractions": 50,
        "summons": 7,
        "awakens": 1,
        "combats": 3,
        "rewards": 3,
        "pvpAttacks": 0,
        "finalAttackDice": 4,
        "finalSpirits": 7,
        "finalMaxBarrier": 4,
        "post15VpPerRound": 0
      }
    },
    {
      "seed": 957000035,
      "guardian": "Myrtle",
      "trueWin": true,
      "stalled": false,
      "finalVP": 30,
      "first30Round": 30,
      "post15VpPerRound": 1.1538461538461537,
      "finalAttackDice": 1,
      "finalSpirits": 7,
      "finalMaxBarrier": 6,
      "cycle": {
        "vpAfterRound": {
          "8": 6,
          "12": 9,
          "16": 15,
          "20": 19
        },
        "first15Round": 17,
        "first30Round": 30,
        "decisions": 200,
        "productiveDecisions": 196,
        "optionalYieldDecisions": 8,
        "locationInteractions": 45,
        "summons": 6,
        "awakens": 1,
        "combats": 7,
        "rewards": 4,
        "pvpAttacks": 0,
        "finalAttackDice": 1,
        "finalSpirits": 7,
        "finalMaxBarrier": 6,
        "post15VpPerRound": 1.1538461538461537
      }
    },
    {
      "seed": 957000036,
      "guardian": "Pixia",
      "trueWin": false,
      "stalled": false,
      "finalVP": 8,
      "first30Round": null,
      "post15VpPerRound": 0,
      "finalAttackDice": 4,
      "finalSpirits": 7,
      "finalMaxBarrier": 4,
      "cycle": {
        "vpAfterRound": {
          "8": 6,
          "12": 8,
          "16": 8,
          "20": 8
        },
        "first15Round": null,
        "first30Round": null,
        "decisions": 132,
        "productiveDecisions": 124,
        "optionalYieldDecisions": 1,
        "locationInteractions": 32,
        "summons": 6,
        "awakens": 0,
        "combats": 3,
        "rewards": 3,
        "pvpAttacks": 0,
        "finalAttackDice": 4,
        "finalSpirits": 7,
        "finalMaxBarrier": 4,
        "post15VpPerRound": 0
      }
    },
    {
      "seed": 957000037,
      "guardian": "Prox",
      "trueWin": true,
      "stalled": false,
      "finalVP": 30,
      "first30Round": 30,
      "post15VpPerRound": 1.0714285714285714,
      "finalAttackDice": 4,
      "finalSpirits": 7,
      "finalMaxBarrier": 8,
      "cycle": {
        "vpAfterRound": {
          "8": 8,
          "12": 10,
          "16": 16,
          "20": 20
        },
        "first15Round": 16,
        "first30Round": 30,
        "decisions": 189,
        "productiveDecisions": 189,
        "optionalYieldDecisions": 8,
        "locationInteractions": 45,
        "summons": 6,
        "awakens": 1,
        "combats": 8,
        "rewards": 4,
        "pvpAttacks": 0,
        "finalAttackDice": 4,
        "finalSpirits": 7,
        "finalMaxBarrier": 8,
        "post15VpPerRound": 1.0714285714285714
      }
    },
    {
      "seed": 957000038,
      "guardian": "Taron",
      "trueWin": false,
      "stalled": false,
      "finalVP": 28,
      "first30Round": null,
      "post15VpPerRound": 1.1818181818181819,
      "finalAttackDice": 3,
      "finalSpirits": 7,
      "finalMaxBarrier": 10,
      "cycle": {
        "vpAfterRound": {
          "8": 6,
          "12": 9,
          "16": 13,
          "20": 17
        },
        "first15Round": 19,
        "first30Round": null,
        "decisions": 176,
        "productiveDecisions": 169,
        "optionalYieldDecisions": 5,
        "locationInteractions": 38,
        "summons": 6,
        "awakens": 1,
        "combats": 8,
        "rewards": 3,
        "pvpAttacks": 0,
        "finalAttackDice": 3,
        "finalSpirits": 7,
        "finalMaxBarrier": 10,
        "post15VpPerRound": 1.1818181818181819
      }
    },
    {
      "seed": 957000039,
      "guardian": "Void Avatar",
      "trueWin": false,
      "stalled": false,
      "finalVP": 10,
      "first30Round": null,
      "post15VpPerRound": 0,
      "finalAttackDice": 2,
      "finalSpirits": 7,
      "finalMaxBarrier": 5,
      "cycle": {
        "vpAfterRound": {
          "8": 8,
          "12": 8,
          "16": 8,
          "20": 8
        },
        "first15Round": null,
        "first30Round": null,
        "decisions": 166,
        "productiveDecisions": 164,
        "optionalYieldDecisions": 4,
        "locationInteractions": 44,
        "summons": 6,
        "awakens": 0,
        "combats": 8,
        "rewards": 4,
        "pvpAttacks": 0,
        "finalAttackDice": 2,
        "finalSpirits": 7,
        "finalMaxBarrier": 5,
        "post15VpPerRound": 0
      }
    },
    {
      "seed": 957000040,
      "guardian": "Bubblepop",
      "trueWin": false,
      "stalled": false,
      "finalVP": 19,
      "first30Round": null,
      "post15VpPerRound": 2,
      "finalAttackDice": 2,
      "finalSpirits": 7,
      "finalMaxBarrier": 9,
      "cycle": {
        "vpAfterRound": {
          "8": 6,
          "12": 8,
          "16": 8,
          "20": 8
        },
        "first15Round": 28,
        "first30Round": null,
        "decisions": 155,
        "productiveDecisions": 154,
        "optionalYieldDecisions": 1,
        "locationInteractions": 39,
        "summons": 6,
        "awakens": 1,
        "combats": 8,
        "rewards": 3,
        "pvpAttacks": 0,
        "finalAttackDice": 2,
        "finalSpirits": 7,
        "finalMaxBarrier": 9,
        "post15VpPerRound": 2
      }
    },
    {
      "seed": 957000041,
      "guardian": "Embers",
      "trueWin": false,
      "stalled": false,
      "finalVP": 26,
      "first30Round": null,
      "post15VpPerRound": 1.375,
      "finalAttackDice": 6,
      "finalSpirits": 7,
      "finalMaxBarrier": 10,
      "cycle": {
        "vpAfterRound": {
          "8": 3,
          "12": 3,
          "16": 6,
          "20": 12
        },
        "first15Round": 22,
        "first30Round": null,
        "decisions": 185,
        "productiveDecisions": 183,
        "optionalYieldDecisions": 4,
        "locationInteractions": 42,
        "summons": 6,
        "awakens": 1,
        "combats": 12,
        "rewards": 5,
        "pvpAttacks": 0,
        "finalAttackDice": 6,
        "finalSpirits": 7,
        "finalMaxBarrier": 10,
        "post15VpPerRound": 1.375
      }
    },
    {
      "seed": 957000042,
      "guardian": "Fjorn",
      "trueWin": true,
      "stalled": false,
      "finalVP": 30,
      "first30Round": 27,
      "post15VpPerRound": 1.3636363636363635,
      "finalAttackDice": 5,
      "finalSpirits": 7,
      "finalMaxBarrier": 10,
      "cycle": {
        "vpAfterRound": {
          "8": 8,
          "12": 10,
          "16": 15,
          "20": 23
        },
        "first15Round": 16,
        "first30Round": 27,
        "decisions": 176,
        "productiveDecisions": 175,
        "optionalYieldDecisions": 2,
        "locationInteractions": 44,
        "summons": 6,
        "awakens": 2,
        "combats": 10,
        "rewards": 6,
        "pvpAttacks": 0,
        "finalAttackDice": 5,
        "finalSpirits": 7,
        "finalMaxBarrier": 10,
        "post15VpPerRound": 1.3636363636363635
      }
    },
    {
      "seed": 957000043,
      "guardian": "Human Avatar",
      "trueWin": true,
      "stalled": false,
      "finalVP": 30,
      "first30Round": 24,
      "post15VpPerRound": 1.25,
      "finalAttackDice": 3,
      "finalSpirits": 7,
      "finalMaxBarrier": 7,
      "cycle": {
        "vpAfterRound": {
          "8": 11,
          "12": 15,
          "16": 19,
          "20": 26
        },
        "first15Round": 12,
        "first30Round": 24,
        "decisions": 166,
        "productiveDecisions": 162,
        "optionalYieldDecisions": 3,
        "locationInteractions": 38,
        "summons": 6,
        "awakens": 1,
        "combats": 7,
        "rewards": 6,
        "pvpAttacks": 0,
        "finalAttackDice": 3,
        "finalSpirits": 7,
        "finalMaxBarrier": 7,
        "post15VpPerRound": 1.25
      }
    },
    {
      "seed": 957000044,
      "guardian": "Lumina",
      "trueWin": false,
      "stalled": false,
      "finalVP": 17,
      "first30Round": null,
      "post15VpPerRound": 0.15384615384615385,
      "finalAttackDice": 4,
      "finalSpirits": 6,
      "finalMaxBarrier": 8,
      "cycle": {
        "vpAfterRound": {
          "8": 8,
          "12": 10,
          "16": 13,
          "20": 17
        },
        "first15Round": 17,
        "first30Round": null,
        "decisions": 186,
        "productiveDecisions": 182,
        "optionalYieldDecisions": 6,
        "locationInteractions": 47,
        "summons": 11,
        "awakens": 2,
        "combats": 8,
        "rewards": 6,
        "pvpAttacks": 0,
        "finalAttackDice": 4,
        "finalSpirits": 6,
        "finalMaxBarrier": 8,
        "post15VpPerRound": 0.15384615384615385
      }
    },
    {
      "seed": 957000045,
      "guardian": "Myrtle",
      "trueWin": false,
      "stalled": false,
      "finalVP": 23,
      "first30Round": null,
      "post15VpPerRound": 1.6,
      "finalAttackDice": 6,
      "finalSpirits": 6,
      "finalMaxBarrier": 10,
      "cycle": {
        "vpAfterRound": {
          "8": 8,
          "12": 8,
          "16": 8,
          "20": 13
        },
        "first15Round": 25,
        "first30Round": null,
        "decisions": 196,
        "productiveDecisions": 194,
        "optionalYieldDecisions": 4,
        "locationInteractions": 44,
        "summons": 11,
        "awakens": 2,
        "combats": 10,
        "rewards": 5,
        "pvpAttacks": 0,
        "finalAttackDice": 6,
        "finalSpirits": 6,
        "finalMaxBarrier": 10,
        "post15VpPerRound": 1.6
      }
    },
    {
      "seed": 957000046,
      "guardian": "Pixia",
      "trueWin": false,
      "stalled": false,
      "finalVP": 16,
      "first30Round": null,
      "post15VpPerRound": 0.0625,
      "finalAttackDice": 0,
      "finalSpirits": 7,
      "finalMaxBarrier": 5,
      "cycle": {
        "vpAfterRound": {
          "8": 14,
          "12": 14,
          "16": 16,
          "20": 16
        },
        "first15Round": 14,
        "first30Round": null,
        "decisions": 197,
        "productiveDecisions": 179,
        "optionalYieldDecisions": 7,
        "locationInteractions": 49,
        "summons": 6,
        "awakens": 1,
        "combats": 8,
        "rewards": 6,
        "pvpAttacks": 0,
        "finalAttackDice": 0,
        "finalSpirits": 7,
        "finalMaxBarrier": 5,
        "post15VpPerRound": 0.0625
      }
    },
    {
      "seed": 957000047,
      "guardian": "Prox",
      "trueWin": false,
      "stalled": false,
      "finalVP": 8,
      "first30Round": null,
      "post15VpPerRound": 0,
      "finalAttackDice": 3,
      "finalSpirits": 7,
      "finalMaxBarrier": 4,
      "cycle": {
        "vpAfterRound": {
          "8": 3,
          "12": 3,
          "16": 8,
          "20": 8
        },
        "first15Round": null,
        "first30Round": null,
        "decisions": 134,
        "productiveDecisions": 130,
        "optionalYieldDecisions": 8,
        "locationInteractions": 36,
        "summons": 6,
        "awakens": 1,
        "combats": 4,
        "rewards": 3,
        "pvpAttacks": 0,
        "finalAttackDice": 3,
        "finalSpirits": 7,
        "finalMaxBarrier": 4,
        "post15VpPerRound": 0
      }
    },
    {
      "seed": 957000048,
      "guardian": "Taron",
      "trueWin": true,
      "stalled": false,
      "finalVP": 30,
      "first30Round": 29,
      "post15VpPerRound": 1.3636363636363635,
      "finalAttackDice": 4,
      "finalSpirits": 7,
      "finalMaxBarrier": 6,
      "cycle": {
        "vpAfterRound": {
          "8": 6,
          "12": 8,
          "16": 12,
          "20": 18
        },
        "first15Round": 18,
        "first30Round": 29,
        "decisions": 207,
        "productiveDecisions": 206,
        "optionalYieldDecisions": 8,
        "locationInteractions": 45,
        "summons": 7,
        "awakens": 1,
        "combats": 8,
        "rewards": 5,
        "pvpAttacks": 0,
        "finalAttackDice": 4,
        "finalSpirits": 7,
        "finalMaxBarrier": 6,
        "post15VpPerRound": 1.3636363636363635
      }
    },
    {
      "seed": 957000049,
      "guardian": "Void Avatar",
      "trueWin": false,
      "stalled": false,
      "finalVP": 24,
      "first30Round": null,
      "post15VpPerRound": 0.6923076923076923,
      "finalAttackDice": 7,
      "finalSpirits": 7,
      "finalMaxBarrier": 10,
      "cycle": {
        "vpAfterRound": {
          "8": 8,
          "12": 8,
          "16": 12,
          "20": 17
        },
        "first15Round": 17,
        "first30Round": null,
        "decisions": 197,
        "productiveDecisions": 196,
        "optionalYieldDecisions": 4,
        "locationInteractions": 66,
        "summons": 6,
        "awakens": 1,
        "combats": 8,
        "rewards": 5,
        "pvpAttacks": 0,
        "finalAttackDice": 7,
        "finalSpirits": 7,
        "finalMaxBarrier": 10,
        "post15VpPerRound": 0.6923076923076923
      }
    },
    {
      "seed": 957000050,
      "guardian": "Bubblepop",
      "trueWin": false,
      "stalled": false,
      "finalVP": 8,
      "first30Round": null,
      "post15VpPerRound": 0,
      "finalAttackDice": 3,
      "finalSpirits": 7,
      "finalMaxBarrier": 5,
      "cycle": {
        "vpAfterRound": {
          "8": 8,
          "12": 8,
          "16": 8,
          "20": 8
        },
        "first15Round": null,
        "first30Round": null,
        "decisions": 147,
        "productiveDecisions": 143,
        "optionalYieldDecisions": 9,
        "locationInteractions": 37,
        "summons": 6,
        "awakens": 0,
        "combats": 8,
        "rewards": 3,
        "pvpAttacks": 0,
        "finalAttackDice": 3,
        "finalSpirits": 7,
        "finalMaxBarrier": 5,
        "post15VpPerRound": 0
      }
    },
    {
      "seed": 957000051,
      "guardian": "Embers",
      "trueWin": true,
      "stalled": false,
      "finalVP": 33,
      "first30Round": 28,
      "post15VpPerRound": 1.8,
      "finalAttackDice": 9,
      "finalSpirits": 7,
      "finalMaxBarrier": 10,
      "cycle": {
        "vpAfterRound": {
          "8": 6,
          "12": 8,
          "16": 10,
          "20": 17
        },
        "first15Round": 18,
        "first30Round": 28,
        "decisions": 148,
        "productiveDecisions": 147,
        "optionalYieldDecisions": 2,
        "locationInteractions": 39,
        "summons": 6,
        "awakens": 2,
        "combats": 12,
        "rewards": 8,
        "pvpAttacks": 0,
        "finalAttackDice": 9,
        "finalSpirits": 7,
        "finalMaxBarrier": 10,
        "post15VpPerRound": 1.8
      }
    },
    {
      "seed": 957000052,
      "guardian": "Fjorn",
      "trueWin": true,
      "stalled": false,
      "finalVP": 30,
      "first30Round": 25,
      "post15VpPerRound": 1.6666666666666667,
      "finalAttackDice": 2,
      "finalSpirits": 7,
      "finalMaxBarrier": 6,
      "cycle": {
        "vpAfterRound": {
          "8": 6,
          "12": 12,
          "16": 16,
          "20": 22
        },
        "first15Round": 16,
        "first30Round": 25,
        "decisions": 162,
        "productiveDecisions": 162,
        "optionalYieldDecisions": 10,
        "locationInteractions": 33,
        "summons": 6,
        "awakens": 2,
        "combats": 7,
        "rewards": 5,
        "pvpAttacks": 0,
        "finalAttackDice": 2,
        "finalSpirits": 7,
        "finalMaxBarrier": 6,
        "post15VpPerRound": 1.6666666666666667
      }
    },
    {
      "seed": 957000053,
      "guardian": "Human Avatar",
      "trueWin": true,
      "stalled": false,
      "finalVP": 30,
      "first30Round": 25,
      "post15VpPerRound": 1.5,
      "finalAttackDice": 2,
      "finalSpirits": 7,
      "finalMaxBarrier": 7,
      "cycle": {
        "vpAfterRound": {
          "8": 8,
          "12": 13,
          "16": 17,
          "20": 21
        },
        "first15Round": 15,
        "first30Round": 25,
        "decisions": 151,
        "productiveDecisions": 151,
        "optionalYieldDecisions": 0,
        "locationInteractions": 35,
        "summons": 6,
        "awakens": 2,
        "combats": 8,
        "rewards": 6,
        "pvpAttacks": 0,
        "finalAttackDice": 2,
        "finalSpirits": 7,
        "finalMaxBarrier": 7,
        "post15VpPerRound": 1.5
      }
    },
    {
      "seed": 957000054,
      "guardian": "Lumina",
      "trueWin": true,
      "stalled": false,
      "finalVP": 30,
      "first30Round": 29,
      "post15VpPerRound": 1.0714285714285714,
      "finalAttackDice": 4,
      "finalSpirits": 7,
      "finalMaxBarrier": 5,
      "cycle": {
        "vpAfterRound": {
          "8": 6,
          "12": 11,
          "16": 17,
          "20": 21
        },
        "first15Round": 15,
        "first30Round": 29,
        "decisions": 170,
        "productiveDecisions": 169,
        "optionalYieldDecisions": 1,
        "locationInteractions": 38,
        "summons": 6,
        "awakens": 1,
        "combats": 6,
        "rewards": 4,
        "pvpAttacks": 0,
        "finalAttackDice": 4,
        "finalSpirits": 7,
        "finalMaxBarrier": 5,
        "post15VpPerRound": 1.0714285714285714
      }
    },
    {
      "seed": 957000055,
      "guardian": "Myrtle",
      "trueWin": false,
      "stalled": false,
      "finalVP": 13,
      "first30Round": null,
      "post15VpPerRound": 0,
      "finalAttackDice": 5,
      "finalSpirits": 7,
      "finalMaxBarrier": 5,
      "cycle": {
        "vpAfterRound": {
          "8": 8,
          "12": 10,
          "16": 13,
          "20": 13
        },
        "first15Round": null,
        "first30Round": null,
        "decisions": 179,
        "productiveDecisions": 177,
        "optionalYieldDecisions": 5,
        "locationInteractions": 46,
        "summons": 6,
        "awakens": 0,
        "combats": 6,
        "rewards": 5,
        "pvpAttacks": 0,
        "finalAttackDice": 5,
        "finalSpirits": 7,
        "finalMaxBarrier": 5,
        "post15VpPerRound": 0
      }
    },
    {
      "seed": 957000056,
      "guardian": "Pixia",
      "trueWin": false,
      "stalled": false,
      "finalVP": 8,
      "first30Round": null,
      "post15VpPerRound": 0,
      "finalAttackDice": 8,
      "finalSpirits": 5,
      "finalMaxBarrier": 8,
      "cycle": {
        "vpAfterRound": {
          "8": 3,
          "12": 6,
          "16": 8,
          "20": 8
        },
        "first15Round": null,
        "first30Round": null,
        "decisions": 158,
        "productiveDecisions": 155,
        "optionalYieldDecisions": 11,
        "locationInteractions": 36,
        "summons": 10,
        "awakens": 0,
        "combats": 8,
        "rewards": 3,
        "pvpAttacks": 0,
        "finalAttackDice": 8,
        "finalSpirits": 5,
        "finalMaxBarrier": 8,
        "post15VpPerRound": 0
      }
    },
    {
      "seed": 957000057,
      "guardian": "Prox",
      "trueWin": false,
      "stalled": false,
      "finalVP": 17,
      "first30Round": null,
      "post15VpPerRound": 0.2,
      "finalAttackDice": 4,
      "finalSpirits": 7,
      "finalMaxBarrier": 10,
      "cycle": {
        "vpAfterRound": {
          "8": 8,
          "12": 10,
          "16": 13,
          "20": 17
        },
        "first15Round": 20,
        "first30Round": null,
        "decisions": 183,
        "productiveDecisions": 183,
        "optionalYieldDecisions": 5,
        "locationInteractions": 49,
        "summons": 6,
        "awakens": 1,
        "combats": 10,
        "rewards": 6,
        "pvpAttacks": 0,
        "finalAttackDice": 4,
        "finalSpirits": 7,
        "finalMaxBarrier": 10,
        "post15VpPerRound": 0.2
      }
    },
    {
      "seed": 957000058,
      "guardian": "Taron",
      "trueWin": true,
      "stalled": false,
      "finalVP": 30,
      "first30Round": 25,
      "post15VpPerRound": 1.6666666666666667,
      "finalAttackDice": 8,
      "finalSpirits": 7,
      "finalMaxBarrier": 10,
      "cycle": {
        "vpAfterRound": {
          "8": 8,
          "12": 12,
          "16": 16,
          "20": 22
        },
        "first15Round": 16,
        "first30Round": 25,
        "decisions": 171,
        "productiveDecisions": 171,
        "optionalYieldDecisions": 1,
        "locationInteractions": 38,
        "summons": 6,
        "awakens": 2,
        "combats": 11,
        "rewards": 5,
        "pvpAttacks": 0,
        "finalAttackDice": 8,
        "finalSpirits": 7,
        "finalMaxBarrier": 10,
        "post15VpPerRound": 1.6666666666666667
      }
    },
    {
      "seed": 957000059,
      "guardian": "Void Avatar",
      "trueWin": true,
      "stalled": false,
      "finalVP": 30,
      "first30Round": 30,
      "post15VpPerRound": 1.0714285714285714,
      "finalAttackDice": 5,
      "finalSpirits": 7,
      "finalMaxBarrier": 5,
      "cycle": {
        "vpAfterRound": {
          "8": 3,
          "12": 10,
          "16": 16,
          "20": 20
        },
        "first15Round": 16,
        "first30Round": 30,
        "decisions": 170,
        "productiveDecisions": 168,
        "optionalYieldDecisions": 1,
        "locationInteractions": 39,
        "summons": 6,
        "awakens": 1,
        "combats": 6,
        "rewards": 4,
        "pvpAttacks": 0,
        "finalAttackDice": 5,
        "finalSpirits": 7,
        "finalMaxBarrier": 5,
        "post15VpPerRound": 1.0714285714285714
      }
    },
    {
      "seed": 957000060,
      "guardian": "Bubblepop",
      "trueWin": true,
      "stalled": false,
      "finalVP": 30,
      "first30Round": 25,
      "post15VpPerRound": 1.5,
      "finalAttackDice": 4,
      "finalSpirits": 7,
      "finalMaxBarrier": 10,
      "cycle": {
        "vpAfterRound": {
          "8": 8,
          "12": 12,
          "16": 18,
          "20": 25
        },
        "first15Round": 15,
        "first30Round": 25,
        "decisions": 172,
        "productiveDecisions": 164,
        "optionalYieldDecisions": 4,
        "locationInteractions": 37,
        "summons": 6,
        "awakens": 1,
        "combats": 7,
        "rewards": 5,
        "pvpAttacks": 0,
        "finalAttackDice": 4,
        "finalSpirits": 7,
        "finalMaxBarrier": 10,
        "post15VpPerRound": 1.5
      }
    },
    {
      "seed": 957000061,
      "guardian": "Embers",
      "trueWin": false,
      "stalled": false,
      "finalVP": 25,
      "first30Round": null,
      "post15VpPerRound": 1.1111111111111112,
      "finalAttackDice": 2,
      "finalSpirits": 7,
      "finalMaxBarrier": 4,
      "cycle": {
        "vpAfterRound": {
          "8": 6,
          "12": 6,
          "16": 10,
          "20": 14
        },
        "first15Round": 21,
        "first30Round": null,
        "decisions": 190,
        "productiveDecisions": 189,
        "optionalYieldDecisions": 11,
        "locationInteractions": 47,
        "summons": 6,
        "awakens": 1,
        "combats": 4,
        "rewards": 2,
        "pvpAttacks": 0,
        "finalAttackDice": 2,
        "finalSpirits": 7,
        "finalMaxBarrier": 4,
        "post15VpPerRound": 1.1111111111111112
      }
    },
    {
      "seed": 957000062,
      "guardian": "Fjorn",
      "trueWin": false,
      "stalled": false,
      "finalVP": 29,
      "first30Round": null,
      "post15VpPerRound": 1.1666666666666667,
      "finalAttackDice": 3,
      "finalSpirits": 7,
      "finalMaxBarrier": 5,
      "cycle": {
        "vpAfterRound": {
          "8": 8,
          "12": 10,
          "16": 14,
          "20": 18
        },
        "first15Round": 18,
        "first30Round": null,
        "decisions": 147,
        "productiveDecisions": 145,
        "optionalYieldDecisions": 1,
        "locationInteractions": 31,
        "summons": 6,
        "awakens": 1,
        "combats": 5,
        "rewards": 3,
        "pvpAttacks": 0,
        "finalAttackDice": 3,
        "finalSpirits": 7,
        "finalMaxBarrier": 5,
        "post15VpPerRound": 1.1666666666666667
      }
    },
    {
      "seed": 957000063,
      "guardian": "Human Avatar",
      "trueWin": false,
      "stalled": false,
      "finalVP": 13,
      "first30Round": null,
      "post15VpPerRound": 0,
      "finalAttackDice": 3,
      "finalSpirits": 7,
      "finalMaxBarrier": 10,
      "cycle": {
        "vpAfterRound": {
          "8": 6,
          "12": 10,
          "16": 10,
          "20": 13
        },
        "first15Round": null,
        "first30Round": null,
        "decisions": 166,
        "productiveDecisions": 166,
        "optionalYieldDecisions": 4,
        "locationInteractions": 38,
        "summons": 6,
        "awakens": 1,
        "combats": 10,
        "rewards": 5,
        "pvpAttacks": 0,
        "finalAttackDice": 3,
        "finalSpirits": 7,
        "finalMaxBarrier": 10,
        "post15VpPerRound": 0
      }
    }
  ]
}
