2026-07-14T11:18:19+00:00
54.65 51.23 45.42 148/8906 1122619
0, 3581 MiB, 40960 MiB, 37 %
1, 1012 MiB, 40960 MiB, 5 %
2, 0 MiB, 40960 MiB, 0 %
3, 5255 MiB, 40960 MiB, 0 %
4, 5255 MiB, 40960 MiB, 99 %
5, 25097 MiB, 40960 MiB, 3 %
6, 32112 MiB, 40960 MiB, 0 %
7, 25503 MiB, 40960 MiB, 0 %
2026-07-14T11:18:24+00:00
51.23 50.58 45.24 149/9390 1124671
0, 5636 MiB, 40960 MiB, 0 %
1, 5115 MiB, 40960 MiB, 99 %
2, 543 MiB, 40960 MiB, 3 %
3, 5255 MiB, 40960 MiB, 0 %
4, 5255 MiB, 40960 MiB, 99 %
5, 25097 MiB, 40960 MiB, 0 %
6, 32112 MiB, 40960 MiB, 51 %
7, 25503 MiB, 40960 MiB, 0 %
2026-07-14T11:18:29+00:00
48.25 49.97 45.07 160/9658 1125665
0, 5638 MiB, 40960 MiB, 14 %
1, 5106 MiB, 40960 MiB, 0 %
2, 1199 MiB, 40960 MiB, 0 %
3, 5255 MiB, 40960 MiB, 0 %
4, 5255 MiB, 40960 MiB, 99 %
5, 25097 MiB, 40960 MiB, 98 %
6, 32112 MiB, 40960 MiB, 0 %
7, 25503 MiB, 40960 MiB, 0 %
2026-07-14T11:18:34+00:00
46.63 49.60 44.98 185/9026 1126757
0, 5640 MiB, 40960 MiB, 15 %
1, 5106 MiB, 40960 MiB, 0 %
2, 5137 MiB, 40960 MiB, 2 %
3, 35 MiB, 40960 MiB, 0 %
4, 5255 MiB, 40960 MiB, 99 %
5, 25097 MiB, 40960 MiB, 0 %
6, 33204 MiB, 40960 MiB, 0 %
7, 25503 MiB, 40960 MiB, 0 %
2026-07-14T11:18:40+00:00
55.23 51.34 45.57 145/9269 1127876
0, 5648 MiB, 40960 MiB, 14 %
1, 5106 MiB, 40960 MiB, 0 %
2, 5101 MiB, 40960 MiB, 0 %
3, 614 MiB, 40960 MiB, 0 %
4, 5255 MiB, 40960 MiB, 98 %
5, 25097 MiB, 40960 MiB, 0 %
6, 33204 MiB, 40960 MiB, 44 %
7, 25503 MiB, 40960 MiB, 0 %
2026-07-14T11:18:45+00:00
51.77 50.68 45.39 13/9543 1128912
0, 5648 MiB, 40960 MiB, 15 %
1, 5106 MiB, 40960 MiB, 0 %
2, 5101 MiB, 40960 MiB, 0 %
3, 1516 MiB, 40960 MiB, 42 %
4, 5255 MiB, 40960 MiB, 99 %
5, 25097 MiB, 40960 MiB, 0 %
6, 33204 MiB, 40960 MiB, 68 %
7, 25503 MiB, 40960 MiB, 0 %
2026-07-14T11:18:50+00:00
58.91 52.18 45.90 12/9502 1129587
0, 5648 MiB, 40960 MiB, 11 %
1, 5106 MiB, 40960 MiB, 0 %
2, 5101 MiB, 40960 MiB, 0 %
3, 5101 MiB, 40960 MiB, 0 %
4, 5255 MiB, 40960 MiB, 99 %
5, 25097 MiB, 40960 MiB, 0 %
6, 33204 MiB, 40960 MiB, 62 %
7, 25503 MiB, 40960 MiB, 98 %
2026-07-14T11:18:55+00:00
65.25 53.61 46.40 12/9498 1129965
0, 5648 MiB, 40960 MiB, 11 %
1, 5106 MiB, 40960 MiB, 0 %
2, 5101 MiB, 40960 MiB, 0 %
3, 5101 MiB, 40960 MiB, 0 %
4, 5255 MiB, 40960 MiB, 98 %
5, 25097 MiB, 40960 MiB, 0 %
6, 33204 MiB, 40960 MiB, 62 %
7, 25503 MiB, 40960 MiB, 0 %
2026-07-14T11:19:00+00:00
77.96 56.44 47.35 14/9498 1130153
0, 5648 MiB, 40960 MiB, 14 %
1, 5106 MiB, 40960 MiB, 0 %
2, 5101 MiB, 40960 MiB, 0 %
3, 5101 MiB, 40960 MiB, 0 %
4, 5255 MiB, 40960 MiB, 98 %
5, 25097 MiB, 40960 MiB, 0 %
6, 33204 MiB, 40960 MiB, 100 %
7, 25503 MiB, 40960 MiB, 97 %
2026-07-14T11:19:05+00:00
84.13 58.07 47.93 248/9497 1130676
0, 5648 MiB, 40960 MiB, 13 %
1, 5106 MiB, 40960 MiB, 0 %
2, 5101 MiB, 40960 MiB, 0 %
3, 5101 MiB, 40960 MiB, 0 %
4, 5255 MiB, 40960 MiB, 99 %
5, 25097 MiB, 40960 MiB, 92 %
6, 33204 MiB, 40960 MiB, 0 %
7, 25503 MiB, 40960 MiB, 0 %
2026-07-14T11:19:10+00:00
78.11 57.26 47.72 140/9497 1130871
0, 5648 MiB, 40960 MiB, 13 %
1, 5106 MiB, 40960 MiB, 0 %
2, 5101 MiB, 40960 MiB, 0 %
3, 5101 MiB, 40960 MiB, 0 %
4, 5255 MiB, 40960 MiB, 98 %
5, 25097 MiB, 40960 MiB, 0 %
6, 33204 MiB, 40960 MiB, 0 %
7, 25503 MiB, 40960 MiB, 0 %
2026-07-14T11:19:15+00:00
72.90 56.52 47.53 160/9497 1131178
0, 5648 MiB, 40960 MiB, 14 %
1, 5106 MiB, 40960 MiB, 0 %
2, 5101 MiB, 40960 MiB, 0 %
3, 5101 MiB, 40960 MiB, 0 %
4, 5255 MiB, 40960 MiB, 99 %
5, 25097 MiB, 40960 MiB, 96 %
6, 33204 MiB, 40960 MiB, 0 %
7, 25503 MiB, 40960 MiB, 0 %
2026-07-14T11:19:21+00:00
68.18 55.82 47.35 139/9515 1131477
0, 5648 MiB, 40960 MiB, 15 %
1, 5106 MiB, 40960 MiB, 0 %
2, 5101 MiB, 40960 MiB, 0 %
3, 5101 MiB, 40960 MiB, 0 %
4, 5255 MiB, 40960 MiB, 98 %
5, 25097 MiB, 40960 MiB, 0 %
6, 33204 MiB, 40960 MiB, 0 %
7, 25503 MiB, 40960 MiB, 0 %
2026-07-14T11:19:26+00:00
78.58 58.18 48.16 13/9500 1131830
0, 5648 MiB, 40960 MiB, 11 %
1, 5106 MiB, 40960 MiB, 0 %
2, 5101 MiB, 40960 MiB, 0 %
3, 5101 MiB, 40960 MiB, 0 %
4, 5255 MiB, 40960 MiB, 99 %
5, 25097 MiB, 40960 MiB, 98 %
6, 33204 MiB, 40960 MiB, 60 %
7, 25503 MiB, 40960 MiB, 0 %
2026-07-14T11:19:31+00:00
74.29 57.63 48.04 10/9503 1132341
0, 5676 MiB, 40960 MiB, 12 %
1, 5106 MiB, 40960 MiB, 0 %
2, 5101 MiB, 40960 MiB, 0 %
3, 5101 MiB, 40960 MiB, 0 %
4, 5255 MiB, 40960 MiB, 98 %
5, 25097 MiB, 40960 MiB, 0 %
6, 33204 MiB, 40960 MiB, 96 %
7, 25503 MiB, 40960 MiB, 0 %
2026-07-14T11:19:36+00:00
69.38 56.89 47.85 11/9515 1133039
0, 5676 MiB, 40960 MiB, 16 %
1, 5106 MiB, 40960 MiB, 0 %
2, 5101 MiB, 40960 MiB, 0 %
3, 5101 MiB, 40960 MiB, 0 %
4, 5255 MiB, 40960 MiB, 99 %
5, 25097 MiB, 40960 MiB, 0 %
6, 33204 MiB, 40960 MiB, 89 %
7, 25503 MiB, 40960 MiB, 0 %
2026-07-14T11:19:41+00:00
64.54 56.09 47.64 14/9516 1133305
0, 5676 MiB, 40960 MiB, 12 %
1, 5106 MiB, 40960 MiB, 0 %
2, 5101 MiB, 40960 MiB, 0 %
3, 5101 MiB, 40960 MiB, 0 %
4, 5255 MiB, 40960 MiB, 99 %
5, 25097 MiB, 40960 MiB, 0 %
6, 33204 MiB, 40960 MiB, 97 %
7, 25503 MiB, 40960 MiB, 0 %
2026-07-14T11:19:46+00:00
56.62 54.67 47.27 11/9516 1133555
0, 5676 MiB, 40960 MiB, 15 %
1, 5106 MiB, 40960 MiB, 0 %
2, 5101 MiB, 40960 MiB, 0 %
3, 5101 MiB, 40960 MiB, 0 %
4, 5255 MiB, 40960 MiB, 99 %
5, 25097 MiB, 40960 MiB, 0 %
6, 33204 MiB, 40960 MiB, 51 %
7, 25503 MiB, 40960 MiB, 0 %
2026-07-14T11:19:51+00:00
63.14 56.05 47.76 230/9513 1133838
0, 5676 MiB, 40960 MiB, 15 %
1, 5106 MiB, 40960 MiB, 0 %
2, 5101 MiB, 40960 MiB, 0 %
3, 5101 MiB, 40960 MiB, 0 %
4, 5255 MiB, 40960 MiB, 99 %
5, 25097 MiB, 40960 MiB, 0 %
6, 33204 MiB, 40960 MiB, 0 %
7, 25503 MiB, 40960 MiB, 0 %
2026-07-14T11:19:57+00:00
59.13 55.34 47.57 141/9514 1134415
0, 5676 MiB, 40960 MiB, 14 %
1, 5106 MiB, 40960 MiB, 0 %
2, 5101 MiB, 40960 MiB, 0 %
3, 5101 MiB, 40960 MiB, 0 %
4, 5255 MiB, 40960 MiB, 99 %
5, 25097 MiB, 40960 MiB, 0 %
6, 33204 MiB, 40960 MiB, 35 %
7, 25503 MiB, 40960 MiB, 0 %
2026-07-14T11:20:02+00:00
55.35 54.62 47.38 140/9513 1134723
0, 5676 MiB, 40960 MiB, 11 %
1, 5106 MiB, 40960 MiB, 0 %
2, 5101 MiB, 40960 MiB, 0 %
3, 5101 MiB, 40960 MiB, 0 %
4, 5255 MiB, 40960 MiB, 98 %
5, 25097 MiB, 40960 MiB, 96 %
6, 33204 MiB, 40960 MiB, 26 %
7, 25503 MiB, 40960 MiB, 0 %
2026-07-14T11:20:07+00:00
51.88 53.91 47.19 15/9513 1135098
0, 5676 MiB, 40960 MiB, 10 %
1, 5106 MiB, 40960 MiB, 0 %
2, 5101 MiB, 40960 MiB, 0 %
3, 5101 MiB, 40960 MiB, 0 %
4, 5255 MiB, 40960 MiB, 99 %
5, 25097 MiB, 40960 MiB, 0 %
6, 33204 MiB, 40960 MiB, 60 %
7, 25503 MiB, 40960 MiB, 99 %
2026-07-14T11:20:12+00:00
58.78 55.31 47.68 141/9513 1135709
0, 5676 MiB, 40960 MiB, 16 %
1, 5106 MiB, 40960 MiB, 0 %
2, 5101 MiB, 40960 MiB, 0 %
3, 5101 MiB, 40960 MiB, 0 %
4, 5255 MiB, 40960 MiB, 99 %
5, 25097 MiB, 40960 MiB, 98 %
6, 33204 MiB, 40960 MiB, 100 %
7, 25503 MiB, 40960 MiB, 0 %
2026-07-14T11:20:17+00:00
65.36 56.73 48.18 13/9513 1135900
0, 5676 MiB, 40960 MiB, 10 %
1, 5106 MiB, 40960 MiB, 0 %
2, 5101 MiB, 40960 MiB, 0 %
3, 5101 MiB, 40960 MiB, 0 %
4, 5255 MiB, 40960 MiB, 99 %
5, 25097 MiB, 40960 MiB, 0 %
6, 33204 MiB, 40960 MiB, 88 %
7, 25503 MiB, 40960 MiB, 0 %
2026-07-14T11:20:22+00:00
73.10 58.48 48.79 239/9513 1136211
0, 5676 MiB, 40960 MiB, 12 %
1, 5106 MiB, 40960 MiB, 0 %
2, 5101 MiB, 40960 MiB, 0 %
3, 5101 MiB, 40960 MiB, 0 %
4, 5255 MiB, 40960 MiB, 99 %
5, 25097 MiB, 40960 MiB, 97 %
6, 33204 MiB, 40960 MiB, 0 %
7, 25503 MiB, 40960 MiB, 0 %
2026-07-14T11:20:27+00:00
79.18 59.98 49.33 150/10105 1137729
0, 5676 MiB, 40960 MiB, 2 %
1, 5106 MiB, 40960 MiB, 0 %
2, 5101 MiB, 40960 MiB, 0 %
3, 5101 MiB, 40960 MiB, 0 %
4, 5255 MiB, 40960 MiB, 98 %
5, 25097 MiB, 40960 MiB, 0 %
6, 33204 MiB, 40960 MiB, 0 %
7, 25503 MiB, 40960 MiB, 0 %
2026-07-14T11:20:32+00:00
74.12 59.25 49.15 20/10112 1137988
0, 6970 MiB, 40960 MiB, 81 %
1, 6410 MiB, 40960 MiB, 70 %
2, 6406 MiB, 40960 MiB, 64 %
3, 6406 MiB, 40960 MiB, 62 %
4, 5255 MiB, 40960 MiB, 99 %
5, 25097 MiB, 40960 MiB, 0 %
6, 33204 MiB, 40960 MiB, 58 %
7, 25503 MiB, 40960 MiB, 98 %
2026-07-14T11:20:38+00:00
92.21 63.25 50.50 154/10116 1138569
0, 6994 MiB, 40960 MiB, 85 %
1, 6554 MiB, 40960 MiB, 69 %
2, 6550 MiB, 40960 MiB, 67 %
3, 6550 MiB, 40960 MiB, 81 %
4, 5255 MiB, 40960 MiB, 99 %
5, 25097 MiB, 40960 MiB, 0 %
6, 33204 MiB, 40960 MiB, 59 %
7, 25503 MiB, 40960 MiB, 0 %
2026-07-14T11:20:43+00:00
97.80 64.89 51.09 12/10115 1138821
0, 7127 MiB, 40960 MiB, 75 %
1, 6690 MiB, 40960 MiB, 74 %
2, 6672 MiB, 40960 MiB, 62 %
3, 6680 MiB, 40960 MiB, 68 %
4, 5255 MiB, 40960 MiB, 99 %
5, 25097 MiB, 40960 MiB, 0 %
6, 33204 MiB, 40960 MiB, 60 %
7, 25503 MiB, 40960 MiB, 0 %
2026-07-14T11:20:48+00:00
91.57 64.14 50.93 12/10247 1139386
0, 7245 MiB, 40960 MiB, 80 %
1, 6580 MiB, 40960 MiB, 79 %
2, 6700 MiB, 40960 MiB, 64 %
3, 6580 MiB, 40960 MiB, 81 %
4, 5255 MiB, 40960 MiB, 99 %
5, 25097 MiB, 40960 MiB, 0 %
6, 33204 MiB, 40960 MiB, 0 %
7, 25503 MiB, 40960 MiB, 0 %
2026-07-14T11:20:53+00:00
86.24 63.49 50.79 145/10375 1139881
0, 7273 MiB, 40960 MiB, 75 %
1, 6645 MiB, 40960 MiB, 80 %
2, 6637 MiB, 40960 MiB, 75 %
3, 6601 MiB, 40960 MiB, 74 %
4, 5255 MiB, 40960 MiB, 99 %
5, 25097 MiB, 40960 MiB, 0 %
6, 33204 MiB, 40960 MiB, 0 %
7, 25503 MiB, 40960 MiB, 0 %
2026-07-14T11:20:58+00:00
80.45 62.67 50.59 21/10845 1140573
0, 7245 MiB, 40960 MiB, 84 %
1, 6668 MiB, 40960 MiB, 74 %
2, 6660 MiB, 40960 MiB, 70 %
3, 6668 MiB, 40960 MiB, 71 %
4, 5255 MiB, 40960 MiB, 99 %
5, 25097 MiB, 40960 MiB, 0 %
6, 33204 MiB, 40960 MiB, 0 %
7, 25503 MiB, 40960 MiB, 0 %
2026-07-14T11:21:03+00:00
94.51 65.88 51.69 12/10834 1140997
0, 7232 MiB, 40960 MiB, 82 %
1, 6666 MiB, 40960 MiB, 72 %
2, 6658 MiB, 40960 MiB, 78 %
3, 6662 MiB, 40960 MiB, 66 %
4, 5255 MiB, 40960 MiB, 99 %
5, 25097 MiB, 40960 MiB, 0 %
6, 33204 MiB, 40960 MiB, 0 %
7, 25503 MiB, 40960 MiB, 0 %
2026-07-14T11:21:08+00:00
87.74 64.95 51.47 20/10834 1141335
0, 7230 MiB, 40960 MiB, 9 %
1, 6666 MiB, 40960 MiB, 71 %
2, 6658 MiB, 40960 MiB, 57 %
3, 6666 MiB, 40960 MiB, 73 %
4, 5255 MiB, 40960 MiB, 99 %
5, 25097 MiB, 40960 MiB, 0 %
6, 33204 MiB, 40960 MiB, 0 %
7, 29199 MiB, 40960 MiB, 0 %
2026-07-14T11:21:13+00:00
92.41 66.30 51.98 13/10836 1141647
0, 7230 MiB, 40960 MiB, 80 %
1, 6666 MiB, 40960 MiB, 72 %
2, 6658 MiB, 40960 MiB, 74 %
3, 6666 MiB, 40960 MiB, 72 %
4, 5255 MiB, 40960 MiB, 99 %
5, 25097 MiB, 40960 MiB, 0 %
6, 33204 MiB, 40960 MiB, 0 %
7, 29199 MiB, 40960 MiB, 55 %
2026-07-14T11:21:19+00:00
98.30 67.95 52.59 143/10853 1142169
0, 7230 MiB, 40960 MiB, 82 %
1, 6665 MiB, 40960 MiB, 72 %
2, 6658 MiB, 40960 MiB, 67 %
3, 6702 MiB, 40960 MiB, 60 %
4, 5304 MiB, 40960 MiB, 98 %
5, 25097 MiB, 40960 MiB, 0 %
6, 33204 MiB, 40960 MiB, 0 %
7, 29199 MiB, 40960 MiB, 0 %
2026-07-14T11:21:24+00:00
92.27 67.21 52.43 20/10847 1142832
0, 7230 MiB, 40960 MiB, 83 %
1, 6665 MiB, 40960 MiB, 60 %
2, 6658 MiB, 40960 MiB, 72 %
3, 6666 MiB, 40960 MiB, 78 %
4, 5255 MiB, 40960 MiB, 99 %
5, 25097 MiB, 40960 MiB, 0 %
6, 33204 MiB, 40960 MiB, 0 %
7, 29199 MiB, 40960 MiB, 0 %
2026-07-14T11:21:29+00:00
96.65 68.53 52.94 23/10873 1143068
0, 7230 MiB, 40960 MiB, 80 %
1, 6661 MiB, 40960 MiB, 64 %
2, 6654 MiB, 40960 MiB, 65 %
3, 6662 MiB, 40960 MiB, 78 %
4, 5255 MiB, 40960 MiB, 99 %
5, 28793 MiB, 40960 MiB, 96 %
6, 33204 MiB, 40960 MiB, 0 %
7, 29199 MiB, 40960 MiB, 0 %
2026-07-14T11:21:34+00:00
95.64 68.79 53.11 16/10873 1143439
0, 7226 MiB, 40960 MiB, 67 %
1, 6665 MiB, 40960 MiB, 0 %
2, 6658 MiB, 40960 MiB, 66 %
3, 6666 MiB, 40960 MiB, 0 %
4, 5255 MiB, 40960 MiB, 98 %
5, 28793 MiB, 40960 MiB, 0 %
6, 33204 MiB, 40960 MiB, 0 %
7, 29199 MiB, 40960 MiB, 0 %
2026-07-14T11:21:39+00:00
92.38 68.56 53.12 156/10873 1143810
0, 7228 MiB, 40960 MiB, 88 %
1, 6665 MiB, 40960 MiB, 77 %
2, 6658 MiB, 40960 MiB, 0 %
3, 6666 MiB, 40960 MiB, 63 %
4, 5255 MiB, 40960 MiB, 98 %
5, 28793 MiB, 40960 MiB, 0 %
6, 33204 MiB, 40960 MiB, 0 %
7, 29199 MiB, 40960 MiB, 0 %
2026-07-14T11:21:44+00:00
87.07 67.85 52.97 32/9872 1144742
0, 7228 MiB, 40960 MiB, 15 %
1, 6049 MiB, 40960 MiB, 0 %
2, 6041 MiB, 40960 MiB, 0 %
3, 6049 MiB, 40960 MiB, 0 %
4, 5255 MiB, 40960 MiB, 99 %
5, 28793 MiB, 40960 MiB, 39 %
6, 33204 MiB, 40960 MiB, 0 %
7, 29199 MiB, 40960 MiB, 0 %
2026-07-14T11:21:50+00:00
91.63 69.12 53.46 15/8561 1145611
0, 7232 MiB, 40960 MiB, 84 %
1, 6095 MiB, 40960 MiB, 4 %
2, 6041 MiB, 40960 MiB, 0 %
3, 6049 MiB, 40960 MiB, 0 %
4, 5255 MiB, 40960 MiB, 99 %
5, 28793 MiB, 40960 MiB, 0 %
6, 9493 MiB, 40960 MiB, 0 %
7, 29199 MiB, 40960 MiB, 94 %
2026-07-14T11:21:55+00:00
85.49 68.22 53.25 14/8404 1146178
0, 6616 MiB, 40960 MiB, 13 %
1, 6049 MiB, 40960 MiB, 0 %
2, 6041 MiB, 40960 MiB, 0 %
3, 6049 MiB, 40960 MiB, 0 %
4, 5255 MiB, 40960 MiB, 98 %
5, 28793 MiB, 40960 MiB, 0 %
6, 9493 MiB, 40960 MiB, 0 %
7, 29199 MiB, 40960 MiB, 0 %
2026-07-14T11:22:00+00:00
79.53 67.27 53.03 38/8269 1146660
0, 6636 MiB, 40960 MiB, 13 %
1, 6049 MiB, 40960 MiB, 0 %
2, 6041 MiB, 40960 MiB, 0 %
3, 6049 MiB, 40960 MiB, 0 %
4, 5255 MiB, 40960 MiB, 98 %
5, 28793 MiB, 40960 MiB, 0 %
6, 0 MiB, 40960 MiB, 0 %
7, 29199 MiB, 40960 MiB, 0 %
2026-07-14T11:22:05+00:00
74.68 66.47 52.84 14/8368 1147196
0, 6636 MiB, 40960 MiB, 18 %
1, 6049 MiB, 40960 MiB, 0 %
2, 6041 MiB, 40960 MiB, 0 %
3, 6049 MiB, 40960 MiB, 0 %
4, 5255 MiB, 40960 MiB, 98 %
5, 28793 MiB, 40960 MiB, 0 %
6, 0 MiB, 40960 MiB, 0 %
7, 29199 MiB, 40960 MiB, 0 %
2026-07-14T11:22:10+00:00
79.83 67.67 53.31 10/8854 1148368
0, 6636 MiB, 40960 MiB, 11 %
1, 6049 MiB, 40960 MiB, 0 %
2, 6041 MiB, 40960 MiB, 0 %
3, 6049 MiB, 40960 MiB, 0 %
4, 5255 MiB, 40960 MiB, 99 %
5, 28793 MiB, 40960 MiB, 0 %
6, 0 MiB, 40960 MiB, 0 %
7, 29199 MiB, 40960 MiB, 0 %
2026-07-14T11:22:15+00:00
74.40 66.75 53.08 17/8278 1149258
0, 6636 MiB, 40960 MiB, 16 %
1, 6049 MiB, 40960 MiB, 0 %
2, 6041 MiB, 40960 MiB, 4 %
3, 6049 MiB, 40960 MiB, 0 %
4, 5255 MiB, 40960 MiB, 98 %
5, 28793 MiB, 40960 MiB, 47 %
6, 0 MiB, 40960 MiB, 0 %
7, 29199 MiB, 40960 MiB, 0 %
2026-07-14T11:22:21+00:00
70.20 66.00 52.92 147/8857 1151229
0, 6636 MiB, 40960 MiB, 15 %
1, 6049 MiB, 40960 MiB, 0 %
2, 6041 MiB, 40960 MiB, 0 %
3, 6049 MiB, 40960 MiB, 0 %
4, 5255 MiB, 40960 MiB, 99 %
5, 28793 MiB, 40960 MiB, 0 %
6, 0 MiB, 40960 MiB, 0 %
7, 29199 MiB, 40960 MiB, 0 %
2026-07-14T11:22:26+00:00
66.42 65.29 52.75 13/8899 1151648
0, 6636 MiB, 40960 MiB, 10 %
1, 6049 MiB, 40960 MiB, 0 %
2, 6041 MiB, 40960 MiB, 0 %
3, 6049 MiB, 40960 MiB, 0 %
4, 5255 MiB, 40960 MiB, 99 %
5, 28793 MiB, 40960 MiB, 0 %
6, 4 MiB, 40960 MiB, 0 %
7, 29199 MiB, 40960 MiB, 0 %
2026-07-14T11:22:31+00:00
62.46 64.49 52.56 12/9257 1152837
0, 6644 MiB, 40960 MiB, 12 %
1, 6049 MiB, 40960 MiB, 0 %
2, 6041 MiB, 40960 MiB, 0 %
3, 6049 MiB, 40960 MiB, 0 %
4, 5255 MiB, 40960 MiB, 99 %
5, 28793 MiB, 40960 MiB, 0 %
6, 4 MiB, 40960 MiB, 0 %
7, 29199 MiB, 40960 MiB, 0 %
2026-07-14T11:22:36+00:00
58.90 63.72 52.38 12/9257 1153153
0, 6644 MiB, 40960 MiB, 12 %
1, 6049 MiB, 40960 MiB, 0 %
2, 6041 MiB, 40960 MiB, 0 %
3, 6049 MiB, 40960 MiB, 0 %
4, 5255 MiB, 40960 MiB, 99 %
5, 28793 MiB, 40960 MiB, 0 %
6, 4 MiB, 40960 MiB, 0 %
7, 29199 MiB, 40960 MiB, 0 %
2026-07-14T11:22:41+00:00
55.07 62.84 52.15 147/9325 1153608
0, 6644 MiB, 40960 MiB, 17 %
1, 6049 MiB, 40960 MiB, 0 %
2, 6041 MiB, 40960 MiB, 0 %
3, 6049 MiB, 40960 MiB, 0 %
4, 5255 MiB, 40960 MiB, 99 %
5, 28793 MiB, 40960 MiB, 0 %
6, 21593 MiB, 40960 MiB, 42 %
7, 29199 MiB, 40960 MiB, 0 %
2026-07-14T11:22:46+00:00
58.61 63.42 52.46 13/9354 1153998
0, 6644 MiB, 40960 MiB, 13 %
1, 6049 MiB, 40960 MiB, 0 %
2, 6041 MiB, 40960 MiB, 0 %
3, 6049 MiB, 40960 MiB, 0 %
4, 5255 MiB, 40960 MiB, 98 %
5, 28793 MiB, 40960 MiB, 94 %
6, 22245 MiB, 40960 MiB, 0 %
7, 29199 MiB, 40960 MiB, 0 %
2026-07-14T11:22:52+00:00
54.88 62.57 52.24 15/9462 1154522
0, 6652 MiB, 40960 MiB, 11 %
1, 6049 MiB, 40960 MiB, 0 %
2, 6041 MiB, 40960 MiB, 0 %
3, 6049 MiB, 40960 MiB, 0 %
4, 5255 MiB, 40960 MiB, 98 %
5, 28793 MiB, 40960 MiB, 0 %
6, 22245 MiB, 40960 MiB, 0 %
7, 29199 MiB, 40960 MiB, 0 %
2026-07-14T11:22:57+00:00
51.52 61.74 52.03 29/9534 1155033
0, 7610 MiB, 40960 MiB, 12 %
1, 6049 MiB, 40960 MiB, 0 %
2, 6041 MiB, 40960 MiB, 0 %
3, 6049 MiB, 40960 MiB, 0 %
4, 5255 MiB, 40960 MiB, 99 %
5, 28793 MiB, 40960 MiB, 0 %
6, 22245 MiB, 40960 MiB, 0 %
7, 29199 MiB, 40960 MiB, 0 %
2026-07-14T11:23:02+00:00
48.36 60.92 51.82 15/8694 1155689
0, 8123 MiB, 40960 MiB, 98 %
1, 6049 MiB, 40960 MiB, 0 %
2, 6041 MiB, 40960 MiB, 0 %
3, 6049 MiB, 40960 MiB, 0 %
4, 5255 MiB, 40960 MiB, 98 %
5, 28793 MiB, 40960 MiB, 0 %
6, 609 MiB, 40960 MiB, 0 %
7, 29199 MiB, 40960 MiB, 0 %
2026-07-14T11:23:07+00:00
55.54 62.20 52.28 13/8688 1156094
0, 6583 MiB, 40960 MiB, 97 %
1, 6049 MiB, 40960 MiB, 0 %
2, 6041 MiB, 40960 MiB, 0 %
3, 6049 MiB, 40960 MiB, 0 %
4, 5255 MiB, 40960 MiB, 99 %
5, 28793 MiB, 40960 MiB, 0 %
6, 1707 MiB, 40960 MiB, 0 %
7, 29199 MiB, 40960 MiB, 0 %
2026-07-14T11:23:12+00:00
52.13 61.38 52.07 145/8385 1156765
0, 6583 MiB, 40960 MiB, 12 %
1, 6049 MiB, 40960 MiB, 0 %
2, 6041 MiB, 40960 MiB, 0 %
3, 6049 MiB, 40960 MiB, 0 %
4, 5255 MiB, 40960 MiB, 99 %
5, 28793 MiB, 40960 MiB, 0 %
6, 0 MiB, 40960 MiB, 0 %
7, 29199 MiB, 40960 MiB, 93 %
2026-07-14T11:23:17+00:00
49.40 60.66 51.89 14/7829 1157385
0, 772 MiB, 40960 MiB, 21 %
1, 6049 MiB, 40960 MiB, 0 %
2, 6041 MiB, 40960 MiB, 0 %
3, 6049 MiB, 40960 MiB, 0 %
4, 5255 MiB, 40960 MiB, 99 %
5, 28793 MiB, 40960 MiB, 0 %
6, 0 MiB, 40960 MiB, 0 %
7, 29199 MiB, 40960 MiB, 0 %
2026-07-14T11:23:23+00:00
46.40 59.85 51.67 14/8073 1158536
0, 1623 MiB, 40960 MiB, 14 %
1, 6049 MiB, 40960 MiB, 0 %
2, 6041 MiB, 40960 MiB, 0 %
3, 6049 MiB, 40960 MiB, 0 %
4, 5255 MiB, 40960 MiB, 99 %
5, 28793 MiB, 40960 MiB, 47 %
6, 0 MiB, 40960 MiB, 0 %
7, 29199 MiB, 40960 MiB, 0 %
2026-07-14T11:23:28+00:00
44.45 59.22 51.51 14/8257 1159719
0, 5709 MiB, 40960 MiB, 8 %
1, 6049 MiB, 40960 MiB, 0 %
2, 6041 MiB, 40960 MiB, 0 %
3, 6049 MiB, 40960 MiB, 0 %
4, 5255 MiB, 40960 MiB, 99 %
5, 28793 MiB, 40960 MiB, 0 %
6, 0 MiB, 40960 MiB, 0 %
7, 29199 MiB, 40960 MiB, 0 %
2026-07-14T11:23:33+00:00
42.09 58.49 51.32 11/8251 1160090
0, 5709 MiB, 40960 MiB, 11 %
1, 6049 MiB, 40960 MiB, 0 %
2, 6041 MiB, 40960 MiB, 0 %
3, 6049 MiB, 40960 MiB, 0 %
4, 5255 MiB, 40960 MiB, 98 %
5, 28793 MiB, 40960 MiB, 0 %
6, 0 MiB, 40960 MiB, 0 %
7, 29199 MiB, 40960 MiB, 0 %
2026-07-14T11:23:38+00:00
40.00 57.78 51.13 11/8323 1160729
0, 5709 MiB, 40960 MiB, 12 %
1, 6049 MiB, 40960 MiB, 0 %
2, 6041 MiB, 40960 MiB, 0 %
3, 6049 MiB, 40960 MiB, 0 %
4, 5255 MiB, 40960 MiB, 99 %
5, 28793 MiB, 40960 MiB, 0 %
6, 0 MiB, 40960 MiB, 0 %
7, 29199 MiB, 40960 MiB, 0 %
2026-07-14T11:23:43+00:00
37.52 56.97 50.90 11/8873 1161801
0, 5709 MiB, 40960 MiB, 14 %
1, 6049 MiB, 40960 MiB, 0 %
2, 6041 MiB, 40960 MiB, 0 %
3, 6049 MiB, 40960 MiB, 0 %
4, 5255 MiB, 40960 MiB, 99 %
5, 28793 MiB, 40960 MiB, 0 %
6, 0 MiB, 40960 MiB, 0 %
7, 29199 MiB, 40960 MiB, 0 %
2026-07-14T11:23:48+00:00
35.63 56.26 50.70 151/9073 1162455
0, 5709 MiB, 40960 MiB, 15 %
1, 6049 MiB, 40960 MiB, 0 %
2, 6041 MiB, 40960 MiB, 0 %
3, 6049 MiB, 40960 MiB, 0 %
4, 5255 MiB, 40960 MiB, 98 %
5, 28793 MiB, 40960 MiB, 0 %
6, 0 MiB, 40960 MiB, 0 %
7, 29199 MiB, 40960 MiB, 0 %
2026-07-14T11:23:54+00:00
44.71 57.80 51.23 16/9128 1164662
0, 5709 MiB, 40960 MiB, 16 %
1, 6049 MiB, 40960 MiB, 0 %
2, 6041 MiB, 40960 MiB, 0 %
3, 6049 MiB, 40960 MiB, 0 %
4, 5255 MiB, 40960 MiB, 99 %
5, 28793 MiB, 40960 MiB, 0 %
6, 0 MiB, 40960 MiB, 0 %
7, 29199 MiB, 40960 MiB, 0 %
2026-07-14T11:23:59+00:00
42.41 57.10 51.04 18/8868 1165119
0, 5709 MiB, 40960 MiB, 14 %
1, 6049 MiB, 40960 MiB, 0 %
2, 6041 MiB, 40960 MiB, 0 %
3, 6049 MiB, 40960 MiB, 0 %
4, 5255 MiB, 40960 MiB, 98 %
5, 28793 MiB, 40960 MiB, 0 %
6, 4 MiB, 40960 MiB, 0 %
7, 29199 MiB, 40960 MiB, 97 %
2026-07-14T11:24:04+00:00
40.06 56.37 50.83 143/9109 1165801
0, 5709 MiB, 40960 MiB, 16 %
1, 6049 MiB, 40960 MiB, 0 %
2, 6041 MiB, 40960 MiB, 0 %
3, 6049 MiB, 40960 MiB, 0 %
4, 5255 MiB, 40960 MiB, 99 %
5, 28793 MiB, 40960 MiB, 0 %
6, 4 MiB, 40960 MiB, 0 %
7, 29199 MiB, 40960 MiB, 0 %
2026-07-14T11:24:09+00:00
37.81 55.63 50.63 17/9251 1166100
0, 5709 MiB, 40960 MiB, 12 %
1, 6049 MiB, 40960 MiB, 0 %
2, 6041 MiB, 40960 MiB, 0 %
3, 6049 MiB, 40960 MiB, 0 %
4, 5255 MiB, 40960 MiB, 98 %
5, 28793 MiB, 40960 MiB, 0 %
6, 4 MiB, 40960 MiB, 0 %
7, 29199 MiB, 40960 MiB, 0 %
2026-07-14T11:24:14+00:00
36.94 55.16 50.50 13/9871 1167912
0, 6876 MiB, 40960 MiB, 82 %
1, 6917 MiB, 40960 MiB, 84 %
2, 6909 MiB, 40960 MiB, 80 %
3, 6921 MiB, 40960 MiB, 75 %
4, 5255 MiB, 40960 MiB, 99 %
5, 28793 MiB, 40960 MiB, 0 %
6, 973 MiB, 40960 MiB, 9 %
7, 29199 MiB, 40960 MiB, 0 %
2026-07-14T11:24:19+00:00
36.07 54.67 50.37 68/9889 1168249
0, 7013 MiB, 40960 MiB, 83 %
1, 6947 MiB, 40960 MiB, 75 %
2, 6938 MiB, 40960 MiB, 73 %
3, 6950 MiB, 40960 MiB, 76 %
4, 5255 MiB, 40960 MiB, 99 %
5, 28793 MiB, 40960 MiB, 0 %
6, 22225 MiB, 40960 MiB, 0 %
7, 29199 MiB, 40960 MiB, 0 %
2026-07-14T11:24:25+00:00
44.31 56.08 50.84 39/9890 1168498
0, 7159 MiB, 40960 MiB, 72 %
1, 6955 MiB, 40960 MiB, 67 %
2, 6947 MiB, 40960 MiB, 74 %
3, 6959 MiB, 40960 MiB, 79 %
4, 5255 MiB, 40960 MiB, 99 %
5, 28793 MiB, 40960 MiB, 0 %
6, 22245 MiB, 40960 MiB, 0 %
7, 29199 MiB, 40960 MiB, 0 %
2026-07-14T11:24:30+00:00
41.40 55.28 50.61 21/9882 1169108
0, 7292 MiB, 40960 MiB, 69 %
1, 6961 MiB, 40960 MiB, 58 %
2, 6953 MiB, 40960 MiB, 65 %
3, 6965 MiB, 40960 MiB, 76 %
4, 5255 MiB, 40960 MiB, 99 %
5, 28793 MiB, 40960 MiB, 0 %
6, 22245 MiB, 40960 MiB, 0 %
7, 29199 MiB, 40960 MiB, 0 %
2026-07-14T11:24:35+00:00
39.29 54.61 50.42 16/9901 1169326
0, 7282 MiB, 40960 MiB, 80 %
1, 6932 MiB, 40960 MiB, 59 %
2, 6924 MiB, 40960 MiB, 53 %
3, 6932 MiB, 40960 MiB, 70 %
4, 5255 MiB, 40960 MiB, 99 %
5, 28793 MiB, 40960 MiB, 0 %
6, 22341 MiB, 40960 MiB, 0 %
7, 29199 MiB, 40960 MiB, 0 %
2026-07-14T11:24:40+00:00
37.02 53.88 50.21 31/9898 1169791
0, 7115 MiB, 40960 MiB, 70 %
1, 6677 MiB, 40960 MiB, 71 %
2, 6679 MiB, 40960 MiB, 79 %
3, 6688 MiB, 40960 MiB, 62 %
4, 5255 MiB, 40960 MiB, 99 %
5, 28793 MiB, 40960 MiB, 0 %
6, 24042 MiB, 40960 MiB, 0 %
7, 29199 MiB, 40960 MiB, 37 %
2026-07-14T11:24:45+00:00
36.30 53.45 50.09 142/9889 1170465
0, 7267 MiB, 40960 MiB, 85 %
1, 6667 MiB, 40960 MiB, 60 %
2, 6658 MiB, 40960 MiB, 82 %
3, 6667 MiB, 40960 MiB, 80 %
4, 5255 MiB, 40960 MiB, 99 %
5, 28793 MiB, 40960 MiB, 0 %
6, 25154 MiB, 40960 MiB, 0 %
7, 29199 MiB, 40960 MiB, 0 %
2026-07-14T11:24:50+00:00
34.91 52.88 49.92 16/9887 1170656
0, 7261 MiB, 40960 MiB, 80 %
1, 6661 MiB, 40960 MiB, 53 %
2, 6652 MiB, 40960 MiB, 0 %
3, 6661 MiB, 40960 MiB, 65 %
4, 5255 MiB, 40960 MiB, 99 %
5, 28793 MiB, 40960 MiB, 0 %
6, 25154 MiB, 40960 MiB, 0 %
7, 29199 MiB, 40960 MiB, 0 %
2026-07-14T11:24:55+00:00
33.24 52.24 49.73 11/9886 1171115
0, 7265 MiB, 40960 MiB, 83 %
1, 6661 MiB, 40960 MiB, 77 %
2, 6652 MiB, 40960 MiB, 79 %
3, 6661 MiB, 40960 MiB, 56 %
4, 5255 MiB, 40960 MiB, 99 %
5, 28793 MiB, 40960 MiB, 0 %
6, 25154 MiB, 40960 MiB, 0 %
7, 29199 MiB, 40960 MiB, 97 %
2026-07-14T11:25:01+00:00
31.22 51.50 49.50 12/9887 1171505
0, 7265 MiB, 40960 MiB, 81 %
1, 6661 MiB, 40960 MiB, 81 %
2, 6652 MiB, 40960 MiB, 77 %
3, 6661 MiB, 40960 MiB, 52 %
4, 5255 MiB, 40960 MiB, 99 %
5, 28793 MiB, 40960 MiB, 0 %
6, 25154 MiB, 40960 MiB, 0 %
7, 29199 MiB, 40960 MiB, 0 %
2026-07-14T11:25:06+00:00
30.00 50.91 49.32 14/9885 1171760
0, 7265 MiB, 40960 MiB, 84 %
1, 6661 MiB, 40960 MiB, 79 %
2, 6652 MiB, 40960 MiB, 60 %
3, 6661 MiB, 40960 MiB, 83 %
4, 5255 MiB, 40960 MiB, 99 %
5, 28793 MiB, 40960 MiB, 96 %
6, 25154 MiB, 40960 MiB, 0 %
7, 29199 MiB, 40960 MiB, 0 %
2026-07-14T11:25:11+00:00
28.24 50.20 49.10 33/9886 1172191
0, 7265 MiB, 40960 MiB, 83 %
1, 6661 MiB, 40960 MiB, 68 %
2, 6652 MiB, 40960 MiB, 66 %
3, 6661 MiB, 40960 MiB, 61 %
4, 5255 MiB, 40960 MiB, 99 %
5, 28793 MiB, 40960 MiB, 0 %
6, 25154 MiB, 40960 MiB, 0 %
7, 29199 MiB, 40960 MiB, 0 %
2026-07-14T11:25:16+00:00
26.70 49.51 48.89 13/9886 1172536
0, 7265 MiB, 40960 MiB, 77 %
1, 6661 MiB, 40960 MiB, 67 %
2, 6652 MiB, 40960 MiB, 65 %
3, 6661 MiB, 40960 MiB, 58 %
4, 5255 MiB, 40960 MiB, 99 %
5, 28793 MiB, 40960 MiB, 0 %
6, 25154 MiB, 40960 MiB, 0 %
7, 29199 MiB, 40960 MiB, 0 %
2026-07-14T11:25:21+00:00
25.92 48.97 48.72 15/9886 1172724
0, 7261 MiB, 40960 MiB, 76 %
1, 6661 MiB, 40960 MiB, 58 %
2, 6652 MiB, 40960 MiB, 0 %
3, 6661 MiB, 40960 MiB, 25 %
4, 5255 MiB, 40960 MiB, 99 %
5, 28793 MiB, 40960 MiB, 9 %
6, 25154 MiB, 40960 MiB, 0 %
7, 29199 MiB, 40960 MiB, 0 %
2026-07-14T11:25:26+00:00
24.64 48.33 48.51 142/9886 1173304
0, 7261 MiB, 40960 MiB, 12 %
1, 6661 MiB, 40960 MiB, 0 %
2, 6652 MiB, 40960 MiB, 73 %
3, 6661 MiB, 40960 MiB, 65 %
4, 5255 MiB, 40960 MiB, 99 %
5, 28793 MiB, 40960 MiB, 0 %
6, 25154 MiB, 40960 MiB, 0 %
7, 29199 MiB, 40960 MiB, 0 %
2026-07-14T11:25:31+00:00
32.12 49.22 48.80 16/9455 1173967
0, 7265 MiB, 40960 MiB, 80 %
1, 6044 MiB, 40960 MiB, 0 %
2, 6036 MiB, 40960 MiB, 0 %
3, 6044 MiB, 40960 MiB, 0 %
4, 5255 MiB, 40960 MiB, 99 %
5, 28793 MiB, 40960 MiB, 0 %
6, 25154 MiB, 40960 MiB, 0 %
7, 29199 MiB, 40960 MiB, 0 %
2026-07-14T11:25:36+00:00
30.59 48.62 48.61 14/9283 1174515
0, 6649 MiB, 40960 MiB, 12 %
1, 6044 MiB, 40960 MiB, 0 %
2, 6036 MiB, 40960 MiB, 0 %
3, 6044 MiB, 40960 MiB, 0 %
4, 5255 MiB, 40960 MiB, 98 %
5, 28793 MiB, 40960 MiB, 0 %
6, 25154 MiB, 40960 MiB, 0 %
7, 29199 MiB, 40960 MiB, 96 %
2026-07-14T11:25:42+00:00
39.27 50.12 49.09 13/9285 1175095
0, 6649 MiB, 40960 MiB, 12 %
1, 6044 MiB, 40960 MiB, 0 %
2, 6036 MiB, 40960 MiB, 0 %
3, 6044 MiB, 40960 MiB, 0 %
4, 5255 MiB, 40960 MiB, 99 %
5, 28793 MiB, 40960 MiB, 0 %
6, 26476 MiB, 40960 MiB, 33 %
7, 29199 MiB, 40960 MiB, 0 %
2026-07-14T11:25:47+00:00
37.00 49.47 48.89 144/9426 1175557
0, 6649 MiB, 40960 MiB, 15 %
1, 6044 MiB, 40960 MiB, 0 %
2, 6036 MiB, 40960 MiB, 0 %
3, 6044 MiB, 40960 MiB, 0 %
4, 5255 MiB, 40960 MiB, 99 %
5, 28793 MiB, 40960 MiB, 0 %
6, 28632 MiB, 40960 MiB, 70 %
7, 29199 MiB, 40960 MiB, 0 %
2026-07-14T11:25:52+00:00
45.01 50.92 49.36 136/9551 1176544
0, 6649 MiB, 40960 MiB, 15 %
1, 6044 MiB, 40960 MiB, 0 %
2, 6036 MiB, 40960 MiB, 0 %
3, 6044 MiB, 40960 MiB, 0 %
4, 5255 MiB, 40960 MiB, 98 %
5, 28793 MiB, 40960 MiB, 0 %
6, 29910 MiB, 40960 MiB, 0 %
7, 29199 MiB, 40960 MiB, 0 %
2026-07-14T11:25:57+00:00
42.29 50.26 49.16 147/9554 1176812
0, 6649 MiB, 40960 MiB, 14 %
1, 6044 MiB, 40960 MiB, 0 %
2, 6036 MiB, 40960 MiB, 0 %
3, 6044 MiB, 40960 MiB, 0 %
4, 5255 MiB, 40960 MiB, 99 %
5, 28793 MiB, 40960 MiB, 0 %
6, 29910 MiB, 40960 MiB, 0 %
7, 29199 MiB, 40960 MiB, 0 %
2026-07-14T11:26:02+00:00
39.62 49.57 48.94 23/9555 1177064
0, 6649 MiB, 40960 MiB, 11 %
1, 6044 MiB, 40960 MiB, 0 %
2, 6036 MiB, 40960 MiB, 0 %
3, 6044 MiB, 40960 MiB, 0 %
4, 5255 MiB, 40960 MiB, 99 %
5, 28793 MiB, 40960 MiB, 0 %
6, 29910 MiB, 40960 MiB, 68 %
7, 29199 MiB, 40960 MiB, 0 %
2026-07-14T11:26:07+00:00
37.33 48.93 48.74 14/9557 1177678
0, 6649 MiB, 40960 MiB, 12 %
1, 6044 MiB, 40960 MiB, 0 %
2, 6036 MiB, 40960 MiB, 0 %
3, 6044 MiB, 40960 MiB, 0 %
4, 5255 MiB, 40960 MiB, 99 %
5, 28793 MiB, 40960 MiB, 0 %
6, 29910 MiB, 40960 MiB, 70 %
7, 29199 MiB, 40960 MiB, 0 %
2026-07-14T11:26:12+00:00
35.30 48.32 48.54 11/9557 1177943
0, 6649 MiB, 40960 MiB, 10 %
1, 6044 MiB, 40960 MiB, 0 %
2, 6036 MiB, 40960 MiB, 0 %
3, 6044 MiB, 40960 MiB, 0 %
4, 5255 MiB, 40960 MiB, 99 %
5, 28793 MiB, 40960 MiB, 47 %
6, 29914 MiB, 40960 MiB, 97 %
7, 29199 MiB, 40960 MiB, 0 %
2026-07-14T11:26:18+00:00
34.24 47.88 48.40 11/9558 1178254
0, 6649 MiB, 40960 MiB, 14 %
1, 6044 MiB, 40960 MiB, 0 %
2, 6036 MiB, 40960 MiB, 0 %
3, 6044 MiB, 40960 MiB, 0 %
4, 5255 MiB, 40960 MiB, 98 %
5, 28793 MiB, 40960 MiB, 0 %
6, 29914 MiB, 40960 MiB, 25 %
7, 29199 MiB, 40960 MiB, 96 %
2026-07-14T11:26:23+00:00
32.77 47.35 48.22 146/9562 1178703
0, 6649 MiB, 40960 MiB, 12 %
1, 6044 MiB, 40960 MiB, 0 %
2, 6036 MiB, 40960 MiB, 0 %
3, 6044 MiB, 40960 MiB, 0 %
4, 5255 MiB, 40960 MiB, 98 %
5, 28793 MiB, 40960 MiB, 0 %
6, 29914 MiB, 40960 MiB, 0 %
7, 29199 MiB, 40960 MiB, 0 %
2026-07-14T11:26:28+00:00
41.36 48.89 48.71 11/9229 1179576
0, 6649 MiB, 40960 MiB, 11 %
1, 161 MiB, 40960 MiB, 5 %
2, 6036 MiB, 40960 MiB, 0 %
3, 6044 MiB, 40960 MiB, 0 %
4, 5255 MiB, 40960 MiB, 99 %
5, 28793 MiB, 40960 MiB, 0 %
6, 29914 MiB, 40960 MiB, 59 %
7, 29199 MiB, 40960 MiB, 0 %
2026-07-14T11:26:33+00:00
58.07 52.23 49.80 18/8989 1180756
0, 7762 MiB, 40960 MiB, 72 %
1, 797 MiB, 40960 MiB, 0 %
2, 6036 MiB, 40960 MiB, 0 %
3, 89 MiB, 40960 MiB, 2 %
4, 5255 MiB, 40960 MiB, 99 %
5, 28793 MiB, 40960 MiB, 0 %
6, 29914 MiB, 40960 MiB, 71 %
7, 29199 MiB, 40960 MiB, 0 %
2026-07-14T11:26:38+00:00
56.38 51.98 49.73 170/8844 1182589
0, 7656 MiB, 40960 MiB, 11 %
1, 16 MiB, 40960 MiB, 0 %
2, 566 MiB, 40960 MiB, 0 %
3, 639 MiB, 40960 MiB, 0 %
4, 5255 MiB, 40960 MiB, 99 %
5, 28793 MiB, 40960 MiB, 0 %
6, 29914 MiB, 40960 MiB, 60 %
7, 29199 MiB, 40960 MiB, 0 %
2026-07-14T11:26:44+00:00
64.92 53.82 50.34 164/8948 1184115
0, 7594 MiB, 40960 MiB, 14 %
1, 551 MiB, 40960 MiB, 5 %
2, 1110 MiB, 40960 MiB, 0 %
3, 16 MiB, 40960 MiB, 0 %
4, 5255 MiB, 40960 MiB, 99 %
5, 28793 MiB, 40960 MiB, 0 %
6, 29914 MiB, 40960 MiB, 0 %
7, 29199 MiB, 40960 MiB, 97 %
2026-07-14T11:26:50+00:00
61.08 53.21 50.16 120/8550 1185326
0, 694 MiB, 40960 MiB, 17 %
1, 1240 MiB, 40960 MiB, 0 %
2, 126 MiB, 40960 MiB, 2 %
3, 292 MiB, 40960 MiB, 0 %
4, 5255 MiB, 40960 MiB, 99 %
5, 28793 MiB, 40960 MiB, 0 %
6, 29914 MiB, 40960 MiB, 0 %
7, 29199 MiB, 40960 MiB, 0 %
2026-07-14T11:26:55+00:00
63.00 53.74 50.34 24/9419 1186331
0, 1408 MiB, 40960 MiB, 15 %
1, 5225 MiB, 40960 MiB, 99 %
2, 789 MiB, 40960 MiB, 0 %
3, 803 MiB, 40960 MiB, 0 %
4, 5255 MiB, 40960 MiB, 99 %
5, 28793 MiB, 40960 MiB, 10 %
6, 29914 MiB, 40960 MiB, 50 %
7, 29199 MiB, 40960 MiB, 0 %
2026-07-14T11:27:01+00:00
68.52 55.04 50.78 60/10575 1188331
0, 5619 MiB, 40960 MiB, 23 %
1, 5389 MiB, 40960 MiB, 99 %
2, 4448 MiB, 40960 MiB, 58 %
3, 4479 MiB, 40960 MiB, 67 %
4, 5255 MiB, 40960 MiB, 99 %
5, 28793 MiB, 40960 MiB, 0 %
6, 29914 MiB, 40960 MiB, 84 %
7, 29199 MiB, 40960 MiB, 0 %
2026-07-14T11:27:06+00:00
79.37 57.51 51.61 50/10346 1188774
0, 6713 MiB, 40960 MiB, 15 %
1, 5269 MiB, 40960 MiB, 99 %
2, 5237 MiB, 40960 MiB, 99 %
3, 5253 MiB, 40960 MiB, 97 %
4, 5255 MiB, 40960 MiB, 99 %
5, 28793 MiB, 40960 MiB, 0 %
6, 29914 MiB, 40960 MiB, 98 %
7, 29199 MiB, 40960 MiB, 0 %
2026-07-14T11:27:11+00:00
74.14 56.79 51.40 188/9660 1189351
0, 626 MiB, 40960 MiB, 13 %
1, 5256 MiB, 40960 MiB, 99 %
2, 5383 MiB, 40960 MiB, 30 %
3, 5286 MiB, 40960 MiB, 0 %
4, 5255 MiB, 40960 MiB, 99 %
5, 28793 MiB, 40960 MiB, 0 %
6, 29914 MiB, 40960 MiB, 62 %
7, 29199 MiB, 40960 MiB, 96 %
2026-07-14T11:27:17+00:00
106.16 64.22 53.88 27/9940 1190022
0, 1391 MiB, 40960 MiB, 15 %
1, 5256 MiB, 40960 MiB, 99 %
2, 5259 MiB, 40960 MiB, 99 %
3, 5259 MiB, 40960 MiB, 99 %
4, 5255 MiB, 40960 MiB, 99 %
5, 28793 MiB, 40960 MiB, 0 %
6, 29914 MiB, 40960 MiB, 57 %
7, 29199 MiB, 40960 MiB, 0 %
2026-07-14T11:27:22+00:00
101.10 63.87 53.82 141/10203 1190475
0, 5670 MiB, 40960 MiB, 15 %
1, 5256 MiB, 40960 MiB, 99 %
2, 5255 MiB, 40960 MiB, 99 %
3, 5255 MiB, 40960 MiB, 98 %
4, 5255 MiB, 40960 MiB, 99 %
5, 28793 MiB, 40960 MiB, 94 %
6, 29914 MiB, 40960 MiB, 0 %
7, 29199 MiB, 40960 MiB, 0 %
2026-07-14T11:27:27+00:00
93.88 62.99 53.59 28/10203 1190841
0, 5861 MiB, 40960 MiB, 97 %
1, 5256 MiB, 40960 MiB, 98 %
2, 5255 MiB, 40960 MiB, 99 %
3, 5255 MiB, 40960 MiB, 98 %
4, 5255 MiB, 40960 MiB, 99 %
5, 28793 MiB, 40960 MiB, 0 %
6, 29914 MiB, 40960 MiB, 69 %
7, 29199 MiB, 40960 MiB, 0 %
2026-07-14T11:27:32+00:00
97.82 64.32 54.07 15/10200 1191061
0, 6001 MiB, 40960 MiB, 63 %
1, 5256 MiB, 40960 MiB, 98 %
2, 5255 MiB, 40960 MiB, 99 %
3, 5255 MiB, 40960 MiB, 99 %
4, 5255 MiB, 40960 MiB, 98 %
5, 28793 MiB, 40960 MiB, 0 %
6, 29914 MiB, 40960 MiB, 61 %
7, 29199 MiB, 40960 MiB, 0 %
2026-07-14T11:27:38+00:00
101.84 65.71 54.58 151/10071 1191431
0, 5884 MiB, 40960 MiB, 98 %
1, 5256 MiB, 40960 MiB, 99 %
2, 5255 MiB, 40960 MiB, 99 %
3, 5255 MiB, 40960 MiB, 99 %
4, 5255 MiB, 40960 MiB, 98 %
5, 28793 MiB, 40960 MiB, 0 %
6, 30998 MiB, 40960 MiB, 68 %
7, 29199 MiB, 40960 MiB, 4 %
2026-07-14T11:27:43+00:00
105.37 67.04 55.07 145/10072 1192148
0, 5867 MiB, 40960 MiB, 99 %
1, 5256 MiB, 40960 MiB, 0 %
2, 5255 MiB, 40960 MiB, 99 %
3, 5255 MiB, 40960 MiB, 99 %
4, 5255 MiB, 40960 MiB, 99 %
5, 28793 MiB, 40960 MiB, 0 %
6, 30998 MiB, 40960 MiB, 63 %
7, 29199 MiB, 40960 MiB, 0 %
2026-07-14T11:27:48+00:00
99.18 66.39 54.92 19/9805 1193071
0, 5863 MiB, 40960 MiB, 99 %
1, 5256 MiB, 40960 MiB, 0 %
2, 5255 MiB, 40960 MiB, 99 %
3, 5255 MiB, 40960 MiB, 0 %
4, 5255 MiB, 40960 MiB, 98 %
5, 28793 MiB, 40960 MiB, 0 %
6, 30998 MiB, 40960 MiB, 93 %
7, 29199 MiB, 40960 MiB, 0 %
2026-07-14T11:27:53+00:00
102.37 67.60 55.37 10/9806 1193601
0, 5871 MiB, 40960 MiB, 99 %
1, 5256 MiB, 40960 MiB, 0 %
2, 5255 MiB, 40960 MiB, 0 %
3, 5255 MiB, 40960 MiB, 0 %
4, 5255 MiB, 40960 MiB, 99 %
5, 28793 MiB, 40960 MiB, 0 %
6, 30998 MiB, 40960 MiB, 100 %
7, 29199 MiB, 40960 MiB, 0 %
2026-07-14T11:27:58+00:00
95.05 66.66 55.14 14/9801 1193858
0, 5871 MiB, 40960 MiB, 99 %
1, 5256 MiB, 40960 MiB, 0 %
2, 5255 MiB, 40960 MiB, 0 %
3, 5255 MiB, 40960 MiB, 0 %
4, 5255 MiB, 40960 MiB, 99 %
5, 28793 MiB, 40960 MiB, 0 %
6, 30998 MiB, 40960 MiB, 0 %
7, 29199 MiB, 40960 MiB, 0 %
2026-07-14T11:28:03+00:00
88.32 65.73 54.90 13/9800 1194181
0, 5871 MiB, 40960 MiB, 99 %
1, 5256 MiB, 40960 MiB, 0 %
2, 5255 MiB, 40960 MiB, 0 %
3, 5255 MiB, 40960 MiB, 0 %
4, 5255 MiB, 40960 MiB, 98 %
5, 28793 MiB, 40960 MiB, 0 %
6, 30998 MiB, 40960 MiB, 0 %
7, 29199 MiB, 40960 MiB, 93 %
2026-07-14T11:28:08+00:00
82.21 64.84 54.67 14/9524 1194466
0, 5871 MiB, 40960 MiB, 99 %
1, 5256 MiB, 40960 MiB, 0 %
2, 5255 MiB, 40960 MiB, 0 %
3, 5255 MiB, 40960 MiB, 0 %
4, 5255 MiB, 40960 MiB, 99 %
5, 28793 MiB, 40960 MiB, 0 %
6, 30998 MiB, 40960 MiB, 0 %
7, 0 MiB, 40960 MiB, 0 %
2026-07-14T11:28:14+00:00
89.00 66.54 55.27 10/9265 1195067
0, 5871 MiB, 40960 MiB, 10 %
1, 5256 MiB, 40960 MiB, 0 %
2, 5255 MiB, 40960 MiB, 0 %
3, 5255 MiB, 40960 MiB, 0 %
4, 5255 MiB, 40960 MiB, 98 %
5, 28793 MiB, 40960 MiB, 0 %
6, 30998 MiB, 40960 MiB, 67 %
7, 0 MiB, 40960 MiB, 0 %
2026-07-14T11:28:19+00:00
82.75 65.62 55.03 13/9243 1195258
0, 5871 MiB, 40960 MiB, 11 %
1, 5256 MiB, 40960 MiB, 0 %
2, 5255 MiB, 40960 MiB, 0 %
3, 5255 MiB, 40960 MiB, 0 %
4, 5255 MiB, 40960 MiB, 99 %
5, 28793 MiB, 40960 MiB, 0 %
6, 30998 MiB, 40960 MiB, 97 %
7, 0 MiB, 40960 MiB, 0 %
2026-07-14T11:28:24+00:00
87.10 66.80 55.47 11/9247 1195364
0, 5871 MiB, 40960 MiB, 16 %
1, 5256 MiB, 40960 MiB, 0 %
2, 5255 MiB, 40960 MiB, 0 %
3, 5255 MiB, 40960 MiB, 0 %
4, 5255 MiB, 40960 MiB, 99 %
5, 28793 MiB, 40960 MiB, 0 %
6, 30998 MiB, 40960 MiB, 0 %
7, 0 MiB, 40960 MiB, 0 %
2026-07-14T11:28:29+00:00
91.17 67.98 55.92 140/9248 1195634
0, 5871 MiB, 40960 MiB, 13 %
1, 5256 MiB, 40960 MiB, 0 %
2, 5255 MiB, 40960 MiB, 0 %
3, 5255 MiB, 40960 MiB, 0 %
4, 5255 MiB, 40960 MiB, 98 %
5, 28793 MiB, 40960 MiB, 0 %
6, 30998 MiB, 40960 MiB, 0 %
7, 0 MiB, 40960 MiB, 0 %
2026-07-14T11:28:34+00:00
95.08 69.18 56.37 142/9249 1195648
0, 5871 MiB, 40960 MiB, 15 %
1, 5256 MiB, 40960 MiB, 0 %
2, 5255 MiB, 40960 MiB, 0 %
3, 5255 MiB, 40960 MiB, 0 %
4, 5255 MiB, 40960 MiB, 98 %
5, 28793 MiB, 40960 MiB, 0 %
6, 30998 MiB, 40960 MiB, 0 %
7, 0 MiB, 40960 MiB, 0 %
2026-07-14T11:28:39+00:00
98.60 70.34 56.81 9/8843 1195706
0, 5871 MiB, 40960 MiB, 15 %
1, 5256 MiB, 40960 MiB, 0 %
2, 5255 MiB, 40960 MiB, 0 %
3, 5255 MiB, 40960 MiB, 0 %
4, 5255 MiB, 40960 MiB, 99 %
5, 0 MiB, 40960 MiB, 0 %
6, 30998 MiB, 40960 MiB, 0 %
7, 0 MiB, 40960 MiB, 0 %
2026-07-14T11:28:44+00:00
101.51 71.41 57.23 10/8843 1195717
0, 5871 MiB, 40960 MiB, 13 %
1, 5256 MiB, 40960 MiB, 0 %
2, 5255 MiB, 40960 MiB, 0 %
3, 5255 MiB, 40960 MiB, 0 %
4, 5255 MiB, 40960 MiB, 98 %
5, 0 MiB, 40960 MiB, 0 %
6, 30998 MiB, 40960 MiB, 80 %
7, 0 MiB, 40960 MiB, 0 %
2026-07-14T11:28:50+00:00
104.36 72.50 57.66 12/8907 1195971
0, 5871 MiB, 40960 MiB, 13 %
1, 5256 MiB, 40960 MiB, 0 %
2, 5255 MiB, 40960 MiB, 0 %
3, 5255 MiB, 40960 MiB, 0 %
4, 5255 MiB, 40960 MiB, 98 %
5, 0 MiB, 40960 MiB, 0 %
6, 30998 MiB, 40960 MiB, 88 %
7, 0 MiB, 40960 MiB, 0 %
2026-07-14T11:28:55+00:00
107.05 73.59 58.09 10/8986 1196065
0, 5871 MiB, 40960 MiB, 16 %
1, 5259 MiB, 40960 MiB, 0 %
2, 5258 MiB, 40960 MiB, 0 %
3, 5258 MiB, 40960 MiB, 0 %
4, 5258 MiB, 40960 MiB, 98 %
5, 4 MiB, 40960 MiB, 0 %
6, 30999 MiB, 40960 MiB, 82 %
7, 4 MiB, 40960 MiB, 0 %
2026-07-14T11:29:00+00:00
109.77 74.71 58.54 12/8981 1196334
0, 5871 MiB, 40960 MiB, 11 %
1, 5259 MiB, 40960 MiB, 0 %
2, 5258 MiB, 40960 MiB, 0 %
3, 5258 MiB, 40960 MiB, 0 %
4, 5258 MiB, 40960 MiB, 98 %
5, 4 MiB, 40960 MiB, 0 %
6, 30999 MiB, 40960 MiB, 66 %
7, 4 MiB, 40960 MiB, 0 %
2026-07-14T11:29:05+00:00
112.03 75.76 58.97 257/9112 1196511
0, 5871 MiB, 40960 MiB, 14 %
1, 5259 MiB, 40960 MiB, 0 %
2, 5258 MiB, 40960 MiB, 0 %
3, 5258 MiB, 40960 MiB, 0 %
4, 5258 MiB, 40960 MiB, 99 %
5, 4 MiB, 40960 MiB, 0 %
6, 30999 MiB, 40960 MiB, 0 %
7, 4 MiB, 40960 MiB, 0 %
2026-07-14T11:29:10+00:00
121.08 78.24 59.86 231/9240 1196806
0, 5871 MiB, 40960 MiB, 14 %
1, 5259 MiB, 40960 MiB, 0 %
2, 5258 MiB, 40960 MiB, 0 %
3, 5258 MiB, 40960 MiB, 0 %
4, 5258 MiB, 40960 MiB, 98 %
5, 4 MiB, 40960 MiB, 0 %
6, 30999 MiB, 40960 MiB, 0 %
7, 4 MiB, 40960 MiB, 0 %
2026-07-14T11:29:15+00:00
122.43 79.23 60.28 23/9242 1196823
0, 6469 MiB, 40960 MiB, 13 %
1, 6195 MiB, 40960 MiB, 0 %
2, 5258 MiB, 40960 MiB, 0 %
3, 5258 MiB, 40960 MiB, 0 %
4, 5258 MiB, 40960 MiB, 99 %
5, 4 MiB, 40960 MiB, 0 %
6, 30999 MiB, 40960 MiB, 92 %
7, 4 MiB, 40960 MiB, 0 %
2026-07-14T11:29:20+00:00
124.64 80.40 60.76 274/9241 1197110
0, 6469 MiB, 40960 MiB, 14 %
1, 5979 MiB, 40960 MiB, 99 %
2, 5258 MiB, 40960 MiB, 0 %
3, 5258 MiB, 40960 MiB, 0 %
4, 5258 MiB, 40960 MiB, 99 %
5, 4 MiB, 40960 MiB, 0 %
6, 30999 MiB, 40960 MiB, 52 %
7, 4 MiB, 40960 MiB, 0 %
2026-07-14T11:29:25+00:00
135.88 83.47 61.86 257/9205 1197120
0, 6469 MiB, 40960 MiB, 12 %
1, 5170 MiB, 40960 MiB, 98 %
2, 5258 MiB, 40960 MiB, 0 %
3, 5258 MiB, 40960 MiB, 0 %
4, 5258 MiB, 40960 MiB, 99 %
5, 4 MiB, 40960 MiB, 0 %
6, 30999 MiB, 40960 MiB, 0 %
7, 4 MiB, 40960 MiB, 0 %
2026-07-14T11:29:31+00:00
136.69 84.51 62.31 140/9336 1197442
0, 6469 MiB, 40960 MiB, 14 %
1, 5145 MiB, 40960 MiB, 98 %
2, 5258 MiB, 40960 MiB, 0 %
3, 5258 MiB, 40960 MiB, 0 %
4, 5258 MiB, 40960 MiB, 99 %
5, 4 MiB, 40960 MiB, 0 %
6, 30999 MiB, 40960 MiB, 97 %
7, 4 MiB, 40960 MiB, 0 %
2026-07-14T11:29:36+00:00
126.47 83.25 62.02 272/9218 1197600
0, 6469 MiB, 40960 MiB, 15 %
1, 5148 MiB, 40960 MiB, 0 %
2, 5258 MiB, 40960 MiB, 0 %
3, 5258 MiB, 40960 MiB, 0 %
4, 5258 MiB, 40960 MiB, 99 %
5, 4 MiB, 40960 MiB, 0 %
6, 30999 MiB, 40960 MiB, 30 %
7, 4 MiB, 40960 MiB, 0 %
2026-07-14T11:29:41+00:00
135.32 85.81 62.96 346/8948 1198331
0, 6469 MiB, 40960 MiB, 11 %
1, 472 MiB, 40960 MiB, 0 %
2, 5258 MiB, 40960 MiB, 0 %
3, 5258 MiB, 40960 MiB, 0 %
4, 5258 MiB, 40960 MiB, 99 %
5, 4 MiB, 40960 MiB, 0 %
6, 30999 MiB, 40960 MiB, 0 %
7, 4 MiB, 40960 MiB, 0 %
2026-07-14T11:29:46+00:00
157.15 91.16 64.82 366/9092 1199138
0, 6469 MiB, 40960 MiB, 13 %
1, 594 MiB, 40960 MiB, 0 %
2, 5258 MiB, 40960 MiB, 0 %
3, 5258 MiB, 40960 MiB, 0 %
4, 5258 MiB, 40960 MiB, 99 %
5, 4 MiB, 40960 MiB, 0 %
6, 30999 MiB, 40960 MiB, 0 %
7, 4 MiB, 40960 MiB, 0 %
2026-07-14T11:29:51+00:00
171.88 95.30 66.30 402/9351 1199798
0, 6469 MiB, 40960 MiB, 12 %
1, 1040 MiB, 40960 MiB, 0 %
2, 5258 MiB, 40960 MiB, 0 %
3, 5258 MiB, 40960 MiB, 0 %
4, 5258 MiB, 40960 MiB, 99 %
5, 4 MiB, 40960 MiB, 0 %
6, 30999 MiB, 40960 MiB, 0 %
7, 4 MiB, 40960 MiB, 0 %
2026-07-14T11:29:56+00:00
187.02 99.71 67.88 222/9388 1199884
0, 6469 MiB, 40960 MiB, 12 %
1, 4486 MiB, 40960 MiB, 0 %
2, 5258 MiB, 40960 MiB, 0 %
3, 5258 MiB, 40960 MiB, 0 %
4, 5258 MiB, 40960 MiB, 99 %
5, 4 MiB, 40960 MiB, 0 %
6, 30999 MiB, 40960 MiB, 0 %
7, 4 MiB, 40960 MiB, 0 %
2026-07-14T11:30:01+00:00
212.31 107.95 70.90 295/9258 1200175
0, 6469 MiB, 40960 MiB, 14 %
1, 5105 MiB, 40960 MiB, 0 %
2, 5258 MiB, 40960 MiB, 0 %
3, 5258 MiB, 40960 MiB, 0 %
4, 5258 MiB, 40960 MiB, 98 %
5, 4 MiB, 40960 MiB, 0 %
6, 30999 MiB, 40960 MiB, 0 %
7, 4 MiB, 40960 MiB, 0 %
2026-07-14T11:30:06+00:00
209.24 109.05 71.46 404/9260 1200338
0, 7062 MiB, 40960 MiB, 12 %
1, 5105 MiB, 40960 MiB, 0 %
2, 5258 MiB, 40960 MiB, 0 %
3, 5258 MiB, 40960 MiB, 0 %
4, 5258 MiB, 40960 MiB, 99 %
5, 4 MiB, 40960 MiB, 0 %
6, 30999 MiB, 40960 MiB, 0 %
7, 4 MiB, 40960 MiB, 0 %
2026-07-14T11:30:12+00:00
217.23 112.37 72.73 351/9261 1200669
0, 7062 MiB, 40960 MiB, 13 %
1, 5105 MiB, 40960 MiB, 0 %
2, 5258 MiB, 40960 MiB, 0 %
3, 5258 MiB, 40960 MiB, 0 %
4, 5258 MiB, 40960 MiB, 99 %
5, 4 MiB, 40960 MiB, 0 %
6, 31011 MiB, 40960 MiB, 0 %
7, 4 MiB, 40960 MiB, 0 %
2026-07-14T11:30:17+00:00
219.37 114.55 73.65 228/9259 1200808
0, 7062 MiB, 40960 MiB, 14 %
1, 5105 MiB, 40960 MiB, 0 %
2, 5258 MiB, 40960 MiB, 0 %
3, 5258 MiB, 40960 MiB, 0 %
4, 5258 MiB, 40960 MiB, 99 %
5, 4 MiB, 40960 MiB, 0 %
6, 31011 MiB, 40960 MiB, 50 %
7, 4 MiB, 40960 MiB, 0 %
2026-07-14T11:30:22+00:00
212.69 114.91 73.99 144/9259 1200967
0, 7062 MiB, 40960 MiB, 14 %
1, 5105 MiB, 40960 MiB, 0 %
2, 5258 MiB, 40960 MiB, 0 %
3, 5258 MiB, 40960 MiB, 0 %
4, 5258 MiB, 40960 MiB, 99 %
5, 4 MiB, 40960 MiB, 0 %
6, 31011 MiB, 40960 MiB, 64 %
7, 4 MiB, 40960 MiB, 0 %
2026-07-14T11:30:27+00:00
207.19 115.39 74.36 200/9261 1201132
0, 7062 MiB, 40960 MiB, 12 %
1, 5105 MiB, 40960 MiB, 0 %
2, 5258 MiB, 40960 MiB, 0 %
3, 5258 MiB, 40960 MiB, 0 %
4, 5258 MiB, 40960 MiB, 98 %
5, 4 MiB, 40960 MiB, 0 %
6, 31011 MiB, 40960 MiB, 0 %
7, 4 MiB, 40960 MiB, 0 %
2026-07-14T11:30:32+00:00
207.50 116.98 75.10 192/9848 1202287
0, 8154 MiB, 40960 MiB, 10 %
1, 6013 MiB, 40960 MiB, 0 %
2, 6103 MiB, 40960 MiB, 0 %
3, 6103 MiB, 40960 MiB, 0 %
4, 5258 MiB, 40960 MiB, 98 %
5, 4 MiB, 40960 MiB, 0 %
6, 31011 MiB, 40960 MiB, 0 %
7, 4 MiB, 40960 MiB, 0 %
2026-07-14T11:30:37+00:00
203.54 117.66 75.54 149/9851 1202332
0, 8270 MiB, 40960 MiB, 86 %
1, 6409 MiB, 40960 MiB, 78 %
2, 6438 MiB, 40960 MiB, 75 %
3, 6566 MiB, 40960 MiB, 80 %
4, 5258 MiB, 40960 MiB, 99 %
5, 4 MiB, 40960 MiB, 0 %
6, 31011 MiB, 40960 MiB, 38 %
7, 4 MiB, 40960 MiB, 0 %
2026-07-14T11:30:42+00:00
203.49 119.08 76.23 38/9855 1202494
0, 8406 MiB, 40960 MiB, 79 %
1, 6566 MiB, 40960 MiB, 66 %
2, 6709 MiB, 40960 MiB, 66 %
3, 6709 MiB, 40960 MiB, 63 %
4, 5258 MiB, 40960 MiB, 98 %
5, 4 MiB, 40960 MiB, 0 %
6, 31015 MiB, 40960 MiB, 100 %
7, 4 MiB, 40960 MiB, 0 %
2026-07-14T11:30:48+00:00
198.97 119.54 76.61 221/9854 1202524
0, 8641 MiB, 40960 MiB, 81 %
1, 6684 MiB, 40960 MiB, 63 %
2, 6845 MiB, 40960 MiB, 64 %
3, 6845 MiB, 40960 MiB, 65 %
4, 5258 MiB, 40960 MiB, 99 %
5, 4 MiB, 40960 MiB, 0 %
6, 31015 MiB, 40960 MiB, 48 %
7, 4 MiB, 40960 MiB, 0 %
2026-07-14T11:30:53+00:00
201.29 121.34 77.42 200/9855 1202533
0, 8773 MiB, 40960 MiB, 63 %
1, 6604 MiB, 40960 MiB, 63 %
2, 6694 MiB, 40960 MiB, 58 %
3, 6694 MiB, 40960 MiB, 79 %
4, 5258 MiB, 40960 MiB, 99 %
5, 4 MiB, 40960 MiB, 0 %
6, 31023 MiB, 40960 MiB, 0 %
7, 4 MiB, 40960 MiB, 0 %
2026-07-14T11:30:58+00:00
206.07 123.66 78.41 150/9854 1202544
0, 8521 MiB, 40960 MiB, 85 %
1, 6671 MiB, 40960 MiB, 67 %
2, 6677 MiB, 40960 MiB, 66 %
3, 6668 MiB, 40960 MiB, 65 %
4, 5258 MiB, 40960 MiB, 99 %
5, 4 MiB, 40960 MiB, 0 %
6, 31023 MiB, 40960 MiB, 94 %
7, 4 MiB, 40960 MiB, 0 %
2026-07-14T11:31:03+00:00
190.37 121.78 78.04 168/9853 1202557
0, 8507 MiB, 40960 MiB, 85 %
1, 6669 MiB, 40960 MiB, 55 %
2, 6675 MiB, 40960 MiB, 82 %
3, 6666 MiB, 40960 MiB, 77 %
4, 5258 MiB, 40960 MiB, 99 %
5, 4 MiB, 40960 MiB, 0 %
6, 31023 MiB, 40960 MiB, 0 %
7, 4 MiB, 40960 MiB, 0 %
2026-07-14T11:31:08+00:00
176.81 120.10 77.73 150/9855 1202566
0, 8505 MiB, 40960 MiB, 12 %
1, 6669 MiB, 40960 MiB, 72 %
2, 6666 MiB, 40960 MiB, 70 %
3, 6666 MiB, 40960 MiB, 83 %
4, 5258 MiB, 40960 MiB, 99 %
5, 4 MiB, 40960 MiB, 0 %
6, 31023 MiB, 40960 MiB, 0 %
7, 4 MiB, 40960 MiB, 0 %
2026-07-14T11:31:13+00:00
166.25 118.86 77.56 138/9865 1202736
0, 8505 MiB, 40960 MiB, 68 %
1, 6669 MiB, 40960 MiB, 70 %
2, 6666 MiB, 40960 MiB, 76 %
3, 6666 MiB, 40960 MiB, 78 %
4, 5258 MiB, 40960 MiB, 99 %
5, 4 MiB, 40960 MiB, 0 %
6, 31023 MiB, 40960 MiB, 0 %
7, 4 MiB, 40960 MiB, 0 %
2026-07-14T11:31:18+00:00
153.82 117.06 77.20 157/9866 1202748
0, 8505 MiB, 40960 MiB, 76 %
1, 6669 MiB, 40960 MiB, 78 %
2, 6666 MiB, 40960 MiB, 72 %
3, 6666 MiB, 40960 MiB, 73 %
4, 5258 MiB, 40960 MiB, 98 %
5, 4 MiB, 40960 MiB, 0 %
6, 31023 MiB, 40960 MiB, 0 %
7, 4 MiB, 40960 MiB, 0 %
2026-07-14T11:31:23+00:00
143.75 115.59 76.93 19/9866 1202906
0, 8505 MiB, 40960 MiB, 82 %
1, 6665 MiB, 40960 MiB, 67 %
2, 6662 MiB, 40960 MiB, 73 %
3, 6662 MiB, 40960 MiB, 76 %
4, 5258 MiB, 40960 MiB, 99 %
5, 4 MiB, 40960 MiB, 0 %
6, 31023 MiB, 40960 MiB, 0 %
7, 4 MiB, 40960 MiB, 0 %
2026-07-14T11:31:29+00:00
133.20 113.87 76.59 13/9610 1202947
0, 7916 MiB, 40960 MiB, 80 %
1, 6665 MiB, 40960 MiB, 0 %
2, 6662 MiB, 40960 MiB, 80 %
3, 6662 MiB, 40960 MiB, 81 %
4, 5258 MiB, 40960 MiB, 99 %
5, 4 MiB, 40960 MiB, 0 %
6, 31023 MiB, 40960 MiB, 0 %
7, 4 MiB, 40960 MiB, 0 %
2026-07-14T11:31:34+00:00
123.65 112.21 76.25 10/9741 1203259
0, 7912 MiB, 40960 MiB, 72 %
1, 6669 MiB, 40960 MiB, 70 %
2, 6662 MiB, 40960 MiB, 0 %
3, 6662 MiB, 40960 MiB, 82 %
4, 5258 MiB, 40960 MiB, 99 %
5, 4 MiB, 40960 MiB, 0 %
6, 31023 MiB, 40960 MiB, 0 %
7, 4 MiB, 40960 MiB, 0 %
2026-07-14T11:31:39+00:00
114.39 110.48 75.88 11/9187 1203861
0, 7912 MiB, 40960 MiB, 72 %
1, 6054 MiB, 40960 MiB, 0 %
2, 6045 MiB, 40960 MiB, 0 %
3, 6045 MiB, 40960 MiB, 0 %
4, 5258 MiB, 40960 MiB, 99 %
5, 4 MiB, 40960 MiB, 0 %
6, 31023 MiB, 40960 MiB, 0 %
7, 4 MiB, 40960 MiB, 0 %
2026-07-14T11:31:44+00:00
106.11 108.83 75.53 9/9176 1203869
0, 7912 MiB, 40960 MiB, 73 %
1, 6054 MiB, 40960 MiB, 0 %
2, 6045 MiB, 40960 MiB, 0 %
3, 6045 MiB, 40960 MiB, 0 %
4, 5258 MiB, 40960 MiB, 99 %
5, 4 MiB, 40960 MiB, 0 %
6, 31025 MiB, 40960 MiB, 96 %
7, 4 MiB, 40960 MiB, 0 %
2026-07-14T11:31:49+00:00
98.49 107.20 75.19 15/9175 1203880
0, 7912 MiB, 40960 MiB, 81 %
1, 6054 MiB, 40960 MiB, 0 %
2, 6045 MiB, 40960 MiB, 0 %
3, 6045 MiB, 40960 MiB, 0 %
4, 5258 MiB, 40960 MiB, 99 %
5, 4 MiB, 40960 MiB, 0 %
6, 31025 MiB, 40960 MiB, 97 %
7, 4 MiB, 40960 MiB, 0 %
2026-07-14T11:31:54+00:00
91.65 105.64 74.85 10/9046 1204237
0, 7324 MiB, 40960 MiB, 11 %
1, 6054 MiB, 40960 MiB, 0 %
2, 6045 MiB, 40960 MiB, 0 %
3, 6045 MiB, 40960 MiB, 0 %
4, 5258 MiB, 40960 MiB, 99 %
5, 4 MiB, 40960 MiB, 0 %
6, 31025 MiB, 40960 MiB, 60 %
7, 4 MiB, 40960 MiB, 0 %
2026-07-14T11:31:59+00:00
85.19 104.07 74.51 10/9046 1204249
0, 7324 MiB, 40960 MiB, 10 %
1, 6054 MiB, 40960 MiB, 0 %
2, 6045 MiB, 40960 MiB, 0 %
3, 6045 MiB, 40960 MiB, 0 %
4, 5258 MiB, 40960 MiB, 99 %
5, 4 MiB, 40960 MiB, 0 %
6, 31025 MiB, 40960 MiB, 60 %
7, 4 MiB, 40960 MiB, 0 %
2026-07-14T11:32:04+00:00
79.73 102.62 74.20 16/9046 1204257
0, 7324 MiB, 40960 MiB, 11 %
1, 6054 MiB, 40960 MiB, 0 %
2, 6045 MiB, 40960 MiB, 0 %
3, 6045 MiB, 40960 MiB, 0 %
4, 5258 MiB, 40960 MiB, 99 %
5, 4 MiB, 40960 MiB, 0 %
6, 31025 MiB, 40960 MiB, 61 %
7, 4 MiB, 40960 MiB, 0 %
2026-07-14T11:32:10+00:00
74.06 101.07 73.85 24/9043 1204268
0, 7324 MiB, 40960 MiB, 11 %
1, 6054 MiB, 40960 MiB, 0 %
2, 6045 MiB, 40960 MiB, 0 %
3, 6045 MiB, 40960 MiB, 0 %
4, 5258 MiB, 40960 MiB, 99 %
5, 4 MiB, 40960 MiB, 0 %
6, 32113 MiB, 40960 MiB, 65 %
7, 4 MiB, 40960 MiB, 0 %
2026-07-14T11:32:15+00:00
69.09 99.59 73.52 12/8747 1204298
0, 6730 MiB, 40960 MiB, 12 %
1, 6051 MiB, 40960 MiB, 0 %
2, 6042 MiB, 40960 MiB, 0 %
3, 6042 MiB, 40960 MiB, 0 %
4, 5255 MiB, 40960 MiB, 99 %
5, 0 MiB, 40960 MiB, 0 %
6, 32112 MiB, 40960 MiB, 40 %
7, 0 MiB, 40960 MiB, 0 %
2026-07-14T11:32:20+00:00
64.28 98.08 73.17 143/8740 1204615
0, 6730 MiB, 40960 MiB, 13 %
1, 6051 MiB, 40960 MiB, 0 %
2, 6042 MiB, 40960 MiB, 0 %
3, 6042 MiB, 40960 MiB, 0 %
4, 5255 MiB, 40960 MiB, 99 %
5, 0 MiB, 40960 MiB, 0 %
6, 32112 MiB, 40960 MiB, 51 %
7, 0 MiB, 40960 MiB, 0 %
2026-07-14T11:32:25+00:00
60.33 96.70 72.86 8/8740 1204778
0, 6730 MiB, 40960 MiB, 15 %
1, 6051 MiB, 40960 MiB, 0 %
2, 6042 MiB, 40960 MiB, 0 %
3, 6042 MiB, 40960 MiB, 0 %
4, 5255 MiB, 40960 MiB, 99 %
5, 0 MiB, 40960 MiB, 0 %
6, 33204 MiB, 40960 MiB, 0 %
7, 0 MiB, 40960 MiB, 0 %
2026-07-14T11:32:30+00:00
56.22 95.25 72.52 10/8739 1204786
0, 6730 MiB, 40960 MiB, 15 %
1, 6051 MiB, 40960 MiB, 0 %
2, 6042 MiB, 40960 MiB, 0 %
3, 6042 MiB, 40960 MiB, 0 %
4, 5255 MiB, 40960 MiB, 99 %
5, 0 MiB, 40960 MiB, 0 %
6, 33204 MiB, 40960 MiB, 0 %
7, 0 MiB, 40960 MiB, 0 %
2026-07-14T11:32:35+00:00
52.60 93.85 72.18 138/8739 1204945
0, 6730 MiB, 40960 MiB, 14 %
1, 6051 MiB, 40960 MiB, 0 %
2, 6042 MiB, 40960 MiB, 0 %
3, 6042 MiB, 40960 MiB, 0 %
4, 5255 MiB, 40960 MiB, 98 %
5, 0 MiB, 40960 MiB, 0 %
6, 33204 MiB, 40960 MiB, 0 %
7, 0 MiB, 40960 MiB, 0 %
2026-07-14T11:32:41+00:00
49.27 92.47 71.86 138/8744 1204971
0, 6730 MiB, 40960 MiB, 15 %
1, 6051 MiB, 40960 MiB, 0 %
2, 6053 MiB, 40960 MiB, 0 %
3, 6042 MiB, 40960 MiB, 0 %
4, 5255 MiB, 40960 MiB, 99 %
5, 0 MiB, 40960 MiB, 0 %
6, 33204 MiB, 40960 MiB, 0 %
7, 0 MiB, 40960 MiB, 0 %
2026-07-14T11:32:46+00:00
46.37 91.15 71.54 11/8730 1205378
0, 6730 MiB, 40960 MiB, 14 %
1, 6051 MiB, 40960 MiB, 0 %
2, 6042 MiB, 40960 MiB, 0 %
3, 6042 MiB, 40960 MiB, 0 %
4, 5255 MiB, 40960 MiB, 98 %
5, 0 MiB, 40960 MiB, 0 %
6, 33204 MiB, 40960 MiB, 50 %
7, 0 MiB, 40960 MiB, 0 %
2026-07-14T11:32:51+00:00
43.53 89.82 71.21 10/8863 1205532
0, 6730 MiB, 40960 MiB, 15 %
1, 6051 MiB, 40960 MiB, 0 %
2, 6042 MiB, 40960 MiB, 0 %
3, 6042 MiB, 40960 MiB, 0 %
4, 5255 MiB, 40960 MiB, 98 %
5, 0 MiB, 40960 MiB, 0 %
6, 33204 MiB, 40960 MiB, 100 %
7, 0 MiB, 40960 MiB, 0 %
2026-07-14T11:32:56+00:00
40.85 88.50 70.88 10/8994 1205674
0, 6799 MiB, 40960 MiB, 11 %
1, 6051 MiB, 40960 MiB, 0 %
2, 6421 MiB, 40960 MiB, 0 %
3, 6042 MiB, 40960 MiB, 0 %
4, 5255 MiB, 40960 MiB, 99 %
5, 0 MiB, 40960 MiB, 0 %
6, 33204 MiB, 40960 MiB, 100 %
7, 0 MiB, 40960 MiB, 0 %
2026-07-14T11:33:01+00:00
39.90 87.51 70.66 19/9166 1205866
0, 10253 MiB, 40960 MiB, 57 %
1, 6152 MiB, 40960 MiB, 0 %
2, 6704 MiB, 40960 MiB, 99 %
3, 6042 MiB, 40960 MiB, 0 %
4, 5255 MiB, 40960 MiB, 99 %
5, 0 MiB, 40960 MiB, 0 %
6, 33204 MiB, 40960 MiB, 81 %
7, 0 MiB, 40960 MiB, 0 %
2026-07-14T11:33:06+00:00
37.58 86.24 70.34 17/9302 1206019
0, 10423 MiB, 40960 MiB, 98 %
1, 5824 MiB, 40960 MiB, 57 %
2, 5937 MiB, 40960 MiB, 99 %
3, 6042 MiB, 40960 MiB, 2 %
4, 5255 MiB, 40960 MiB, 99 %
5, 0 MiB, 40960 MiB, 0 %
6, 33204 MiB, 40960 MiB, 60 %
7, 0 MiB, 40960 MiB, 0 %
2026-07-14T11:33:11+00:00
33.40 83.74 69.70 19/8670 1206164
0, 10411 MiB, 40960 MiB, 99 %
1, 5444 MiB, 40960 MiB, 0 %
2, 5749 MiB, 40960 MiB, 99 %
3, 5735 MiB, 40960 MiB, 38 %
4, 5255 MiB, 40960 MiB, 99 %
5, 0 MiB, 40960 MiB, 0 %
6, 33204 MiB, 40960 MiB, 60 %
7, 0 MiB, 40960 MiB, 0 %
2026-07-14T11:33:17+00:00
32.25 82.67 69.42 10/8846 1207149
0, 9984 MiB, 40960 MiB, 99 %
1, 563 MiB, 40960 MiB, 0 %
2, 5740 MiB, 40960 MiB, 99 %
3, 5543 MiB, 40960 MiB, 0 %
4, 5255 MiB, 40960 MiB, 99 %
5, 0 MiB, 40960 MiB, 0 %
6, 33204 MiB, 40960 MiB, 97 %
7, 0 MiB, 40960 MiB, 0 %
2026-07-14T11:33:22+00:00
44.72 84.42 70.06 83/8808 1208423
0, 8845 MiB, 40960 MiB, 99 %
1, 1516 MiB, 40960 MiB, 80 %
2, 5740 MiB, 40960 MiB, 99 %
3, 472 MiB, 40960 MiB, 4 %
4, 5255 MiB, 40960 MiB, 99 %
5, 0 MiB, 40960 MiB, 0 %
6, 33204 MiB, 40960 MiB, 0 %
7, 0 MiB, 40960 MiB, 0 %
2026-07-14T11:33:27+00:00
52.27 85.32 70.43 14/8214 1209559
0, 8845 MiB, 40960 MiB, 99 %
1, 5101 MiB, 40960 MiB, 0 %
2, 0 MiB, 40960 MiB, 9 %
3, 1048 MiB, 40960 MiB, 0 %
4, 5255 MiB, 40960 MiB, 99 %
5, 0 MiB, 40960 MiB, 0 %
6, 33204 MiB, 40960 MiB, 59 %
7, 0 MiB, 40960 MiB, 0 %
2026-07-14T11:33:33+00:00
60.02 86.38 70.85 20/8894 1211185
0, 8845 MiB, 40960 MiB, 99 %
1, 5101 MiB, 40960 MiB, 63 %
2, 789 MiB, 40960 MiB, 0 %
3, 5137 MiB, 40960 MiB, 2 %
4, 5255 MiB, 40960 MiB, 99 %
5, 0 MiB, 40960 MiB, 0 %
6, 33204 MiB, 40960 MiB, 60 %
7, 0 MiB, 40960 MiB, 0 %
2026-07-14T11:33:38+00:00
67.62 87.52 71.31 24/9306 1212146
0, 8845 MiB, 40960 MiB, 98 %
1, 5708 MiB, 40960 MiB, 17 %
2, 5062 MiB, 40960 MiB, 99 %
3, 5101 MiB, 40960 MiB, 0 %
4, 5255 MiB, 40960 MiB, 98 %
5, 0 MiB, 40960 MiB, 0 %
6, 33204 MiB, 40960 MiB, 56 %
7, 0 MiB, 40960 MiB, 0 %
2026-07-14T11:33:43+00:00
64.29 86.50 71.06 11/9181 1212563
0, 8845 MiB, 40960 MiB, 99 %
1, 4945 MiB, 40960 MiB, 0 %
2, 5101 MiB, 40960 MiB, 0 %
3, 5110 MiB, 40960 MiB, 0 %
4, 5255 MiB, 40960 MiB, 99 %
5, 0 MiB, 40960 MiB, 0 %
6, 33204 MiB, 40960 MiB, 61 %
7, 0 MiB, 40960 MiB, 0 %
2026-07-14T11:33:48+00:00
61.06 85.46 70.81 11/8974 1213153
0, 8845 MiB, 40960 MiB, 99 %
1, 161 MiB, 40960 MiB, 1 %
2, 5101 MiB, 40960 MiB, 2 %
3, 5703 MiB, 40960 MiB, 2 %
4, 5255 MiB, 40960 MiB, 99 %
5, 0 MiB, 40960 MiB, 0 %
6, 33204 MiB, 40960 MiB, 61 %
7, 0 MiB, 40960 MiB, 0 %
2026-07-14T11:33:54+00:00
57.06 84.22 70.49 153/7857 1214656
0, 701 MiB, 40960 MiB, 11 %
1, 1012 MiB, 40960 MiB, 0 %
2, 6246 MiB, 40960 MiB, 53 %
3, 4943 MiB, 40960 MiB, 0 %
4, 5255 MiB, 40960 MiB, 99 %
5, 0 MiB, 40960 MiB, 0 %
6, 33204 MiB, 40960 MiB, 0 %
7, 0 MiB, 40960 MiB, 0 %
2026-07-14T11:33:59+00:00
64.50 85.32 70.92 148/8562 1216695
0, 1234 MiB, 40960 MiB, 15 %
1, 5062 MiB, 40960 MiB, 93 %
2, 6047 MiB, 40960 MiB, 99 %
3, 543 MiB, 40960 MiB, 0 %
4, 5255 MiB, 40960 MiB, 99 %
5, 0 MiB, 40960 MiB, 0 %
6, 33204 MiB, 40960 MiB, 35 %
7, 0 MiB, 40960 MiB, 0 %
2026-07-14T11:34:04+00:00
70.38 86.19 71.28 105/9207 1218409
0, 5147 MiB, 40960 MiB, 30 %
1, 5101 MiB, 40960 MiB, 0 %
2, 5338 MiB, 40960 MiB, 99 %
3, 4448 MiB, 40960 MiB, 74 %
4, 5255 MiB, 40960 MiB, 99 %
5, 0 MiB, 40960 MiB, 0 %
6, 33204 MiB, 40960 MiB, 34 %
7, 0 MiB, 40960 MiB, 0 %
2026-07-14T11:34:09+00:00
65.47 84.91 70.94 12/8982 1218874
0, 5789 MiB, 40960 MiB, 11 %
1, 5101 MiB, 40960 MiB, 0 %
2, 5330 MiB, 40960 MiB, 98 %
3, 5106 MiB, 40960 MiB, 0 %
4, 5255 MiB, 40960 MiB, 98 %
5, 0 MiB, 40960 MiB, 0 %
6, 33204 MiB, 40960 MiB, 68 %
7, 0 MiB, 40960 MiB, 0 %
2026-07-14T11:34:14+00:00
61.03 83.67 70.61 11/9244 1219157
0, 5789 MiB, 40960 MiB, 13 %
1, 5385 MiB, 40960 MiB, 0 %
2, 5326 MiB, 40960 MiB, 98 %
3, 5106 MiB, 40960 MiB, 91 %
4, 5255 MiB, 40960 MiB, 99 %
5, 0 MiB, 40960 MiB, 0 %
6, 33204 MiB, 40960 MiB, 61 %
7, 0 MiB, 40960 MiB, 0 %
2026-07-14T11:34:19+00:00
57.34 82.53 70.32 15/9382 1219315
0, 6106 MiB, 40960 MiB, 13 %
1, 6589 MiB, 40960 MiB, 89 %
2, 5326 MiB, 40960 MiB, 98 %
3, 5928 MiB, 40960 MiB, 99 %
4, 5255 MiB, 40960 MiB, 99 %
5, 0 MiB, 40960 MiB, 0 %
6, 33204 MiB, 40960 MiB, 61 %
7, 0 MiB, 40960 MiB, 0 %
2026-07-14T11:34:24+00:00
53.71 81.36 70.00 11/8670 1219609
0, 9308 MiB, 40960 MiB, 9 %
1, 6416 MiB, 40960 MiB, 82 %
2, 0 MiB, 40960 MiB, 0 %
3, 5793 MiB, 40960 MiB, 98 %
4, 5255 MiB, 40960 MiB, 98 %
5, 0 MiB, 40960 MiB, 0 %
6, 33204 MiB, 40960 MiB, 61 %
7, 0 MiB, 40960 MiB, 0 %
2026-07-14T11:34:29+00:00
52.85 80.72 69.86 62/8952 1220571
0, 9840 MiB, 40960 MiB, 99 %
1, 6417 MiB, 40960 MiB, 76 %
2, 780 MiB, 40960 MiB, 0 %
3, 5028 MiB, 40960 MiB, 98 %
4, 5255 MiB, 40960 MiB, 99 %
5, 0 MiB, 40960 MiB, 0 %
6, 33204 MiB, 40960 MiB, 60 %
7, 0 MiB, 40960 MiB, 0 %
2026-07-14T11:34:35+00:00
49.58 79.58 69.55 15/9606 1221494
0, 10012 MiB, 40960 MiB, 100 %
1, 5958 MiB, 40960 MiB, 73 %
2, 5046 MiB, 40960 MiB, 97 %
3, 5017 MiB, 40960 MiB, 98 %
4, 5255 MiB, 40960 MiB, 99 %
5, 0 MiB, 40960 MiB, 0 %
6, 33204 MiB, 40960 MiB, 0 %
7, 0 MiB, 40960 MiB, 0 %
2026-07-14T11:34:40+00:00
46.41 78.42 69.23 13/9468 1221788
0, 8026 MiB, 40960 MiB, 99 %
1, 5880 MiB, 40960 MiB, 71 %
2, 5101 MiB, 40960 MiB, 0 %
3, 5017 MiB, 40960 MiB, 98 %
4, 5255 MiB, 40960 MiB, 99 %
5, 0 MiB, 40960 MiB, 0 %
6, 33204 MiB, 40960 MiB, 0 %
7, 0 MiB, 40960 MiB, 0 %
2026-07-14T11:34:45+00:00
45.58 77.72 69.05 10/9420 1222525
0, 8020 MiB, 40960 MiB, 99 %
1, 5871 MiB, 40960 MiB, 69 %
2, 5101 MiB, 40960 MiB, 23 %
3, 0 MiB, 40960 MiB, 0 %
4, 5255 MiB, 40960 MiB, 99 %
5, 0 MiB, 40960 MiB, 0 %
6, 33204 MiB, 40960 MiB, 0 %
7, 0 MiB, 40960 MiB, 0 %
2026-07-14T11:34:50+00:00
42.81 76.61 68.73 21/9734 1223622
0, 8020 MiB, 40960 MiB, 99 %
1, 5871 MiB, 40960 MiB, 72 %
2, 6022 MiB, 40960 MiB, 0 %
3, 789 MiB, 40960 MiB, 0 %
4, 5255 MiB, 40960 MiB, 99 %
5, 0 MiB, 40960 MiB, 0 %
6, 33204 MiB, 40960 MiB, 0 %
7, 0 MiB, 40960 MiB, 0 %
2026-07-14T11:34:55+00:00
40.10 75.49 68.41 11/10146 1224310
0, 8020 MiB, 40960 MiB, 99 %
1, 5871 MiB, 40960 MiB, 73 %
2, 5790 MiB, 40960 MiB, 99 %
3, 5102 MiB, 40960 MiB, 99 %
4, 5255 MiB, 40960 MiB, 99 %
5, 0 MiB, 40960 MiB, 0 %
6, 33204 MiB, 40960 MiB, 0 %
7, 0 MiB, 40960 MiB, 0 %
2026-07-14T11:35:01+00:00
37.93 74.45 68.12 10/10015 1224622
0, 8020 MiB, 40960 MiB, 99 %
1, 5871 MiB, 40960 MiB, 67 %
2, 5028 MiB, 40960 MiB, 99 %
3, 5101 MiB, 40960 MiB, 0 %
4, 5255 MiB, 40960 MiB, 98 %
5, 0 MiB, 40960 MiB, 0 %
6, 33204 MiB, 40960 MiB, 0 %
7, 0 MiB, 40960 MiB, 0 %
2026-07-14T11:35:06+00:00
38.42 73.94 67.99 10/9492 1224903
0, 8020 MiB, 40960 MiB, 8 %
1, 0 MiB, 40960 MiB, 0 %
2, 5017 MiB, 40960 MiB, 99 %
3, 5101 MiB, 40960 MiB, 0 %
4, 5255 MiB, 40960 MiB, 98 %
5, 0 MiB, 40960 MiB, 0 %
6, 33204 MiB, 40960 MiB, 0 %
7, 0 MiB, 40960 MiB, 0 %
2026-07-14T11:35:11+00:00
36.30 72.91 67.68 14/9668 1226015
0, 8020 MiB, 40960 MiB, 8 %
1, 588 MiB, 40960 MiB, 0 %
2, 5017 MiB, 40960 MiB, 99 %
3, 5931 MiB, 40960 MiB, 0 %
4, 5255 MiB, 40960 MiB, 99 %
5, 0 MiB, 40960 MiB, 0 %
6, 33204 MiB, 40960 MiB, 0 %
7, 0 MiB, 40960 MiB, 0 %
2026-07-14T11:35:16+00:00
36.36 72.32 67.52 49/9050 1227442
0, 1157 MiB, 40960 MiB, 9 %
1, 4479 MiB, 40960 MiB, 0 %
2, 0 MiB, 40960 MiB, 0 %
3, 5178 MiB, 40960 MiB, 0 %
4, 5255 MiB, 40960 MiB, 99 %
5, 0 MiB, 40960 MiB, 0 %
6, 33204 MiB, 40960 MiB, 0 %
7, 0 MiB, 40960 MiB, 0 %
2026-07-14T11:35:21+00:00
38.25 72.11 67.48 51/9433 1229558
0, 2112 MiB, 40960 MiB, 17 %
1, 5101 MiB, 40960 MiB, 0 %
2, 789 MiB, 40960 MiB, 0 %
3, 4915 MiB, 40960 MiB, 92 %
4, 5255 MiB, 40960 MiB, 99 %
5, 0 MiB, 40960 MiB, 0 %
6, 33204 MiB, 40960 MiB, 0 %
7, 0 MiB, 40960 MiB, 0 %
2026-07-14T11:35:26+00:00
38.07 71.51 67.31 12/10004 1230949
0, 5789 MiB, 40960 MiB, 9 %
1, 5101 MiB, 40960 MiB, 0 %
2, 5102 MiB, 40960 MiB, 99 %
3, 4915 MiB, 40960 MiB, 0 %
4, 5255 MiB, 40960 MiB, 99 %
5, 0 MiB, 40960 MiB, 0 %
6, 33204 MiB, 40960 MiB, 0 %
7, 0 MiB, 40960 MiB, 0 %
2026-07-14T11:35:31+00:00
34.04 69.55 66.72 11/8612 1231443
0, 5789 MiB, 40960 MiB, 12 %
1, 5499 MiB, 40960 MiB, 0 %
2, 5101 MiB, 40960 MiB, 0 %
3, 77 MiB, 40960 MiB, 5 %
4, 5255 MiB, 40960 MiB, 99 %
5, 0 MiB, 40960 MiB, 0 %
6, 33204 MiB, 40960 MiB, 0 %
7, 0 MiB, 40960 MiB, 0 %
2026-07-14T11:35:37+00:00
32.11 68.56 66.41 12/7702 1232835
0, 5789 MiB, 40960 MiB, 14 %
1, 6050 MiB, 40960 MiB, 99 %
2, 5101 MiB, 40960 MiB, 0 %
3, 812 MiB, 40960 MiB, 0 %
4, 5255 MiB, 40960 MiB, 98 %
5, 0 MiB, 40960 MiB, 0 %
6, 9493 MiB, 40960 MiB, 0 %
7, 0 MiB, 40960 MiB, 0 %
2026-07-14T11:35:42+00:00
30.26 67.57 66.10 12/8025 1233566
0, 6063 MiB, 40960 MiB, 11 %
1, 5546 MiB, 40960 MiB, 75 %
2, 5525 MiB, 40960 MiB, 0 %
3, 5106 MiB, 40960 MiB, 0 %
4, 5255 MiB, 40960 MiB, 99 %
5, 0 MiB, 40960 MiB, 0 %
6, 9493 MiB, 40960 MiB, 0 %
7, 0 MiB, 40960 MiB, 0 %
2026-07-14T11:35:47+00:00
29.28 66.75 65.84 12/7913 1233719
0, 5604 MiB, 40960 MiB, 84 %
1, 5330 MiB, 40960 MiB, 98 %
2, 6527 MiB, 40960 MiB, 62 %
3, 5106 MiB, 40960 MiB, 0 %
4, 5255 MiB, 40960 MiB, 98 %
5, 0 MiB, 40960 MiB, 0 %
6, 0 MiB, 40960 MiB, 0 %
7, 0 MiB, 40960 MiB, 0 %
2026-07-14T11:35:52+00:00
27.81 65.83 65.55 9/7470 1234241
0, 692 MiB, 40960 MiB, 11 %
1, 5326 MiB, 40960 MiB, 99 %
2, 6475 MiB, 40960 MiB, 2 %
3, 5158 MiB, 40960 MiB, 5 %
4, 5255 MiB, 40960 MiB, 99 %
5, 0 MiB, 40960 MiB, 0 %
6, 0 MiB, 40960 MiB, 0 %
7, 0 MiB, 40960 MiB, 0 %
2026-07-14T11:35:58+00:00
26.63 64.95 65.27 42/8286 1235778
0, 1471 MiB, 40960 MiB, 12 %
1, 5326 MiB, 40960 MiB, 99 %
2, 5975 MiB, 40960 MiB, 56 %
3, 6506 MiB, 40960 MiB, 44 %
4, 5255 MiB, 40960 MiB, 99 %
5, 0 MiB, 40960 MiB, 0 %
6, 0 MiB, 40960 MiB, 0 %
7, 0 MiB, 40960 MiB, 0 %
2026-07-14T11:36:03+00:00
27.46 64.48 65.12 78/8799 1238394
0, 5755 MiB, 40960 MiB, 99 %
1, 5412 MiB, 40960 MiB, 99 %
2, 5950 MiB, 40960 MiB, 68 %
3, 6411 MiB, 40960 MiB, 73 %
4, 5255 MiB, 40960 MiB, 99 %
5, 0 MiB, 40960 MiB, 0 %
6, 0 MiB, 40960 MiB, 0 %
7, 0 MiB, 40960 MiB, 0 %
2026-07-14T11:36:08+00:00
26.78 63.73 64.87 14/7756 1238884
0, 5799 MiB, 40960 MiB, 12 %
1, 0 MiB, 40960 MiB, 0 %
2, 5877 MiB, 40960 MiB, 73 %
3, 6412 MiB, 40960 MiB, 71 %
4, 5255 MiB, 40960 MiB, 99 %
5, 0 MiB, 40960 MiB, 0 %
6, 4 MiB, 40960 MiB, 0 %
7, 0 MiB, 40960 MiB, 0 %
2026-07-14T11:36:13+00:00
26.08 62.97 64.62 18/8408 1240214
0, 5808 MiB, 40960 MiB, 10 %
1, 789 MiB, 40960 MiB, 0 %
2, 5871 MiB, 40960 MiB, 73 %
3, 6158 MiB, 40960 MiB, 75 %
4, 5255 MiB, 40960 MiB, 99 %
5, 0 MiB, 40960 MiB, 0 %
6, 4 MiB, 40960 MiB, 0 %
7, 0 MiB, 40960 MiB, 0 %
2026-07-14T11:36:19+00:00
26.95 62.54 64.47 14/8893 1241102
0, 5651 MiB, 40960 MiB, 74 %
1, 5062 MiB, 40960 MiB, 99 %
2, 5871 MiB, 40960 MiB, 71 %
3, 5878 MiB, 40960 MiB, 75 %
4, 5255 MiB, 40960 MiB, 98 %
5, 0 MiB, 40960 MiB, 0 %
6, 4 MiB, 40960 MiB, 0 %
7, 0 MiB, 40960 MiB, 0 %
2026-07-14T11:36:24+00:00
26.07 61.77 64.21 20/8190 1241466
0, 692 MiB, 40960 MiB, 8 %
1, 5101 MiB, 40960 MiB, 0 %
2, 5871 MiB, 40960 MiB, 0 %
3, 5867 MiB, 40960 MiB, 26 %
4, 5255 MiB, 40960 MiB, 98 %
5, 0 MiB, 40960 MiB, 0 %
6, 445 MiB, 40960 MiB, 0 %
7, 0 MiB, 40960 MiB, 0 %
2026-07-14T11:36:29+00:00
25.75 61.10 63.98 13/8653 1242617
0, 1488 MiB, 40960 MiB, 11 %
1, 5101 MiB, 40960 MiB, 2 %
2, 5871 MiB, 40960 MiB, 68 %
3, 5867 MiB, 40960 MiB, 73 %
4, 5255 MiB, 40960 MiB, 99 %
5, 0 MiB, 40960 MiB, 0 %
6, 22245 MiB, 40960 MiB, 0 %
7, 0 MiB, 40960 MiB, 0 %
2026-07-14T11:36:34+00:00
25.93 60.55 63.79 18/8365 1243515
0, 5745 MiB, 40960 MiB, 93 %
1, 5709 MiB, 40960 MiB, 11 %
2, 20 MiB, 40960 MiB, 1 %
3, 5866 MiB, 40960 MiB, 70 %
4, 5255 MiB, 40960 MiB, 99 %
5, 0 MiB, 40960 MiB, 0 %
6, 22245 MiB, 40960 MiB, 0 %
7, 0 MiB, 40960 MiB, 0 %
2026-07-14T11:36:40+00:00
27.86 60.38 63.71 12/8354 1244842
0, 5791 MiB, 40960 MiB, 11 %
1, 4910 MiB, 40960 MiB, 0 %
2, 803 MiB, 40960 MiB, 0 %
3, 5866 MiB, 40960 MiB, 74 %
4, 5255 MiB, 40960 MiB, 99 %
5, 0 MiB, 40960 MiB, 0 %
6, 22245 MiB, 40960 MiB, 0 %
7, 0 MiB, 40960 MiB, 0 %
2026-07-14T11:36:45+00:00
26.51 59.56 63.43 15/8494 1246600
0, 5791 MiB, 40960 MiB, 17 %
1, 543 MiB, 40960 MiB, 0 %
2, 5102 MiB, 40960 MiB, 99 %
3, 5923 MiB, 40960 MiB, 0 %
4, 5255 MiB, 40960 MiB, 99 %
5, 0 MiB, 40960 MiB, 0 %
6, 22407 MiB, 40960 MiB, 0 %
7, 0 MiB, 40960 MiB, 0 %
2026-07-14T11:36:50+00:00
29.75 59.68 63.45 48/8157 1247738
0, 6349 MiB, 40960 MiB, 14 %
1, 1516 MiB, 40960 MiB, 48 %
2, 5101 MiB, 40960 MiB, 0 %
3, 127 MiB, 40960 MiB, 3 %
4, 5255 MiB, 40960 MiB, 99 %
5, 0 MiB, 40960 MiB, 0 %
6, 23528 MiB, 40960 MiB, 0 %
7, 0 MiB, 40960 MiB, 0 %
2026-07-14T11:36:55+00:00
31.05 59.46 63.35 10/8535 1249051
0, 7757 MiB, 40960 MiB, 97 %
1, 5106 MiB, 40960 MiB, 0 %
2, 5101 MiB, 40960 MiB, 100 %
3, 1057 MiB, 40960 MiB, 0 %
4, 5255 MiB, 40960 MiB, 99 %
5, 0 MiB, 40960 MiB, 0 %
6, 25092 MiB, 40960 MiB, 0 %
7, 0 MiB, 40960 MiB, 0 %
2026-07-14T11:37:01+00:00
31.13 59.00 63.19 9/8919 1249859
0, 6175 MiB, 40960 MiB, 96 %
1, 5106 MiB, 40960 MiB, 100 %
2, 6186 MiB, 40960 MiB, 0 %
3, 5101 MiB, 40960 MiB, 0 %
4, 5255 MiB, 40960 MiB, 98 %
5, 0 MiB, 40960 MiB, 0 %
6, 25092 MiB, 40960 MiB, 0 %
7, 0 MiB, 40960 MiB, 0 %
2026-07-14T11:37:06+00:00
29.52 58.20 62.90 16/8917 1249874
0, 6172 MiB, 40960 MiB, 96 %
1, 5974 MiB, 40960 MiB, 74 %
2, 6047 MiB, 40960 MiB, 99 %
3, 5101 MiB, 40960 MiB, 0 %
4, 5255 MiB, 40960 MiB, 99 %
5, 0 MiB, 40960 MiB, 0 %
6, 25092 MiB, 40960 MiB, 0 %
7, 0 MiB, 40960 MiB, 0 %
2026-07-14T11:37:11+00:00
28.03 57.42 62.63 19/8404 1250290
0, 692 MiB, 40960 MiB, 9 %
1, 4907 MiB, 40960 MiB, 55 %
2, 5519 MiB, 40960 MiB, 73 %
3, 5406 MiB, 40960 MiB, 0 %
4, 5255 MiB, 40960 MiB, 99 %
5, 0 MiB, 40960 MiB, 0 %
6, 25092 MiB, 40960 MiB, 0 %
7, 0 MiB, 40960 MiB, 0 %
2026-07-14T11:37:16+00:00
26.91 56.70 62.36 14/8593 1251433
0, 1488 MiB, 40960 MiB, 14 %
1, 4907 MiB, 40960 MiB, 0 %
2, 5330 MiB, 40960 MiB, 99 %
3, 5787 MiB, 40960 MiB, 98 %
4, 5255 MiB, 40960 MiB, 99 %
5, 0 MiB, 40960 MiB, 0 %
6, 25092 MiB, 40960 MiB, 0 %
7, 0 MiB, 40960 MiB, 0 %
2026-07-14T11:37:21+00:00
25.55 55.92 62.08 35/8539 1252697
0, 5753 MiB, 40960 MiB, 99 %
1, 470 MiB, 40960 MiB, 1 %
2, 5326 MiB, 40960 MiB, 99 %
3, 5189 MiB, 40960 MiB, 98 %
4, 5255 MiB, 40960 MiB, 99 %
5, 0 MiB, 40960 MiB, 0 %
6, 25092 MiB, 40960 MiB, 0 %
7, 0 MiB, 40960 MiB, 0 %
2026-07-14T11:37:26+00:00
25.91 55.49 61.91 39/8820 1253779
0, 5797 MiB, 40960 MiB, 11 %
1, 1223 MiB, 40960 MiB, 0 %
2, 5326 MiB, 40960 MiB, 99 %
3, 5017 MiB, 40960 MiB, 98 %
4, 5255 MiB, 40960 MiB, 99 %
5, 0 MiB, 40960 MiB, 0 %
6, 25092 MiB, 40960 MiB, 0 %
7, 0 MiB, 40960 MiB, 0 %
2026-07-14T11:37:32+00:00
25.00 54.34 61.47 10/8009 1254437
0, 5797 MiB, 40960 MiB, 10 %
1, 5101 MiB, 40960 MiB, 0 %
2, 0 MiB, 40960 MiB, 5 %
3, 5020 MiB, 40960 MiB, 0 %
4, 5255 MiB, 40960 MiB, 98 %
5, 0 MiB, 40960 MiB, 0 %
6, 25092 MiB, 40960 MiB, 0 %
7, 0 MiB, 40960 MiB, 0 %
2026-07-14T11:37:37+00:00
26.37 54.13 61.36 12/8170 1256254
0, 6211 MiB, 40960 MiB, 15 %
1, 5101 MiB, 40960 MiB, 0 %
2, 588 MiB, 40960 MiB, 0 %
3, 543 MiB, 40960 MiB, 1 %
4, 5255 MiB, 40960 MiB, 99 %
5, 0 MiB, 40960 MiB, 0 %
6, 25092 MiB, 40960 MiB, 0 %
7, 0 MiB, 40960 MiB, 0 %
2026-07-14T11:37:42+00:00
31.14 54.66 61.49 28/9065 1257947
0, 7334 MiB, 40960 MiB, 88 %
1, 5415 MiB, 40960 MiB, 0 %
2, 5052 MiB, 40960 MiB, 65 %
3, 4456 MiB, 40960 MiB, 71 %
4, 5255 MiB, 40960 MiB, 99 %
5, 0 MiB, 40960 MiB, 0 %
6, 25092 MiB, 40960 MiB, 0 %
7, 0 MiB, 40960 MiB, 0 %
2026-07-14T11:37:47+00:00
29.93 54.02 61.25 9/8807 1258224
0, 7094 MiB, 40960 MiB, 82 %
1, 5790 MiB, 40960 MiB, 99 %
2, 5101 MiB, 40960 MiB, 0 %
3, 5101 MiB, 40960 MiB, 0 %
4, 5255 MiB, 40960 MiB, 98 %
5, 0 MiB, 40960 MiB, 0 %
6, 25092 MiB, 40960 MiB, 0 %
7, 0 MiB, 40960 MiB, 0 %
2026-07-14T11:37:52+00:00
28.57 53.34 60.99 15/9068 1258505
0, 7097 MiB, 40960 MiB, 78 %
1, 5034 MiB, 40960 MiB, 97 %
2, 5101 MiB, 40960 MiB, 0 %
3, 5101 MiB, 40960 MiB, 100 %
4, 5255 MiB, 40960 MiB, 99 %
5, 0 MiB, 40960 MiB, 0 %
6, 26354 MiB, 40960 MiB, 1 %
7, 0 MiB, 40960 MiB, 0 %
2026-07-14T11:37:57+00:00
27.17 52.63 60.72 24/9072 1258516
0, 6750 MiB, 40960 MiB, 81 %
1, 5016 MiB, 40960 MiB, 98 %
2, 6219 MiB, 40960 MiB, 0 %
3, 6193 MiB, 40960 MiB, 83 %
4, 5255 MiB, 40960 MiB, 99 %
5, 0 MiB, 40960 MiB, 0 %
6, 27378 MiB, 40960 MiB, 68 %
7, 0 MiB, 40960 MiB, 0 %
2026-07-14T11:38:03+00:00
26.51 52.08 60.50 139/9335 1258790
0, 6570 MiB, 40960 MiB, 74 %
1, 5016 MiB, 40960 MiB, 99 %
2, 6416 MiB, 40960 MiB, 76 %
3, 6039 MiB, 40960 MiB, 99 %
4, 5255 MiB, 40960 MiB, 99 %
5, 0 MiB, 40960 MiB, 0 %
6, 28654 MiB, 40960 MiB, 0 %
7, 0 MiB, 40960 MiB, 0 %
2026-07-14T11:38:08+00:00
25.43 51.43 60.24 12/8698 1258932
0, 6557 MiB, 40960 MiB, 77 %
1, 5020 MiB, 40960 MiB, 0 %
2, 6416 MiB, 40960 MiB, 77 %
3, 5508 MiB, 40960 MiB, 98 %
4, 5255 MiB, 40960 MiB, 99 %
5, 0 MiB, 40960 MiB, 0 %
6, 28664 MiB, 40960 MiB, 53 %
7, 0 MiB, 40960 MiB, 0 %
2026-07-14T11:38:13+00:00
35.16 53.01 60.71 14/8993 1259770
0, 6552 MiB, 40960 MiB, 78 %
1, 543 MiB, 40960 MiB, 0 %
2, 5904 MiB, 40960 MiB, 72 %
3, 5407 MiB, 40960 MiB, 98 %
4, 5255 MiB, 40960 MiB, 98 %
5, 0 MiB, 40960 MiB, 0 %
6, 28664 MiB, 40960 MiB, 61 %
7, 0 MiB, 40960 MiB, 0 %
2026-07-14T11:38:18+00:00
33.95 52.46 60.49 33/9252 1260560
0, 6550 MiB, 40960 MiB, 89 %
1, 1430 MiB, 40960 MiB, 6 %
2, 5887 MiB, 40960 MiB, 69 %
3, 5403 MiB, 40960 MiB, 99 %
4, 5255 MiB, 40960 MiB, 99 %
5, 0 MiB, 40960 MiB, 0 %
6, 28664 MiB, 40960 MiB, 100 %
7, 0 MiB, 40960 MiB, 0 %
2026-07-14T11:38:23+00:00
32.35 51.83 60.24 14/9225 1260956
0, 6608 MiB, 40960 MiB, 75 %
1, 5106 MiB, 40960 MiB, 0 %
2, 5874 MiB, 40960 MiB, 74 %
3, 5318 MiB, 40960 MiB, 98 %
4, 5255 MiB, 40960 MiB, 98 %
5, 0 MiB, 40960 MiB, 0 %
6, 28672 MiB, 40960 MiB, 63 %
7, 0 MiB, 40960 MiB, 0 %
2026-07-14T11:38:28+00:00
30.48 51.11 59.96 11/8563 1261107
0, 6608 MiB, 40960 MiB, 80 %
1, 5106 MiB, 40960 MiB, 13 %
2, 5871 MiB, 40960 MiB, 0 %
3, 0 MiB, 40960 MiB, 14 %
4, 5255 MiB, 40960 MiB, 98 %
5, 0 MiB, 40960 MiB, 0 %
6, 28672 MiB, 40960 MiB, 61 %
7, 0 MiB, 40960 MiB, 0 %
2026-07-14T11:38:34+00:00
42.46 53.25 60.61 19/8370 1262469
0, 6609 MiB, 40960 MiB, 10 %
1, 6026 MiB, 40960 MiB, 0 %
2, 5871 MiB, 40960 MiB, 73 %
3, 543 MiB, 40960 MiB, 0 %
4, 5255 MiB, 40960 MiB, 99 %
5, 0 MiB, 40960 MiB, 0 %
6, 28676 MiB, 40960 MiB, 63 %
7, 0 MiB, 40960 MiB, 0 %
2026-07-14T11:38:39+00:00
40.50 52.67 60.38 142/8928 1263964
0, 1234 MiB, 40960 MiB, 13 %
1, 5786 MiB, 40960 MiB, 99 %
2, 5871 MiB, 40960 MiB, 67 %
3, 1516 MiB, 40960 MiB, 55 %
4, 5255 MiB, 40960 MiB, 99 %
5, 0 MiB, 40960 MiB, 0 %
6, 28676 MiB, 40960 MiB, 0 %
7, 0 MiB, 40960 MiB, 0 %
2026-07-14T11:38:44+00:00
50.15 54.47 60.92 175/8853 1265228
0, 2208 MiB, 40960 MiB, 50 %
1, 5189 MiB, 40960 MiB, 0 %
2, 5929 MiB, 40960 MiB, 0 %
3, 5101 MiB, 40960 MiB, 0 %
4, 5255 MiB, 40960 MiB, 99 %
5, 0 MiB, 40960 MiB, 0 %
6, 28676 MiB, 40960 MiB, 0 %
7, 0 MiB, 40960 MiB, 0 %
2026-07-14T11:38:49+00:00
47.01 53.75 60.65 81/8106 1266794
0, 5789 MiB, 40960 MiB, 99 %
1, 538 MiB, 40960 MiB, 5 %
2, 291 MiB, 40960 MiB, 7 %
3, 5101 MiB, 40960 MiB, 0 %
4, 5255 MiB, 40960 MiB, 99 %
5, 0 MiB, 40960 MiB, 0 %
6, 28676 MiB, 40960 MiB, 69 %
7, 0 MiB, 40960 MiB, 0 %
2026-07-14T11:38:55+00:00
44.13 53.04 60.38 25/8534 1268434
0, 5789 MiB, 40960 MiB, 13 %
1, 1516 MiB, 40960 MiB, 1 %
2, 1012 MiB, 40960 MiB, 0 %
3, 5101 MiB, 40960 MiB, 0 %
4, 5255 MiB, 40960 MiB, 99 %
5, 0 MiB, 40960 MiB, 0 %
6, 28676 MiB, 40960 MiB, 62 %
7, 0 MiB, 40960 MiB, 0 %
2026-07-14T11:39:00+00:00
44.60 52.99 60.33 18/8850 1269448
0, 5789 MiB, 40960 MiB, 14 %
1, 5101 MiB, 40960 MiB, 0 %
2, 5154 MiB, 40960 MiB, 15 %
3, 5927 MiB, 40960 MiB, 29 %
4, 5255 MiB, 40960 MiB, 99 %
5, 0 MiB, 40960 MiB, 0 %
6, 28676 MiB, 40960 MiB, 77 %
7, 0 MiB, 40960 MiB, 0 %
2026-07-14T11:39:05+00:00
52.08 54.40 60.75 17/8972 1269727
0, 6577 MiB, 40960 MiB, 11 %
1, 5101 MiB, 40960 MiB, 0 %
2, 5101 MiB, 40960 MiB, 0 %
3, 5504 MiB, 40960 MiB, 83 %
4, 5255 MiB, 40960 MiB, 99 %
5, 0 MiB, 40960 MiB, 0 %
6, 28676 MiB, 40960 MiB, 61 %
7, 0 MiB, 40960 MiB, 0 %
2026-07-14T11:39:10+00:00
49.35 53.79 60.52 18/8492 1270177
0, 5604 MiB, 40960 MiB, 87 %
1, 5101 MiB, 40960 MiB, 0 %
2, 5101 MiB, 40960 MiB, 0 %
3, 0 MiB, 40960 MiB, 0 %
4, 5255 MiB, 40960 MiB, 99 %
5, 0 MiB, 40960 MiB, 0 %
6, 28676 MiB, 40960 MiB, 62 %
7, 0 MiB, 40960 MiB, 0 %
2026-07-14T11:39:15+00:00
56.85 55.27 60.96 31/8138 1271270
0, 692 MiB, 40960 MiB, 11 %
1, 5101 MiB, 40960 MiB, 0 %
2, 5692 MiB, 40960 MiB, 0 %
3, 674 MiB, 40960 MiB, 0 %
4, 5255 MiB, 40960 MiB, 98 %
5, 0 MiB, 40960 MiB, 0 %
6, 28676 MiB, 40960 MiB, 63 %
7, 0 MiB, 40960 MiB, 0 %
2026-07-14T11:39:20+00:00
66.87 57.38 61.61 59/8658 1272983
0, 1471 MiB, 40960 MiB, 11 %
1, 5101 MiB, 40960 MiB, 0 %
2, 4915 MiB, 40960 MiB, 0 %
3, 5062 MiB, 40960 MiB, 99 %
4, 5255 MiB, 40960 MiB, 99 %
5, 0 MiB, 40960 MiB, 0 %
6, 28676 MiB, 40960 MiB, 87 %
7, 0 MiB, 40960 MiB, 0 %
2026-07-14T11:39:26+00:00
62.40 56.61 61.34 63/8658 1274431
0, 5604 MiB, 40960 MiB, 76 %
1, 5101 MiB, 40960 MiB, 0 %
2, 538 MiB, 40960 MiB, 1 %
3, 5106 MiB, 40960 MiB, 0 %
4, 5255 MiB, 40960 MiB, 99 %
5, 0 MiB, 40960 MiB, 0 %
6, 28676 MiB, 40960 MiB, 78 %
7, 0 MiB, 40960 MiB, 0 %
2026-07-14T11:39:31+00:00
58.36 55.87 61.07 27/8803 1275522
0, 5807 MiB, 40960 MiB, 12 %
1, 5101 MiB, 40960 MiB, 0 %
2, 1497 MiB, 40960 MiB, 0 %
3, 5106 MiB, 40960 MiB, 0 %
4, 5255 MiB, 40960 MiB, 99 %
5, 0 MiB, 40960 MiB, 0 %
6, 28676 MiB, 40960 MiB, 100 %
7, 0 MiB, 40960 MiB, 0 %
2026-07-14T11:39:36+00:00
54.81 55.17 60.82 10/8910 1276033
0, 5807 MiB, 40960 MiB, 8 %
1, 5101 MiB, 40960 MiB, 0 %
2, 5101 MiB, 40960 MiB, 0 %
3, 5106 MiB, 40960 MiB, 0 %
4, 5255 MiB, 40960 MiB, 99 %
5, 0 MiB, 40960 MiB, 0 %
6, 28676 MiB, 40960 MiB, 75 %
7, 0 MiB, 40960 MiB, 0 %
2026-07-14T11:39:41+00:00
51.06 54.39 60.54 11/8912 1276050
0, 6916 MiB, 40960 MiB, 11 %
1, 5101 MiB, 40960 MiB, 0 %
2, 5101 MiB, 40960 MiB, 0 %
3, 5106 MiB, 40960 MiB, 0 %
4, 5255 MiB, 40960 MiB, 99 %
5, 0 MiB, 40960 MiB, 0 %
6, 28676 MiB, 40960 MiB, 69 %
7, 0 MiB, 40960 MiB, 0 %
2026-07-14T11:39:46+00:00
47.85 53.67 60.27 10/9057 1276355
0, 7058 MiB, 40960 MiB, 93 %
1, 5101 MiB, 40960 MiB, 0 %
2, 5931 MiB, 40960 MiB, 0 %
3, 5101 MiB, 40960 MiB, 0 %
4, 5255 MiB, 40960 MiB, 99 %
5, 0 MiB, 40960 MiB, 0 %
6, 28676 MiB, 40960 MiB, 62 %
7, 0 MiB, 40960 MiB, 0 %
2026-07-14T11:39:51+00:00
45.14 53.01 60.02 17/9054 1276366
0, 7054 MiB, 40960 MiB, 83 %
1, 5101 MiB, 40960 MiB, 0 %
2, 4916 MiB, 40960 MiB, 92 %
3, 5101 MiB, 40960 MiB, 0 %
4, 5255 MiB, 40960 MiB, 98 %
5, 0 MiB, 40960 MiB, 0 %
6, 28676 MiB, 40960 MiB, 78 %
7, 0 MiB, 40960 MiB, 0 %
2026-07-14T11:39:56+00:00
39.88 51.63 59.50 12/9056 1276378
0, 6552 MiB, 40960 MiB, 83 %
1, 5101 MiB, 40960 MiB, 0 %
2, 4916 MiB, 40960 MiB, 83 %
3, 5101 MiB, 40960 MiB, 0 %
4, 5255 MiB, 40960 MiB, 99 %
5, 0 MiB, 40960 MiB, 0 %
6, 28676 MiB, 40960 MiB, 100 %
7, 0 MiB, 40960 MiB, 0 %
2026-07-14T11:40:02+00:00
37.57 50.95 59.23 14/8928 1276668
0, 6578 MiB, 40960 MiB, 86 %
1, 5101 MiB, 40960 MiB, 0 %
2, 4916 MiB, 40960 MiB, 0 %
3, 5101 MiB, 40960 MiB, 0 %
4, 5255 MiB, 40960 MiB, 99 %
5, 0 MiB, 40960 MiB, 0 %
6, 28676 MiB, 40960 MiB, 97 %
7, 0 MiB, 40960 MiB, 0 %
2026-07-14T11:40:07+00:00
36.96 50.60 59.08 34/8522 1277106
0, 6563 MiB, 40960 MiB, 83 %
1, 5101 MiB, 40960 MiB, 0 %
2, 536 MiB, 40960 MiB, 5 %
3, 5101 MiB, 40960 MiB, 0 %
4, 5255 MiB, 40960 MiB, 99 %
5, 0 MiB, 40960 MiB, 0 %
6, 28676 MiB, 40960 MiB, 2 %
7, 0 MiB, 40960 MiB, 0 %
2026-07-14T11:40:12+00:00
45.86 52.22 59.56 35/8807 1278163
0, 6557 MiB, 40960 MiB, 74 %
1, 5101 MiB, 40960 MiB, 0 %
2, 1214 MiB, 40960 MiB, 5 %
3, 5101 MiB, 40960 MiB, 0 %
4, 5255 MiB, 40960 MiB, 98 %
5, 0 MiB, 40960 MiB, 0 %
6, 28676 MiB, 40960 MiB, 39 %
7, 0 MiB, 40960 MiB, 0 %
2026-07-14T11:40:17+00:00
43.14 51.55 59.30 12/8887 1278661
0, 6557 MiB, 40960 MiB, 84 %
1, 5101 MiB, 40960 MiB, 0 %
2, 5101 MiB, 40960 MiB, 0 %
3, 5101 MiB, 40960 MiB, 0 %
4, 5255 MiB, 40960 MiB, 99 %
5, 0 MiB, 40960 MiB, 0 %
6, 28676 MiB, 40960 MiB, 21 %
7, 0 MiB, 40960 MiB, 0 %
2026-07-14T11:40:22+00:00
50.98 53.04 59.74 13/8893 1278770
0, 6557 MiB, 40960 MiB, 85 %
1, 5101 MiB, 40960 MiB, 0 %
2, 5101 MiB, 40960 MiB, 0 %
3, 5101 MiB, 40960 MiB, 0 %
4, 5255 MiB, 40960 MiB, 99 %
5, 0 MiB, 40960 MiB, 0 %
6, 28676 MiB, 40960 MiB, 0 %
7, 0 MiB, 40960 MiB, 0 %
2026-07-14T11:40:27+00:00
57.79 54.41 60.15 41/8888 1278804
0, 6557 MiB, 40960 MiB, 86 %
1, 5101 MiB, 40960 MiB, 0 %
2, 5101 MiB, 40960 MiB, 0 %
3, 5101 MiB, 40960 MiB, 0 %
4, 5255 MiB, 40960 MiB, 98 %
5, 0 MiB, 40960 MiB, 0 %
6, 28676 MiB, 40960 MiB, 5 %
7, 0 MiB, 40960 MiB, 0 %
2026-07-14T11:40:32+00:00
54.04 53.69 59.88 11/8242 1279070
0, 692 MiB, 40960 MiB, 11 %
1, 5101 MiB, 40960 MiB, 0 %
2, 5101 MiB, 40960 MiB, 0 %
3, 5101 MiB, 40960 MiB, 0 %
4, 5255 MiB, 40960 MiB, 99 %
5, 0 MiB, 40960 MiB, 0 %
6, 28676 MiB, 40960 MiB, 74 %
7, 0 MiB, 40960 MiB, 0 %
2026-07-14T11:40:38+00:00
50.68 53.00 59.63 15/8555 1280212
0, 1343 MiB, 40960 MiB, 10 %
1, 5101 MiB, 40960 MiB, 0 %
2, 5101 MiB, 40960 MiB, 0 %
3, 5101 MiB, 40960 MiB, 0 %
4, 5255 MiB, 40960 MiB, 99 %
5, 0 MiB, 40960 MiB, 0 %
6, 28676 MiB, 40960 MiB, 100 %
7, 0 MiB, 40960 MiB, 0 %
2026-07-14T11:40:43+00:00
49.18 52.65 59.48 15/8938 1280869
0, 5745 MiB, 40960 MiB, 86 %
1, 5101 MiB, 40960 MiB, 0 %
2, 5101 MiB, 40960 MiB, 0 %
3, 5101 MiB, 40960 MiB, 0 %
4, 5255 MiB, 40960 MiB, 99 %
5, 0 MiB, 40960 MiB, 0 %
6, 28676 MiB, 40960 MiB, 90 %
7, 0 MiB, 40960 MiB, 0 %
2026-07-14T11:40:48+00:00
46.12 51.96 59.22 10/8796 1281158
0, 5791 MiB, 40960 MiB, 10 %
1, 5101 MiB, 40960 MiB, 0 %
2, 5101 MiB, 40960 MiB, 0 %
3, 5101 MiB, 40960 MiB, 0 %
4, 5255 MiB, 40960 MiB, 98 %
5, 0 MiB, 40960 MiB, 0 %
6, 28676 MiB, 40960 MiB, 98 %
7, 0 MiB, 40960 MiB, 0 %
2026-07-14T11:40:53+00:00
43.31 51.28 58.96 11/8760 1281167
0, 5791 MiB, 40960 MiB, 11 %
1, 5101 MiB, 40960 MiB, 0 %
2, 5101 MiB, 40960 MiB, 0 %
3, 5101 MiB, 40960 MiB, 0 %
4, 5255 MiB, 40960 MiB, 98 %
5, 0 MiB, 40960 MiB, 0 %
6, 28676 MiB, 40960 MiB, 77 %
7, 0 MiB, 40960 MiB, 0 %
2026-07-14T11:40:58+00:00
40.96 50.66 58.72 10/8759 1281332
0, 5791 MiB, 40960 MiB, 11 %
1, 5101 MiB, 40960 MiB, 0 %
2, 5101 MiB, 40960 MiB, 0 %
3, 5101 MiB, 40960 MiB, 0 %
4, 5255 MiB, 40960 MiB, 98 %
5, 0 MiB, 40960 MiB, 0 %
6, 28676 MiB, 40960 MiB, 62 %
7, 0 MiB, 40960 MiB, 0 %
2026-07-14T11:41:03+00:00
38.48 49.99 58.45 9/8760 1281346
0, 5791 MiB, 40960 MiB, 11 %
1, 5101 MiB, 40960 MiB, 0 %
2, 5101 MiB, 40960 MiB, 0 %
3, 5101 MiB, 40960 MiB, 0 %
4, 5255 MiB, 40960 MiB, 99 %
5, 0 MiB, 40960 MiB, 0 %
6, 28676 MiB, 40960 MiB, 76 %
7, 0 MiB, 40960 MiB, 0 %
2026-07-14T11:41:09+00:00
36.12 49.30 58.19 11/8755 1281356
0, 5791 MiB, 40960 MiB, 10 %
1, 5101 MiB, 40960 MiB, 0 %
2, 5101 MiB, 40960 MiB, 0 %
3, 5101 MiB, 40960 MiB, 0 %
4, 5255 MiB, 40960 MiB, 99 %
5, 0 MiB, 40960 MiB, 0 %
6, 28676 MiB, 40960 MiB, 59 %
7, 0 MiB, 40960 MiB, 0 %
2026-07-14T11:41:14+00:00
34.19 48.68 57.94 10/8756 1281519
0, 5791 MiB, 40960 MiB, 10 %
1, 5101 MiB, 40960 MiB, 0 %
2, 5101 MiB, 40960 MiB, 0 %
3, 5101 MiB, 40960 MiB, 0 %
4, 5255 MiB, 40960 MiB, 99 %
5, 0 MiB, 40960 MiB, 0 %
6, 28676 MiB, 40960 MiB, 62 %
7, 0 MiB, 40960 MiB, 0 %
2026-07-14T11:41:19+00:00
32.25 48.04 57.68 12/8757 1281681
0, 5791 MiB, 40960 MiB, 11 %
1, 5101 MiB, 40960 MiB, 0 %
2, 5101 MiB, 40960 MiB, 0 %
3, 5101 MiB, 40960 MiB, 0 %
4, 5255 MiB, 40960 MiB, 99 %
5, 0 MiB, 40960 MiB, 0 %
6, 28676 MiB, 40960 MiB, 60 %
7, 0 MiB, 40960 MiB, 0 %
2026-07-14T11:41:24+00:00
30.31 47.38 57.41 11/8761 1281732
0, 5791 MiB, 40960 MiB, 12 %
1, 5101 MiB, 40960 MiB, 0 %
2, 5101 MiB, 40960 MiB, 0 %
3, 5101 MiB, 40960 MiB, 0 %
4, 5255 MiB, 40960 MiB, 99 %
5, 0 MiB, 40960 MiB, 0 %
6, 28676 MiB, 40960 MiB, 66 %
7, 0 MiB, 40960 MiB, 0 %
2026-07-14T11:41:29+00:00
28.84 46.79 57.17 9/8723 1281818
0, 5791 MiB, 40960 MiB, 10 %
1, 5101 MiB, 40960 MiB, 0 %
2, 5101 MiB, 40960 MiB, 0 %
3, 5101 MiB, 40960 MiB, 0 %
4, 5255 MiB, 40960 MiB, 99 %
5, 0 MiB, 40960 MiB, 0 %
6, 28676 MiB, 40960 MiB, 63 %
7, 0 MiB, 40960 MiB, 0 %
2026-07-14T11:41:34+00:00
27.33 46.18 56.92 10/8723 1281830
0, 5791 MiB, 40960 MiB, 11 %
1, 5101 MiB, 40960 MiB, 0 %
2, 5101 MiB, 40960 MiB, 0 %
3, 5101 MiB, 40960 MiB, 0 %
4, 5255 MiB, 40960 MiB, 98 %
5, 0 MiB, 40960 MiB, 0 %
6, 28676 MiB, 40960 MiB, 61 %
7, 0 MiB, 40960 MiB, 0 %
2026-07-14T11:41:39+00:00
25.79 45.54 56.65 14/8722 1281840
0, 5791 MiB, 40960 MiB, 10 %
1, 5101 MiB, 40960 MiB, 0 %
2, 5101 MiB, 40960 MiB, 0 %
3, 5101 MiB, 40960 MiB, 0 %
4, 5255 MiB, 40960 MiB, 99 %
5, 0 MiB, 40960 MiB, 0 %
6, 28680 MiB, 40960 MiB, 60 %
7, 0 MiB, 40960 MiB, 0 %
