epoch 1/12 kl=0.019182 tail=0.184615 agree=0.911 outcome=-0.008418 val_kl=0.021278 val_kl_p99=0.238318
epoch 2/12 kl=0.018173 tail=0.166406 agree=0.912 outcome=-0.008807 val_kl=0.022479 val_kl_p99=0.257618
epoch 3/12 kl=0.017801 tail=0.156304 agree=0.912 outcome=-0.008675 val_kl=0.019373 val_kl_p99=0.198168
epoch 4/12 kl=0.017362 tail=0.149518 agree=0.913 outcome=-0.009182 val_kl=0.020186 val_kl_p99=0.214270
epoch 5/12 kl=0.017083 tail=0.142376 agree=0.913 outcome=-0.009411 val_kl=0.020733 val_kl_p99=0.221856
epoch 6/12 kl=0.016914 tail=0.139612 agree=0.913 outcome=-0.009659 val_kl=0.021118 val_kl_p99=0.226689
epoch 7/12 kl=0.016696 tail=0.134036 agree=0.914 outcome=-0.009667 val_kl=0.020680 val_kl_p99=0.223052
checkpoint written: ml/experiments/v30-strategic-tail-fidelity/arms/strategic-cvar10-c050/checkpoint.pt
	Command being timed: "ml/.venv/bin/python ml/outcome_distill_v2.py --data ml/experiments/v30-strategic-tail-fidelity/data/train-merged --val-data ml/experiments/v30-strategic-tail-fidelity/data/validation --teacher ml/warmstart/v24/v23-control-gen5-obs199-act104.json --init ml/experiments/v29-distill-fidelity/arms/d128-policy-only-continue24-lr1e4/checkpoint.pt --out ml/experiments/v30-strategic-tail-fidelity/arms/strategic-cvar10-c050/checkpoint.pt --stats-out ml/experiments/v30-strategic-tail-fidelity/arms/strategic-cvar10-c050/stats.json --epochs 12 --batch-size 512 --lr 0.00005 --teacher-kl-coef 1 --value-coef 0 --reach30-coef 0 --outcome-pg-coef 0 --seed 300100 --max-grad-norm 1 --expected-temperature 0.55 --teacher-logp-tolerance 0.001 --select-best-teacher-kl --val-select-seed0 948000000 --val-select-games 256 --early-stop-patience 4 --early-stop-min-delta 0.002 --early-stop-min-epochs 4 --selection-metric strategicTeacherKlCvar05 --strategic-tail-fraction 0.10 --strategic-tail-coef 0.50 --device cuda"
	User time (seconds): 15767.99
	System time (seconds): 151.10
	Percent of CPU this job got: 1652%
	Elapsed (wall clock) time (h:mm:ss or m:ss): 16:03.51
	Average shared text size (kbytes): 0
	Average unshared data size (kbytes): 0
	Average stack size (kbytes): 0
	Average total size (kbytes): 0
	Maximum resident set size (kbytes): 7061872
	Average resident set size (kbytes): 0
	Major (requiring I/O) page faults: 0
	Minor (reclaiming a frame) page faults: 39570754
	Voluntary context switches: 1699652
	Involuntary context switches: 4389983
	Swaps: 0
	File system inputs: 0
	File system outputs: 6688
	Socket messages sent: 0
	Socket messages received: 0
	Signals delivered: 0
	Page size (bytes): 4096
	Exit status: 0
