{
  "schemaVersion": "arc-v34-systems-stage-v1",
  "strengthUse": false,
  "outcomesLoaded": false,
  "arm": "heuristic-s4-h2",
  "stage": "throughput-w4",
  "seed0": 957900000,
  "games": 128,
  "seedMax": 957900127,
  "workers": 4,
  "plannerMode": "heuristic-batched",
  "strategicDecisions": 3944,
  "strategicSimulations": 15776,
  "stalls": 0,
  "decisionWallMsP95": 50.202,
  "wallSeconds": 83.236412131,
  "gamesPerSecond": 1.5377885317611926,
  "optimisticProjected4096Seconds": null,
  "projected4096Seconds": 2663.565188192,
  "inference": {
    "format": "arc-entity-scorer-v2",
    "obsDim": 3419,
    "actDim": 104,
    "weightsPath": "/data/share8/michaelvuaprilexperimentation/arc-bot/ml/experiments/v32-onpolicy-solo/shared-critic/checkpoint.pt",
    "weightsSha256": "aeb254c20367029696da1e6ca823b96187191140056d646a7c2d3d47ec4e567b",
    "wire": "binary"
  },
  "inputs": {
    "protocol": {
      "path": "ml/experiments/v34-latency-first-expert-iteration/protocol.json",
      "sha256": "af6feef48d896b2071657f5c55970dc01872c79d1d643cf2af161a29ce7fe548"
    },
    "benchmark": {
      "path": "/data/share8/michaelvuaprilexperimentation/arc-bot/ml/experiments/v34-latency-first-expert-iteration/artifacts/systems/stages/heuristic-s4-h2/throughput-w4/attempt-1/benchmark.json",
      "sha256": "d3f9ede785b011085b1f8f6f4bee01775a5808562dfb9eb1fe97e8e144b6e490"
    },
    "progress": {
      "path": "/data/share8/michaelvuaprilexperimentation/arc-bot/ml/experiments/v34-latency-first-expert-iteration/artifacts/systems/stages/heuristic-s4-h2/throughput-w4/attempt-1/progress.jsonl",
      "sha256": "8d783493f22c05ac3bc49a2787e3e5a237cf42fc59a1135fdde2c4b061542393"
    }
  },
  "eligible": true,
  "rejectionReason": null
}
