{
  "schemaVersion": "arc-v34-systems-stage-v1",
  "strengthUse": false,
  "outcomesLoaded": false,
  "arm": "rerank-p050",
  "stage": "throughput-w24",
  "seed0": 957900000,
  "games": 128,
  "seedMax": 957900127,
  "workers": 24,
  "plannerMode": "critic-rerank",
  "strategicDecisions": 3747,
  "strategicSimulations": 0,
  "stalls": 0,
  "decisionWallMsP95": 42.864,
  "wallSeconds": 14.445180358,
  "gamesPerSecond": 8.861087008104493,
  "optimisticProjected4096Seconds": null,
  "projected4096Seconds": 462.245771456,
  "inference": {
    "format": "arc-entity-scorer-v2",
    "obsDim": 3419,
    "actDim": 104,
    "weightsPath": "/data/share8/michaelvuaprilexperimentation/arc-bot/ml/experiments/v32-onpolicy-solo/shared-critic/checkpoint.pt",
    "weightsSha256": "aeb254c20367029696da1e6ca823b96187191140056d646a7c2d3d47ec4e567b",
    "wire": "binary"
  },
  "inputs": {
    "protocol": {
      "path": "ml/experiments/v34-latency-first-expert-iteration/protocol.json",
      "sha256": "af6feef48d896b2071657f5c55970dc01872c79d1d643cf2af161a29ce7fe548"
    },
    "benchmark": {
      "path": "/data/share8/michaelvuaprilexperimentation/arc-bot/ml/experiments/v34-latency-first-expert-iteration/artifacts/systems/stages/rerank-p050/throughput-w24/attempt-1/benchmark.json",
      "sha256": "57f108afe690220d71cb7e0e78411a95ede222f0813704481aadd140d0be1615"
    },
    "progress": {
      "path": "/data/share8/michaelvuaprilexperimentation/arc-bot/ml/experiments/v34-latency-first-expert-iteration/artifacts/systems/stages/rerank-p050/throughput-w24/attempt-1/progress.jsonl",
      "sha256": "76cac0ee40b27774b16af606d0eedfd566871df9346bea8447433a6c84f06ea1"
    }
  },
  "eligible": true,
  "rejectionReason": null
}
