{
  "schemaVersion": "solo-heldout-v2",
  "sourceCommit": "ff2aa7cc4e69f0f7da530a0d0df418c26839314e",
  "weights": "ml/experiments/v32-onpolicy-solo/shared-critic/checkpoint.pt",
  "weightsSha256": "aeb254c20367029696da1e6ca823b96187191140056d646a7c2d3d47ec4e567b",
  "catalog": "ml/catalogs/live-20260713-5f4ad348.json",
  "catalogSha256": "5f4ad348f6c7add612c736df0f3e00b7d4c821758e0561049f2e550e798c6e2e",
  "inference": {
    "format": "arc-entity-scorer-v2",
    "obsDim": 3419,
    "actDim": 104,
    "weightsPath": "ml/experiments/v32-onpolicy-solo/shared-critic/checkpoint.pt",
    "weightsSha256": "aeb254c20367029696da1e6ca823b96187191140056d646a7c2d3d47ec4e567b",
    "wire": "binary"
  },
  "seed0": 957000000,
  "games": 64,
  "maxRounds": 30,
  "maxStatusLevel": 2,
  "decode": {
    "policyObsVersion": 2,
    "inferenceSocket": "/dev/shm/arc-v34-phase2/rerank-p050/attempt-2/infer.sock",
    "learnMonsterRewardChoices": false,
    "sample": true,
    "temperature": 0.55,
    "rerank": {
      "policyRankWeight": 0.5
    }
  },
  "trueWins": 15,
  "trueWinRate": 0.234375,
  "trueWinWilson95": {
    "lower": 0.1474989559392414,
    "upper": 0.35133257582568644
  },
  "namedWinRate": 1,
  "stalls": 0,
  "stallRate": 0,
  "reach15Rate": 0.46875,
  "nearMiss27To29Rate": 0.078125,
  "vp": {
    "mean": 17.015625,
    "p10": 6.600000000000001,
    "median": 11.5,
    "p90": 30,
    "min": 3,
    "max": 32
  },
  "vpBuckets": {
    "under15": 34,
    "from15To19": 2,
    "from20To24": 5,
    "from25To26": 3,
    "from27To29": 5,
    "atLeast30WithoutStall": 15,
    "stalledAtLeast30": 0
  },
  "guardianBreakdown": [
    {
      "guardian": "Void Avatar",
      "games": 6,
      "trueWins": 0,
      "trueWinRate": 0,
      "trueWinWilson95": {
        "lower": 2.7755575615628914e-17,
        "upper": 0.3903342879021653
      },
      "meanVP": 16.666666666666668,
      "medianVP": 15.5
    },
    {
      "guardian": "Bubblepop",
      "games": 7,
      "trueWins": 1,
      "trueWinRate": 0.14285714285714285,
      "trueWinWilson95": {
        "lower": 0.02567962434474355,
        "upper": 0.5131278292743189
      },
      "meanVP": 15.285714285714286,
      "medianVP": 10
    },
    {
      "guardian": "Fjorn",
      "games": 7,
      "trueWins": 1,
      "trueWinRate": 0.14285714285714285,
      "trueWinWilson95": {
        "lower": 0.02567962434474355,
        "upper": 0.5131278292743189
      },
      "meanVP": 15.714285714285714,
      "medianVP": 13
    },
    {
      "guardian": "Human Avatar",
      "games": 7,
      "trueWins": 1,
      "trueWinRate": 0.14285714285714285,
      "trueWinWilson95": {
        "lower": 0.02567962434474355,
        "upper": 0.5131278292743189
      },
      "meanVP": 16.285714285714285,
      "medianVP": 8
    },
    {
      "guardian": "Pixia",
      "games": 6,
      "trueWins": 1,
      "trueWinRate": 0.16666666666666666,
      "trueWinWilson95": {
        "lower": 0.030053369748306635,
        "upper": 0.5635028221864702
      },
      "meanVP": 14.666666666666666,
      "medianVP": 10
    },
    {
      "guardian": "Prox",
      "games": 6,
      "trueWins": 1,
      "trueWinRate": 0.16666666666666666,
      "trueWinWilson95": {
        "lower": 0.030053369748306635,
        "upper": 0.5635028221864702
      },
      "meanVP": 15,
      "medianVP": 9.5
    },
    {
      "guardian": "Taron",
      "games": 6,
      "trueWins": 1,
      "trueWinRate": 0.16666666666666666,
      "trueWinWilson95": {
        "lower": 0.030053369748306635,
        "upper": 0.5635028221864702
      },
      "meanVP": 15,
      "medianVP": 10
    },
    {
      "guardian": "Myrtle",
      "games": 6,
      "trueWins": 2,
      "trueWinRate": 0.3333333333333333,
      "trueWinWilson95": {
        "lower": 0.09677141110578041,
        "upper": 0.700006684861608
      },
      "meanVP": 16.166666666666668,
      "medianVP": 12.5
    },
    {
      "guardian": "Lumina",
      "games": 6,
      "trueWins": 2,
      "trueWinRate": 0.3333333333333333,
      "trueWinWilson95": {
        "lower": 0.09677141110578041,
        "upper": 0.700006684861608
      },
      "meanVP": 17.833333333333332,
      "medianVP": 15.5
    },
    {
      "guardian": "Embers",
      "games": 7,
      "trueWins": 5,
      "trueWinRate": 0.7142857142857143,
      "trueWinWilson95": {
        "lower": 0.35893445183261935,
        "upper": 0.9177810759959433
      },
      "meanVP": 26.571428571428573,
      "medianVP": 30
    }
  ],
  "first30Round": {
    "mean": 27.066666666666666,
    "median": 26
  },
  "engine": {
    "meanPost15VpPerRound": 0.6715984855787487,
    "meanFinalAttackDice": 2.734375,
    "meanFinalSpirits": 6.984375,
    "meanFinalMaxBarrier": 6.234375
  },
  "performance": {
    "wallSeconds": 15.472675005,
    "gamesPerSecond": 4.136324195998325,
    "workers": 8,
    "gameWallMsP50": 1818,
    "gameWallMsP95": 2269.34,
    "search": {
      "mode": "critic-rerank",
      "decisions": 1876,
      "simulations": 0,
      "byPhase": {
        "navigation": 1876,
        "encounter": 0
      },
      "decisionWallMsP50": 26.3855,
      "decisionWallMsP95": 30.04
    }
  },
  "perGame": [
    {
      "seed": 957000000,
      "guardian": "Bubblepop",
      "trueWin": false,
      "stalled": false,
      "finalVP": 8,
      "first30Round": null,
      "post15VpPerRound": 0,
      "finalAttackDice": 1,
      "finalSpirits": 7,
      "finalMaxBarrier": 5,
      "cycle": {
        "vpAfterRound": {
          "8": 6,
          "12": 8,
          "16": 8,
          "20": 8
        },
        "first15Round": null,
        "first30Round": null,
        "decisions": 158,
        "productiveDecisions": 158,
        "optionalYieldDecisions": 2,
        "locationInteractions": 30,
        "summons": 6,
        "awakens": 1,
        "combats": 5,
        "rewards": 3,
        "pvpAttacks": 0,
        "finalAttackDice": 1,
        "finalSpirits": 7,
        "finalMaxBarrier": 5,
        "post15VpPerRound": 0
      }
    },
    {
      "seed": 957000001,
      "guardian": "Embers",
      "trueWin": true,
      "stalled": false,
      "finalVP": 30,
      "first30Round": 29,
      "post15VpPerRound": 1.1538461538461537,
      "finalAttackDice": 3,
      "finalSpirits": 7,
      "finalMaxBarrier": 6,
      "cycle": {
        "vpAfterRound": {
          "8": 7,
          "12": 11,
          "16": 17,
          "20": 21
        },
        "first15Round": 16,
        "first30Round": 29,
        "decisions": 162,
        "productiveDecisions": 162,
        "optionalYieldDecisions": 1,
        "locationInteractions": 33,
        "summons": 6,
        "awakens": 2,
        "combats": 5,
        "rewards": 3,
        "pvpAttacks": 0,
        "finalAttackDice": 3,
        "finalSpirits": 7,
        "finalMaxBarrier": 6,
        "post15VpPerRound": 1.1538461538461537
      }
    },
    {
      "seed": 957000002,
      "guardian": "Fjorn",
      "trueWin": false,
      "stalled": false,
      "finalVP": 18,
      "first30Round": null,
      "post15VpPerRound": 3,
      "finalAttackDice": 3,
      "finalSpirits": 7,
      "finalMaxBarrier": 6,
      "cycle": {
        "vpAfterRound": {
          "8": 3,
          "12": 3,
          "16": 3,
          "20": 7
        },
        "first15Round": 29,
        "first30Round": null,
        "decisions": 169,
        "productiveDecisions": 169,
        "optionalYieldDecisions": 3,
        "locationInteractions": 32,
        "summons": 6,
        "awakens": 1,
        "combats": 5,
        "rewards": 1,
        "pvpAttacks": 0,
        "finalAttackDice": 3,
        "finalSpirits": 7,
        "finalMaxBarrier": 6,
        "post15VpPerRound": 3
      }
    },
    {
      "seed": 957000003,
      "guardian": "Human Avatar",
      "trueWin": false,
      "stalled": false,
      "finalVP": 6,
      "first30Round": null,
      "post15VpPerRound": 0,
      "finalAttackDice": 2,
      "finalSpirits": 7,
      "finalMaxBarrier": 4,
      "cycle": {
        "vpAfterRound": {
          "8": 3,
          "12": 6,
          "16": 6,
          "20": 6
        },
        "first15Round": null,
        "first30Round": null,
        "decisions": 162,
        "productiveDecisions": 162,
        "optionalYieldDecisions": 1,
        "locationInteractions": 31,
        "summons": 6,
        "awakens": 0,
        "combats": 4,
        "rewards": 2,
        "pvpAttacks": 0,
        "finalAttackDice": 2,
        "finalSpirits": 7,
        "finalMaxBarrier": 4,
        "post15VpPerRound": 0
      }
    },
    {
      "seed": 957000004,
      "guardian": "Lumina",
      "trueWin": false,
      "stalled": false,
      "finalVP": 8,
      "first30Round": null,
      "post15VpPerRound": 0,
      "finalAttackDice": 4,
      "finalSpirits": 7,
      "finalMaxBarrier": 5,
      "cycle": {
        "vpAfterRound": {
          "8": 8,
          "12": 8,
          "16": 8,
          "20": 8
        },
        "first15Round": null,
        "first30Round": null,
        "decisions": 154,
        "productiveDecisions": 154,
        "optionalYieldDecisions": 5,
        "locationInteractions": 29,
        "summons": 6,
        "awakens": 0,
        "combats": 5,
        "rewards": 3,
        "pvpAttacks": 0,
        "finalAttackDice": 4,
        "finalSpirits": 7,
        "finalMaxBarrier": 5,
        "post15VpPerRound": 0
      }
    },
    {
      "seed": 957000005,
      "guardian": "Myrtle",
      "trueWin": true,
      "stalled": false,
      "finalVP": 30,
      "first30Round": 25,
      "post15VpPerRound": 1.25,
      "finalAttackDice": 4,
      "finalSpirits": 7,
      "finalMaxBarrier": 5,
      "cycle": {
        "vpAfterRound": {
          "8": 9,
          "12": 15,
          "16": 19,
          "20": 23
        },
        "first15Round": 13,
        "first30Round": 25,
        "decisions": 140,
        "productiveDecisions": 140,
        "optionalYieldDecisions": 0,
        "locationInteractions": 28,
        "summons": 6,
        "awakens": 1,
        "combats": 6,
        "rewards": 4,
        "pvpAttacks": 0,
        "finalAttackDice": 4,
        "finalSpirits": 7,
        "finalMaxBarrier": 5,
        "post15VpPerRound": 1.25
      }
    },
    {
      "seed": 957000006,
      "guardian": "Pixia",
      "trueWin": false,
      "stalled": false,
      "finalVP": 8,
      "first30Round": null,
      "post15VpPerRound": 0,
      "finalAttackDice": 4,
      "finalSpirits": 7,
      "finalMaxBarrier": 6,
      "cycle": {
        "vpAfterRound": {
          "8": 6,
          "12": 8,
          "16": 8,
          "20": 8
        },
        "first15Round": null,
        "first30Round": null,
        "decisions": 141,
        "productiveDecisions": 141,
        "optionalYieldDecisions": 4,
        "locationInteractions": 31,
        "summons": 6,
        "awakens": 1,
        "combats": 5,
        "rewards": 3,
        "pvpAttacks": 0,
        "finalAttackDice": 4,
        "finalSpirits": 7,
        "finalMaxBarrier": 6,
        "post15VpPerRound": 0
      }
    },
    {
      "seed": 957000007,
      "guardian": "Prox",
      "trueWin": true,
      "stalled": false,
      "finalVP": 30,
      "first30Round": 30,
      "post15VpPerRound": 1.0714285714285714,
      "finalAttackDice": 2,
      "finalSpirits": 7,
      "finalMaxBarrier": 7,
      "cycle": {
        "vpAfterRound": {
          "8": 6,
          "12": 9,
          "16": 15,
          "20": 19
        },
        "first15Round": 16,
        "first30Round": 30,
        "decisions": 176,
        "productiveDecisions": 176,
        "optionalYieldDecisions": 2,
        "locationInteractions": 37,
        "summons": 6,
        "awakens": 1,
        "combats": 8,
        "rewards": 3,
        "pvpAttacks": 0,
        "finalAttackDice": 2,
        "finalSpirits": 7,
        "finalMaxBarrier": 7,
        "post15VpPerRound": 1.0714285714285714
      }
    },
    {
      "seed": 957000008,
      "guardian": "Taron",
      "trueWin": false,
      "stalled": false,
      "finalVP": 6,
      "first30Round": null,
      "post15VpPerRound": 0,
      "finalAttackDice": 1,
      "finalSpirits": 7,
      "finalMaxBarrier": 4,
      "cycle": {
        "vpAfterRound": {
          "8": 3,
          "12": 3,
          "16": 3,
          "20": 3
        },
        "first15Round": null,
        "first30Round": null,
        "decisions": 124,
        "productiveDecisions": 124,
        "optionalYieldDecisions": 1,
        "locationInteractions": 29,
        "summons": 6,
        "awakens": 0,
        "combats": 4,
        "rewards": 2,
        "pvpAttacks": 0,
        "finalAttackDice": 1,
        "finalSpirits": 7,
        "finalMaxBarrier": 4,
        "post15VpPerRound": 0
      }
    },
    {
      "seed": 957000009,
      "guardian": "Void Avatar",
      "trueWin": false,
      "stalled": false,
      "finalVP": 8,
      "first30Round": null,
      "post15VpPerRound": 0,
      "finalAttackDice": 3,
      "finalSpirits": 7,
      "finalMaxBarrier": 4,
      "cycle": {
        "vpAfterRound": {
          "8": 8,
          "12": 8,
          "16": 8,
          "20": 8
        },
        "first15Round": null,
        "first30Round": null,
        "decisions": 139,
        "productiveDecisions": 139,
        "optionalYieldDecisions": 3,
        "locationInteractions": 31,
        "summons": 6,
        "awakens": 0,
        "combats": 3,
        "rewards": 3,
        "pvpAttacks": 0,
        "finalAttackDice": 3,
        "finalSpirits": 7,
        "finalMaxBarrier": 4,
        "post15VpPerRound": 0
      }
    },
    {
      "seed": 957000010,
      "guardian": "Bubblepop",
      "trueWin": false,
      "stalled": false,
      "finalVP": 22,
      "first30Round": null,
      "post15VpPerRound": 1.4,
      "finalAttackDice": 1,
      "finalSpirits": 7,
      "finalMaxBarrier": 6,
      "cycle": {
        "vpAfterRound": {
          "8": 8,
          "12": 8,
          "16": 8,
          "20": 11
        },
        "first15Round": 25,
        "first30Round": null,
        "decisions": 160,
        "productiveDecisions": 160,
        "optionalYieldDecisions": 5,
        "locationInteractions": 30,
        "summons": 6,
        "awakens": 1,
        "combats": 5,
        "rewards": 3,
        "pvpAttacks": 0,
        "finalAttackDice": 1,
        "finalSpirits": 7,
        "finalMaxBarrier": 6,
        "post15VpPerRound": 1.4
      }
    },
    {
      "seed": 957000011,
      "guardian": "Embers",
      "trueWin": true,
      "stalled": false,
      "finalVP": 30,
      "first30Round": 28,
      "post15VpPerRound": 1.0714285714285714,
      "finalAttackDice": 2,
      "finalSpirits": 7,
      "finalMaxBarrier": 5,
      "cycle": {
        "vpAfterRound": {
          "8": 8,
          "12": 14,
          "16": 18,
          "20": 22
        },
        "first15Round": 14,
        "first30Round": 28,
        "decisions": 169,
        "productiveDecisions": 169,
        "optionalYieldDecisions": 4,
        "locationInteractions": 36,
        "summons": 6,
        "awakens": 1,
        "combats": 6,
        "rewards": 3,
        "pvpAttacks": 0,
        "finalAttackDice": 2,
        "finalSpirits": 7,
        "finalMaxBarrier": 5,
        "post15VpPerRound": 1.0714285714285714
      }
    },
    {
      "seed": 957000012,
      "guardian": "Fjorn",
      "trueWin": false,
      "stalled": false,
      "finalVP": 21,
      "first30Round": null,
      "post15VpPerRound": 1.5,
      "finalAttackDice": 3,
      "finalSpirits": 7,
      "finalMaxBarrier": 4,
      "cycle": {
        "vpAfterRound": {
          "8": 6,
          "12": 6,
          "16": 6,
          "20": 10
        },
        "first15Round": 26,
        "first30Round": null,
        "decisions": 153,
        "productiveDecisions": 153,
        "optionalYieldDecisions": 2,
        "locationInteractions": 31,
        "summons": 6,
        "awakens": 1,
        "combats": 4,
        "rewards": 2,
        "pvpAttacks": 0,
        "finalAttackDice": 3,
        "finalSpirits": 7,
        "finalMaxBarrier": 4,
        "post15VpPerRound": 1.5
      }
    },
    {
      "seed": 957000013,
      "guardian": "Human Avatar",
      "trueWin": false,
      "stalled": false,
      "finalVP": 28,
      "first30Round": null,
      "post15VpPerRound": 1.1818181818181819,
      "finalAttackDice": 2,
      "finalSpirits": 7,
      "finalMaxBarrier": 5,
      "cycle": {
        "vpAfterRound": {
          "8": 3,
          "12": 7,
          "16": 11,
          "20": 17
        },
        "first15Round": 19,
        "first30Round": null,
        "decisions": 147,
        "productiveDecisions": 147,
        "optionalYieldDecisions": 1,
        "locationInteractions": 26,
        "summons": 6,
        "awakens": 1,
        "combats": 5,
        "rewards": 3,
        "pvpAttacks": 0,
        "finalAttackDice": 2,
        "finalSpirits": 7,
        "finalMaxBarrier": 5,
        "post15VpPerRound": 1.1818181818181819
      }
    },
    {
      "seed": 957000014,
      "guardian": "Lumina",
      "trueWin": true,
      "stalled": false,
      "finalVP": 30,
      "first30Round": 30,
      "post15VpPerRound": 1.1538461538461537,
      "finalAttackDice": 4,
      "finalSpirits": 7,
      "finalMaxBarrier": 7,
      "cycle": {
        "vpAfterRound": {
          "8": 8,
          "12": 11,
          "16": 15,
          "20": 19
        },
        "first15Round": 17,
        "first30Round": 30,
        "decisions": 143,
        "productiveDecisions": 143,
        "optionalYieldDecisions": 4,
        "locationInteractions": 28,
        "summons": 6,
        "awakens": 2,
        "combats": 5,
        "rewards": 3,
        "pvpAttacks": 0,
        "finalAttackDice": 4,
        "finalSpirits": 7,
        "finalMaxBarrier": 7,
        "post15VpPerRound": 1.1538461538461537
      }
    },
    {
      "seed": 957000015,
      "guardian": "Myrtle",
      "trueWin": false,
      "stalled": false,
      "finalVP": 6,
      "first30Round": null,
      "post15VpPerRound": 0,
      "finalAttackDice": 1,
      "finalSpirits": 7,
      "finalMaxBarrier": 5,
      "cycle": {
        "vpAfterRound": {
          "8": 6,
          "12": 6,
          "16": 6,
          "20": 6
        },
        "first15Round": null,
        "first30Round": null,
        "decisions": 136,
        "productiveDecisions": 136,
        "optionalYieldDecisions": 8,
        "locationInteractions": 30,
        "summons": 6,
        "awakens": 0,
        "combats": 5,
        "rewards": 2,
        "pvpAttacks": 0,
        "finalAttackDice": 1,
        "finalSpirits": 7,
        "finalMaxBarrier": 5,
        "post15VpPerRound": 0
      }
    },
    {
      "seed": 957000016,
      "guardian": "Pixia",
      "trueWin": false,
      "stalled": false,
      "finalVP": 22,
      "first30Round": null,
      "post15VpPerRound": 1.4,
      "finalAttackDice": 4,
      "finalSpirits": 7,
      "finalMaxBarrier": 6,
      "cycle": {
        "vpAfterRound": {
          "8": 6,
          "12": 6,
          "16": 7,
          "20": 11
        },
        "first15Round": 25,
        "first30Round": null,
        "decisions": 146,
        "productiveDecisions": 146,
        "optionalYieldDecisions": 4,
        "locationInteractions": 27,
        "summons": 6,
        "awakens": 2,
        "combats": 5,
        "rewards": 2,
        "pvpAttacks": 0,
        "finalAttackDice": 4,
        "finalSpirits": 7,
        "finalMaxBarrier": 6,
        "post15VpPerRound": 1.4
      }
    },
    {
      "seed": 957000017,
      "guardian": "Prox",
      "trueWin": false,
      "stalled": false,
      "finalVP": 6,
      "first30Round": null,
      "post15VpPerRound": 0,
      "finalAttackDice": 2,
      "finalSpirits": 7,
      "finalMaxBarrier": 4,
      "cycle": {
        "vpAfterRound": {
          "8": 3,
          "12": 3,
          "16": 6,
          "20": 6
        },
        "first15Round": null,
        "first30Round": null,
        "decisions": 147,
        "productiveDecisions": 147,
        "optionalYieldDecisions": 2,
        "locationInteractions": 26,
        "summons": 6,
        "awakens": 0,
        "combats": 4,
        "rewards": 2,
        "pvpAttacks": 0,
        "finalAttackDice": 2,
        "finalSpirits": 7,
        "finalMaxBarrier": 4,
        "post15VpPerRound": 0
      }
    },
    {
      "seed": 957000018,
      "guardian": "Taron",
      "trueWin": false,
      "stalled": false,
      "finalVP": 28,
      "first30Round": null,
      "post15VpPerRound": 1.4444444444444444,
      "finalAttackDice": 5,
      "finalSpirits": 7,
      "finalMaxBarrier": 7,
      "cycle": {
        "vpAfterRound": {
          "8": 6,
          "12": 7,
          "16": 11,
          "20": 15
        },
        "first15Round": 21,
        "first30Round": null,
        "decisions": 193,
        "productiveDecisions": 192,
        "optionalYieldDecisions": 3,
        "locationInteractions": 34,
        "summons": 12,
        "awakens": 2,
        "combats": 6,
        "rewards": 3,
        "pvpAttacks": 0,
        "finalAttackDice": 5,
        "finalSpirits": 7,
        "finalMaxBarrier": 7,
        "post15VpPerRound": 1.4444444444444444
      }
    },
    {
      "seed": 957000019,
      "guardian": "Void Avatar",
      "trueWin": false,
      "stalled": false,
      "finalVP": 9,
      "first30Round": null,
      "post15VpPerRound": 0,
      "finalAttackDice": 2,
      "finalSpirits": 7,
      "finalMaxBarrier": 4,
      "cycle": {
        "vpAfterRound": {
          "8": 6,
          "12": 9,
          "16": 9,
          "20": 9
        },
        "first15Round": null,
        "first30Round": null,
        "decisions": 118,
        "productiveDecisions": 118,
        "optionalYieldDecisions": 2,
        "locationInteractions": 26,
        "summons": 6,
        "awakens": 0,
        "combats": 4,
        "rewards": 3,
        "pvpAttacks": 0,
        "finalAttackDice": 2,
        "finalSpirits": 7,
        "finalMaxBarrier": 4,
        "post15VpPerRound": 0
      }
    },
    {
      "seed": 957000020,
      "guardian": "Bubblepop",
      "trueWin": false,
      "stalled": false,
      "finalVP": 3,
      "first30Round": null,
      "post15VpPerRound": 0,
      "finalAttackDice": 4,
      "finalSpirits": 7,
      "finalMaxBarrier": 5,
      "cycle": {
        "vpAfterRound": {
          "8": 3,
          "12": 3,
          "16": 3,
          "20": 3
        },
        "first15Round": null,
        "first30Round": null,
        "decisions": 169,
        "productiveDecisions": 168,
        "optionalYieldDecisions": 1,
        "locationInteractions": 35,
        "summons": 8,
        "awakens": 0,
        "combats": 4,
        "rewards": 1,
        "pvpAttacks": 0,
        "finalAttackDice": 4,
        "finalSpirits": 7,
        "finalMaxBarrier": 5,
        "post15VpPerRound": 0
      }
    },
    {
      "seed": 957000021,
      "guardian": "Embers",
      "trueWin": true,
      "stalled": false,
      "finalVP": 30,
      "first30Round": 25,
      "post15VpPerRound": 0.7894736842105263,
      "finalAttackDice": 3,
      "finalSpirits": 7,
      "finalMaxBarrier": 10,
      "cycle": {
        "vpAfterRound": {
          "8": 16,
          "12": 18,
          "16": 21,
          "20": 25
        },
        "first15Round": 6,
        "first30Round": 25,
        "decisions": 135,
        "productiveDecisions": 135,
        "optionalYieldDecisions": 1,
        "locationInteractions": 30,
        "summons": 6,
        "awakens": 0,
        "combats": 6,
        "rewards": 6,
        "pvpAttacks": 0,
        "finalAttackDice": 3,
        "finalSpirits": 7,
        "finalMaxBarrier": 10,
        "post15VpPerRound": 0.7894736842105263
      }
    },
    {
      "seed": 957000022,
      "guardian": "Fjorn",
      "trueWin": false,
      "stalled": false,
      "finalVP": 8,
      "first30Round": null,
      "post15VpPerRound": 0,
      "finalAttackDice": 2,
      "finalSpirits": 7,
      "finalMaxBarrier": 5,
      "cycle": {
        "vpAfterRound": {
          "8": 3,
          "12": 8,
          "16": 8,
          "20": 8
        },
        "first15Round": null,
        "first30Round": null,
        "decisions": 140,
        "productiveDecisions": 140,
        "optionalYieldDecisions": 2,
        "locationInteractions": 29,
        "summons": 6,
        "awakens": 0,
        "combats": 5,
        "rewards": 3,
        "pvpAttacks": 0,
        "finalAttackDice": 2,
        "finalSpirits": 7,
        "finalMaxBarrier": 5,
        "post15VpPerRound": 0
      }
    },
    {
      "seed": 957000023,
      "guardian": "Human Avatar",
      "trueWin": true,
      "stalled": false,
      "finalVP": 30,
      "first30Round": 26,
      "post15VpPerRound": 1.6666666666666667,
      "finalAttackDice": 3,
      "finalSpirits": 7,
      "finalMaxBarrier": 10,
      "cycle": {
        "vpAfterRound": {
          "8": 8,
          "12": 11,
          "16": 15,
          "20": 21
        },
        "first15Round": 17,
        "first30Round": 26,
        "decisions": 169,
        "productiveDecisions": 169,
        "optionalYieldDecisions": 5,
        "locationInteractions": 35,
        "summons": 6,
        "awakens": 1,
        "combats": 9,
        "rewards": 5,
        "pvpAttacks": 0,
        "finalAttackDice": 3,
        "finalSpirits": 7,
        "finalMaxBarrier": 10,
        "post15VpPerRound": 1.6666666666666667
      }
    },
    {
      "seed": 957000024,
      "guardian": "Lumina",
      "trueWin": false,
      "stalled": false,
      "finalVP": 23,
      "first30Round": null,
      "post15VpPerRound": 1.3333333333333333,
      "finalAttackDice": 2,
      "finalSpirits": 7,
      "finalMaxBarrier": 6,
      "cycle": {
        "vpAfterRound": {
          "8": 8,
          "12": 8,
          "16": 8,
          "20": 12
        },
        "first15Round": 24,
        "first30Round": null,
        "decisions": 151,
        "productiveDecisions": 151,
        "optionalYieldDecisions": 0,
        "locationInteractions": 31,
        "summons": 6,
        "awakens": 1,
        "combats": 5,
        "rewards": 3,
        "pvpAttacks": 0,
        "finalAttackDice": 2,
        "finalSpirits": 7,
        "finalMaxBarrier": 6,
        "post15VpPerRound": 1.3333333333333333
      }
    },
    {
      "seed": 957000025,
      "guardian": "Myrtle",
      "trueWin": false,
      "stalled": false,
      "finalVP": 6,
      "first30Round": null,
      "post15VpPerRound": 0,
      "finalAttackDice": 4,
      "finalSpirits": 7,
      "finalMaxBarrier": 4,
      "cycle": {
        "vpAfterRound": {
          "8": 3,
          "12": 6,
          "16": 6,
          "20": 6
        },
        "first15Round": null,
        "first30Round": null,
        "decisions": 134,
        "productiveDecisions": 134,
        "optionalYieldDecisions": 1,
        "locationInteractions": 26,
        "summons": 6,
        "awakens": 1,
        "combats": 4,
        "rewards": 2,
        "pvpAttacks": 0,
        "finalAttackDice": 4,
        "finalSpirits": 7,
        "finalMaxBarrier": 4,
        "post15VpPerRound": 0
      }
    },
    {
      "seed": 957000026,
      "guardian": "Pixia",
      "trueWin": true,
      "stalled": false,
      "finalVP": 30,
      "first30Round": 25,
      "post15VpPerRound": 1.875,
      "finalAttackDice": 5,
      "finalSpirits": 7,
      "finalMaxBarrier": 10,
      "cycle": {
        "vpAfterRound": {
          "8": 6,
          "12": 9,
          "16": 15,
          "20": 21
        },
        "first15Round": 17,
        "first30Round": 25,
        "decisions": 157,
        "productiveDecisions": 157,
        "optionalYieldDecisions": 0,
        "locationInteractions": 35,
        "summons": 6,
        "awakens": 1,
        "combats": 9,
        "rewards": 4,
        "pvpAttacks": 0,
        "finalAttackDice": 5,
        "finalSpirits": 7,
        "finalMaxBarrier": 10,
        "post15VpPerRound": 1.875
      }
    },
    {
      "seed": 957000027,
      "guardian": "Prox",
      "trueWin": false,
      "stalled": false,
      "finalVP": 27,
      "first30Round": null,
      "post15VpPerRound": 1.2,
      "finalAttackDice": 1,
      "finalSpirits": 7,
      "finalMaxBarrier": 5,
      "cycle": {
        "vpAfterRound": {
          "8": 8,
          "12": 8,
          "16": 12,
          "20": 16
        },
        "first15Round": 20,
        "first30Round": null,
        "decisions": 153,
        "productiveDecisions": 153,
        "optionalYieldDecisions": 1,
        "locationInteractions": 30,
        "summons": 6,
        "awakens": 1,
        "combats": 5,
        "rewards": 3,
        "pvpAttacks": 0,
        "finalAttackDice": 1,
        "finalSpirits": 7,
        "finalMaxBarrier": 5,
        "post15VpPerRound": 1.2
      }
    },
    {
      "seed": 957000028,
      "guardian": "Taron",
      "trueWin": false,
      "stalled": false,
      "finalVP": 11,
      "first30Round": null,
      "post15VpPerRound": 0,
      "finalAttackDice": 3,
      "finalSpirits": 7,
      "finalMaxBarrier": 5,
      "cycle": {
        "vpAfterRound": {
          "8": 11,
          "12": 11,
          "16": 11,
          "20": 11
        },
        "first15Round": null,
        "first30Round": null,
        "decisions": 122,
        "productiveDecisions": 122,
        "optionalYieldDecisions": 3,
        "locationInteractions": 31,
        "summons": 6,
        "awakens": 0,
        "combats": 5,
        "rewards": 4,
        "pvpAttacks": 0,
        "finalAttackDice": 3,
        "finalSpirits": 7,
        "finalMaxBarrier": 5,
        "post15VpPerRound": 0
      }
    },
    {
      "seed": 957000029,
      "guardian": "Void Avatar",
      "trueWin": false,
      "stalled": false,
      "finalVP": 27,
      "first30Round": null,
      "post15VpPerRound": 1.2,
      "finalAttackDice": 3,
      "finalSpirits": 7,
      "finalMaxBarrier": 9,
      "cycle": {
        "vpAfterRound": {
          "8": 3,
          "12": 8,
          "16": 12,
          "20": 16
        },
        "first15Round": 20,
        "first30Round": null,
        "decisions": 177,
        "productiveDecisions": 177,
        "optionalYieldDecisions": 1,
        "locationInteractions": 35,
        "summons": 6,
        "awakens": 1,
        "combats": 8,
        "rewards": 2,
        "pvpAttacks": 0,
        "finalAttackDice": 3,
        "finalSpirits": 7,
        "finalMaxBarrier": 9,
        "post15VpPerRound": 1.2
      }
    },
    {
      "seed": 957000030,
      "guardian": "Bubblepop",
      "trueWin": false,
      "stalled": false,
      "finalVP": 10,
      "first30Round": null,
      "post15VpPerRound": 0,
      "finalAttackDice": 1,
      "finalSpirits": 7,
      "finalMaxBarrier": 6,
      "cycle": {
        "vpAfterRound": {
          "8": 10,
          "12": 10,
          "16": 10,
          "20": 10
        },
        "first15Round": null,
        "first30Round": null,
        "decisions": 145,
        "productiveDecisions": 145,
        "optionalYieldDecisions": 5,
        "locationInteractions": 35,
        "summons": 6,
        "awakens": 0,
        "combats": 7,
        "rewards": 4,
        "pvpAttacks": 0,
        "finalAttackDice": 1,
        "finalSpirits": 7,
        "finalMaxBarrier": 6,
        "post15VpPerRound": 0
      }
    },
    {
      "seed": 957000031,
      "guardian": "Embers",
      "trueWin": false,
      "stalled": false,
      "finalVP": 8,
      "first30Round": null,
      "post15VpPerRound": 0,
      "finalAttackDice": 4,
      "finalSpirits": 7,
      "finalMaxBarrier": 5,
      "cycle": {
        "vpAfterRound": {
          "8": 8,
          "12": 8,
          "16": 8,
          "20": 8
        },
        "first15Round": null,
        "first30Round": null,
        "decisions": 173,
        "productiveDecisions": 173,
        "optionalYieldDecisions": 10,
        "locationInteractions": 30,
        "summons": 6,
        "awakens": 2,
        "combats": 5,
        "rewards": 3,
        "pvpAttacks": 0,
        "finalAttackDice": 4,
        "finalSpirits": 7,
        "finalMaxBarrier": 5,
        "post15VpPerRound": 0
      }
    },
    {
      "seed": 957000032,
      "guardian": "Fjorn",
      "trueWin": true,
      "stalled": false,
      "finalVP": 32,
      "first30Round": 26,
      "post15VpPerRound": 1.7,
      "finalAttackDice": 2,
      "finalSpirits": 7,
      "finalMaxBarrier": 10,
      "cycle": {
        "vpAfterRound": {
          "8": 8,
          "12": 12,
          "16": 16,
          "20": 22
        },
        "first15Round": 16,
        "first30Round": 26,
        "decisions": 160,
        "productiveDecisions": 160,
        "optionalYieldDecisions": 0,
        "locationInteractions": 34,
        "summons": 6,
        "awakens": 1,
        "combats": 8,
        "rewards": 5,
        "pvpAttacks": 0,
        "finalAttackDice": 2,
        "finalSpirits": 7,
        "finalMaxBarrier": 10,
        "post15VpPerRound": 1.7
      }
    },
    {
      "seed": 957000033,
      "guardian": "Human Avatar",
      "trueWin": false,
      "stalled": false,
      "finalVP": 26,
      "first30Round": null,
      "post15VpPerRound": 0.9166666666666666,
      "finalAttackDice": 2,
      "finalSpirits": 6,
      "finalMaxBarrier": 10,
      "cycle": {
        "vpAfterRound": {
          "8": 8,
          "12": 10,
          "16": 14,
          "20": 18
        },
        "first15Round": 18,
        "first30Round": null,
        "decisions": 145,
        "productiveDecisions": 145,
        "optionalYieldDecisions": 2,
        "locationInteractions": 34,
        "summons": 5,
        "awakens": 2,
        "combats": 7,
        "rewards": 4,
        "pvpAttacks": 0,
        "finalAttackDice": 2,
        "finalSpirits": 6,
        "finalMaxBarrier": 10,
        "post15VpPerRound": 0.9166666666666666
      }
    },
    {
      "seed": 957000034,
      "guardian": "Lumina",
      "trueWin": false,
      "stalled": false,
      "finalVP": 8,
      "first30Round": null,
      "post15VpPerRound": 0,
      "finalAttackDice": 2,
      "finalSpirits": 7,
      "finalMaxBarrier": 4,
      "cycle": {
        "vpAfterRound": {
          "8": 8,
          "12": 8,
          "16": 8,
          "20": 8
        },
        "first15Round": null,
        "first30Round": null,
        "decisions": 138,
        "productiveDecisions": 138,
        "optionalYieldDecisions": 2,
        "locationInteractions": 30,
        "summons": 6,
        "awakens": 1,
        "combats": 3,
        "rewards": 3,
        "pvpAttacks": 0,
        "finalAttackDice": 2,
        "finalSpirits": 7,
        "finalMaxBarrier": 4,
        "post15VpPerRound": 0
      }
    },
    {
      "seed": 957000035,
      "guardian": "Myrtle",
      "trueWin": true,
      "stalled": false,
      "finalVP": 30,
      "first30Round": 26,
      "post15VpPerRound": 1.25,
      "finalAttackDice": 2,
      "finalSpirits": 7,
      "finalMaxBarrier": 10,
      "cycle": {
        "vpAfterRound": {
          "8": 8,
          "12": 14,
          "16": 18,
          "20": 22
        },
        "first15Round": 14,
        "first30Round": 26,
        "decisions": 175,
        "productiveDecisions": 175,
        "optionalYieldDecisions": 6,
        "locationInteractions": 36,
        "summons": 6,
        "awakens": 1,
        "combats": 9,
        "rewards": 4,
        "pvpAttacks": 0,
        "finalAttackDice": 2,
        "finalSpirits": 7,
        "finalMaxBarrier": 10,
        "post15VpPerRound": 1.25
      }
    },
    {
      "seed": 957000036,
      "guardian": "Pixia",
      "trueWin": false,
      "stalled": false,
      "finalVP": 8,
      "first30Round": null,
      "post15VpPerRound": 0,
      "finalAttackDice": 1,
      "finalSpirits": 7,
      "finalMaxBarrier": 4,
      "cycle": {
        "vpAfterRound": {
          "8": 3,
          "12": 3,
          "16": 6,
          "20": 8
        },
        "first15Round": null,
        "first30Round": null,
        "decisions": 136,
        "productiveDecisions": 136,
        "optionalYieldDecisions": 1,
        "locationInteractions": 31,
        "summons": 6,
        "awakens": 0,
        "combats": 3,
        "rewards": 3,
        "pvpAttacks": 0,
        "finalAttackDice": 1,
        "finalSpirits": 7,
        "finalMaxBarrier": 4,
        "post15VpPerRound": 0
      }
    },
    {
      "seed": 957000037,
      "guardian": "Prox",
      "trueWin": false,
      "stalled": false,
      "finalVP": 9,
      "first30Round": null,
      "post15VpPerRound": 0,
      "finalAttackDice": 3,
      "finalSpirits": 7,
      "finalMaxBarrier": 4,
      "cycle": {
        "vpAfterRound": {
          "8": 9,
          "12": 9,
          "16": 9,
          "20": 9
        },
        "first15Round": null,
        "first30Round": null,
        "decisions": 137,
        "productiveDecisions": 137,
        "optionalYieldDecisions": 1,
        "locationInteractions": 32,
        "summons": 6,
        "awakens": 0,
        "combats": 4,
        "rewards": 3,
        "pvpAttacks": 0,
        "finalAttackDice": 3,
        "finalSpirits": 7,
        "finalMaxBarrier": 4,
        "post15VpPerRound": 0
      }
    },
    {
      "seed": 957000038,
      "guardian": "Taron",
      "trueWin": false,
      "stalled": false,
      "finalVP": 9,
      "first30Round": null,
      "post15VpPerRound": 0,
      "finalAttackDice": 1,
      "finalSpirits": 7,
      "finalMaxBarrier": 4,
      "cycle": {
        "vpAfterRound": {
          "8": 6,
          "12": 6,
          "16": 9,
          "20": 9
        },
        "first15Round": null,
        "first30Round": null,
        "decisions": 124,
        "productiveDecisions": 124,
        "optionalYieldDecisions": 2,
        "locationInteractions": 23,
        "summons": 6,
        "awakens": 0,
        "combats": 4,
        "rewards": 3,
        "pvpAttacks": 0,
        "finalAttackDice": 1,
        "finalSpirits": 7,
        "finalMaxBarrier": 4,
        "post15VpPerRound": 0
      }
    },
    {
      "seed": 957000039,
      "guardian": "Void Avatar",
      "trueWin": false,
      "stalled": false,
      "finalVP": 8,
      "first30Round": null,
      "post15VpPerRound": 0,
      "finalAttackDice": 4,
      "finalSpirits": 7,
      "finalMaxBarrier": 6,
      "cycle": {
        "vpAfterRound": {
          "8": 8,
          "12": 8,
          "16": 8,
          "20": 8
        },
        "first15Round": null,
        "first30Round": null,
        "decisions": 150,
        "productiveDecisions": 150,
        "optionalYieldDecisions": 3,
        "locationInteractions": 31,
        "summons": 6,
        "awakens": 1,
        "combats": 5,
        "rewards": 3,
        "pvpAttacks": 0,
        "finalAttackDice": 4,
        "finalSpirits": 7,
        "finalMaxBarrier": 6,
        "post15VpPerRound": 0
      }
    },
    {
      "seed": 957000040,
      "guardian": "Bubblepop",
      "trueWin": true,
      "stalled": false,
      "finalVP": 31,
      "first30Round": 30,
      "post15VpPerRound": 1.3333333333333333,
      "finalAttackDice": 2,
      "finalSpirits": 7,
      "finalMaxBarrier": 10,
      "cycle": {
        "vpAfterRound": {
          "8": 5,
          "12": 9,
          "16": 13,
          "20": 17
        },
        "first15Round": 18,
        "first30Round": 30,
        "decisions": 187,
        "productiveDecisions": 187,
        "optionalYieldDecisions": 3,
        "locationInteractions": 37,
        "summons": 6,
        "awakens": 1,
        "combats": 7,
        "rewards": 2,
        "pvpAttacks": 0,
        "finalAttackDice": 2,
        "finalSpirits": 7,
        "finalMaxBarrier": 10,
        "post15VpPerRound": 1.3333333333333333
      }
    },
    {
      "seed": 957000041,
      "guardian": "Embers",
      "trueWin": false,
      "stalled": false,
      "finalVP": 27,
      "first30Round": null,
      "post15VpPerRound": 1.7142857142857142,
      "finalAttackDice": 4,
      "finalSpirits": 7,
      "finalMaxBarrier": 10,
      "cycle": {
        "vpAfterRound": {
          "8": 3,
          "12": 8,
          "16": 8,
          "20": 11
        },
        "first15Round": 23,
        "first30Round": null,
        "decisions": 179,
        "productiveDecisions": 178,
        "optionalYieldDecisions": 6,
        "locationInteractions": 35,
        "summons": 12,
        "awakens": 2,
        "combats": 9,
        "rewards": 5,
        "pvpAttacks": 0,
        "finalAttackDice": 4,
        "finalSpirits": 7,
        "finalMaxBarrier": 10,
        "post15VpPerRound": 1.7142857142857142
      }
    },
    {
      "seed": 957000042,
      "guardian": "Fjorn",
      "trueWin": false,
      "stalled": false,
      "finalVP": 10,
      "first30Round": null,
      "post15VpPerRound": 0,
      "finalAttackDice": 2,
      "finalSpirits": 7,
      "finalMaxBarrier": 5,
      "cycle": {
        "vpAfterRound": {
          "8": 8,
          "12": 10,
          "16": 10,
          "20": 10
        },
        "first15Round": null,
        "first30Round": null,
        "decisions": 141,
        "productiveDecisions": 141,
        "optionalYieldDecisions": 5,
        "locationInteractions": 30,
        "summons": 6,
        "awakens": 0,
        "combats": 5,
        "rewards": 4,
        "pvpAttacks": 0,
        "finalAttackDice": 2,
        "finalSpirits": 7,
        "finalMaxBarrier": 5,
        "post15VpPerRound": 0
      }
    },
    {
      "seed": 957000043,
      "guardian": "Human Avatar",
      "trueWin": false,
      "stalled": false,
      "finalVP": 8,
      "first30Round": null,
      "post15VpPerRound": 0,
      "finalAttackDice": 1,
      "finalSpirits": 7,
      "finalMaxBarrier": 6,
      "cycle": {
        "vpAfterRound": {
          "8": 8,
          "12": 8,
          "16": 8,
          "20": 8
        },
        "first15Round": null,
        "first30Round": null,
        "decisions": 158,
        "productiveDecisions": 158,
        "optionalYieldDecisions": 2,
        "locationInteractions": 30,
        "summons": 6,
        "awakens": 1,
        "combats": 5,
        "rewards": 3,
        "pvpAttacks": 0,
        "finalAttackDice": 1,
        "finalSpirits": 7,
        "finalMaxBarrier": 6,
        "post15VpPerRound": 0
      }
    },
    {
      "seed": 957000044,
      "guardian": "Lumina",
      "trueWin": false,
      "stalled": false,
      "finalVP": 8,
      "first30Round": null,
      "post15VpPerRound": 0,
      "finalAttackDice": 1,
      "finalSpirits": 7,
      "finalMaxBarrier": 7,
      "cycle": {
        "vpAfterRound": {
          "8": 8,
          "12": 8,
          "16": 8,
          "20": 8
        },
        "first15Round": null,
        "first30Round": null,
        "decisions": 142,
        "productiveDecisions": 142,
        "optionalYieldDecisions": 2,
        "locationInteractions": 31,
        "summons": 6,
        "awakens": 2,
        "combats": 5,
        "rewards": 3,
        "pvpAttacks": 0,
        "finalAttackDice": 1,
        "finalSpirits": 7,
        "finalMaxBarrier": 7,
        "post15VpPerRound": 0
      }
    },
    {
      "seed": 957000045,
      "guardian": "Myrtle",
      "trueWin": false,
      "stalled": false,
      "finalVP": 17,
      "first30Round": null,
      "post15VpPerRound": 0.125,
      "finalAttackDice": 3,
      "finalSpirits": 7,
      "finalMaxBarrier": 9,
      "cycle": {
        "vpAfterRound": {
          "8": 8,
          "12": 13,
          "16": 17,
          "20": 17
        },
        "first15Round": 14,
        "first30Round": null,
        "decisions": 157,
        "productiveDecisions": 157,
        "optionalYieldDecisions": 1,
        "locationInteractions": 35,
        "summons": 6,
        "awakens": 2,
        "combats": 9,
        "rewards": 6,
        "pvpAttacks": 0,
        "finalAttackDice": 3,
        "finalSpirits": 7,
        "finalMaxBarrier": 9,
        "post15VpPerRound": 0.125
      }
    },
    {
      "seed": 957000046,
      "guardian": "Pixia",
      "trueWin": false,
      "stalled": false,
      "finalVP": 12,
      "first30Round": null,
      "post15VpPerRound": 0,
      "finalAttackDice": 1,
      "finalSpirits": 7,
      "finalMaxBarrier": 4,
      "cycle": {
        "vpAfterRound": {
          "8": 6,
          "12": 6,
          "16": 6,
          "20": 12
        },
        "first15Round": null,
        "first30Round": null,
        "decisions": 157,
        "productiveDecisions": 157,
        "optionalYieldDecisions": 5,
        "locationInteractions": 27,
        "summons": 6,
        "awakens": 1,
        "combats": 4,
        "rewards": 4,
        "pvpAttacks": 0,
        "finalAttackDice": 1,
        "finalSpirits": 7,
        "finalMaxBarrier": 4,
        "post15VpPerRound": 0
      }
    },
    {
      "seed": 957000047,
      "guardian": "Prox",
      "trueWin": false,
      "stalled": false,
      "finalVP": 10,
      "first30Round": null,
      "post15VpPerRound": 0,
      "finalAttackDice": 4,
      "finalSpirits": 7,
      "finalMaxBarrier": 6,
      "cycle": {
        "vpAfterRound": {
          "8": 10,
          "12": 10,
          "16": 10,
          "20": 10
        },
        "first15Round": null,
        "first30Round": null,
        "decisions": 167,
        "productiveDecisions": 167,
        "optionalYieldDecisions": 13,
        "locationInteractions": 30,
        "summons": 6,
        "awakens": 1,
        "combats": 5,
        "rewards": 4,
        "pvpAttacks": 0,
        "finalAttackDice": 4,
        "finalSpirits": 7,
        "finalMaxBarrier": 6,
        "post15VpPerRound": 0
      }
    },
    {
      "seed": 957000048,
      "guardian": "Taron",
      "trueWin": true,
      "stalled": false,
      "finalVP": 30,
      "first30Round": 25,
      "post15VpPerRound": 1.5,
      "finalAttackDice": 3,
      "finalSpirits": 7,
      "finalMaxBarrier": 5,
      "cycle": {
        "vpAfterRound": {
          "8": 9,
          "12": 13,
          "16": 17,
          "20": 23
        },
        "first15Round": 15,
        "first30Round": 25,
        "decisions": 154,
        "productiveDecisions": 154,
        "optionalYieldDecisions": 1,
        "locationInteractions": 27,
        "summons": 6,
        "awakens": 1,
        "combats": 6,
        "rewards": 4,
        "pvpAttacks": 0,
        "finalAttackDice": 3,
        "finalSpirits": 7,
        "finalMaxBarrier": 5,
        "post15VpPerRound": 1.5
      }
    },
    {
      "seed": 957000049,
      "guardian": "Void Avatar",
      "trueWin": false,
      "stalled": false,
      "finalVP": 22,
      "first30Round": null,
      "post15VpPerRound": 1.4,
      "finalAttackDice": 5,
      "finalSpirits": 7,
      "finalMaxBarrier": 10,
      "cycle": {
        "vpAfterRound": {
          "8": 0,
          "12": 6,
          "16": 8,
          "20": 11
        },
        "first15Round": 25,
        "first30Round": null,
        "decisions": 197,
        "productiveDecisions": 197,
        "optionalYieldDecisions": 3,
        "locationInteractions": 51,
        "summons": 6,
        "awakens": 3,
        "combats": 10,
        "rewards": 3,
        "pvpAttacks": 0,
        "finalAttackDice": 5,
        "finalSpirits": 7,
        "finalMaxBarrier": 10,
        "post15VpPerRound": 1.4
      }
    },
    {
      "seed": 957000050,
      "guardian": "Bubblepop",
      "trueWin": false,
      "stalled": false,
      "finalVP": 8,
      "first30Round": null,
      "post15VpPerRound": 0,
      "finalAttackDice": 3,
      "finalSpirits": 7,
      "finalMaxBarrier": 5,
      "cycle": {
        "vpAfterRound": {
          "8": 8,
          "12": 8,
          "16": 8,
          "20": 8
        },
        "first15Round": null,
        "first30Round": null,
        "decisions": 144,
        "productiveDecisions": 144,
        "optionalYieldDecisions": 2,
        "locationInteractions": 32,
        "summons": 6,
        "awakens": 0,
        "combats": 5,
        "rewards": 3,
        "pvpAttacks": 0,
        "finalAttackDice": 3,
        "finalSpirits": 7,
        "finalMaxBarrier": 5,
        "post15VpPerRound": 0
      }
    },
    {
      "seed": 957000051,
      "guardian": "Embers",
      "trueWin": true,
      "stalled": false,
      "finalVP": 31,
      "first30Round": 22,
      "post15VpPerRound": 2,
      "finalAttackDice": 5,
      "finalSpirits": 7,
      "finalMaxBarrier": 10,
      "cycle": {
        "vpAfterRound": {
          "8": 10,
          "12": 14,
          "16": 20,
          "20": 27
        },
        "first15Round": 14,
        "first30Round": 22,
        "decisions": 140,
        "productiveDecisions": 140,
        "optionalYieldDecisions": 2,
        "locationInteractions": 28,
        "summons": 6,
        "awakens": 2,
        "combats": 6,
        "rewards": 5,
        "pvpAttacks": 0,
        "finalAttackDice": 5,
        "finalSpirits": 7,
        "finalMaxBarrier": 10,
        "post15VpPerRound": 2
      }
    },
    {
      "seed": 957000052,
      "guardian": "Fjorn",
      "trueWin": false,
      "stalled": false,
      "finalVP": 8,
      "first30Round": null,
      "post15VpPerRound": 0,
      "finalAttackDice": 3,
      "finalSpirits": 7,
      "finalMaxBarrier": 6,
      "cycle": {
        "vpAfterRound": {
          "8": 6,
          "12": 8,
          "16": 8,
          "20": 8
        },
        "first15Round": null,
        "first30Round": null,
        "decisions": 145,
        "productiveDecisions": 144,
        "optionalYieldDecisions": 7,
        "locationInteractions": 30,
        "summons": 8,
        "awakens": 1,
        "combats": 5,
        "rewards": 3,
        "pvpAttacks": 0,
        "finalAttackDice": 3,
        "finalSpirits": 7,
        "finalMaxBarrier": 6,
        "post15VpPerRound": 0
      }
    },
    {
      "seed": 957000053,
      "guardian": "Human Avatar",
      "trueWin": false,
      "stalled": false,
      "finalVP": 8,
      "first30Round": null,
      "post15VpPerRound": 0,
      "finalAttackDice": 3,
      "finalSpirits": 7,
      "finalMaxBarrier": 6,
      "cycle": {
        "vpAfterRound": {
          "8": 6,
          "12": 8,
          "16": 8,
          "20": 8
        },
        "first15Round": null,
        "first30Round": null,
        "decisions": 145,
        "productiveDecisions": 143,
        "optionalYieldDecisions": 5,
        "locationInteractions": 30,
        "summons": 8,
        "awakens": 1,
        "combats": 5,
        "rewards": 3,
        "pvpAttacks": 0,
        "finalAttackDice": 3,
        "finalSpirits": 7,
        "finalMaxBarrier": 6,
        "post15VpPerRound": 0
      }
    },
    {
      "seed": 957000054,
      "guardian": "Lumina",
      "trueWin": true,
      "stalled": false,
      "finalVP": 30,
      "first30Round": 30,
      "post15VpPerRound": 1.3636363636363635,
      "finalAttackDice": 3,
      "finalSpirits": 7,
      "finalMaxBarrier": 9,
      "cycle": {
        "vpAfterRound": {
          "8": 6,
          "12": 8,
          "16": 12,
          "20": 18
        },
        "first15Round": 19,
        "first30Round": 30,
        "decisions": 183,
        "productiveDecisions": 180,
        "optionalYieldDecisions": 3,
        "locationInteractions": 34,
        "summons": 10,
        "awakens": 2,
        "combats": 6,
        "rewards": 4,
        "pvpAttacks": 0,
        "finalAttackDice": 3,
        "finalSpirits": 7,
        "finalMaxBarrier": 9,
        "post15VpPerRound": 1.3636363636363635
      }
    },
    {
      "seed": 957000055,
      "guardian": "Myrtle",
      "trueWin": false,
      "stalled": false,
      "finalVP": 8,
      "first30Round": null,
      "post15VpPerRound": 0,
      "finalAttackDice": 4,
      "finalSpirits": 7,
      "finalMaxBarrier": 4,
      "cycle": {
        "vpAfterRound": {
          "8": 8,
          "12": 8,
          "16": 8,
          "20": 8
        },
        "first15Round": null,
        "first30Round": null,
        "decisions": 161,
        "productiveDecisions": 161,
        "optionalYieldDecisions": 4,
        "locationInteractions": 30,
        "summons": 6,
        "awakens": 1,
        "combats": 4,
        "rewards": 3,
        "pvpAttacks": 0,
        "finalAttackDice": 4,
        "finalSpirits": 7,
        "finalMaxBarrier": 4,
        "post15VpPerRound": 0
      }
    },
    {
      "seed": 957000056,
      "guardian": "Pixia",
      "trueWin": false,
      "stalled": false,
      "finalVP": 8,
      "first30Round": null,
      "post15VpPerRound": 0,
      "finalAttackDice": 7,
      "finalSpirits": 7,
      "finalMaxBarrier": 7,
      "cycle": {
        "vpAfterRound": {
          "8": 6,
          "12": 8,
          "16": 8,
          "20": 8
        },
        "first15Round": null,
        "first30Round": null,
        "decisions": 133,
        "productiveDecisions": 133,
        "optionalYieldDecisions": 3,
        "locationInteractions": 32,
        "summons": 6,
        "awakens": 1,
        "combats": 5,
        "rewards": 3,
        "pvpAttacks": 0,
        "finalAttackDice": 7,
        "finalSpirits": 7,
        "finalMaxBarrier": 7,
        "post15VpPerRound": 0
      }
    },
    {
      "seed": 957000057,
      "guardian": "Prox",
      "trueWin": false,
      "stalled": false,
      "finalVP": 8,
      "first30Round": null,
      "post15VpPerRound": 0,
      "finalAttackDice": 2,
      "finalSpirits": 7,
      "finalMaxBarrier": 8,
      "cycle": {
        "vpAfterRound": {
          "8": 3,
          "12": 3,
          "16": 3,
          "20": 8
        },
        "first15Round": null,
        "first30Round": null,
        "decisions": 141,
        "productiveDecisions": 141,
        "optionalYieldDecisions": 1,
        "locationInteractions": 31,
        "summons": 6,
        "awakens": 1,
        "combats": 5,
        "rewards": 3,
        "pvpAttacks": 0,
        "finalAttackDice": 2,
        "finalSpirits": 7,
        "finalMaxBarrier": 8,
        "post15VpPerRound": 0
      }
    },
    {
      "seed": 957000058,
      "guardian": "Taron",
      "trueWin": false,
      "stalled": false,
      "finalVP": 6,
      "first30Round": null,
      "post15VpPerRound": 0,
      "finalAttackDice": 0,
      "finalSpirits": 7,
      "finalMaxBarrier": 4,
      "cycle": {
        "vpAfterRound": {
          "8": 3,
          "12": 3,
          "16": 6,
          "20": 6
        },
        "first15Round": null,
        "first30Round": null,
        "decisions": 150,
        "productiveDecisions": 150,
        "optionalYieldDecisions": 12,
        "locationInteractions": 29,
        "summons": 6,
        "awakens": 0,
        "combats": 3,
        "rewards": 2,
        "pvpAttacks": 0,
        "finalAttackDice": 0,
        "finalSpirits": 7,
        "finalMaxBarrier": 4,
        "post15VpPerRound": 0
      }
    },
    {
      "seed": 957000059,
      "guardian": "Void Avatar",
      "trueWin": false,
      "stalled": false,
      "finalVP": 26,
      "first30Round": null,
      "post15VpPerRound": 3.6666666666666665,
      "finalAttackDice": 3,
      "finalSpirits": 7,
      "finalMaxBarrier": 10,
      "cycle": {
        "vpAfterRound": {
          "8": 3,
          "12": 10,
          "16": 10,
          "20": 10
        },
        "first15Round": 27,
        "first30Round": null,
        "decisions": 163,
        "productiveDecisions": 163,
        "optionalYieldDecisions": 1,
        "locationInteractions": 36,
        "summons": 6,
        "awakens": 1,
        "combats": 9,
        "rewards": 5,
        "pvpAttacks": 0,
        "finalAttackDice": 3,
        "finalSpirits": 7,
        "finalMaxBarrier": 10,
        "post15VpPerRound": 3.6666666666666665
      }
    },
    {
      "seed": 957000060,
      "guardian": "Bubblepop",
      "trueWin": false,
      "stalled": false,
      "finalVP": 25,
      "first30Round": null,
      "post15VpPerRound": 1.25,
      "finalAttackDice": 3,
      "finalSpirits": 7,
      "finalMaxBarrier": 6,
      "cycle": {
        "vpAfterRound": {
          "8": 3,
          "12": 8,
          "16": 10,
          "20": 14
        },
        "first15Round": 22,
        "first30Round": null,
        "decisions": 151,
        "productiveDecisions": 151,
        "optionalYieldDecisions": 2,
        "locationInteractions": 30,
        "summons": 6,
        "awakens": 2,
        "combats": 5,
        "rewards": 4,
        "pvpAttacks": 0,
        "finalAttackDice": 3,
        "finalSpirits": 7,
        "finalMaxBarrier": 6,
        "post15VpPerRound": 1.25
      }
    },
    {
      "seed": 957000061,
      "guardian": "Embers",
      "trueWin": true,
      "stalled": false,
      "finalVP": 30,
      "first30Round": 29,
      "post15VpPerRound": 1.0714285714285714,
      "finalAttackDice": 1,
      "finalSpirits": 7,
      "finalMaxBarrier": 6,
      "cycle": {
        "vpAfterRound": {
          "8": 7,
          "12": 11,
          "16": 17,
          "20": 21
        },
        "first15Round": 15,
        "first30Round": 29,
        "decisions": 162,
        "productiveDecisions": 162,
        "optionalYieldDecisions": 1,
        "locationInteractions": 32,
        "summons": 6,
        "awakens": 1,
        "combats": 5,
        "rewards": 3,
        "pvpAttacks": 0,
        "finalAttackDice": 1,
        "finalSpirits": 7,
        "finalMaxBarrier": 6,
        "post15VpPerRound": 1.0714285714285714
      }
    },
    {
      "seed": 957000062,
      "guardian": "Fjorn",
      "trueWin": false,
      "stalled": false,
      "finalVP": 13,
      "first30Round": null,
      "post15VpPerRound": 0,
      "finalAttackDice": 3,
      "finalSpirits": 7,
      "finalMaxBarrier": 5,
      "cycle": {
        "vpAfterRound": {
          "8": 6,
          "12": 10,
          "16": 10,
          "20": 13
        },
        "first15Round": null,
        "first30Round": null,
        "decisions": 131,
        "productiveDecisions": 131,
        "optionalYieldDecisions": 4,
        "locationInteractions": 31,
        "summons": 6,
        "awakens": 1,
        "combats": 6,
        "rewards": 5,
        "pvpAttacks": 0,
        "finalAttackDice": 3,
        "finalSpirits": 7,
        "finalMaxBarrier": 5,
        "post15VpPerRound": 0
      }
    },
    {
      "seed": 957000063,
      "guardian": "Human Avatar",
      "trueWin": false,
      "stalled": false,
      "finalVP": 8,
      "first30Round": null,
      "post15VpPerRound": 0,
      "finalAttackDice": 4,
      "finalSpirits": 7,
      "finalMaxBarrier": 4,
      "cycle": {
        "vpAfterRound": {
          "8": 8,
          "12": 8,
          "16": 8,
          "20": 8
        },
        "first15Round": null,
        "first30Round": null,
        "decisions": 140,
        "productiveDecisions": 140,
        "optionalYieldDecisions": 2,
        "locationInteractions": 31,
        "summons": 6,
        "awakens": 1,
        "combats": 3,
        "rewards": 3,
        "pvpAttacks": 0,
        "finalAttackDice": 4,
        "finalSpirits": 7,
        "finalMaxBarrier": 4,
        "post15VpPerRound": 0
      }
    }
  ]
}
