{
  "schemaVersion": "arc-v34-preview-collection-v1",
  "strengthUse": false,
  "seed0": 957800000,
  "games": 4096,
  "seedMax": 957804095,
  "completed": 4096,
  "workers": 24,
  "wallSeconds": 414.090046402,
  "stalls": 0,
  "checkpoint": {
    "path": "/data/share8/michaelvuaprilexperimentation/arc-bot/ml/experiments/v32-onpolicy-solo/shared-critic/checkpoint.pt",
    "sha256": "aeb254c20367029696da1e6ca823b96187191140056d646a7c2d3d47ec4e567b"
  },
  "catalog": {
    "path": "/data/share8/michaelvuaprilexperimentation/arc-bot/ml/catalogs/live-20260713-5f4ad348.json",
    "sha256": "5f4ad348f6c7add612c736df0f3e00b7d4c821758e0561049f2e550e798c6e2e"
  },
  "inference": {
    "format": "arc-entity-scorer-v2",
    "obsDim": 3419,
    "actDim": 104,
    "weightsPath": "/data/share8/michaelvuaprilexperimentation/arc-bot/ml/experiments/v32-onpolicy-solo/shared-critic/checkpoint.pt",
    "weightsSha256": "aeb254c20367029696da1e6ca823b96187191140056d646a7c2d3d47ec4e567b",
    "wire": "binary"
  },
  "previewInputs": [
    {
      "name": "preview-audit-0.jsonl",
      "sha256": "dfe9df440b1ec35b974084abe8fa73a8ccf497b42807d030ec3ae0451d690042",
      "rows": 4680
    },
    {
      "name": "preview-audit-1.jsonl",
      "sha256": "43bb866c620b4658f05e26feb56fd0e031878ad9b8430cd718522826768858ef",
      "rows": 4788
    },
    {
      "name": "preview-audit-10.jsonl",
      "sha256": "1639d3fc3e9728ee70749bb433413266ea8a5a42144c8f163f9f7a254bdec83e",
      "rows": 4853
    },
    {
      "name": "preview-audit-11.jsonl",
      "sha256": "cbdac40325e070f9601eb33fad2375bd12a14132bcc07b8aa948cfe7e28016d5",
      "rows": 4792
    },
    {
      "name": "preview-audit-12.jsonl",
      "sha256": "fbae34fd1b75757c806622b0578430e2178903661a9c820f2352d2a33a8d6323",
      "rows": 4785
    },
    {
      "name": "preview-audit-13.jsonl",
      "sha256": "cfbcc62ce504bd813e3f6c36fead4b66167895baa9e285e8e6c9a3979d8adabd",
      "rows": 4812
    },
    {
      "name": "preview-audit-14.jsonl",
      "sha256": "961c7218756988915a088af8717ae56e933c1a7c46ac8719abbfe03ce912a7d9",
      "rows": 4775
    },
    {
      "name": "preview-audit-15.jsonl",
      "sha256": "7051a7cb1c432b9f30541176545dee00fba959cc6ac480b798f93932761dba5b",
      "rows": 4826
    },
    {
      "name": "preview-audit-16.jsonl",
      "sha256": "5084911dfa38eadda5a45033d5bc8f215f5172506b0396e86117af02266dea5e",
      "rows": 4943
    },
    {
      "name": "preview-audit-17.jsonl",
      "sha256": "aa8165551976478d6a01e3b237e2247024c4e7038aba904980e23b7736b36c3a",
      "rows": 4820
    },
    {
      "name": "preview-audit-18.jsonl",
      "sha256": "95f11711099dbf0b26a2da2d8a88f537e6324071cf42eb4600903cf19be99e12",
      "rows": 4825
    },
    {
      "name": "preview-audit-19.jsonl",
      "sha256": "00c6080bf09bafae0db4ff0535f5236883ba5d1a37013284d2c89315d3c555bb",
      "rows": 4731
    },
    {
      "name": "preview-audit-2.jsonl",
      "sha256": "23b36f2526a8b79199e671cadf11819a554b817d060eb4de7f4d8117db997c6f",
      "rows": 4740
    },
    {
      "name": "preview-audit-20.jsonl",
      "sha256": "298b83d0e4b713460b1303f7d85d984bb9a36a75e652cbb35c96de72bc0f707b",
      "rows": 4864
    },
    {
      "name": "preview-audit-21.jsonl",
      "sha256": "ad7136e90a8b2411f64a2fcd3b46e56a1d9b5145dc0f3d46060c27c770a039e6",
      "rows": 4698
    },
    {
      "name": "preview-audit-22.jsonl",
      "sha256": "ca2a886c651ff883f86cf2bbf8fecb6ce35513591e8c1efaeed0a22c8193d6e7",
      "rows": 4823
    },
    {
      "name": "preview-audit-23.jsonl",
      "sha256": "d0e5bca4061a1911e97ae182abad202cd4c251121d9e619a2460aaaf7e39bf97",
      "rows": 4942
    },
    {
      "name": "preview-audit-3.jsonl",
      "sha256": "c997a233719dfb74948da7c7981b325b71608779764a190c017c1004afd17b50",
      "rows": 4824
    },
    {
      "name": "preview-audit-4.jsonl",
      "sha256": "b7c7e917de449c98721b4e1ae5cb6d989c68f5a029e0661d59b85ef0b96d2f4a",
      "rows": 4890
    },
    {
      "name": "preview-audit-5.jsonl",
      "sha256": "da971e06e756ea6d8d226deb0a232016f3307ad80d949ce8157d1835ed32a19a",
      "rows": 4934
    },
    {
      "name": "preview-audit-6.jsonl",
      "sha256": "9f67f9bee5a43e7bf29d3e3a9d5865664bf9e0b872e779f7e81597b7f3997a14",
      "rows": 4909
    },
    {
      "name": "preview-audit-7.jsonl",
      "sha256": "9abf2290e9c32b01620a4350183d0c51592545d7e6c52656fd6745eb99eda6dd",
      "rows": 4926
    },
    {
      "name": "preview-audit-8.jsonl",
      "sha256": "096d2a11b31aa26ed1f67d5fc2f300714ce307aa67769f801b88645ba223ab2d",
      "rows": 4658
    },
    {
      "name": "preview-audit-9.jsonl",
      "sha256": "2c25022fa26e836fa28ba2f1099d9b9c36fd85cc9e35ceef9dab37dafff48830",
      "rows": 4746
    }
  ]
}
