preflight written: ml/experiments/v30-strategic-tail-fidelity/preflight.json
	Command being timed: "ml/.venv/bin/python ml/outcome_distill_v2.py --data ml/experiments/v30-strategic-tail-fidelity/data/train-merged --val-data ml/experiments/v30-strategic-tail-fidelity/data/validation --teacher ml/warmstart/v24/v23-control-gen5-obs199-act104.json --out ml/experiments/v30-strategic-tail-fidelity/preflight-unused.pt --stats-out ml/experiments/v30-strategic-tail-fidelity/preflight.json --batch-size 512 --expected-temperature 0.55 --teacher-logp-tolerance 0.001 --audit-only --val-select-seed0 948000000 --val-select-games 256 --val-gate-seed0 948000256 --val-gate-games 256 --device cuda"
	User time (seconds): 186.27
	System time (seconds): 10.03
	Percent of CPU this job got: 148%
	Elapsed (wall clock) time (h:mm:ss or m:ss): 2:11.89
	Average shared text size (kbytes): 0
	Average unshared data size (kbytes): 0
	Average stack size (kbytes): 0
	Average total size (kbytes): 0
	Maximum resident set size (kbytes): 6389380
	Average resident set size (kbytes): 0
	Major (requiring I/O) page faults: 0
	Minor (reclaiming a frame) page faults: 2194172
	Voluntary context switches: 3402
	Involuntary context switches: 4217
	Swaps: 0
	File system inputs: 0
	File system outputs: 16
	Socket messages sent: 0
	Socket messages received: 0
	Signals delivered: 0
	Page size (bytes): 4096
	Exit status: 0
