{
  "schemaVersion": "arc-v34-systems-stage-v1",
  "strengthUse": false,
  "outcomesLoaded": false,
  "arm": "heuristic-s4-h2",
  "stage": "throughput-w24",
  "seed0": 957900000,
  "games": 128,
  "seedMax": 957900127,
  "workers": 24,
  "plannerMode": "heuristic-batched",
  "strategicDecisions": 3944,
  "strategicSimulations": 15776,
  "stalls": 0,
  "decisionWallMsP95": 68.851,
  "wallSeconds": 21.726116877,
  "gamesPerSecond": 5.891526807328608,
  "optimisticProjected4096Seconds": null,
  "projected4096Seconds": 695.235740064,
  "inference": {
    "format": "arc-entity-scorer-v2",
    "obsDim": 3419,
    "actDim": 104,
    "weightsPath": "/data/share8/michaelvuaprilexperimentation/arc-bot/ml/experiments/v32-onpolicy-solo/shared-critic/checkpoint.pt",
    "weightsSha256": "aeb254c20367029696da1e6ca823b96187191140056d646a7c2d3d47ec4e567b",
    "wire": "binary"
  },
  "inputs": {
    "protocol": {
      "path": "ml/experiments/v34-latency-first-expert-iteration/protocol.json",
      "sha256": "af6feef48d896b2071657f5c55970dc01872c79d1d643cf2af161a29ce7fe548"
    },
    "benchmark": {
      "path": "/data/share8/michaelvuaprilexperimentation/arc-bot/ml/experiments/v34-latency-first-expert-iteration/artifacts/systems/stages/heuristic-s4-h2/throughput-w24/attempt-1/benchmark.json",
      "sha256": "f4295928372f249ff8a91ebd6d4cfac10b8601dbb08fb17c766a74b59a6b87f4"
    },
    "progress": {
      "path": "/data/share8/michaelvuaprilexperimentation/arc-bot/ml/experiments/v34-latency-first-expert-iteration/artifacts/systems/stages/heuristic-s4-h2/throughput-w24/attempt-1/progress.jsonl",
      "sha256": "ac26d66766dea61c87dbb8860403c05d767c2fd2e5fbbf23614878929429513d"
    }
  },
  "eligible": true,
  "rejectionReason": null
}
