{
  "schemaVersion": "arc-v34-systems-stage-v1",
  "strengthUse": false,
  "outcomesLoaded": false,
  "arm": "rerank-p075",
  "stage": "throughput-w4",
  "seed0": 957900000,
  "games": 128,
  "seedMax": 957900127,
  "workers": 4,
  "plannerMode": "critic-rerank",
  "strategicDecisions": 3569,
  "strategicSimulations": 0,
  "stalls": 0,
  "decisionWallMsP95": 40.082,
  "wallSeconds": 67.59692837299998,
  "gamesPerSecond": 1.893577165129394,
  "optimisticProjected4096Seconds": null,
  "projected4096Seconds": 2163.1017079359995,
  "inference": {
    "format": "arc-entity-scorer-v2",
    "obsDim": 3419,
    "actDim": 104,
    "weightsPath": "/data/share8/michaelvuaprilexperimentation/arc-bot/ml/experiments/v32-onpolicy-solo/shared-critic/checkpoint.pt",
    "weightsSha256": "aeb254c20367029696da1e6ca823b96187191140056d646a7c2d3d47ec4e567b",
    "wire": "binary"
  },
  "inputs": {
    "protocol": {
      "path": "ml/experiments/v34-latency-first-expert-iteration/protocol.json",
      "sha256": "af6feef48d896b2071657f5c55970dc01872c79d1d643cf2af161a29ce7fe548"
    },
    "benchmark": {
      "path": "/data/share8/michaelvuaprilexperimentation/arc-bot/ml/experiments/v34-latency-first-expert-iteration/artifacts/systems/stages/rerank-p075/throughput-w4/attempt-1/benchmark.json",
      "sha256": "66e99bbc5a3cec465880977195c2cfa63cd045c46bd39636b9ec55a500473a10"
    },
    "progress": {
      "path": "/data/share8/michaelvuaprilexperimentation/arc-bot/ml/experiments/v34-latency-first-expert-iteration/artifacts/systems/stages/rerank-p075/throughput-w4/attempt-1/progress.jsonl",
      "sha256": "bc9e2a197c2b8d846b0a814b88cda24ed636ae7f90d685988e764ce87ad7cdfe"
    }
  },
  "eligible": true,
  "rejectionReason": null
}
