{
  "schemaVersion": "solo-heldout-v2",
  "sourceCommit": "ff2aa7cc4e69f0f7da530a0d0df418c26839314e",
  "weights": "ml/experiments/v32-onpolicy-solo/shared-critic/checkpoint.pt",
  "weightsSha256": "aeb254c20367029696da1e6ca823b96187191140056d646a7c2d3d47ec4e567b",
  "catalog": "ml/catalogs/live-20260713-5f4ad348.json",
  "catalogSha256": "5f4ad348f6c7add612c736df0f3e00b7d4c821758e0561049f2e550e798c6e2e",
  "inference": {
    "format": "arc-entity-scorer-v2",
    "obsDim": 3419,
    "actDim": 104,
    "weightsPath": "ml/experiments/v32-onpolicy-solo/shared-critic/checkpoint.pt",
    "weightsSha256": "aeb254c20367029696da1e6ca823b96187191140056d646a7c2d3d47ec4e567b",
    "wire": "binary"
  },
  "seed0": 957000000,
  "games": 64,
  "maxRounds": 30,
  "maxStatusLevel": 2,
  "decode": {
    "policyObsVersion": 2,
    "inferenceSocket": "/dev/shm/arc-v34-phase2/rerank-p100/attempt-1/infer.sock",
    "learnMonsterRewardChoices": false,
    "sample": true,
    "temperature": 0.55,
    "rerank": {
      "policyRankWeight": 1
    }
  },
  "trueWins": 39,
  "trueWinRate": 0.609375,
  "trueWinWilson95": {
    "lower": 0.4869191788027247,
    "upper": 0.7194443081175993
  },
  "namedWinRate": 1,
  "stalls": 0,
  "stallRate": 0,
  "reach15Rate": 0.8125,
  "nearMiss27To29Rate": 0.09375,
  "vp": {
    "mean": 25.453125,
    "p10": 11.600000000000001,
    "median": 30,
    "p90": 30,
    "min": 6,
    "max": 31
  },
  "vpBuckets": {
    "under15": 12,
    "from15To19": 1,
    "from20To24": 3,
    "from25To26": 3,
    "from27To29": 6,
    "atLeast30WithoutStall": 39,
    "stalledAtLeast30": 0
  },
  "guardianBreakdown": [
    {
      "guardian": "Prox",
      "games": 6,
      "trueWins": 1,
      "trueWinRate": 0.16666666666666666,
      "trueWinWilson95": {
        "lower": 0.030053369748306635,
        "upper": 0.5635028221864702
      },
      "meanVP": 22.666666666666668,
      "medianVP": 25.5
    },
    {
      "guardian": "Taron",
      "games": 6,
      "trueWins": 2,
      "trueWinRate": 0.3333333333333333,
      "trueWinWilson95": {
        "lower": 0.09677141110578041,
        "upper": 0.700006684861608
      },
      "meanVP": 21,
      "medianVP": 21
    },
    {
      "guardian": "Fjorn",
      "games": 7,
      "trueWins": 3,
      "trueWinRate": 0.42857142857142855,
      "trueWinWilson95": {
        "lower": 0.15821985525146975,
        "upper": 0.7495416354723428
      },
      "meanVP": 22.428571428571427,
      "medianVP": 26
    },
    {
      "guardian": "Embers",
      "games": 7,
      "trueWins": 3,
      "trueWinRate": 0.42857142857142855,
      "trueWinWilson95": {
        "lower": 0.15821985525146975,
        "upper": 0.7495416354723428
      },
      "meanVP": 25,
      "medianVP": 29
    },
    {
      "guardian": "Pixia",
      "games": 6,
      "trueWins": 3,
      "trueWinRate": 0.5,
      "trueWinWilson95": {
        "lower": 0.18761630648265054,
        "upper": 0.8123836935173494
      },
      "meanVP": 22.5,
      "medianVP": 29.5
    },
    {
      "guardian": "Myrtle",
      "games": 6,
      "trueWins": 4,
      "trueWinRate": 0.6666666666666666,
      "trueWinWilson95": {
        "lower": 0.299993315138392,
        "upper": 0.9032285888942195
      },
      "meanVP": 26.333333333333332,
      "medianVP": 30
    },
    {
      "guardian": "Human Avatar",
      "games": 7,
      "trueWins": 5,
      "trueWinRate": 0.7142857142857143,
      "trueWinWilson95": {
        "lower": 0.35893445183261935,
        "upper": 0.9177810759959433
      },
      "meanVP": 27.428571428571427,
      "medianVP": 30
    },
    {
      "guardian": "Bubblepop",
      "games": 7,
      "trueWins": 6,
      "trueWinRate": 0.8571428571428571,
      "trueWinWilson95": {
        "lower": 0.4868721707256811,
        "upper": 0.9743203756552565
      },
      "meanVP": 26.857142857142858,
      "medianVP": 30
    },
    {
      "guardian": "Lumina",
      "games": 6,
      "trueWins": 6,
      "trueWinRate": 1,
      "trueWinWilson95": {
        "lower": 0.6096657120978346,
        "upper": 1
      },
      "meanVP": 30.166666666666668,
      "medianVP": 30
    },
    {
      "guardian": "Void Avatar",
      "games": 6,
      "trueWins": 6,
      "trueWinRate": 1,
      "trueWinWilson95": {
        "lower": 0.6096657120978346,
        "upper": 1
      },
      "meanVP": 30.166666666666668,
      "medianVP": 30
    }
  ],
  "first30Round": {
    "mean": 27.153846153846153,
    "median": 28
  },
  "engine": {
    "meanPost15VpPerRound": 1.0935269572667672,
    "meanFinalAttackDice": 3.828125,
    "meanFinalSpirits": 6.6875,
    "meanFinalMaxBarrier": 7.484375
  },
  "performance": {
    "wallSeconds": 13.243092196000001,
    "gamesPerSecond": 4.832708181200371,
    "workers": 8,
    "gameWallMsP50": 1531.3,
    "gameWallMsP95": 2002.0849999999998,
    "search": {
      "mode": "critic-rerank",
      "decisions": 1809,
      "simulations": 0,
      "byPhase": {
        "navigation": 1809,
        "encounter": 0
      },
      "decisionWallMsP50": 13.102,
      "decisionWallMsP95": 14.904
    }
  },
  "perGame": [
    {
      "seed": 957000000,
      "guardian": "Bubblepop",
      "trueWin": true,
      "stalled": false,
      "finalVP": 30,
      "first30Round": 30,
      "post15VpPerRound": 1.0714285714285714,
      "finalAttackDice": 3,
      "finalSpirits": 7,
      "finalMaxBarrier": 6,
      "cycle": {
        "vpAfterRound": {
          "8": 8,
          "12": 12,
          "16": 16,
          "20": 20
        },
        "first15Round": 16,
        "first30Round": 30,
        "decisions": 157,
        "productiveDecisions": 157,
        "optionalYieldDecisions": 2,
        "locationInteractions": 36,
        "summons": 6,
        "awakens": 1,
        "combats": 4,
        "rewards": 3,
        "pvpAttacks": 0,
        "finalAttackDice": 3,
        "finalSpirits": 7,
        "finalMaxBarrier": 6,
        "post15VpPerRound": 1.0714285714285714
      }
    },
    {
      "seed": 957000001,
      "guardian": "Embers",
      "trueWin": false,
      "stalled": false,
      "finalVP": 10,
      "first30Round": null,
      "post15VpPerRound": 0,
      "finalAttackDice": 4,
      "finalSpirits": 7,
      "finalMaxBarrier": 8,
      "cycle": {
        "vpAfterRound": {
          "8": 6,
          "12": 8,
          "16": 10,
          "20": 10
        },
        "first15Round": null,
        "first30Round": null,
        "decisions": 177,
        "productiveDecisions": 177,
        "optionalYieldDecisions": 19,
        "locationInteractions": 33,
        "summons": 6,
        "awakens": 2,
        "combats": 8,
        "rewards": 4,
        "pvpAttacks": 0,
        "finalAttackDice": 4,
        "finalSpirits": 7,
        "finalMaxBarrier": 8,
        "post15VpPerRound": 0
      }
    },
    {
      "seed": 957000002,
      "guardian": "Fjorn",
      "trueWin": true,
      "stalled": false,
      "finalVP": 30,
      "first30Round": 26,
      "post15VpPerRound": 1.3636363636363635,
      "finalAttackDice": 4,
      "finalSpirits": 7,
      "finalMaxBarrier": 6,
      "cycle": {
        "vpAfterRound": {
          "8": 8,
          "12": 12,
          "16": 16,
          "20": 22
        },
        "first15Round": 15,
        "first30Round": 26,
        "decisions": 182,
        "productiveDecisions": 182,
        "optionalYieldDecisions": 4,
        "locationInteractions": 44,
        "summons": 6,
        "awakens": 1,
        "combats": 6,
        "rewards": 4,
        "pvpAttacks": 0,
        "finalAttackDice": 4,
        "finalSpirits": 7,
        "finalMaxBarrier": 6,
        "post15VpPerRound": 1.3636363636363635
      }
    },
    {
      "seed": 957000003,
      "guardian": "Human Avatar",
      "trueWin": true,
      "stalled": false,
      "finalVP": 30,
      "first30Round": 29,
      "post15VpPerRound": 1.0714285714285714,
      "finalAttackDice": 3,
      "finalSpirits": 7,
      "finalMaxBarrier": 9,
      "cycle": {
        "vpAfterRound": {
          "8": 8,
          "12": 13,
          "16": 17,
          "20": 21
        },
        "first15Round": 15,
        "first30Round": 29,
        "decisions": 159,
        "productiveDecisions": 159,
        "optionalYieldDecisions": 0,
        "locationInteractions": 38,
        "summons": 6,
        "awakens": 2,
        "combats": 7,
        "rewards": 5,
        "pvpAttacks": 0,
        "finalAttackDice": 3,
        "finalSpirits": 7,
        "finalMaxBarrier": 9,
        "post15VpPerRound": 1.0714285714285714
      }
    },
    {
      "seed": 957000004,
      "guardian": "Lumina",
      "trueWin": true,
      "stalled": false,
      "finalVP": 30,
      "first30Round": 29,
      "post15VpPerRound": 1.1538461538461537,
      "finalAttackDice": 5,
      "finalSpirits": 7,
      "finalMaxBarrier": 5,
      "cycle": {
        "vpAfterRound": {
          "8": 8,
          "12": 11,
          "16": 15,
          "20": 21
        },
        "first15Round": 16,
        "first30Round": 29,
        "decisions": 170,
        "productiveDecisions": 170,
        "optionalYieldDecisions": 3,
        "locationInteractions": 39,
        "summons": 6,
        "awakens": 1,
        "combats": 6,
        "rewards": 4,
        "pvpAttacks": 0,
        "finalAttackDice": 5,
        "finalSpirits": 7,
        "finalMaxBarrier": 5,
        "post15VpPerRound": 1.1538461538461537
      }
    },
    {
      "seed": 957000005,
      "guardian": "Myrtle",
      "trueWin": false,
      "stalled": false,
      "finalVP": 21,
      "first30Round": null,
      "post15VpPerRound": 1.5,
      "finalAttackDice": 2,
      "finalSpirits": 7,
      "finalMaxBarrier": 10,
      "cycle": {
        "vpAfterRound": {
          "8": 3,
          "12": 3,
          "16": 3,
          "20": 8
        },
        "first15Round": 26,
        "first30Round": null,
        "decisions": 147,
        "productiveDecisions": 147,
        "optionalYieldDecisions": 2,
        "locationInteractions": 38,
        "summons": 6,
        "awakens": 1,
        "combats": 6,
        "rewards": 3,
        "pvpAttacks": 0,
        "finalAttackDice": 2,
        "finalSpirits": 7,
        "finalMaxBarrier": 10,
        "post15VpPerRound": 1.5
      }
    },
    {
      "seed": 957000006,
      "guardian": "Pixia",
      "trueWin": true,
      "stalled": false,
      "finalVP": 30,
      "first30Round": 29,
      "post15VpPerRound": 1.6666666666666667,
      "finalAttackDice": 5,
      "finalSpirits": 7,
      "finalMaxBarrier": 6,
      "cycle": {
        "vpAfterRound": {
          "8": 6,
          "12": 8,
          "16": 12,
          "20": 18
        },
        "first15Round": 20,
        "first30Round": 29,
        "decisions": 152,
        "productiveDecisions": 152,
        "optionalYieldDecisions": 1,
        "locationInteractions": 35,
        "summons": 6,
        "awakens": 2,
        "combats": 7,
        "rewards": 5,
        "pvpAttacks": 0,
        "finalAttackDice": 5,
        "finalSpirits": 7,
        "finalMaxBarrier": 6,
        "post15VpPerRound": 1.6666666666666667
      }
    },
    {
      "seed": 957000007,
      "guardian": "Prox",
      "trueWin": true,
      "stalled": false,
      "finalVP": 30,
      "first30Round": 26,
      "post15VpPerRound": 1.0714285714285714,
      "finalAttackDice": 2,
      "finalSpirits": 7,
      "finalMaxBarrier": 7,
      "cycle": {
        "vpAfterRound": {
          "8": 10,
          "12": 16,
          "16": 20,
          "20": 24
        },
        "first15Round": 12,
        "first30Round": 26,
        "decisions": 181,
        "productiveDecisions": 181,
        "optionalYieldDecisions": 1,
        "locationInteractions": 43,
        "summons": 6,
        "awakens": 1,
        "combats": 6,
        "rewards": 4,
        "pvpAttacks": 0,
        "finalAttackDice": 2,
        "finalSpirits": 7,
        "finalMaxBarrier": 7,
        "post15VpPerRound": 1.0714285714285714
      }
    },
    {
      "seed": 957000008,
      "guardian": "Taron",
      "trueWin": false,
      "stalled": false,
      "finalVP": 13,
      "first30Round": null,
      "post15VpPerRound": 0,
      "finalAttackDice": 5,
      "finalSpirits": 7,
      "finalMaxBarrier": 10,
      "cycle": {
        "vpAfterRound": {
          "8": 8,
          "12": 13,
          "16": 13,
          "20": 13
        },
        "first15Round": null,
        "first30Round": null,
        "decisions": 150,
        "productiveDecisions": 150,
        "optionalYieldDecisions": 2,
        "locationInteractions": 34,
        "summons": 6,
        "awakens": 1,
        "combats": 8,
        "rewards": 5,
        "pvpAttacks": 0,
        "finalAttackDice": 5,
        "finalSpirits": 7,
        "finalMaxBarrier": 10,
        "post15VpPerRound": 0
      }
    },
    {
      "seed": 957000009,
      "guardian": "Void Avatar",
      "trueWin": true,
      "stalled": false,
      "finalVP": 30,
      "first30Round": 24,
      "post15VpPerRound": 2.142857142857143,
      "finalAttackDice": 3,
      "finalSpirits": 7,
      "finalMaxBarrier": 10,
      "cycle": {
        "vpAfterRound": {
          "8": 8,
          "12": 10,
          "16": 14,
          "20": 22
        },
        "first15Round": 17,
        "first30Round": 24,
        "decisions": 147,
        "productiveDecisions": 147,
        "optionalYieldDecisions": 0,
        "locationInteractions": 33,
        "summons": 6,
        "awakens": 1,
        "combats": 7,
        "rewards": 4,
        "pvpAttacks": 0,
        "finalAttackDice": 3,
        "finalSpirits": 7,
        "finalMaxBarrier": 10,
        "post15VpPerRound": 2.142857142857143
      }
    },
    {
      "seed": 957000010,
      "guardian": "Bubblepop",
      "trueWin": true,
      "stalled": false,
      "finalVP": 30,
      "first30Round": 30,
      "post15VpPerRound": 1.1538461538461537,
      "finalAttackDice": 2,
      "finalSpirits": 7,
      "finalMaxBarrier": 6,
      "cycle": {
        "vpAfterRound": {
          "8": 8,
          "12": 10,
          "16": 14,
          "20": 18
        },
        "first15Round": 17,
        "first30Round": 30,
        "decisions": 211,
        "productiveDecisions": 211,
        "optionalYieldDecisions": 15,
        "locationInteractions": 49,
        "summons": 6,
        "awakens": 1,
        "combats": 7,
        "rewards": 4,
        "pvpAttacks": 0,
        "finalAttackDice": 2,
        "finalSpirits": 7,
        "finalMaxBarrier": 6,
        "post15VpPerRound": 1.1538461538461537
      }
    },
    {
      "seed": 957000011,
      "guardian": "Embers",
      "trueWin": true,
      "stalled": false,
      "finalVP": 30,
      "first30Round": 25,
      "post15VpPerRound": 1.5,
      "finalAttackDice": 3,
      "finalSpirits": 7,
      "finalMaxBarrier": 7,
      "cycle": {
        "vpAfterRound": {
          "8": 8,
          "12": 12,
          "16": 18,
          "20": 25
        },
        "first15Round": 15,
        "first30Round": 25,
        "decisions": 164,
        "productiveDecisions": 164,
        "optionalYieldDecisions": 2,
        "locationInteractions": 38,
        "summons": 6,
        "awakens": 1,
        "combats": 7,
        "rewards": 5,
        "pvpAttacks": 0,
        "finalAttackDice": 3,
        "finalSpirits": 7,
        "finalMaxBarrier": 7,
        "post15VpPerRound": 1.5
      }
    },
    {
      "seed": 957000012,
      "guardian": "Fjorn",
      "trueWin": false,
      "stalled": false,
      "finalVP": 8,
      "first30Round": null,
      "post15VpPerRound": 0,
      "finalAttackDice": 4,
      "finalSpirits": 7,
      "finalMaxBarrier": 7,
      "cycle": {
        "vpAfterRound": {
          "8": 6,
          "12": 8,
          "16": 8,
          "20": 8
        },
        "first15Round": null,
        "first30Round": null,
        "decisions": 143,
        "productiveDecisions": 143,
        "optionalYieldDecisions": 3,
        "locationInteractions": 33,
        "summons": 6,
        "awakens": 1,
        "combats": 5,
        "rewards": 3,
        "pvpAttacks": 0,
        "finalAttackDice": 4,
        "finalSpirits": 7,
        "finalMaxBarrier": 7,
        "post15VpPerRound": 0
      }
    },
    {
      "seed": 957000013,
      "guardian": "Human Avatar",
      "trueWin": true,
      "stalled": false,
      "finalVP": 30,
      "first30Round": 28,
      "post15VpPerRound": 1.25,
      "finalAttackDice": 3,
      "finalSpirits": 7,
      "finalMaxBarrier": 10,
      "cycle": {
        "vpAfterRound": {
          "8": 6,
          "12": 11,
          "16": 15,
          "20": 22
        },
        "first15Round": 16,
        "first30Round": 28,
        "decisions": 178,
        "productiveDecisions": 178,
        "optionalYieldDecisions": 3,
        "locationInteractions": 43,
        "summons": 6,
        "awakens": 1,
        "combats": 7,
        "rewards": 5,
        "pvpAttacks": 0,
        "finalAttackDice": 3,
        "finalSpirits": 7,
        "finalMaxBarrier": 10,
        "post15VpPerRound": 1.25
      }
    },
    {
      "seed": 957000014,
      "guardian": "Lumina",
      "trueWin": true,
      "stalled": false,
      "finalVP": 30,
      "first30Round": 29,
      "post15VpPerRound": 1.3636363636363635,
      "finalAttackDice": 5,
      "finalSpirits": 7,
      "finalMaxBarrier": 8,
      "cycle": {
        "vpAfterRound": {
          "8": 8,
          "12": 8,
          "16": 14,
          "20": 21
        },
        "first15Round": 18,
        "first30Round": 29,
        "decisions": 146,
        "productiveDecisions": 146,
        "optionalYieldDecisions": 0,
        "locationInteractions": 33,
        "summons": 6,
        "awakens": 2,
        "combats": 7,
        "rewards": 5,
        "pvpAttacks": 0,
        "finalAttackDice": 5,
        "finalSpirits": 7,
        "finalMaxBarrier": 8,
        "post15VpPerRound": 1.3636363636363635
      }
    },
    {
      "seed": 957000015,
      "guardian": "Myrtle",
      "trueWin": true,
      "stalled": false,
      "finalVP": 30,
      "first30Round": 29,
      "post15VpPerRound": 1.0714285714285714,
      "finalAttackDice": 3,
      "finalSpirits": 7,
      "finalMaxBarrier": 7,
      "cycle": {
        "vpAfterRound": {
          "8": 9,
          "12": 13,
          "16": 17,
          "20": 21
        },
        "first15Round": 15,
        "first30Round": 29,
        "decisions": 160,
        "productiveDecisions": 160,
        "optionalYieldDecisions": 0,
        "locationInteractions": 39,
        "summons": 6,
        "awakens": 1,
        "combats": 6,
        "rewards": 4,
        "pvpAttacks": 0,
        "finalAttackDice": 3,
        "finalSpirits": 7,
        "finalMaxBarrier": 7,
        "post15VpPerRound": 1.0714285714285714
      }
    },
    {
      "seed": 957000016,
      "guardian": "Pixia",
      "trueWin": false,
      "stalled": false,
      "finalVP": 6,
      "first30Round": null,
      "post15VpPerRound": 0,
      "finalAttackDice": 3,
      "finalSpirits": 5,
      "finalMaxBarrier": 6,
      "cycle": {
        "vpAfterRound": {
          "8": 6,
          "12": 6,
          "16": 6,
          "20": 6
        },
        "first15Round": null,
        "first30Round": null,
        "decisions": 135,
        "productiveDecisions": 135,
        "optionalYieldDecisions": 4,
        "locationInteractions": 29,
        "summons": 5,
        "awakens": 0,
        "combats": 5,
        "rewards": 2,
        "pvpAttacks": 0,
        "finalAttackDice": 3,
        "finalSpirits": 5,
        "finalMaxBarrier": 6,
        "post15VpPerRound": 0
      }
    },
    {
      "seed": 957000017,
      "guardian": "Prox",
      "trueWin": false,
      "stalled": false,
      "finalVP": 29,
      "first30Round": null,
      "post15VpPerRound": 1.0769230769230769,
      "finalAttackDice": 3,
      "finalSpirits": 6,
      "finalMaxBarrier": 4,
      "cycle": {
        "vpAfterRound": {
          "8": 8,
          "12": 10,
          "16": 14,
          "20": 18
        },
        "first15Round": 17,
        "first30Round": null,
        "decisions": 197,
        "productiveDecisions": 197,
        "optionalYieldDecisions": 4,
        "locationInteractions": 47,
        "summons": 6,
        "awakens": 1,
        "combats": 5,
        "rewards": 3,
        "pvpAttacks": 0,
        "finalAttackDice": 3,
        "finalSpirits": 6,
        "finalMaxBarrier": 4,
        "post15VpPerRound": 1.0769230769230769
      }
    },
    {
      "seed": 957000018,
      "guardian": "Taron",
      "trueWin": false,
      "stalled": false,
      "finalVP": 28,
      "first30Round": null,
      "post15VpPerRound": 1.8571428571428572,
      "finalAttackDice": 5,
      "finalSpirits": 7,
      "finalMaxBarrier": 7,
      "cycle": {
        "vpAfterRound": {
          "8": 6,
          "12": 8,
          "16": 8,
          "20": 12
        },
        "first15Round": 23,
        "first30Round": null,
        "decisions": 193,
        "productiveDecisions": 190,
        "optionalYieldDecisions": 3,
        "locationInteractions": 43,
        "summons": 10,
        "awakens": 1,
        "combats": 7,
        "rewards": 5,
        "pvpAttacks": 0,
        "finalAttackDice": 5,
        "finalSpirits": 7,
        "finalMaxBarrier": 7,
        "post15VpPerRound": 1.8571428571428572
      }
    },
    {
      "seed": 957000019,
      "guardian": "Void Avatar",
      "trueWin": true,
      "stalled": false,
      "finalVP": 30,
      "first30Round": 21,
      "post15VpPerRound": 2.142857142857143,
      "finalAttackDice": 6,
      "finalSpirits": 7,
      "finalMaxBarrier": 10,
      "cycle": {
        "vpAfterRound": {
          "8": 6,
          "12": 13,
          "16": 20,
          "20": 28
        },
        "first15Round": 14,
        "first30Round": 21,
        "decisions": 137,
        "productiveDecisions": 137,
        "optionalYieldDecisions": 0,
        "locationInteractions": 30,
        "summons": 6,
        "awakens": 1,
        "combats": 7,
        "rewards": 5,
        "pvpAttacks": 0,
        "finalAttackDice": 6,
        "finalSpirits": 7,
        "finalMaxBarrier": 10,
        "post15VpPerRound": 2.142857142857143
      }
    },
    {
      "seed": 957000020,
      "guardian": "Bubblepop",
      "trueWin": true,
      "stalled": false,
      "finalVP": 30,
      "first30Round": 25,
      "post15VpPerRound": 1.3636363636363635,
      "finalAttackDice": 2,
      "finalSpirits": 7,
      "finalMaxBarrier": 8,
      "cycle": {
        "vpAfterRound": {
          "8": 8,
          "12": 14,
          "16": 21,
          "20": 25
        },
        "first15Round": 14,
        "first30Round": 25,
        "decisions": 145,
        "productiveDecisions": 145,
        "optionalYieldDecisions": 0,
        "locationInteractions": 33,
        "summons": 6,
        "awakens": 1,
        "combats": 7,
        "rewards": 5,
        "pvpAttacks": 0,
        "finalAttackDice": 2,
        "finalSpirits": 7,
        "finalMaxBarrier": 8,
        "post15VpPerRound": 1.3636363636363635
      }
    },
    {
      "seed": 957000021,
      "guardian": "Embers",
      "trueWin": false,
      "stalled": false,
      "finalVP": 21,
      "first30Round": null,
      "post15VpPerRound": 0.2608695652173913,
      "finalAttackDice": 6,
      "finalSpirits": 7,
      "finalMaxBarrier": 10,
      "cycle": {
        "vpAfterRound": {
          "8": 18,
          "12": 21,
          "16": 21,
          "20": 21
        },
        "first15Round": 7,
        "first30Round": null,
        "decisions": 174,
        "productiveDecisions": 174,
        "optionalYieldDecisions": 4,
        "locationInteractions": 36,
        "summons": 6,
        "awakens": 2,
        "combats": 8,
        "rewards": 8,
        "pvpAttacks": 0,
        "finalAttackDice": 6,
        "finalSpirits": 7,
        "finalMaxBarrier": 10,
        "post15VpPerRound": 0.2608695652173913
      }
    },
    {
      "seed": 957000022,
      "guardian": "Fjorn",
      "trueWin": false,
      "stalled": false,
      "finalVP": 26,
      "first30Round": null,
      "post15VpPerRound": 1.2222222222222223,
      "finalAttackDice": 4,
      "finalSpirits": 5,
      "finalMaxBarrier": 7,
      "cycle": {
        "vpAfterRound": {
          "8": 6,
          "12": 8,
          "16": 11,
          "20": 15
        },
        "first15Round": 21,
        "first30Round": null,
        "decisions": 145,
        "productiveDecisions": 145,
        "optionalYieldDecisions": 2,
        "locationInteractions": 33,
        "summons": 4,
        "awakens": 1,
        "combats": 5,
        "rewards": 3,
        "pvpAttacks": 0,
        "finalAttackDice": 4,
        "finalSpirits": 5,
        "finalMaxBarrier": 7,
        "post15VpPerRound": 1.2222222222222223
      }
    },
    {
      "seed": 957000023,
      "guardian": "Human Avatar",
      "trueWin": true,
      "stalled": false,
      "finalVP": 30,
      "first30Round": 25,
      "post15VpPerRound": 1.0714285714285714,
      "finalAttackDice": 5,
      "finalSpirits": 7,
      "finalMaxBarrier": 10,
      "cycle": {
        "vpAfterRound": {
          "8": 13,
          "12": 17,
          "16": 21,
          "20": 25
        },
        "first15Round": 11,
        "first30Round": 25,
        "decisions": 154,
        "productiveDecisions": 154,
        "optionalYieldDecisions": 5,
        "locationInteractions": 39,
        "summons": 6,
        "awakens": 1,
        "combats": 5,
        "rewards": 5,
        "pvpAttacks": 0,
        "finalAttackDice": 5,
        "finalSpirits": 7,
        "finalMaxBarrier": 10,
        "post15VpPerRound": 1.0714285714285714
      }
    },
    {
      "seed": 957000024,
      "guardian": "Lumina",
      "trueWin": true,
      "stalled": false,
      "finalVP": 30,
      "first30Round": 30,
      "post15VpPerRound": 1.25,
      "finalAttackDice": 10,
      "finalSpirits": 7,
      "finalMaxBarrier": 8,
      "cycle": {
        "vpAfterRound": {
          "8": 8,
          "12": 10,
          "16": 14,
          "20": 18
        },
        "first15Round": 18,
        "first30Round": 30,
        "decisions": 175,
        "productiveDecisions": 175,
        "optionalYieldDecisions": 1,
        "locationInteractions": 40,
        "summons": 6,
        "awakens": 1,
        "combats": 6,
        "rewards": 4,
        "pvpAttacks": 0,
        "finalAttackDice": 10,
        "finalSpirits": 7,
        "finalMaxBarrier": 8,
        "post15VpPerRound": 1.25
      }
    },
    {
      "seed": 957000025,
      "guardian": "Myrtle",
      "trueWin": true,
      "stalled": false,
      "finalVP": 30,
      "first30Round": 18,
      "post15VpPerRound": 2.5,
      "finalAttackDice": 7,
      "finalSpirits": 7,
      "finalMaxBarrier": 10,
      "cycle": {
        "vpAfterRound": {
          "8": 6,
          "12": 16,
          "16": 26
        },
        "first15Round": 12,
        "first30Round": 18,
        "decisions": 125,
        "productiveDecisions": 125,
        "optionalYieldDecisions": 0,
        "locationInteractions": 26,
        "summons": 6,
        "awakens": 2,
        "combats": 10,
        "rewards": 7,
        "pvpAttacks": 0,
        "finalAttackDice": 7,
        "finalSpirits": 7,
        "finalMaxBarrier": 10,
        "post15VpPerRound": 2.5
      }
    },
    {
      "seed": 957000026,
      "guardian": "Pixia",
      "trueWin": true,
      "stalled": false,
      "finalVP": 30,
      "first30Round": 26,
      "post15VpPerRound": 1.25,
      "finalAttackDice": 3,
      "finalSpirits": 7,
      "finalMaxBarrier": 9,
      "cycle": {
        "vpAfterRound": {
          "8": 8,
          "12": 11,
          "16": 20,
          "20": 24
        },
        "first15Round": 14,
        "first30Round": 26,
        "decisions": 149,
        "productiveDecisions": 149,
        "optionalYieldDecisions": 1,
        "locationInteractions": 34,
        "summons": 6,
        "awakens": 1,
        "combats": 8,
        "rewards": 5,
        "pvpAttacks": 0,
        "finalAttackDice": 3,
        "finalSpirits": 7,
        "finalMaxBarrier": 9,
        "post15VpPerRound": 1.25
      }
    },
    {
      "seed": 957000027,
      "guardian": "Prox",
      "trueWin": false,
      "stalled": false,
      "finalVP": 13,
      "first30Round": null,
      "post15VpPerRound": 0,
      "finalAttackDice": 6,
      "finalSpirits": 7,
      "finalMaxBarrier": 7,
      "cycle": {
        "vpAfterRound": {
          "8": 8,
          "12": 10,
          "16": 13,
          "20": 13
        },
        "first15Round": null,
        "first30Round": null,
        "decisions": 182,
        "productiveDecisions": 182,
        "optionalYieldDecisions": 9,
        "locationInteractions": 55,
        "summons": 7,
        "awakens": 1,
        "combats": 7,
        "rewards": 5,
        "pvpAttacks": 0,
        "finalAttackDice": 6,
        "finalSpirits": 7,
        "finalMaxBarrier": 7,
        "post15VpPerRound": 0
      }
    },
    {
      "seed": 957000028,
      "guardian": "Taron",
      "trueWin": false,
      "stalled": false,
      "finalVP": 11,
      "first30Round": null,
      "post15VpPerRound": 0,
      "finalAttackDice": 2,
      "finalSpirits": 6,
      "finalMaxBarrier": 5,
      "cycle": {
        "vpAfterRound": {
          "8": 0,
          "12": 0,
          "16": 0,
          "20": 0
        },
        "first15Round": null,
        "first30Round": null,
        "decisions": 119,
        "productiveDecisions": 119,
        "optionalYieldDecisions": 3,
        "locationInteractions": 32,
        "summons": 5,
        "awakens": 0,
        "combats": 4,
        "rewards": 4,
        "pvpAttacks": 0,
        "finalAttackDice": 2,
        "finalSpirits": 6,
        "finalMaxBarrier": 5,
        "post15VpPerRound": 0
      }
    },
    {
      "seed": 957000029,
      "guardian": "Void Avatar",
      "trueWin": true,
      "stalled": false,
      "finalVP": 30,
      "first30Round": 25,
      "post15VpPerRound": 1,
      "finalAttackDice": 3,
      "finalSpirits": 7,
      "finalMaxBarrier": 6,
      "cycle": {
        "vpAfterRound": {
          "8": 13,
          "12": 17,
          "16": 21,
          "20": 25
        },
        "first15Round": 10,
        "first30Round": 25,
        "decisions": 168,
        "productiveDecisions": 168,
        "optionalYieldDecisions": 11,
        "locationInteractions": 40,
        "summons": 6,
        "awakens": 1,
        "combats": 4,
        "rewards": 4,
        "pvpAttacks": 0,
        "finalAttackDice": 3,
        "finalSpirits": 7,
        "finalMaxBarrier": 6,
        "post15VpPerRound": 1
      }
    },
    {
      "seed": 957000030,
      "guardian": "Bubblepop",
      "trueWin": true,
      "stalled": false,
      "finalVP": 30,
      "first30Round": 29,
      "post15VpPerRound": 1,
      "finalAttackDice": 4,
      "finalSpirits": 7,
      "finalMaxBarrier": 7,
      "cycle": {
        "vpAfterRound": {
          "8": 3,
          "12": 13,
          "16": 17,
          "20": 21
        },
        "first15Round": 14,
        "first30Round": 29,
        "decisions": 162,
        "productiveDecisions": 162,
        "optionalYieldDecisions": 1,
        "locationInteractions": 40,
        "summons": 6,
        "awakens": 1,
        "combats": 5,
        "rewards": 5,
        "pvpAttacks": 0,
        "finalAttackDice": 4,
        "finalSpirits": 7,
        "finalMaxBarrier": 7,
        "post15VpPerRound": 1
      }
    },
    {
      "seed": 957000031,
      "guardian": "Embers",
      "trueWin": true,
      "stalled": false,
      "finalVP": 30,
      "first30Round": 26,
      "post15VpPerRound": 1.3636363636363635,
      "finalAttackDice": 5,
      "finalSpirits": 7,
      "finalMaxBarrier": 8,
      "cycle": {
        "vpAfterRound": {
          "8": 8,
          "12": 11,
          "16": 17,
          "20": 24
        },
        "first15Round": 15,
        "first30Round": 26,
        "decisions": 143,
        "productiveDecisions": 143,
        "optionalYieldDecisions": 0,
        "locationInteractions": 32,
        "summons": 6,
        "awakens": 1,
        "combats": 8,
        "rewards": 5,
        "pvpAttacks": 0,
        "finalAttackDice": 5,
        "finalSpirits": 7,
        "finalMaxBarrier": 8,
        "post15VpPerRound": 1.3636363636363635
      }
    },
    {
      "seed": 957000032,
      "guardian": "Fjorn",
      "trueWin": false,
      "stalled": false,
      "finalVP": 25,
      "first30Round": null,
      "post15VpPerRound": 1.1111111111111112,
      "finalAttackDice": 4,
      "finalSpirits": 7,
      "finalMaxBarrier": 10,
      "cycle": {
        "vpAfterRound": {
          "8": 8,
          "12": 13,
          "16": 13,
          "20": 14
        },
        "first15Round": 21,
        "first30Round": null,
        "decisions": 188,
        "productiveDecisions": 188,
        "optionalYieldDecisions": 8,
        "locationInteractions": 44,
        "summons": 7,
        "awakens": 3,
        "combats": 8,
        "rewards": 5,
        "pvpAttacks": 0,
        "finalAttackDice": 4,
        "finalSpirits": 7,
        "finalMaxBarrier": 10,
        "post15VpPerRound": 1.1111111111111112
      }
    },
    {
      "seed": 957000033,
      "guardian": "Human Avatar",
      "trueWin": true,
      "stalled": false,
      "finalVP": 31,
      "first30Round": 27,
      "post15VpPerRound": 2.2857142857142856,
      "finalAttackDice": 4,
      "finalSpirits": 6,
      "finalMaxBarrier": 10,
      "cycle": {
        "vpAfterRound": {
          "8": 6,
          "12": 13,
          "16": 13,
          "20": 17
        },
        "first15Round": 20,
        "first30Round": 27,
        "decisions": 153,
        "productiveDecisions": 153,
        "optionalYieldDecisions": 1,
        "locationInteractions": 33,
        "summons": 7,
        "awakens": 2,
        "combats": 8,
        "rewards": 5,
        "pvpAttacks": 0,
        "finalAttackDice": 4,
        "finalSpirits": 6,
        "finalMaxBarrier": 10,
        "post15VpPerRound": 2.2857142857142856
      }
    },
    {
      "seed": 957000034,
      "guardian": "Lumina",
      "trueWin": true,
      "stalled": false,
      "finalVP": 30,
      "first30Round": 30,
      "post15VpPerRound": 1,
      "finalAttackDice": 4,
      "finalSpirits": 6,
      "finalMaxBarrier": 5,
      "cycle": {
        "vpAfterRound": {
          "8": 8,
          "12": 13,
          "16": 16,
          "20": 20
        },
        "first15Round": 15,
        "first30Round": 30,
        "decisions": 193,
        "productiveDecisions": 193,
        "optionalYieldDecisions": 7,
        "locationInteractions": 47,
        "summons": 5,
        "awakens": 2,
        "combats": 6,
        "rewards": 5,
        "pvpAttacks": 0,
        "finalAttackDice": 4,
        "finalSpirits": 6,
        "finalMaxBarrier": 5,
        "post15VpPerRound": 1
      }
    },
    {
      "seed": 957000035,
      "guardian": "Myrtle",
      "trueWin": true,
      "stalled": false,
      "finalVP": 30,
      "first30Round": 21,
      "post15VpPerRound": 2.142857142857143,
      "finalAttackDice": 2,
      "finalSpirits": 7,
      "finalMaxBarrier": 10,
      "cycle": {
        "vpAfterRound": {
          "8": 8,
          "12": 12,
          "16": 20,
          "20": 28
        },
        "first15Round": 14,
        "first30Round": 21,
        "decisions": 144,
        "productiveDecisions": 144,
        "optionalYieldDecisions": 3,
        "locationInteractions": 32,
        "summons": 6,
        "awakens": 1,
        "combats": 6,
        "rewards": 4,
        "pvpAttacks": 0,
        "finalAttackDice": 2,
        "finalSpirits": 7,
        "finalMaxBarrier": 10,
        "post15VpPerRound": 2.142857142857143
      }
    },
    {
      "seed": 957000036,
      "guardian": "Pixia",
      "trueWin": false,
      "stalled": false,
      "finalVP": 10,
      "first30Round": null,
      "post15VpPerRound": 0,
      "finalAttackDice": 6,
      "finalSpirits": 7,
      "finalMaxBarrier": 7,
      "cycle": {
        "vpAfterRound": {
          "8": 3,
          "12": 6,
          "16": 8,
          "20": 8
        },
        "first15Round": null,
        "first30Round": null,
        "decisions": 149,
        "productiveDecisions": 149,
        "optionalYieldDecisions": 7,
        "locationInteractions": 31,
        "summons": 7,
        "awakens": 1,
        "combats": 7,
        "rewards": 4,
        "pvpAttacks": 0,
        "finalAttackDice": 6,
        "finalSpirits": 7,
        "finalMaxBarrier": 7,
        "post15VpPerRound": 0
      }
    },
    {
      "seed": 957000037,
      "guardian": "Prox",
      "trueWin": false,
      "stalled": false,
      "finalVP": 24,
      "first30Round": null,
      "post15VpPerRound": 1.2857142857142858,
      "finalAttackDice": 3,
      "finalSpirits": 6,
      "finalMaxBarrier": 4,
      "cycle": {
        "vpAfterRound": {
          "8": 0,
          "12": 3,
          "16": 9,
          "20": 13
        },
        "first15Round": 23,
        "first30Round": null,
        "decisions": 138,
        "productiveDecisions": 138,
        "optionalYieldDecisions": 0,
        "locationInteractions": 34,
        "summons": 5,
        "awakens": 1,
        "combats": 4,
        "rewards": 3,
        "pvpAttacks": 0,
        "finalAttackDice": 3,
        "finalSpirits": 6,
        "finalMaxBarrier": 4,
        "post15VpPerRound": 1.2857142857142858
      }
    },
    {
      "seed": 957000038,
      "guardian": "Taron",
      "trueWin": false,
      "stalled": false,
      "finalVP": 14,
      "first30Round": null,
      "post15VpPerRound": 0,
      "finalAttackDice": 5,
      "finalSpirits": 7,
      "finalMaxBarrier": 5,
      "cycle": {
        "vpAfterRound": {
          "8": 6,
          "12": 14,
          "16": 14,
          "20": 14
        },
        "first15Round": null,
        "first30Round": null,
        "decisions": 144,
        "productiveDecisions": 144,
        "optionalYieldDecisions": 3,
        "locationInteractions": 29,
        "summons": 6,
        "awakens": 1,
        "combats": 5,
        "rewards": 5,
        "pvpAttacks": 0,
        "finalAttackDice": 5,
        "finalSpirits": 7,
        "finalMaxBarrier": 5,
        "post15VpPerRound": 0
      }
    },
    {
      "seed": 957000039,
      "guardian": "Void Avatar",
      "trueWin": true,
      "stalled": false,
      "finalVP": 30,
      "first30Round": 29,
      "post15VpPerRound": 1.25,
      "finalAttackDice": 3,
      "finalSpirits": 7,
      "finalMaxBarrier": 6,
      "cycle": {
        "vpAfterRound": {
          "8": 7,
          "12": 11,
          "16": 15,
          "20": 19
        },
        "first15Round": 17,
        "first30Round": 29,
        "decisions": 156,
        "productiveDecisions": 156,
        "optionalYieldDecisions": 2,
        "locationInteractions": 36,
        "summons": 6,
        "awakens": 1,
        "combats": 6,
        "rewards": 3,
        "pvpAttacks": 0,
        "finalAttackDice": 3,
        "finalSpirits": 7,
        "finalMaxBarrier": 6,
        "post15VpPerRound": 1.25
      }
    },
    {
      "seed": 957000040,
      "guardian": "Bubblepop",
      "trueWin": false,
      "stalled": false,
      "finalVP": 8,
      "first30Round": null,
      "post15VpPerRound": 0,
      "finalAttackDice": 3,
      "finalSpirits": 7,
      "finalMaxBarrier": 7,
      "cycle": {
        "vpAfterRound": {
          "8": 3,
          "12": 8,
          "16": 8,
          "20": 8
        },
        "first15Round": null,
        "first30Round": null,
        "decisions": 136,
        "productiveDecisions": 136,
        "optionalYieldDecisions": 1,
        "locationInteractions": 36,
        "summons": 6,
        "awakens": 1,
        "combats": 7,
        "rewards": 3,
        "pvpAttacks": 0,
        "finalAttackDice": 3,
        "finalSpirits": 7,
        "finalMaxBarrier": 7,
        "post15VpPerRound": 0
      }
    },
    {
      "seed": 957000041,
      "guardian": "Embers",
      "trueWin": false,
      "stalled": false,
      "finalVP": 29,
      "first30Round": null,
      "post15VpPerRound": 1.4,
      "finalAttackDice": 4,
      "finalSpirits": 7,
      "finalMaxBarrier": 9,
      "cycle": {
        "vpAfterRound": {
          "8": 3,
          "12": 8,
          "16": 12,
          "20": 16
        },
        "first15Round": 20,
        "first30Round": null,
        "decisions": 184,
        "productiveDecisions": 184,
        "optionalYieldDecisions": 2,
        "locationInteractions": 38,
        "summons": 6,
        "awakens": 1,
        "combats": 9,
        "rewards": 4,
        "pvpAttacks": 0,
        "finalAttackDice": 4,
        "finalSpirits": 7,
        "finalMaxBarrier": 9,
        "post15VpPerRound": 1.4
      }
    },
    {
      "seed": 957000042,
      "guardian": "Fjorn",
      "trueWin": true,
      "stalled": false,
      "finalVP": 30,
      "first30Round": 30,
      "post15VpPerRound": 1.0714285714285714,
      "finalAttackDice": 5,
      "finalSpirits": 7,
      "finalMaxBarrier": 10,
      "cycle": {
        "vpAfterRound": {
          "8": 6,
          "12": 11,
          "16": 15,
          "20": 19
        },
        "first15Round": 16,
        "first30Round": 30,
        "decisions": 175,
        "productiveDecisions": 175,
        "optionalYieldDecisions": 6,
        "locationInteractions": 39,
        "summons": 6,
        "awakens": 1,
        "combats": 6,
        "rewards": 4,
        "pvpAttacks": 0,
        "finalAttackDice": 5,
        "finalSpirits": 7,
        "finalMaxBarrier": 10,
        "post15VpPerRound": 1.0714285714285714
      }
    },
    {
      "seed": 957000043,
      "guardian": "Human Avatar",
      "trueWin": false,
      "stalled": false,
      "finalVP": 28,
      "first30Round": null,
      "post15VpPerRound": 1.0833333333333333,
      "finalAttackDice": 3,
      "finalSpirits": 6,
      "finalMaxBarrier": 7,
      "cycle": {
        "vpAfterRound": {
          "8": 8,
          "12": 10,
          "16": 13,
          "20": 17
        },
        "first15Round": 18,
        "first30Round": null,
        "decisions": 202,
        "productiveDecisions": 202,
        "optionalYieldDecisions": 11,
        "locationInteractions": 49,
        "summons": 5,
        "awakens": 1,
        "combats": 6,
        "rewards": 4,
        "pvpAttacks": 0,
        "finalAttackDice": 3,
        "finalSpirits": 6,
        "finalMaxBarrier": 7,
        "post15VpPerRound": 1.0833333333333333
      }
    },
    {
      "seed": 957000044,
      "guardian": "Lumina",
      "trueWin": true,
      "stalled": false,
      "finalVP": 30,
      "first30Round": 30,
      "post15VpPerRound": 1.25,
      "finalAttackDice": 3,
      "finalSpirits": 7,
      "finalMaxBarrier": 6,
      "cycle": {
        "vpAfterRound": {
          "8": 6,
          "12": 9,
          "16": 13,
          "20": 17
        },
        "first15Round": 18,
        "first30Round": 30,
        "decisions": 194,
        "productiveDecisions": 193,
        "optionalYieldDecisions": 1,
        "locationInteractions": 46,
        "summons": 9,
        "awakens": 1,
        "combats": 7,
        "rewards": 4,
        "pvpAttacks": 0,
        "finalAttackDice": 3,
        "finalSpirits": 7,
        "finalMaxBarrier": 6,
        "post15VpPerRound": 1.25
      }
    },
    {
      "seed": 957000045,
      "guardian": "Myrtle",
      "trueWin": false,
      "stalled": false,
      "finalVP": 17,
      "first30Round": null,
      "post15VpPerRound": 0.125,
      "finalAttackDice": 3,
      "finalSpirits": 7,
      "finalMaxBarrier": 9,
      "cycle": {
        "vpAfterRound": {
          "8": 8,
          "12": 13,
          "16": 17,
          "20": 17
        },
        "first15Round": 14,
        "first30Round": null,
        "decisions": 162,
        "productiveDecisions": 162,
        "optionalYieldDecisions": 3,
        "locationInteractions": 36,
        "summons": 6,
        "awakens": 2,
        "combats": 9,
        "rewards": 6,
        "pvpAttacks": 0,
        "finalAttackDice": 3,
        "finalSpirits": 7,
        "finalMaxBarrier": 9,
        "post15VpPerRound": 0.125
      }
    },
    {
      "seed": 957000046,
      "guardian": "Pixia",
      "trueWin": true,
      "stalled": false,
      "finalVP": 30,
      "first30Round": 24,
      "post15VpPerRound": 1,
      "finalAttackDice": 1,
      "finalSpirits": 7,
      "finalMaxBarrier": 5,
      "cycle": {
        "vpAfterRound": {
          "8": 14,
          "12": 18,
          "16": 22,
          "20": 26
        },
        "first15Round": 9,
        "first30Round": 24,
        "decisions": 181,
        "productiveDecisions": 181,
        "optionalYieldDecisions": 9,
        "locationInteractions": 43,
        "summons": 6,
        "awakens": 1,
        "combats": 6,
        "rewards": 5,
        "pvpAttacks": 0,
        "finalAttackDice": 1,
        "finalSpirits": 7,
        "finalMaxBarrier": 5,
        "post15VpPerRound": 1
      }
    },
    {
      "seed": 957000047,
      "guardian": "Prox",
      "trueWin": false,
      "stalled": false,
      "finalVP": 27,
      "first30Round": null,
      "post15VpPerRound": 1.0909090909090908,
      "finalAttackDice": 6,
      "finalSpirits": 6,
      "finalMaxBarrier": 7,
      "cycle": {
        "vpAfterRound": {
          "8": 6,
          "12": 13,
          "16": 13,
          "20": 16
        },
        "first15Round": 19,
        "first30Round": null,
        "decisions": 176,
        "productiveDecisions": 176,
        "optionalYieldDecisions": 9,
        "locationInteractions": 39,
        "summons": 6,
        "awakens": 2,
        "combats": 6,
        "rewards": 5,
        "pvpAttacks": 0,
        "finalAttackDice": 6,
        "finalSpirits": 6,
        "finalMaxBarrier": 7,
        "post15VpPerRound": 1.0909090909090908
      }
    },
    {
      "seed": 957000048,
      "guardian": "Taron",
      "trueWin": true,
      "stalled": false,
      "finalVP": 30,
      "first30Round": 23,
      "post15VpPerRound": 1.3636363636363635,
      "finalAttackDice": 3,
      "finalSpirits": 7,
      "finalMaxBarrier": 6,
      "cycle": {
        "vpAfterRound": {
          "8": 10,
          "12": 16,
          "16": 23,
          "20": 27
        },
        "first15Round": 12,
        "first30Round": 23,
        "decisions": 151,
        "productiveDecisions": 151,
        "optionalYieldDecisions": 2,
        "locationInteractions": 34,
        "summons": 6,
        "awakens": 1,
        "combats": 6,
        "rewards": 5,
        "pvpAttacks": 0,
        "finalAttackDice": 3,
        "finalSpirits": 7,
        "finalMaxBarrier": 6,
        "post15VpPerRound": 1.3636363636363635
      }
    },
    {
      "seed": 957000049,
      "guardian": "Void Avatar",
      "trueWin": true,
      "stalled": false,
      "finalVP": 30,
      "first30Round": 29,
      "post15VpPerRound": 1.3636363636363635,
      "finalAttackDice": 8,
      "finalSpirits": 7,
      "finalMaxBarrier": 10,
      "cycle": {
        "vpAfterRound": {
          "8": 8,
          "12": 10,
          "16": 14,
          "20": 21
        },
        "first15Round": 18,
        "first30Round": 29,
        "decisions": 155,
        "productiveDecisions": 155,
        "optionalYieldDecisions": 4,
        "locationInteractions": 36,
        "summons": 6,
        "awakens": 1,
        "combats": 10,
        "rewards": 5,
        "pvpAttacks": 0,
        "finalAttackDice": 8,
        "finalSpirits": 7,
        "finalMaxBarrier": 10,
        "post15VpPerRound": 1.3636363636363635
      }
    },
    {
      "seed": 957000050,
      "guardian": "Bubblepop",
      "trueWin": true,
      "stalled": false,
      "finalVP": 30,
      "first30Round": 27,
      "post15VpPerRound": 1.0714285714285714,
      "finalAttackDice": 3,
      "finalSpirits": 7,
      "finalMaxBarrier": 7,
      "cycle": {
        "vpAfterRound": {
          "8": 9,
          "12": 15,
          "16": 19,
          "20": 23
        },
        "first15Round": 13,
        "first30Round": 27,
        "decisions": 177,
        "productiveDecisions": 177,
        "optionalYieldDecisions": 8,
        "locationInteractions": 42,
        "summons": 7,
        "awakens": 1,
        "combats": 7,
        "rewards": 4,
        "pvpAttacks": 0,
        "finalAttackDice": 3,
        "finalSpirits": 7,
        "finalMaxBarrier": 7,
        "post15VpPerRound": 1.0714285714285714
      }
    },
    {
      "seed": 957000051,
      "guardian": "Embers",
      "trueWin": false,
      "stalled": false,
      "finalVP": 25,
      "first30Round": null,
      "post15VpPerRound": 2,
      "finalAttackDice": 4,
      "finalSpirits": 7,
      "finalMaxBarrier": 9,
      "cycle": {
        "vpAfterRound": {
          "8": 8,
          "12": 8,
          "16": 8,
          "20": 11
        },
        "first15Round": 25,
        "first30Round": null,
        "decisions": 162,
        "productiveDecisions": 161,
        "optionalYieldDecisions": 14,
        "locationInteractions": 30,
        "summons": 12,
        "awakens": 3,
        "combats": 8,
        "rewards": 5,
        "pvpAttacks": 0,
        "finalAttackDice": 4,
        "finalSpirits": 7,
        "finalMaxBarrier": 9,
        "post15VpPerRound": 2
      }
    },
    {
      "seed": 957000052,
      "guardian": "Fjorn",
      "trueWin": true,
      "stalled": false,
      "finalVP": 30,
      "first30Round": 27,
      "post15VpPerRound": 1.1538461538461537,
      "finalAttackDice": 2,
      "finalSpirits": 7,
      "finalMaxBarrier": 7,
      "cycle": {
        "vpAfterRound": {
          "8": 7,
          "12": 13,
          "16": 19,
          "20": 23
        },
        "first15Round": 14,
        "first30Round": 27,
        "decisions": 164,
        "productiveDecisions": 164,
        "optionalYieldDecisions": 4,
        "locationInteractions": 35,
        "summons": 6,
        "awakens": 1,
        "combats": 8,
        "rewards": 4,
        "pvpAttacks": 0,
        "finalAttackDice": 2,
        "finalSpirits": 7,
        "finalMaxBarrier": 7,
        "post15VpPerRound": 1.1538461538461537
      }
    },
    {
      "seed": 957000053,
      "guardian": "Human Avatar",
      "trueWin": false,
      "stalled": false,
      "finalVP": 13,
      "first30Round": null,
      "post15VpPerRound": 0,
      "finalAttackDice": 3,
      "finalSpirits": 3,
      "finalMaxBarrier": 6,
      "cycle": {
        "vpAfterRound": {
          "8": 6,
          "12": 8,
          "16": 10,
          "20": 10
        },
        "first15Round": null,
        "first30Round": null,
        "decisions": 137,
        "productiveDecisions": 135,
        "optionalYieldDecisions": 8,
        "locationInteractions": 32,
        "summons": 4,
        "awakens": 1,
        "combats": 7,
        "rewards": 5,
        "pvpAttacks": 0,
        "finalAttackDice": 3,
        "finalSpirits": 3,
        "finalMaxBarrier": 6,
        "post15VpPerRound": 0
      }
    },
    {
      "seed": 957000054,
      "guardian": "Lumina",
      "trueWin": true,
      "stalled": false,
      "finalVP": 31,
      "first30Round": 28,
      "post15VpPerRound": 1.7777777777777777,
      "finalAttackDice": 3,
      "finalSpirits": 7,
      "finalMaxBarrier": 7,
      "cycle": {
        "vpAfterRound": {
          "8": 6,
          "12": 8,
          "16": 12,
          "20": 16
        },
        "first15Round": 19,
        "first30Round": 28,
        "decisions": 185,
        "productiveDecisions": 182,
        "optionalYieldDecisions": 8,
        "locationInteractions": 43,
        "summons": 10,
        "awakens": 2,
        "combats": 7,
        "rewards": 5,
        "pvpAttacks": 0,
        "finalAttackDice": 3,
        "finalSpirits": 7,
        "finalMaxBarrier": 7,
        "post15VpPerRound": 1.7777777777777777
      }
    },
    {
      "seed": 957000055,
      "guardian": "Myrtle",
      "trueWin": true,
      "stalled": false,
      "finalVP": 30,
      "first30Round": 30,
      "post15VpPerRound": 1.1538461538461537,
      "finalAttackDice": 5,
      "finalSpirits": 7,
      "finalMaxBarrier": 5,
      "cycle": {
        "vpAfterRound": {
          "8": 8,
          "12": 10,
          "16": 14,
          "20": 20
        },
        "first15Round": 17,
        "first30Round": 30,
        "decisions": 178,
        "productiveDecisions": 178,
        "optionalYieldDecisions": 6,
        "locationInteractions": 40,
        "summons": 6,
        "awakens": 1,
        "combats": 6,
        "rewards": 4,
        "pvpAttacks": 0,
        "finalAttackDice": 5,
        "finalSpirits": 7,
        "finalMaxBarrier": 5,
        "post15VpPerRound": 1.1538461538461537
      }
    },
    {
      "seed": 957000056,
      "guardian": "Pixia",
      "trueWin": false,
      "stalled": false,
      "finalVP": 29,
      "first30Round": null,
      "post15VpPerRound": 1.1666666666666667,
      "finalAttackDice": 4,
      "finalSpirits": 7,
      "finalMaxBarrier": 7,
      "cycle": {
        "vpAfterRound": {
          "8": 6,
          "12": 10,
          "16": 14,
          "20": 18
        },
        "first15Round": 18,
        "first30Round": null,
        "decisions": 169,
        "productiveDecisions": 169,
        "optionalYieldDecisions": 1,
        "locationInteractions": 55,
        "summons": 6,
        "awakens": 3,
        "combats": 5,
        "rewards": 3,
        "pvpAttacks": 0,
        "finalAttackDice": 4,
        "finalSpirits": 7,
        "finalMaxBarrier": 7,
        "post15VpPerRound": 1.1666666666666667
      }
    },
    {
      "seed": 957000057,
      "guardian": "Prox",
      "trueWin": false,
      "stalled": false,
      "finalVP": 13,
      "first30Round": null,
      "post15VpPerRound": 0,
      "finalAttackDice": 4,
      "finalSpirits": 7,
      "finalMaxBarrier": 10,
      "cycle": {
        "vpAfterRound": {
          "8": 8,
          "12": 13,
          "16": 13,
          "20": 13
        },
        "first15Round": null,
        "first30Round": null,
        "decisions": 147,
        "productiveDecisions": 147,
        "optionalYieldDecisions": 2,
        "locationInteractions": 37,
        "summons": 6,
        "awakens": 1,
        "combats": 8,
        "rewards": 5,
        "pvpAttacks": 0,
        "finalAttackDice": 4,
        "finalSpirits": 7,
        "finalMaxBarrier": 10,
        "post15VpPerRound": 0
      }
    },
    {
      "seed": 957000058,
      "guardian": "Taron",
      "trueWin": true,
      "stalled": false,
      "finalVP": 30,
      "first30Round": 30,
      "post15VpPerRound": 1.1538461538461537,
      "finalAttackDice": 3,
      "finalSpirits": 6,
      "finalMaxBarrier": 7,
      "cycle": {
        "vpAfterRound": {
          "8": 8,
          "12": 11,
          "16": 15,
          "20": 19
        },
        "first15Round": 17,
        "first30Round": 30,
        "decisions": 151,
        "productiveDecisions": 151,
        "optionalYieldDecisions": 8,
        "locationInteractions": 34,
        "summons": 5,
        "awakens": 1,
        "combats": 5,
        "rewards": 3,
        "pvpAttacks": 0,
        "finalAttackDice": 3,
        "finalSpirits": 6,
        "finalMaxBarrier": 7,
        "post15VpPerRound": 1.1538461538461537
      }
    },
    {
      "seed": 957000059,
      "guardian": "Void Avatar",
      "trueWin": true,
      "stalled": false,
      "finalVP": 31,
      "first30Round": 26,
      "post15VpPerRound": 2.2857142857142856,
      "finalAttackDice": 3,
      "finalSpirits": 7,
      "finalMaxBarrier": 10,
      "cycle": {
        "vpAfterRound": {
          "8": 3,
          "12": 8,
          "16": 12,
          "20": 19
        },
        "first15Round": 19,
        "first30Round": 26,
        "decisions": 164,
        "productiveDecisions": 164,
        "optionalYieldDecisions": 0,
        "locationInteractions": 37,
        "summons": 6,
        "awakens": 1,
        "combats": 8,
        "rewards": 4,
        "pvpAttacks": 0,
        "finalAttackDice": 3,
        "finalSpirits": 7,
        "finalMaxBarrier": 10,
        "post15VpPerRound": 2.2857142857142856
      }
    },
    {
      "seed": 957000060,
      "guardian": "Bubblepop",
      "trueWin": true,
      "stalled": false,
      "finalVP": 30,
      "first30Round": 30,
      "post15VpPerRound": 1.3636363636363635,
      "finalAttackDice": 4,
      "finalSpirits": 7,
      "finalMaxBarrier": 7,
      "cycle": {
        "vpAfterRound": {
          "8": 10,
          "12": 10,
          "16": 12,
          "20": 19
        },
        "first15Round": 19,
        "first30Round": 30,
        "decisions": 156,
        "productiveDecisions": 156,
        "optionalYieldDecisions": 1,
        "locationInteractions": 32,
        "summons": 6,
        "awakens": 2,
        "combats": 6,
        "rewards": 5,
        "pvpAttacks": 0,
        "finalAttackDice": 4,
        "finalSpirits": 7,
        "finalMaxBarrier": 7,
        "post15VpPerRound": 1.3636363636363635
      }
    },
    {
      "seed": 957000061,
      "guardian": "Embers",
      "trueWin": true,
      "stalled": false,
      "finalVP": 30,
      "first30Round": 30,
      "post15VpPerRound": 1.1538461538461537,
      "finalAttackDice": 1,
      "finalSpirits": 4,
      "finalMaxBarrier": 6,
      "cycle": {
        "vpAfterRound": {
          "8": 7,
          "12": 11,
          "16": 15,
          "20": 19
        },
        "first15Round": 17,
        "first30Round": 30,
        "decisions": 143,
        "productiveDecisions": 143,
        "optionalYieldDecisions": 1,
        "locationInteractions": 33,
        "summons": 3,
        "awakens": 1,
        "combats": 4,
        "rewards": 2,
        "pvpAttacks": 0,
        "finalAttackDice": 1,
        "finalSpirits": 4,
        "finalMaxBarrier": 6,
        "post15VpPerRound": 1.1538461538461537
      }
    },
    {
      "seed": 957000062,
      "guardian": "Fjorn",
      "trueWin": false,
      "stalled": false,
      "finalVP": 8,
      "first30Round": null,
      "post15VpPerRound": 0,
      "finalAttackDice": 3,
      "finalSpirits": 6,
      "finalMaxBarrier": 4,
      "cycle": {
        "vpAfterRound": {
          "8": 0,
          "12": 3,
          "16": 6,
          "20": 8
        },
        "first15Round": null,
        "first30Round": null,
        "decisions": 121,
        "productiveDecisions": 121,
        "optionalYieldDecisions": 4,
        "locationInteractions": 30,
        "summons": 5,
        "awakens": 2,
        "combats": 4,
        "rewards": 3,
        "pvpAttacks": 0,
        "finalAttackDice": 3,
        "finalSpirits": 6,
        "finalMaxBarrier": 4,
        "post15VpPerRound": 0
      }
    },
    {
      "seed": 957000063,
      "guardian": "Human Avatar",
      "trueWin": true,
      "stalled": false,
      "finalVP": 30,
      "first30Round": 29,
      "post15VpPerRound": 2.142857142857143,
      "finalAttackDice": 3,
      "finalSpirits": 7,
      "finalMaxBarrier": 10,
      "cycle": {
        "vpAfterRound": {
          "8": 3,
          "12": 3,
          "16": 8,
          "20": 12
        },
        "first15Round": 22,
        "first30Round": 29,
        "decisions": 144,
        "productiveDecisions": 144,
        "optionalYieldDecisions": 0,
        "locationInteractions": 31,
        "summons": 6,
        "awakens": 1,
        "combats": 8,
        "rewards": 3,
        "pvpAttacks": 0,
        "finalAttackDice": 3,
        "finalSpirits": 7,
        "finalMaxBarrier": 10,
        "post15VpPerRound": 2.142857142857143
      }
    }
  ]
}
