{
  "schemaVersion": "arc-v34-systems-stage-v1",
  "strengthUse": false,
  "outcomesLoaded": false,
  "arm": "rerank-p025",
  "stage": "throughput-w4",
  "seed0": 957900000,
  "games": 128,
  "seedMax": 957900127,
  "workers": 4,
  "plannerMode": "critic-rerank",
  "strategicDecisions": 3769,
  "strategicSimulations": 0,
  "stalls": 0,
  "decisionWallMsP95": 40.324,
  "wallSeconds": 67.393795094,
  "gamesPerSecond": 1.8992846421761418,
  "optimisticProjected4096Seconds": null,
  "projected4096Seconds": 2156.601443008,
  "inference": {
    "format": "arc-entity-scorer-v2",
    "obsDim": 3419,
    "actDim": 104,
    "weightsPath": "/data/share8/michaelvuaprilexperimentation/arc-bot/ml/experiments/v32-onpolicy-solo/shared-critic/checkpoint.pt",
    "weightsSha256": "aeb254c20367029696da1e6ca823b96187191140056d646a7c2d3d47ec4e567b",
    "wire": "binary"
  },
  "inputs": {
    "protocol": {
      "path": "ml/experiments/v34-latency-first-expert-iteration/protocol.json",
      "sha256": "af6feef48d896b2071657f5c55970dc01872c79d1d643cf2af161a29ce7fe548"
    },
    "benchmark": {
      "path": "/data/share8/michaelvuaprilexperimentation/arc-bot/ml/experiments/v34-latency-first-expert-iteration/artifacts/systems/stages/rerank-p025/throughput-w4/attempt-1/benchmark.json",
      "sha256": "a494052906f88b32f921136205906d7befa586e64fb088d8be026afb01a20ffb"
    },
    "progress": {
      "path": "/data/share8/michaelvuaprilexperimentation/arc-bot/ml/experiments/v34-latency-first-expert-iteration/artifacts/systems/stages/rerank-p025/throughput-w4/attempt-1/progress.jsonl",
      "sha256": "4702c6fbc0137b8db064b65d12f98a0c9a17e424cbba9de8f4dbae0126eaac5b"
    }
  },
  "eligible": true,
  "rejectionReason": null
}
