{
  "schemaVersion": "arc-v34-systems-stage-v1",
  "strengthUse": false,
  "outcomesLoaded": false,
  "arm": "rerank-p025",
  "stage": "binding-w8",
  "seed0": 957900000,
  "games": 64,
  "seedMax": 957900063,
  "workers": 8,
  "plannerMode": "critic-rerank",
  "strategicDecisions": 1873,
  "strategicSimulations": 0,
  "stalls": 0,
  "decisionWallMsP95": 40.003,
  "wallSeconds": 18.392958861,
  "gamesPerSecond": 3.479592407271899,
  "optimisticProjected4096Seconds": null,
  "projected4096Seconds": 1177.149367104,
  "inference": {
    "format": "arc-entity-scorer-v2",
    "obsDim": 3419,
    "actDim": 104,
    "weightsPath": "/data/share8/michaelvuaprilexperimentation/arc-bot/ml/experiments/v32-onpolicy-solo/shared-critic/checkpoint.pt",
    "weightsSha256": "aeb254c20367029696da1e6ca823b96187191140056d646a7c2d3d47ec4e567b",
    "wire": "binary"
  },
  "inputs": {
    "protocol": {
      "path": "ml/experiments/v34-latency-first-expert-iteration/protocol.json",
      "sha256": "af6feef48d896b2071657f5c55970dc01872c79d1d643cf2af161a29ce7fe548"
    },
    "benchmark": {
      "path": "/data/share8/michaelvuaprilexperimentation/arc-bot/ml/experiments/v34-latency-first-expert-iteration/artifacts/systems/stages/rerank-p025/binding-w8/attempt-1/benchmark.json",
      "sha256": "47dbfac50a94da4cc821a6452b63ef722a25228402634e63a42361f4ed84d3fa"
    },
    "progress": {
      "path": "/data/share8/michaelvuaprilexperimentation/arc-bot/ml/experiments/v34-latency-first-expert-iteration/artifacts/systems/stages/rerank-p025/binding-w8/attempt-1/progress.jsonl",
      "sha256": "3372aca5dd739e1b37a9cca3b106e05a7925e82e26b3e9f9d5b1cff7bf6c7883"
    }
  },
  "eligible": true,
  "rejectionReason": null
}
